[0.053s] Invoking command in '/home/imml/git/research_2025/apple-harvest-refactor/build/ur_controllers': AMENT_PREFIX_PATH=/home/imml/git/research_2025/apple-harvest-refactor/install/ur_dashboard_msgs:${AMENT_PREFIX_PATH} CMAKE_PREFIX_PATH=/home/imml/git/research_2025/apple-harvest-refactor/install/ur_dashboard_msgs:/home/imml/flex_tof_ws/install/flex_sensor_control:/opt/ros/humble LD_LIBRARY_PATH=/home/imml/git/research_2025/apple-harvest-refactor/install/ur_dashboard_msgs/lib:${LD_LIBRARY_PATH} PYTHONPATH=/home/imml/git/research_2025/apple-harvest-refactor/install/ur_dashboard_msgs/local/lib/python3.10/dist-packages:${PYTHONPATH} /usr/bin/cmake --build /home/imml/git/research_2025/apple-harvest-refactor/build/ur_controllers -- -j16 -l16
[0.130s] [ 20%] Built target speed_scaling_state_broadcaster_parameters
[0.131s] [ 50%] Built target scaled_joint_trajectory_controller_parameters
[0.131s] [ 60%] Built target gpio_controller_parameters
[0.181s] [100%] Built target ur_controllers
[0.419s] Invoked command in '/home/imml/git/research_2025/apple-harvest-refactor/build/ur_controllers' returned '0': AMENT_PREFIX_PATH=/home/imml/git/research_2025/apple-harvest-refactor/install/ur_dashboard_msgs:${AMENT_PREFIX_PATH} CMAKE_PREFIX_PATH=/home/imml/git/research_2025/apple-harvest-refactor/install/ur_dashboard_msgs:/home/imml/flex_tof_ws/install/flex_sensor_control:/opt/ros/humble LD_LIBRARY_PATH=/home/imml/git/research_2025/apple-harvest-refactor/install/ur_dashboard_msgs/lib:${LD_LIBRARY_PATH} PYTHONPATH=/home/imml/git/research_2025/apple-harvest-refactor/install/ur_dashboard_msgs/local/lib/python3.10/dist-packages:${PYTHONPATH} /usr/bin/cmake --build /home/imml/git/research_2025/apple-harvest-refactor/build/ur_controllers -- -j16 -l16
[0.421s] Invoking command in '/home/imml/git/research_2025/apple-harvest-refactor/build/ur_controllers': AMENT_PREFIX_PATH=/home/imml/git/research_2025/apple-harvest-refactor/install/ur_dashboard_msgs:${AMENT_PREFIX_PATH} CMAKE_PREFIX_PATH=/home/imml/git/research_2025/apple-harvest-refactor/install/ur_dashboard_msgs:/home/imml/flex_tof_ws/install/flex_sensor_control:/opt/ros/humble LD_LIBRARY_PATH=/home/imml/git/research_2025/apple-harvest-refactor/install/ur_dashboard_msgs/lib:${LD_LIBRARY_PATH} PYTHONPATH=/home/imml/git/research_2025/apple-harvest-refactor/install/ur_dashboard_msgs/local/lib/python3.10/dist-packages:${PYTHONPATH} /usr/bin/cmake --install /home/imml/git/research_2025/apple-harvest-refactor/build/ur_controllers
[0.442s] -- Install configuration: ""
[0.443s] -- Execute custom install script
[0.443s] -- Up-to-date symlink: /home/imml/git/research_2025/apple-harvest-refactor/install/ur_controllers/include/ur_controllers/gpio_controller_parameters.hpp
[0.443s] -- Up-to-date symlink: /home/imml/git/research_2025/apple-harvest-refactor/install/ur_controllers/include/ur_controllers/scaled_joint_trajectory_controller_parameters.hpp
[0.443s] -- Up-to-date symlink: /home/imml/git/research_2025/apple-harvest-refactor/install/ur_controllers/include/ur_controllers/speed_scaling_state_broadcaster_parameters.hpp
[0.445s] -- Up-to-date symlink: /home/imml/git/research_2025/apple-harvest-refactor/install/ur_controllers/include/ur_controllers/gpio_controller_parameters.hpp
[0.447s] -- Up-to-date symlink: /home/imml/git/research_2025/apple-harvest-refactor/install/ur_controllers/include/ur_controllers/scaled_joint_trajectory_controller_parameters.hpp
[0.447s] -- Up-to-date symlink: /home/imml/git/research_2025/apple-harvest-refactor/install/ur_controllers/include/ur_controllers/speed_scaling_state_broadcaster_parameters.hpp
[0.447s] -- Up-to-date symlink: /home/imml/git/research_2025/apple-harvest-refactor/install/ur_controllers/include/ur_controllers/gpio_controller_parameters.hpp
[0.447s] -- Up-to-date symlink: /home/imml/git/research_2025/apple-harvest-refactor/install/ur_controllers/include/ur_controllers/scaled_joint_trajectory_controller_parameters.hpp
[0.449s] -- Up-to-date symlink: /home/imml/git/research_2025/apple-harvest-refactor/install/ur_controllers/include/ur_controllers/speed_scaling_state_broadcaster_parameters.hpp
[0.449s] -- Up-to-date symlink: /home/imml/git/research_2025/apple-harvest-refactor/install/ur_controllers/share/ur_controllers//controller_plugins.xml
[0.449s] -- Up-to-date symlink: /home/imml/git/research_2025/apple-harvest-refactor/install/ur_controllers/lib/libur_controllers.so
[0.449s] -- Up-to-date symlink: /home/imml/git/research_2025/apple-harvest-refactor/install/ur_controllers/include/ur_controllers/gpio_controller.hpp
[0.450s] -- Up-to-date symlink: /home/imml/git/research_2025/apple-harvest-refactor/install/ur_controllers/include/ur_controllers/scaled_joint_trajectory_controller.hpp
[0.450s] -- Up-to-date symlink: /home/imml/git/research_2025/apple-harvest-refactor/install/ur_controllers/include/ur_controllers/speed_scaling_state_broadcaster.hpp
[0.450s] -- Up-to-date symlink: /home/imml/git/research_2025/apple-harvest-refactor/install/ur_controllers/share/ur_controllers/controller_plugins.xml
[0.451s] -- Up-to-date symlink: /home/imml/git/research_2025/apple-harvest-refactor/install/ur_controllers/share/ur_controllers/environment/library_path.sh
[0.451s] -- Up-to-date symlink: /home/imml/git/research_2025/apple-harvest-refactor/install/ur_controllers/share/ur_controllers/environment/library_path.dsv
[0.451s] -- Up-to-date symlink: /home/imml/git/research_2025/apple-harvest-refactor/install/ur_controllers/share/ament_index/resource_index/package_run_dependencies/ur_controllers
[0.451s] -- Up-to-date symlink: /home/imml/git/research_2025/apple-harvest-refactor/install/ur_controllers/share/ament_index/resource_index/parent_prefix_path/ur_controllers
[0.452s] -- Up-to-date symlink: /home/imml/git/research_2025/apple-harvest-refactor/install/ur_controllers/share/ur_controllers/environment/ament_prefix_path.sh
[0.453s] -- Up-to-date symlink: /home/imml/git/research_2025/apple-harvest-refactor/install/ur_controllers/share/ur_controllers/environment/ament_prefix_path.dsv
[0.453s] -- Up-to-date symlink: /home/imml/git/research_2025/apple-harvest-refactor/install/ur_controllers/share/ur_controllers/environment/path.sh
[0.453s] -- Up-to-date symlink: /home/imml/git/research_2025/apple-harvest-refactor/install/ur_controllers/share/ur_controllers/environment/path.dsv
[0.453s] -- Up-to-date symlink: /home/imml/git/research_2025/apple-harvest-refactor/install/ur_controllers/share/ur_controllers/local_setup.bash
[0.453s] -- Up-to-date symlink: /home/imml/git/research_2025/apple-harvest-refactor/install/ur_controllers/share/ur_controllers/local_setup.sh
[0.453s] -- Up-to-date symlink: /home/imml/git/research_2025/apple-harvest-refactor/install/ur_controllers/share/ur_controllers/local_setup.zsh
[0.453s] -- Up-to-date symlink: /home/imml/git/research_2025/apple-harvest-refactor/install/ur_controllers/share/ur_controllers/local_setup.dsv
[0.454s] -- Symlinking: /home/imml/git/research_2025/apple-harvest-refactor/install/ur_controllers/share/ur_controllers/package.dsv
[0.468s] -- Up-to-date symlink: /home/imml/git/research_2025/apple-harvest-refactor/install/ur_controllers/share/ament_index/resource_index/packages/ur_controllers
[0.469s] -- Up-to-date symlink: /home/imml/git/research_2025/apple-harvest-refactor/install/ur_controllers/share/ament_index/resource_index/controller_interface__pluginlib__plugin/ur_controllers
[0.469s] -- Up-to-date symlink: /home/imml/git/research_2025/apple-harvest-refactor/install/ur_controllers/share/ur_controllers/cmake/ament_cmake_export_dependencies-extras.cmake
[0.469s] -- Up-to-date symlink: /home/imml/git/research_2025/apple-harvest-refactor/install/ur_controllers/share/ur_controllers/cmake/ament_cmake_export_include_directories-extras.cmake
[0.469s] -- Up-to-date symlink: /home/imml/git/research_2025/apple-harvest-refactor/install/ur_controllers/share/ur_controllers/cmake/ament_cmake_export_libraries-extras.cmake
[0.469s] -- Up-to-date symlink: /home/imml/git/research_2025/apple-harvest-refactor/install/ur_controllers/share/ur_controllers/cmake/ur_controllersConfig.cmake
[0.469s] -- Up-to-date symlink: /home/imml/git/research_2025/apple-harvest-refactor/install/ur_controllers/share/ur_controllers/cmake/ur_controllersConfig-version.cmake
[0.469s] -- Up-to-date symlink: /home/imml/git/research_2025/apple-harvest-refactor/install/ur_controllers/share/ur_controllers/package.xml
[0.511s] Invoked command in '/home/imml/git/research_2025/apple-harvest-refactor/build/ur_controllers' returned '0': AMENT_PREFIX_PATH=/home/imml/git/research_2025/apple-harvest-refactor/install/ur_dashboard_msgs:${AMENT_PREFIX_PATH} CMAKE_PREFIX_PATH=/home/imml/git/research_2025/apple-harvest-refactor/install/ur_dashboard_msgs:/home/imml/flex_tof_ws/install/flex_sensor_control:/opt/ros/humble LD_LIBRARY_PATH=/home/imml/git/research_2025/apple-harvest-refactor/install/ur_dashboard_msgs/lib:${LD_LIBRARY_PATH} PYTHONPATH=/home/imml/git/research_2025/apple-harvest-refactor/install/ur_dashboard_msgs/local/lib/python3.10/dist-packages:${PYTHONPATH} /usr/bin/cmake --install /home/imml/git/research_2025/apple-harvest-refactor/build/ur_controllers
