[0.028s] Invoking command in '/home/imml/git/research_2025/apple-harvest-refactor/build/harvest_interfaces': CMAKE_PREFIX_PATH=${CMAKE_PREFIX_PATH}:/home/imml/git/research_2025/apple-harvest-refactor/install/ur5e_custom_hardware:/home/imml/git/research_2025/apple-harvest-refactor/install/harvest_vision:/opt/ros/humble /usr/bin/cmake --build /home/imml/git/research_2025/apple-harvest-refactor/build/harvest_interfaces -- -j16 -l16
[0.098s] [  0%] Built target harvest_interfaces__cpp
[0.108s] [  0%] Built target ament_cmake_python_symlink_harvest_interfaces
[0.116s] [ 12%] Built target harvest_interfaces__rosidl_generator_c
[0.177s] [ 24%] Built target harvest_interfaces__rosidl_typesupport_cpp
[0.177s] [ 35%] Built target harvest_interfaces__rosidl_typesupport_fastrtps_cpp
[0.187s] [ 47%] Built target harvest_interfaces__rosidl_typesupport_introspection_cpp
[0.215s] [ 71%] Built target harvest_interfaces__rosidl_typesupport_c
[0.216s] [ 71%] Built target harvest_interfaces__rosidl_typesupport_introspection_c
[0.223s] [ 83%] Built target harvest_interfaces__rosidl_typesupport_fastrtps_c
[0.256s] [ 83%] Built target harvest_interfaces
[0.288s] [ 84%] Built target harvest_interfaces__py
[0.338s] [ 95%] Built target harvest_interfaces__rosidl_generator_py
[0.373s] [ 97%] Built target harvest_interfaces__rosidl_typesupport_fastrtps_c__pyext
[0.374s] [ 99%] Built target harvest_interfaces__rosidl_typesupport_introspection_c__pyext
[0.376s] [100%] Built target harvest_interfaces__rosidl_typesupport_c__pyext
[0.483s] running egg_info
[0.484s] writing harvest_interfaces.egg-info/PKG-INFO
[0.484s] writing dependency_links to harvest_interfaces.egg-info/dependency_links.txt
[0.485s] writing top-level names to harvest_interfaces.egg-info/top_level.txt
[0.488s] reading manifest file 'harvest_interfaces.egg-info/SOURCES.txt'
[0.489s] writing manifest file 'harvest_interfaces.egg-info/SOURCES.txt'
[0.533s] [100%] Built target ament_cmake_python_build_harvest_interfaces_egg
[0.554s] Invoked command in '/home/imml/git/research_2025/apple-harvest-refactor/build/harvest_interfaces' returned '0': CMAKE_PREFIX_PATH=${CMAKE_PREFIX_PATH}:/home/imml/git/research_2025/apple-harvest-refactor/install/ur5e_custom_hardware:/home/imml/git/research_2025/apple-harvest-refactor/install/harvest_vision:/opt/ros/humble /usr/bin/cmake --build /home/imml/git/research_2025/apple-harvest-refactor/build/harvest_interfaces -- -j16 -l16
[0.557s] Invoking command in '/home/imml/git/research_2025/apple-harvest-refactor/build/harvest_interfaces': CMAKE_PREFIX_PATH=${CMAKE_PREFIX_PATH}:/home/imml/git/research_2025/apple-harvest-refactor/install/ur5e_custom_hardware:/home/imml/git/research_2025/apple-harvest-refactor/install/harvest_vision:/opt/ros/humble /usr/bin/cmake --install /home/imml/git/research_2025/apple-harvest-refactor/build/harvest_interfaces
[0.573s] -- Install configuration: ""
[0.573s] -- Execute custom install script
[0.574s] -- Up-to-date symlink: /home/imml/git/research_2025/apple-harvest-refactor/install/harvest_interfaces/share/ament_index/resource_index/rosidl_interfaces/harvest_interfaces
[0.574s] -- Up-to-date symlink: /home/imml/git/research_2025/apple-harvest-refactor/install/harvest_interfaces/include/harvest_interfaces/harvest_interfaces/action/detail/event_detection__functions.h
[0.574s] -- Up-to-date symlink: /home/imml/git/research_2025/apple-harvest-refactor/install/harvest_interfaces/include/harvest_interfaces/harvest_interfaces/action/detail/event_detection__struct.h
[0.574s] -- Up-to-date symlink: /home/imml/git/research_2025/apple-harvest-refactor/install/harvest_interfaces/include/harvest_interfaces/harvest_interfaces/action/detail/event_detection__type_support.h
[0.574s] -- Up-to-date symlink: /home/imml/git/research_2025/apple-harvest-refactor/install/harvest_interfaces/include/harvest_interfaces/harvest_interfaces/action/detail/send_trajectory__functions.h
[0.574s] -- Up-to-date symlink: /home/imml/git/research_2025/apple-harvest-refactor/install/harvest_interfaces/include/harvest_interfaces/harvest_interfaces/action/detail/send_trajectory__struct.h
[0.575s] -- Up-to-date symlink: /home/imml/git/research_2025/apple-harvest-refactor/install/harvest_interfaces/include/harvest_interfaces/harvest_interfaces/action/detail/send_trajectory__type_support.h
[0.577s] -- Up-to-date symlink: /home/imml/git/research_2025/apple-harvest-refactor/install/harvest_interfaces/include/harvest_interfaces/harvest_interfaces/action/event_detection.h
[0.577s] -- Up-to-date symlink: /home/imml/git/research_2025/apple-harvest-refactor/install/harvest_interfaces/include/harvest_interfaces/harvest_interfaces/action/send_trajectory.h
[0.577s] -- Up-to-date symlink: /home/imml/git/research_2025/apple-harvest-refactor/install/harvest_interfaces/include/harvest_interfaces/harvest_interfaces/msg/rosidl_generator_c__visibility_control.h
[0.577s] -- Up-to-date symlink: /home/imml/git/research_2025/apple-harvest-refactor/install/harvest_interfaces/include/harvest_interfaces/harvest_interfaces/srv/apple_prediction.h
[0.577s] -- Up-to-date symlink: /home/imml/git/research_2025/apple-harvest-refactor/install/harvest_interfaces/include/harvest_interfaces/harvest_interfaces/srv/coordinate_to_trajectory.h
[0.578s] -- Up-to-date symlink: /home/imml/git/research_2025/apple-harvest-refactor/install/harvest_interfaces/include/harvest_interfaces/harvest_interfaces/srv/detail/apple_prediction__functions.h
[0.578s] -- Up-to-date symlink: /home/imml/git/research_2025/apple-harvest-refactor/install/harvest_interfaces/include/harvest_interfaces/harvest_interfaces/srv/detail/apple_prediction__struct.h
[0.578s] -- Up-to-date symlink: /home/imml/git/research_2025/apple-harvest-refactor/install/harvest_interfaces/include/harvest_interfaces/harvest_interfaces/srv/detail/apple_prediction__type_support.h
[0.578s] -- Up-to-date symlink: /home/imml/git/research_2025/apple-harvest-refactor/install/harvest_interfaces/include/harvest_interfaces/harvest_interfaces/srv/detail/coordinate_to_trajectory__functions.h
[0.579s] -- Up-to-date symlink: /home/imml/git/research_2025/apple-harvest-refactor/install/harvest_interfaces/include/harvest_interfaces/harvest_interfaces/srv/detail/coordinate_to_trajectory__struct.h
[0.579s] -- Up-to-date symlink: /home/imml/git/research_2025/apple-harvest-refactor/install/harvest_interfaces/include/harvest_interfaces/harvest_interfaces/srv/detail/coordinate_to_trajectory__type_support.h
[0.579s] -- Up-to-date symlink: /home/imml/git/research_2025/apple-harvest-refactor/install/harvest_interfaces/include/harvest_interfaces/harvest_interfaces/srv/detail/get_gripper_pose__functions.h
[0.579s] -- Up-to-date symlink: /home/imml/git/research_2025/apple-harvest-refactor/install/harvest_interfaces/include/harvest_interfaces/harvest_interfaces/srv/detail/get_gripper_pose__struct.h
[0.579s] -- Up-to-date symlink: /home/imml/git/research_2025/apple-harvest-refactor/install/harvest_interfaces/include/harvest_interfaces/harvest_interfaces/srv/detail/get_gripper_pose__type_support.h
[0.579s] -- Up-to-date symlink: /home/imml/git/research_2025/apple-harvest-refactor/install/harvest_interfaces/include/harvest_interfaces/harvest_interfaces/srv/detail/move_to_pose__functions.h
[0.579s] -- Up-to-date symlink: /home/imml/git/research_2025/apple-harvest-refactor/install/harvest_interfaces/include/harvest_interfaces/harvest_interfaces/srv/detail/move_to_pose__struct.h
[0.579s] -- Up-to-date symlink: /home/imml/git/research_2025/apple-harvest-refactor/install/harvest_interfaces/include/harvest_interfaces/harvest_interfaces/srv/detail/move_to_pose__type_support.h
[0.580s] -- Up-to-date symlink: /home/imml/git/research_2025/apple-harvest-refactor/install/harvest_interfaces/include/harvest_interfaces/harvest_interfaces/srv/detail/record_topics__functions.h
[0.580s] -- Up-to-date symlink: /home/imml/git/research_2025/apple-harvest-refactor/install/harvest_interfaces/include/harvest_interfaces/harvest_interfaces/srv/detail/record_topics__struct.h
[0.580s] -- Up-to-date symlink: /home/imml/git/research_2025/apple-harvest-refactor/install/harvest_interfaces/include/harvest_interfaces/harvest_interfaces/srv/detail/record_topics__type_support.h
[0.580s] -- Up-to-date symlink: /home/imml/git/research_2025/apple-harvest-refactor/install/harvest_interfaces/include/harvest_interfaces/harvest_interfaces/srv/detail/send_trajectory__functions.h
[0.580s] -- Up-to-date symlink: /home/imml/git/research_2025/apple-harvest-refactor/install/harvest_interfaces/include/harvest_interfaces/harvest_interfaces/srv/detail/send_trajectory__struct.h
[0.580s] -- Up-to-date symlink: /home/imml/git/research_2025/apple-harvest-refactor/install/harvest_interfaces/include/harvest_interfaces/harvest_interfaces/srv/detail/send_trajectory__type_support.h
[0.580s] -- Up-to-date symlink: /home/imml/git/research_2025/apple-harvest-refactor/install/harvest_interfaces/include/harvest_interfaces/harvest_interfaces/srv/detail/set_value__functions.h
[0.580s] -- Up-to-date symlink: /home/imml/git/research_2025/apple-harvest-refactor/install/harvest_interfaces/include/harvest_interfaces/harvest_interfaces/srv/detail/set_value__struct.h
[0.580s] -- Up-to-date symlink: /home/imml/git/research_2025/apple-harvest-refactor/install/harvest_interfaces/include/harvest_interfaces/harvest_interfaces/srv/detail/set_value__type_support.h
[0.580s] -- Up-to-date symlink: /home/imml/git/research_2025/apple-harvest-refactor/install/harvest_interfaces/include/harvest_interfaces/harvest_interfaces/srv/detail/trajectory_between_points__functions.h
[0.580s] -- Up-to-date symlink: /home/imml/git/research_2025/apple-harvest-refactor/install/harvest_interfaces/include/harvest_interfaces/harvest_interfaces/srv/detail/trajectory_between_points__struct.h
[0.581s] -- Up-to-date symlink: /home/imml/git/research_2025/apple-harvest-refactor/install/harvest_interfaces/include/harvest_interfaces/harvest_interfaces/srv/detail/trajectory_between_points__type_support.h
[0.581s] -- Up-to-date symlink: /home/imml/git/research_2025/apple-harvest-refactor/install/harvest_interfaces/include/harvest_interfaces/harvest_interfaces/srv/detail/voxel_grid__functions.h
[0.581s] -- Up-to-date symlink: /home/imml/git/research_2025/apple-harvest-refactor/install/harvest_interfaces/include/harvest_interfaces/harvest_interfaces/srv/detail/voxel_grid__struct.h
[0.581s] -- Up-to-date symlink: /home/imml/git/research_2025/apple-harvest-refactor/install/harvest_interfaces/include/harvest_interfaces/harvest_interfaces/srv/detail/voxel_grid__type_support.h
[0.581s] -- Up-to-date symlink: /home/imml/git/research_2025/apple-harvest-refactor/install/harvest_interfaces/include/harvest_interfaces/harvest_interfaces/srv/detail/voxel_mask__functions.h
[0.581s] -- Up-to-date symlink: /home/imml/git/research_2025/apple-harvest-refactor/install/harvest_interfaces/include/harvest_interfaces/harvest_interfaces/srv/detail/voxel_mask__struct.h
[0.581s] -- Up-to-date symlink: /home/imml/git/research_2025/apple-harvest-refactor/install/harvest_interfaces/include/harvest_interfaces/harvest_interfaces/srv/detail/voxel_mask__type_support.h
[0.581s] -- Up-to-date symlink: /home/imml/git/research_2025/apple-harvest-refactor/install/harvest_interfaces/include/harvest_interfaces/harvest_interfaces/srv/get_gripper_pose.h
[0.582s] -- Up-to-date symlink: /home/imml/git/research_2025/apple-harvest-refactor/install/harvest_interfaces/include/harvest_interfaces/harvest_interfaces/srv/move_to_pose.h
[0.582s] -- Up-to-date symlink: /home/imml/git/research_2025/apple-harvest-refactor/install/harvest_interfaces/include/harvest_interfaces/harvest_interfaces/srv/record_topics.h
[0.582s] -- Up-to-date symlink: /home/imml/git/research_2025/apple-harvest-refactor/install/harvest_interfaces/include/harvest_interfaces/harvest_interfaces/srv/send_trajectory.h
[0.582s] -- Up-to-date symlink: /home/imml/git/research_2025/apple-harvest-refactor/install/harvest_interfaces/include/harvest_interfaces/harvest_interfaces/srv/set_value.h
[0.582s] -- Up-to-date symlink: /home/imml/git/research_2025/apple-harvest-refactor/install/harvest_interfaces/include/harvest_interfaces/harvest_interfaces/srv/trajectory_between_points.h
[0.582s] -- Up-to-date symlink: /home/imml/git/research_2025/apple-harvest-refactor/install/harvest_interfaces/include/harvest_interfaces/harvest_interfaces/srv/voxel_grid.h
[0.582s] -- Up-to-date symlink: /home/imml/git/research_2025/apple-harvest-refactor/install/harvest_interfaces/include/harvest_interfaces/harvest_interfaces/srv/voxel_mask.h
[0.582s] -- Up-to-date symlink: /home/imml/git/research_2025/apple-harvest-refactor/install/harvest_interfaces/share/harvest_interfaces/environment/library_path.sh
[0.582s] -- Up-to-date symlink: /home/imml/git/research_2025/apple-harvest-refactor/install/harvest_interfaces/share/harvest_interfaces/environment/library_path.dsv
[0.583s] -- Up-to-date symlink: /home/imml/git/research_2025/apple-harvest-refactor/install/harvest_interfaces/include/harvest_interfaces/harvest_interfaces/action/detail/event_detection__rosidl_typesupport_fastrtps_c.h
[0.583s] -- Up-to-date symlink: /home/imml/git/research_2025/apple-harvest-refactor/install/harvest_interfaces/include/harvest_interfaces/harvest_interfaces/action/detail/send_trajectory__rosidl_typesupport_fastrtps_c.h
[0.584s] -- Up-to-date symlink: /home/imml/git/research_2025/apple-harvest-refactor/install/harvest_interfaces/include/harvest_interfaces/harvest_interfaces/msg/rosidl_typesupport_fastrtps_c__visibility_control.h
[0.584s] -- Up-to-date symlink: /home/imml/git/research_2025/apple-harvest-refactor/install/harvest_interfaces/include/harvest_interfaces/harvest_interfaces/srv/detail/apple_prediction__rosidl_typesupport_fastrtps_c.h
[0.585s] -- Up-to-date symlink: /home/imml/git/research_2025/apple-harvest-refactor/install/harvest_interfaces/include/harvest_interfaces/harvest_interfaces/srv/detail/coordinate_to_trajectory__rosidl_typesupport_fastrtps_c.h
[0.585s] -- Up-to-date symlink: /home/imml/git/research_2025/apple-harvest-refactor/install/harvest_interfaces/include/harvest_interfaces/harvest_interfaces/srv/detail/get_gripper_pose__rosidl_typesupport_fastrtps_c.h
[0.585s] -- Up-to-date symlink: /home/imml/git/research_2025/apple-harvest-refactor/install/harvest_interfaces/include/harvest_interfaces/harvest_interfaces/srv/detail/move_to_pose__rosidl_typesupport_fastrtps_c.h
[0.585s] -- Up-to-date symlink: /home/imml/git/research_2025/apple-harvest-refactor/install/harvest_interfaces/include/harvest_interfaces/harvest_interfaces/srv/detail/record_topics__rosidl_typesupport_fastrtps_c.h
[0.585s] -- Up-to-date symlink: /home/imml/git/research_2025/apple-harvest-refactor/install/harvest_interfaces/include/harvest_interfaces/harvest_interfaces/srv/detail/send_trajectory__rosidl_typesupport_fastrtps_c.h
[0.585s] -- Up-to-date symlink: /home/imml/git/research_2025/apple-harvest-refactor/install/harvest_interfaces/include/harvest_interfaces/harvest_interfaces/srv/detail/set_value__rosidl_typesupport_fastrtps_c.h
[0.586s] -- Up-to-date symlink: /home/imml/git/research_2025/apple-harvest-refactor/install/harvest_interfaces/include/harvest_interfaces/harvest_interfaces/srv/detail/trajectory_between_points__rosidl_typesupport_fastrtps_c.h
[0.586s] -- Up-to-date symlink: /home/imml/git/research_2025/apple-harvest-refactor/install/harvest_interfaces/include/harvest_interfaces/harvest_interfaces/srv/detail/voxel_grid__rosidl_typesupport_fastrtps_c.h
[0.586s] -- Up-to-date symlink: /home/imml/git/research_2025/apple-harvest-refactor/install/harvest_interfaces/include/harvest_interfaces/harvest_interfaces/srv/detail/voxel_mask__rosidl_typesupport_fastrtps_c.h
[0.586s] -- Up-to-date symlink: /home/imml/git/research_2025/apple-harvest-refactor/install/harvest_interfaces/include/harvest_interfaces/harvest_interfaces/action/detail/event_detection__rosidl_typesupport_introspection_c.h
[0.586s] -- Up-to-date symlink: /home/imml/git/research_2025/apple-harvest-refactor/install/harvest_interfaces/include/harvest_interfaces/harvest_interfaces/action/detail/send_trajectory__rosidl_typesupport_introspection_c.h
[0.587s] -- Up-to-date symlink: /home/imml/git/research_2025/apple-harvest-refactor/install/harvest_interfaces/include/harvest_interfaces/harvest_interfaces/msg/rosidl_typesupport_introspection_c__visibility_control.h
[0.587s] -- Up-to-date symlink: /home/imml/git/research_2025/apple-harvest-refactor/install/harvest_interfaces/include/harvest_interfaces/harvest_interfaces/srv/detail/apple_prediction__rosidl_typesupport_introspection_c.h
[0.587s] -- Up-to-date symlink: /home/imml/git/research_2025/apple-harvest-refactor/install/harvest_interfaces/include/harvest_interfaces/harvest_interfaces/srv/detail/coordinate_to_trajectory__rosidl_typesupport_introspection_c.h
[0.587s] -- Up-to-date symlink: /home/imml/git/research_2025/apple-harvest-refactor/install/harvest_interfaces/include/harvest_interfaces/harvest_interfaces/srv/detail/get_gripper_pose__rosidl_typesupport_introspection_c.h
[0.587s] -- Up-to-date symlink: /home/imml/git/research_2025/apple-harvest-refactor/install/harvest_interfaces/include/harvest_interfaces/harvest_interfaces/srv/detail/move_to_pose__rosidl_typesupport_introspection_c.h
[0.587s] -- Up-to-date symlink: /home/imml/git/research_2025/apple-harvest-refactor/install/harvest_interfaces/include/harvest_interfaces/harvest_interfaces/srv/detail/record_topics__rosidl_typesupport_introspection_c.h
[0.588s] -- Up-to-date symlink: /home/imml/git/research_2025/apple-harvest-refactor/install/harvest_interfaces/include/harvest_interfaces/harvest_interfaces/srv/detail/send_trajectory__rosidl_typesupport_introspection_c.h
[0.588s] -- Up-to-date symlink: /home/imml/git/research_2025/apple-harvest-refactor/install/harvest_interfaces/include/harvest_interfaces/harvest_interfaces/srv/detail/set_value__rosidl_typesupport_introspection_c.h
[0.588s] -- Up-to-date symlink: /home/imml/git/research_2025/apple-harvest-refactor/install/harvest_interfaces/include/harvest_interfaces/harvest_interfaces/srv/detail/trajectory_between_points__rosidl_typesupport_introspection_c.h
[0.588s] -- Up-to-date symlink: /home/imml/git/research_2025/apple-harvest-refactor/install/harvest_interfaces/include/harvest_interfaces/harvest_interfaces/srv/detail/voxel_grid__rosidl_typesupport_introspection_c.h
[0.588s] -- Up-to-date symlink: /home/imml/git/research_2025/apple-harvest-refactor/install/harvest_interfaces/include/harvest_interfaces/harvest_interfaces/srv/detail/voxel_mask__rosidl_typesupport_introspection_c.h
[0.589s] -- Up-to-date symlink: /home/imml/git/research_2025/apple-harvest-refactor/install/harvest_interfaces/include/harvest_interfaces/harvest_interfaces/action/detail/event_detection__builder.hpp
[0.590s] -- Up-to-date symlink: /home/imml/git/research_2025/apple-harvest-refactor/install/harvest_interfaces/include/harvest_interfaces/harvest_interfaces/action/detail/event_detection__struct.hpp
[0.590s] -- Up-to-date symlink: /home/imml/git/research_2025/apple-harvest-refactor/install/harvest_interfaces/include/harvest_interfaces/harvest_interfaces/action/detail/event_detection__traits.hpp
[0.591s] -- Up-to-date symlink: /home/imml/git/research_2025/apple-harvest-refactor/install/harvest_interfaces/include/harvest_interfaces/harvest_interfaces/action/detail/event_detection__type_support.hpp
[0.591s] -- Up-to-date symlink: /home/imml/git/research_2025/apple-harvest-refactor/install/harvest_interfaces/include/harvest_interfaces/harvest_interfaces/action/detail/send_trajectory__builder.hpp
[0.591s] -- Up-to-date symlink: /home/imml/git/research_2025/apple-harvest-refactor/install/harvest_interfaces/include/harvest_interfaces/harvest_interfaces/action/detail/send_trajectory__struct.hpp
[0.591s] -- Up-to-date symlink: /home/imml/git/research_2025/apple-harvest-refactor/install/harvest_interfaces/include/harvest_interfaces/harvest_interfaces/action/detail/send_trajectory__traits.hpp
[0.591s] -- Up-to-date symlink: /home/imml/git/research_2025/apple-harvest-refactor/install/harvest_interfaces/include/harvest_interfaces/harvest_interfaces/action/detail/send_trajectory__type_support.hpp
[0.591s] -- Up-to-date symlink: /home/imml/git/research_2025/apple-harvest-refactor/install/harvest_interfaces/include/harvest_interfaces/harvest_interfaces/action/event_detection.hpp
[0.592s] -- Up-to-date symlink: /home/imml/git/research_2025/apple-harvest-refactor/install/harvest_interfaces/include/harvest_interfaces/harvest_interfaces/action/send_trajectory.hpp
[0.593s] -- Up-to-date symlink: /home/imml/git/research_2025/apple-harvest-refactor/install/harvest_interfaces/include/harvest_interfaces/harvest_interfaces/msg/rosidl_generator_cpp__visibility_control.hpp
[0.593s] -- Up-to-date symlink: /home/imml/git/research_2025/apple-harvest-refactor/install/harvest_interfaces/include/harvest_interfaces/harvest_interfaces/srv/apple_prediction.hpp
[0.596s] -- Up-to-date symlink: /home/imml/git/research_2025/apple-harvest-refactor/install/harvest_interfaces/include/harvest_interfaces/harvest_interfaces/srv/coordinate_to_trajectory.hpp
[0.596s] -- Up-to-date symlink: /home/imml/git/research_2025/apple-harvest-refactor/install/harvest_interfaces/include/harvest_interfaces/harvest_interfaces/srv/detail/apple_prediction__builder.hpp
[0.596s] -- Up-to-date symlink: /home/imml/git/research_2025/apple-harvest-refactor/install/harvest_interfaces/include/harvest_interfaces/harvest_interfaces/srv/detail/apple_prediction__struct.hpp
[0.596s] -- Up-to-date symlink: /home/imml/git/research_2025/apple-harvest-refactor/install/harvest_interfaces/include/harvest_interfaces/harvest_interfaces/srv/detail/apple_prediction__traits.hpp
[0.597s] -- Up-to-date symlink: /home/imml/git/research_2025/apple-harvest-refactor/install/harvest_interfaces/include/harvest_interfaces/harvest_interfaces/srv/detail/apple_prediction__type_support.hpp
[0.597s] -- Up-to-date symlink: /home/imml/git/research_2025/apple-harvest-refactor/install/harvest_interfaces/include/harvest_interfaces/harvest_interfaces/srv/detail/coordinate_to_trajectory__builder.hpp
[0.598s] -- Up-to-date symlink: /home/imml/git/research_2025/apple-harvest-refactor/install/harvest_interfaces/include/harvest_interfaces/harvest_interfaces/srv/detail/coordinate_to_trajectory__struct.hpp
[0.598s] -- Up-to-date symlink: /home/imml/git/research_2025/apple-harvest-refactor/install/harvest_interfaces/include/harvest_interfaces/harvest_interfaces/srv/detail/coordinate_to_trajectory__traits.hpp
[0.598s] -- Up-to-date symlink: /home/imml/git/research_2025/apple-harvest-refactor/install/harvest_interfaces/include/harvest_interfaces/harvest_interfaces/srv/detail/coordinate_to_trajectory__type_support.hpp
[0.598s] -- Up-to-date symlink: /home/imml/git/research_2025/apple-harvest-refactor/install/harvest_interfaces/include/harvest_interfaces/harvest_interfaces/srv/detail/get_gripper_pose__builder.hpp
[0.598s] -- Up-to-date symlink: /home/imml/git/research_2025/apple-harvest-refactor/install/harvest_interfaces/include/harvest_interfaces/harvest_interfaces/srv/detail/get_gripper_pose__struct.hpp
[0.598s] -- Up-to-date symlink: /home/imml/git/research_2025/apple-harvest-refactor/install/harvest_interfaces/include/harvest_interfaces/harvest_interfaces/srv/detail/get_gripper_pose__traits.hpp
[0.599s] -- Up-to-date symlink: /home/imml/git/research_2025/apple-harvest-refactor/install/harvest_interfaces/include/harvest_interfaces/harvest_interfaces/srv/detail/get_gripper_pose__type_support.hpp
[0.599s] -- Up-to-date symlink: /home/imml/git/research_2025/apple-harvest-refactor/install/harvest_interfaces/include/harvest_interfaces/harvest_interfaces/srv/detail/move_to_pose__builder.hpp
[0.599s] -- Up-to-date symlink: /home/imml/git/research_2025/apple-harvest-refactor/install/harvest_interfaces/include/harvest_interfaces/harvest_interfaces/srv/detail/move_to_pose__struct.hpp
[0.601s] -- Up-to-date symlink: /home/imml/git/research_2025/apple-harvest-refactor/install/harvest_interfaces/include/harvest_interfaces/harvest_interfaces/srv/detail/move_to_pose__traits.hpp
[0.602s] -- Up-to-date symlink: /home/imml/git/research_2025/apple-harvest-refactor/install/harvest_interfaces/include/harvest_interfaces/harvest_interfaces/srv/detail/move_to_pose__type_support.hpp
[0.602s] -- Up-to-date symlink: /home/imml/git/research_2025/apple-harvest-refactor/install/harvest_interfaces/include/harvest_interfaces/harvest_interfaces/srv/detail/record_topics__builder.hpp
[0.602s] -- Up-to-date symlink: /home/imml/git/research_2025/apple-harvest-refactor/install/harvest_interfaces/include/harvest_interfaces/harvest_interfaces/srv/detail/record_topics__struct.hpp
[0.602s] -- Up-to-date symlink: /home/imml/git/research_2025/apple-harvest-refactor/install/harvest_interfaces/include/harvest_interfaces/harvest_interfaces/srv/detail/record_topics__traits.hpp
[0.602s] -- Up-to-date symlink: /home/imml/git/research_2025/apple-harvest-refactor/install/harvest_interfaces/include/harvest_interfaces/harvest_interfaces/srv/detail/record_topics__type_support.hpp
[0.602s] -- Up-to-date symlink: /home/imml/git/research_2025/apple-harvest-refactor/install/harvest_interfaces/include/harvest_interfaces/harvest_interfaces/srv/detail/send_trajectory__builder.hpp
[0.603s] -- Up-to-date symlink: /home/imml/git/research_2025/apple-harvest-refactor/install/harvest_interfaces/include/harvest_interfaces/harvest_interfaces/srv/detail/send_trajectory__struct.hpp
[0.603s] -- Up-to-date symlink: /home/imml/git/research_2025/apple-harvest-refactor/install/harvest_interfaces/include/harvest_interfaces/harvest_interfaces/srv/detail/send_trajectory__traits.hpp
[0.603s] -- Up-to-date symlink: /home/imml/git/research_2025/apple-harvest-refactor/install/harvest_interfaces/include/harvest_interfaces/harvest_interfaces/srv/detail/send_trajectory__type_support.hpp
[0.603s] -- Up-to-date symlink: /home/imml/git/research_2025/apple-harvest-refactor/install/harvest_interfaces/include/harvest_interfaces/harvest_interfaces/srv/detail/set_value__builder.hpp
[0.604s] -- Up-to-date symlink: /home/imml/git/research_2025/apple-harvest-refactor/install/harvest_interfaces/include/harvest_interfaces/harvest_interfaces/srv/detail/set_value__struct.hpp
[0.604s] -- Up-to-date symlink: /home/imml/git/research_2025/apple-harvest-refactor/install/harvest_interfaces/include/harvest_interfaces/harvest_interfaces/srv/detail/set_value__traits.hpp
[0.604s] -- Up-to-date symlink: /home/imml/git/research_2025/apple-harvest-refactor/install/harvest_interfaces/include/harvest_interfaces/harvest_interfaces/srv/detail/set_value__type_support.hpp
[0.604s] -- Up-to-date symlink: /home/imml/git/research_2025/apple-harvest-refactor/install/harvest_interfaces/include/harvest_interfaces/harvest_interfaces/srv/detail/trajectory_between_points__builder.hpp
[0.604s] -- Up-to-date symlink: /home/imml/git/research_2025/apple-harvest-refactor/install/harvest_interfaces/include/harvest_interfaces/harvest_interfaces/srv/detail/trajectory_between_points__struct.hpp
[0.604s] -- Up-to-date symlink: /home/imml/git/research_2025/apple-harvest-refactor/install/harvest_interfaces/include/harvest_interfaces/harvest_interfaces/srv/detail/trajectory_between_points__traits.hpp
[0.605s] -- Up-to-date symlink: /home/imml/git/research_2025/apple-harvest-refactor/install/harvest_interfaces/include/harvest_interfaces/harvest_interfaces/srv/detail/trajectory_between_points__type_support.hpp
[0.605s] -- Up-to-date symlink: /home/imml/git/research_2025/apple-harvest-refactor/install/harvest_interfaces/include/harvest_interfaces/harvest_interfaces/srv/detail/voxel_grid__builder.hpp
[0.606s] -- Up-to-date symlink: /home/imml/git/research_2025/apple-harvest-refactor/install/harvest_interfaces/include/harvest_interfaces/harvest_interfaces/srv/detail/voxel_grid__struct.hpp
[0.606s] -- Up-to-date symlink: /home/imml/git/research_2025/apple-harvest-refactor/install/harvest_interfaces/include/harvest_interfaces/harvest_interfaces/srv/detail/voxel_grid__traits.hpp
[0.606s] -- Up-to-date symlink: /home/imml/git/research_2025/apple-harvest-refactor/install/harvest_interfaces/include/harvest_interfaces/harvest_interfaces/srv/detail/voxel_grid__type_support.hpp
[0.606s] -- Up-to-date symlink: /home/imml/git/research_2025/apple-harvest-refactor/install/harvest_interfaces/include/harvest_interfaces/harvest_interfaces/srv/detail/voxel_mask__builder.hpp
[0.606s] -- Up-to-date symlink: /home/imml/git/research_2025/apple-harvest-refactor/install/harvest_interfaces/include/harvest_interfaces/harvest_interfaces/srv/detail/voxel_mask__struct.hpp
[0.607s] -- Up-to-date symlink: /home/imml/git/research_2025/apple-harvest-refactor/install/harvest_interfaces/include/harvest_interfaces/harvest_interfaces/srv/detail/voxel_mask__traits.hpp
[0.607s] -- Up-to-date symlink: /home/imml/git/research_2025/apple-harvest-refactor/install/harvest_interfaces/include/harvest_interfaces/harvest_interfaces/srv/detail/voxel_mask__type_support.hpp
[0.607s] -- Up-to-date symlink: /home/imml/git/research_2025/apple-harvest-refactor/install/harvest_interfaces/include/harvest_interfaces/harvest_interfaces/srv/get_gripper_pose.hpp
[0.607s] -- Up-to-date symlink: /home/imml/git/research_2025/apple-harvest-refactor/install/harvest_interfaces/include/harvest_interfaces/harvest_interfaces/srv/move_to_pose.hpp
[0.608s] -- Up-to-date symlink: /home/imml/git/research_2025/apple-harvest-refactor/install/harvest_interfaces/include/harvest_interfaces/harvest_interfaces/srv/record_topics.hpp
[0.608s] -- Up-to-date symlink: /home/imml/git/research_2025/apple-harvest-refactor/install/harvest_interfaces/include/harvest_interfaces/harvest_interfaces/srv/send_trajectory.hpp
[0.608s] -- Up-to-date symlink: /home/imml/git/research_2025/apple-harvest-refactor/install/harvest_interfaces/include/harvest_interfaces/harvest_interfaces/srv/set_value.hpp
[0.608s] -- Up-to-date symlink: /home/imml/git/research_2025/apple-harvest-refactor/install/harvest_interfaces/include/harvest_interfaces/harvest_interfaces/srv/trajectory_between_points.hpp
[0.609s] -- Up-to-date symlink: /home/imml/git/research_2025/apple-harvest-refactor/install/harvest_interfaces/include/harvest_interfaces/harvest_interfaces/srv/voxel_grid.hpp
[0.609s] -- Up-to-date symlink: /home/imml/git/research_2025/apple-harvest-refactor/install/harvest_interfaces/include/harvest_interfaces/harvest_interfaces/srv/voxel_mask.hpp
[0.609s] -- Up-to-date symlink: /home/imml/git/research_2025/apple-harvest-refactor/install/harvest_interfaces/include/harvest_interfaces/harvest_interfaces/action/detail/event_detection__rosidl_typesupport_fastrtps_cpp.hpp
[0.609s] -- Up-to-date symlink: /home/imml/git/research_2025/apple-harvest-refactor/install/harvest_interfaces/include/harvest_interfaces/harvest_interfaces/action/detail/send_trajectory__rosidl_typesupport_fastrtps_cpp.hpp
[0.609s] -- Up-to-date symlink: /home/imml/git/research_2025/apple-harvest-refactor/install/harvest_interfaces/include/harvest_interfaces/harvest_interfaces/msg/rosidl_typesupport_fastrtps_cpp__visibility_control.h
[0.609s] -- Up-to-date symlink: /home/imml/git/research_2025/apple-harvest-refactor/install/harvest_interfaces/include/harvest_interfaces/harvest_interfaces/srv/detail/apple_prediction__rosidl_typesupport_fastrtps_cpp.hpp
[0.609s] -- Up-to-date symlink: /home/imml/git/research_2025/apple-harvest-refactor/install/harvest_interfaces/include/harvest_interfaces/harvest_interfaces/srv/detail/coordinate_to_trajectory__rosidl_typesupport_fastrtps_cpp.hpp
[0.610s] -- Up-to-date symlink: /home/imml/git/research_2025/apple-harvest-refactor/install/harvest_interfaces/include/harvest_interfaces/harvest_interfaces/srv/detail/get_gripper_pose__rosidl_typesupport_fastrtps_cpp.hpp
[0.610s] -- Up-to-date symlink: /home/imml/git/research_2025/apple-harvest-refactor/install/harvest_interfaces/include/harvest_interfaces/harvest_interfaces/srv/detail/move_to_pose__rosidl_typesupport_fastrtps_cpp.hpp
[0.610s] -- Up-to-date symlink: /home/imml/git/research_2025/apple-harvest-refactor/install/harvest_interfaces/include/harvest_interfaces/harvest_interfaces/srv/detail/record_topics__rosidl_typesupport_fastrtps_cpp.hpp
[0.610s] -- Up-to-date symlink: /home/imml/git/research_2025/apple-harvest-refactor/install/harvest_interfaces/include/harvest_interfaces/harvest_interfaces/srv/detail/send_trajectory__rosidl_typesupport_fastrtps_cpp.hpp
[0.611s] -- Up-to-date symlink: /home/imml/git/research_2025/apple-harvest-refactor/install/harvest_interfaces/include/harvest_interfaces/harvest_interfaces/srv/detail/set_value__rosidl_typesupport_fastrtps_cpp.hpp
[0.611s] -- Up-to-date symlink: /home/imml/git/research_2025/apple-harvest-refactor/install/harvest_interfaces/include/harvest_interfaces/harvest_interfaces/srv/detail/trajectory_between_points__rosidl_typesupport_fastrtps_cpp.hpp
[0.611s] -- Up-to-date symlink: /home/imml/git/research_2025/apple-harvest-refactor/install/harvest_interfaces/include/harvest_interfaces/harvest_interfaces/srv/detail/voxel_grid__rosidl_typesupport_fastrtps_cpp.hpp
[0.611s] -- Up-to-date symlink: /home/imml/git/research_2025/apple-harvest-refactor/install/harvest_interfaces/include/harvest_interfaces/harvest_interfaces/srv/detail/voxel_mask__rosidl_typesupport_fastrtps_cpp.hpp
[0.613s] -- Up-to-date symlink: /home/imml/git/research_2025/apple-harvest-refactor/install/harvest_interfaces/include/harvest_interfaces/harvest_interfaces/action/detail/event_detection__rosidl_typesupport_introspection_cpp.hpp
[0.613s] -- Up-to-date symlink: /home/imml/git/research_2025/apple-harvest-refactor/install/harvest_interfaces/include/harvest_interfaces/harvest_interfaces/action/detail/send_trajectory__rosidl_typesupport_introspection_cpp.hpp
[0.613s] -- Up-to-date symlink: /home/imml/git/research_2025/apple-harvest-refactor/install/harvest_interfaces/include/harvest_interfaces/harvest_interfaces/srv/detail/apple_prediction__rosidl_typesupport_introspection_cpp.hpp
[0.613s] -- Up-to-date symlink: /home/imml/git/research_2025/apple-harvest-refactor/install/harvest_interfaces/include/harvest_interfaces/harvest_interfaces/srv/detail/coordinate_to_trajectory__rosidl_typesupport_introspection_cpp.hpp
[0.614s] -- Up-to-date symlink: /home/imml/git/research_2025/apple-harvest-refactor/install/harvest_interfaces/include/harvest_interfaces/harvest_interfaces/srv/detail/get_gripper_pose__rosidl_typesupport_introspection_cpp.hpp
[0.614s] -- Up-to-date symlink: /home/imml/git/research_2025/apple-harvest-refactor/install/harvest_interfaces/include/harvest_interfaces/harvest_interfaces/srv/detail/move_to_pose__rosidl_typesupport_introspection_cpp.hpp
[0.614s] -- Up-to-date symlink: /home/imml/git/research_2025/apple-harvest-refactor/install/harvest_interfaces/include/harvest_interfaces/harvest_interfaces/srv/detail/record_topics__rosidl_typesupport_introspection_cpp.hpp
[0.614s] -- Up-to-date symlink: /home/imml/git/research_2025/apple-harvest-refactor/install/harvest_interfaces/include/harvest_interfaces/harvest_interfaces/srv/detail/send_trajectory__rosidl_typesupport_introspection_cpp.hpp
[0.615s] -- Up-to-date symlink: /home/imml/git/research_2025/apple-harvest-refactor/install/harvest_interfaces/include/harvest_interfaces/harvest_interfaces/srv/detail/set_value__rosidl_typesupport_introspection_cpp.hpp
[0.615s] -- Up-to-date symlink: /home/imml/git/research_2025/apple-harvest-refactor/install/harvest_interfaces/include/harvest_interfaces/harvest_interfaces/srv/detail/trajectory_between_points__rosidl_typesupport_introspection_cpp.hpp
[0.615s] -- Up-to-date symlink: /home/imml/git/research_2025/apple-harvest-refactor/install/harvest_interfaces/include/harvest_interfaces/harvest_interfaces/srv/detail/voxel_grid__rosidl_typesupport_introspection_cpp.hpp
[0.615s] -- Up-to-date symlink: /home/imml/git/research_2025/apple-harvest-refactor/install/harvest_interfaces/include/harvest_interfaces/harvest_interfaces/srv/detail/voxel_mask__rosidl_typesupport_introspection_cpp.hpp
[0.615s] -- Up-to-date symlink: /home/imml/git/research_2025/apple-harvest-refactor/install/harvest_interfaces/share/harvest_interfaces/environment/pythonpath.sh
[0.615s] -- Up-to-date symlink: /home/imml/git/research_2025/apple-harvest-refactor/install/harvest_interfaces/share/harvest_interfaces/environment/pythonpath.dsv
[0.616s] -- Up-to-date symlink: /home/imml/git/research_2025/apple-harvest-refactor/install/harvest_interfaces/local/lib/python3.10/dist-packages/harvest_interfaces-0.0.0-py3.10.egg-info/PKG-INFO
[0.616s] -- Up-to-date symlink: /home/imml/git/research_2025/apple-harvest-refactor/install/harvest_interfaces/local/lib/python3.10/dist-packages/harvest_interfaces-0.0.0-py3.10.egg-info/SOURCES.txt
[0.616s] -- Up-to-date symlink: /home/imml/git/research_2025/apple-harvest-refactor/install/harvest_interfaces/local/lib/python3.10/dist-packages/harvest_interfaces-0.0.0-py3.10.egg-info/dependency_links.txt
[0.616s] -- Up-to-date symlink: /home/imml/git/research_2025/apple-harvest-refactor/install/harvest_interfaces/local/lib/python3.10/dist-packages/harvest_interfaces-0.0.0-py3.10.egg-info/top_level.txt
[0.620s] -- Up-to-date symlink: /home/imml/git/research_2025/apple-harvest-refactor/install/harvest_interfaces/local/lib/python3.10/dist-packages/harvest_interfaces/__init__.py
[0.620s] -- Up-to-date symlink: /home/imml/git/research_2025/apple-harvest-refactor/install/harvest_interfaces/local/lib/python3.10/dist-packages/harvest_interfaces/_harvest_interfaces_s.ep.rosidl_typesupport_c.c
[0.622s] -- Up-to-date symlink: /home/imml/git/research_2025/apple-harvest-refactor/install/harvest_interfaces/local/lib/python3.10/dist-packages/harvest_interfaces/_harvest_interfaces_s.ep.rosidl_typesupport_fastrtps_c.c
[0.622s] -- Up-to-date symlink: /home/imml/git/research_2025/apple-harvest-refactor/install/harvest_interfaces/local/lib/python3.10/dist-packages/harvest_interfaces/_harvest_interfaces_s.ep.rosidl_typesupport_introspection_c.c
[0.623s] -- Up-to-date symlink: /home/imml/git/research_2025/apple-harvest-refactor/install/harvest_interfaces/local/lib/python3.10/dist-packages/harvest_interfaces/action/__init__.py
[0.623s] -- Up-to-date symlink: /home/imml/git/research_2025/apple-harvest-refactor/install/harvest_interfaces/local/lib/python3.10/dist-packages/harvest_interfaces/action/_event_detection.py
[0.623s] -- Up-to-date symlink: /home/imml/git/research_2025/apple-harvest-refactor/install/harvest_interfaces/local/lib/python3.10/dist-packages/harvest_interfaces/action/_event_detection_s.c
[0.623s] -- Up-to-date symlink: /home/imml/git/research_2025/apple-harvest-refactor/install/harvest_interfaces/local/lib/python3.10/dist-packages/harvest_interfaces/action/_send_trajectory.py
[0.624s] -- Up-to-date symlink: /home/imml/git/research_2025/apple-harvest-refactor/install/harvest_interfaces/local/lib/python3.10/dist-packages/harvest_interfaces/action/_send_trajectory_s.c
[0.626s] -- Up-to-date symlink: /home/imml/git/research_2025/apple-harvest-refactor/install/harvest_interfaces/local/lib/python3.10/dist-packages/harvest_interfaces/harvest_interfaces_s__rosidl_typesupport_c.cpython-310-x86_64-linux-gnu.so
[0.626s] -- Up-to-date symlink: /home/imml/git/research_2025/apple-harvest-refactor/install/harvest_interfaces/local/lib/python3.10/dist-packages/harvest_interfaces/harvest_interfaces_s__rosidl_typesupport_fastrtps_c.cpython-310-x86_64-linux-gnu.so
[0.626s] -- Up-to-date symlink: /home/imml/git/research_2025/apple-harvest-refactor/install/harvest_interfaces/local/lib/python3.10/dist-packages/harvest_interfaces/harvest_interfaces_s__rosidl_typesupport_introspection_c.cpython-310-x86_64-linux-gnu.so
[0.626s] -- Up-to-date symlink: /home/imml/git/research_2025/apple-harvest-refactor/install/harvest_interfaces/local/lib/python3.10/dist-packages/harvest_interfaces/libharvest_interfaces__rosidl_generator_py.so
[0.627s] -- Up-to-date symlink: /home/imml/git/research_2025/apple-harvest-refactor/install/harvest_interfaces/local/lib/python3.10/dist-packages/harvest_interfaces/srv/__init__.py
[0.627s] -- Up-to-date symlink: /home/imml/git/research_2025/apple-harvest-refactor/install/harvest_interfaces/local/lib/python3.10/dist-packages/harvest_interfaces/srv/_apple_prediction.py
[0.627s] -- Up-to-date symlink: /home/imml/git/research_2025/apple-harvest-refactor/install/harvest_interfaces/local/lib/python3.10/dist-packages/harvest_interfaces/srv/_apple_prediction_s.c
[0.627s] -- Up-to-date symlink: /home/imml/git/research_2025/apple-harvest-refactor/install/harvest_interfaces/local/lib/python3.10/dist-packages/harvest_interfaces/srv/_coordinate_to_trajectory.py
[0.628s] -- Up-to-date symlink: /home/imml/git/research_2025/apple-harvest-refactor/install/harvest_interfaces/local/lib/python3.10/dist-packages/harvest_interfaces/srv/_coordinate_to_trajectory_s.c
[0.628s] -- Up-to-date symlink: /home/imml/git/research_2025/apple-harvest-refactor/install/harvest_interfaces/local/lib/python3.10/dist-packages/harvest_interfaces/srv/_get_gripper_pose.py
[0.628s] -- Up-to-date symlink: /home/imml/git/research_2025/apple-harvest-refactor/install/harvest_interfaces/local/lib/python3.10/dist-packages/harvest_interfaces/srv/_get_gripper_pose_s.c
[0.629s] -- Up-to-date symlink: /home/imml/git/research_2025/apple-harvest-refactor/install/harvest_interfaces/local/lib/python3.10/dist-packages/harvest_interfaces/srv/_move_to_pose.py
[0.629s] -- Up-to-date symlink: /home/imml/git/research_2025/apple-harvest-refactor/install/harvest_interfaces/local/lib/python3.10/dist-packages/harvest_interfaces/srv/_move_to_pose_s.c
[0.629s] -- Up-to-date symlink: /home/imml/git/research_2025/apple-harvest-refactor/install/harvest_interfaces/local/lib/python3.10/dist-packages/harvest_interfaces/srv/_record_topics.py
[0.630s] -- Up-to-date symlink: /home/imml/git/research_2025/apple-harvest-refactor/install/harvest_interfaces/local/lib/python3.10/dist-packages/harvest_interfaces/srv/_record_topics_s.c
[0.630s] -- Up-to-date symlink: /home/imml/git/research_2025/apple-harvest-refactor/install/harvest_interfaces/local/lib/python3.10/dist-packages/harvest_interfaces/srv/_send_trajectory.py
[0.630s] -- Up-to-date symlink: /home/imml/git/research_2025/apple-harvest-refactor/install/harvest_interfaces/local/lib/python3.10/dist-packages/harvest_interfaces/srv/_send_trajectory_s.c
[0.630s] -- Up-to-date symlink: /home/imml/git/research_2025/apple-harvest-refactor/install/harvest_interfaces/local/lib/python3.10/dist-packages/harvest_interfaces/srv/_set_value.py
[0.630s] -- Up-to-date symlink: /home/imml/git/research_2025/apple-harvest-refactor/install/harvest_interfaces/local/lib/python3.10/dist-packages/harvest_interfaces/srv/_set_value_s.c
[0.630s] -- Up-to-date symlink: /home/imml/git/research_2025/apple-harvest-refactor/install/harvest_interfaces/local/lib/python3.10/dist-packages/harvest_interfaces/srv/_trajectory_between_points.py
[0.631s] -- Up-to-date symlink: /home/imml/git/research_2025/apple-harvest-refactor/install/harvest_interfaces/local/lib/python3.10/dist-packages/harvest_interfaces/srv/_trajectory_between_points_s.c
[0.631s] -- Up-to-date symlink: /home/imml/git/research_2025/apple-harvest-refactor/install/harvest_interfaces/local/lib/python3.10/dist-packages/harvest_interfaces/srv/_voxel_grid.py
[0.631s] -- Up-to-date symlink: /home/imml/git/research_2025/apple-harvest-refactor/install/harvest_interfaces/local/lib/python3.10/dist-packages/harvest_interfaces/srv/_voxel_grid_s.c
[0.631s] -- Up-to-date symlink: /home/imml/git/research_2025/apple-harvest-refactor/install/harvest_interfaces/local/lib/python3.10/dist-packages/harvest_interfaces/srv/_voxel_mask.py
[0.632s] -- Up-to-date symlink: /home/imml/git/research_2025/apple-harvest-refactor/install/harvest_interfaces/local/lib/python3.10/dist-packages/harvest_interfaces/srv/_voxel_mask_s.c
[0.632s] -- Up-to-date symlink: /home/imml/git/research_2025/apple-harvest-refactor/install/harvest_interfaces/local/lib/python3.10/dist-packages/harvest_interfaces/harvest_interfaces_s__rosidl_typesupport_fastrtps_c.cpython-310-x86_64-linux-gnu.so
[0.632s] -- Up-to-date symlink: /home/imml/git/research_2025/apple-harvest-refactor/install/harvest_interfaces/local/lib/python3.10/dist-packages/harvest_interfaces/harvest_interfaces_s__rosidl_typesupport_introspection_c.cpython-310-x86_64-linux-gnu.so
[0.633s] -- Up-to-date symlink: /home/imml/git/research_2025/apple-harvest-refactor/install/harvest_interfaces/local/lib/python3.10/dist-packages/harvest_interfaces/harvest_interfaces_s__rosidl_typesupport_c.cpython-310-x86_64-linux-gnu.so
[0.633s] -- Up-to-date symlink: /home/imml/git/research_2025/apple-harvest-refactor/install/harvest_interfaces/share/harvest_interfaces/action/EventDetection.idl
[0.634s] -- Up-to-date symlink: /home/imml/git/research_2025/apple-harvest-refactor/install/harvest_interfaces/share/harvest_interfaces/action/SendTrajectory.idl
[0.634s] -- Up-to-date symlink: /home/imml/git/research_2025/apple-harvest-refactor/install/harvest_interfaces/share/harvest_interfaces/srv/ApplePrediction.idl
[0.634s] -- Up-to-date symlink: /home/imml/git/research_2025/apple-harvest-refactor/install/harvest_interfaces/share/harvest_interfaces/srv/SendTrajectory.idl
[0.634s] -- Up-to-date symlink: /home/imml/git/research_2025/apple-harvest-refactor/install/harvest_interfaces/share/harvest_interfaces/srv/CoordinateToTrajectory.idl
[0.634s] -- Up-to-date symlink: /home/imml/git/research_2025/apple-harvest-refactor/install/harvest_interfaces/share/harvest_interfaces/srv/VoxelMask.idl
[0.635s] -- Up-to-date symlink: /home/imml/git/research_2025/apple-harvest-refactor/install/harvest_interfaces/share/harvest_interfaces/srv/MoveToPose.idl
[0.635s] -- Up-to-date symlink: /home/imml/git/research_2025/apple-harvest-refactor/install/harvest_interfaces/share/harvest_interfaces/srv/TrajectoryBetweenPoints.idl
[0.635s] -- Up-to-date symlink: /home/imml/git/research_2025/apple-harvest-refactor/install/harvest_interfaces/share/harvest_interfaces/srv/SetValue.idl
[0.635s] -- Up-to-date symlink: /home/imml/git/research_2025/apple-harvest-refactor/install/harvest_interfaces/share/harvest_interfaces/srv/RecordTopics.idl
[0.635s] -- Up-to-date symlink: /home/imml/git/research_2025/apple-harvest-refactor/install/harvest_interfaces/share/harvest_interfaces/srv/GetGripperPose.idl
[0.635s] -- Up-to-date symlink: /home/imml/git/research_2025/apple-harvest-refactor/install/harvest_interfaces/share/harvest_interfaces/srv/VoxelGrid.idl
[0.636s] -- Up-to-date symlink: /home/imml/git/research_2025/apple-harvest-refactor/install/harvest_interfaces/share/harvest_interfaces/action/EventDetection.action
[0.636s] -- Up-to-date symlink: /home/imml/git/research_2025/apple-harvest-refactor/install/harvest_interfaces/share/harvest_interfaces/action/SendTrajectory.action
[0.636s] -- Up-to-date symlink: /home/imml/git/research_2025/apple-harvest-refactor/install/harvest_interfaces/share/harvest_interfaces/srv/ApplePrediction.srv
[0.637s] -- Up-to-date symlink: /home/imml/git/research_2025/apple-harvest-refactor/install/harvest_interfaces/share/harvest_interfaces/srv/ApplePrediction_Request.msg
[0.637s] -- Up-to-date symlink: /home/imml/git/research_2025/apple-harvest-refactor/install/harvest_interfaces/share/harvest_interfaces/srv/ApplePrediction_Response.msg
[0.637s] -- Up-to-date symlink: /home/imml/git/research_2025/apple-harvest-refactor/install/harvest_interfaces/share/harvest_interfaces/srv/SendTrajectory.srv
[0.637s] -- Up-to-date symlink: /home/imml/git/research_2025/apple-harvest-refactor/install/harvest_interfaces/share/harvest_interfaces/srv/SendTrajectory_Request.msg
[0.638s] -- Up-to-date symlink: /home/imml/git/research_2025/apple-harvest-refactor/install/harvest_interfaces/share/harvest_interfaces/srv/SendTrajectory_Response.msg
[0.638s] -- Up-to-date symlink: /home/imml/git/research_2025/apple-harvest-refactor/install/harvest_interfaces/share/harvest_interfaces/srv/CoordinateToTrajectory.srv
[0.638s] -- Up-to-date symlink: /home/imml/git/research_2025/apple-harvest-refactor/install/harvest_interfaces/share/harvest_interfaces/srv/CoordinateToTrajectory_Request.msg
[0.638s] -- Up-to-date symlink: /home/imml/git/research_2025/apple-harvest-refactor/install/harvest_interfaces/share/harvest_interfaces/srv/CoordinateToTrajectory_Response.msg
[0.639s] -- Up-to-date symlink: /home/imml/git/research_2025/apple-harvest-refactor/install/harvest_interfaces/share/harvest_interfaces/srv/VoxelMask.srv
[0.639s] -- Up-to-date symlink: /home/imml/git/research_2025/apple-harvest-refactor/install/harvest_interfaces/share/harvest_interfaces/srv/VoxelMask_Request.msg
[0.639s] -- Up-to-date symlink: /home/imml/git/research_2025/apple-harvest-refactor/install/harvest_interfaces/share/harvest_interfaces/srv/VoxelMask_Response.msg
[0.639s] -- Up-to-date symlink: /home/imml/git/research_2025/apple-harvest-refactor/install/harvest_interfaces/share/harvest_interfaces/srv/MoveToPose.srv
[0.640s] -- Up-to-date symlink: /home/imml/git/research_2025/apple-harvest-refactor/install/harvest_interfaces/share/harvest_interfaces/srv/MoveToPose_Request.msg
[0.640s] -- Up-to-date symlink: /home/imml/git/research_2025/apple-harvest-refactor/install/harvest_interfaces/share/harvest_interfaces/srv/MoveToPose_Response.msg
[0.640s] -- Up-to-date symlink: /home/imml/git/research_2025/apple-harvest-refactor/install/harvest_interfaces/share/harvest_interfaces/srv/TrajectoryBetweenPoints.srv
[0.640s] -- Up-to-date symlink: /home/imml/git/research_2025/apple-harvest-refactor/install/harvest_interfaces/share/harvest_interfaces/srv/TrajectoryBetweenPoints_Request.msg
[0.640s] -- Up-to-date symlink: /home/imml/git/research_2025/apple-harvest-refactor/install/harvest_interfaces/share/harvest_interfaces/srv/TrajectoryBetweenPoints_Response.msg
[0.641s] -- Up-to-date symlink: /home/imml/git/research_2025/apple-harvest-refactor/install/harvest_interfaces/share/harvest_interfaces/srv/SetValue.srv
[0.642s] -- Up-to-date symlink: /home/imml/git/research_2025/apple-harvest-refactor/install/harvest_interfaces/share/harvest_interfaces/srv/SetValue_Request.msg
[0.642s] -- Up-to-date symlink: /home/imml/git/research_2025/apple-harvest-refactor/install/harvest_interfaces/share/harvest_interfaces/srv/SetValue_Response.msg
[0.642s] -- Up-to-date symlink: /home/imml/git/research_2025/apple-harvest-refactor/install/harvest_interfaces/share/harvest_interfaces/srv/RecordTopics.srv
[0.642s] -- Up-to-date symlink: /home/imml/git/research_2025/apple-harvest-refactor/install/harvest_interfaces/share/harvest_interfaces/srv/RecordTopics_Request.msg
[0.642s] -- Up-to-date symlink: /home/imml/git/research_2025/apple-harvest-refactor/install/harvest_interfaces/share/harvest_interfaces/srv/RecordTopics_Response.msg
[0.642s] -- Up-to-date symlink: /home/imml/git/research_2025/apple-harvest-refactor/install/harvest_interfaces/share/harvest_interfaces/srv/GetGripperPose.srv
[0.642s] -- Up-to-date symlink: /home/imml/git/research_2025/apple-harvest-refactor/install/harvest_interfaces/share/harvest_interfaces/srv/GetGripperPose_Request.msg
[0.645s] -- Up-to-date symlink: /home/imml/git/research_2025/apple-harvest-refactor/install/harvest_interfaces/share/harvest_interfaces/srv/GetGripperPose_Response.msg
[0.645s] -- Up-to-date symlink: /home/imml/git/research_2025/apple-harvest-refactor/install/harvest_interfaces/share/harvest_interfaces/srv/VoxelGrid.srv
[0.645s] -- Up-to-date symlink: /home/imml/git/research_2025/apple-harvest-refactor/install/harvest_interfaces/share/harvest_interfaces/srv/VoxelGrid_Request.msg
[0.646s] -- Up-to-date symlink: /home/imml/git/research_2025/apple-harvest-refactor/install/harvest_interfaces/share/harvest_interfaces/srv/VoxelGrid_Response.msg
[0.646s] -- Up-to-date symlink: /home/imml/git/research_2025/apple-harvest-refactor/install/harvest_interfaces/share/ament_index/resource_index/package_run_dependencies/harvest_interfaces
[0.646s] -- Up-to-date symlink: /home/imml/git/research_2025/apple-harvest-refactor/install/harvest_interfaces/share/ament_index/resource_index/parent_prefix_path/harvest_interfaces
[0.646s] -- Up-to-date symlink: /home/imml/git/research_2025/apple-harvest-refactor/install/harvest_interfaces/share/harvest_interfaces/environment/ament_prefix_path.sh
[0.646s] -- Up-to-date symlink: /home/imml/git/research_2025/apple-harvest-refactor/install/harvest_interfaces/share/harvest_interfaces/environment/ament_prefix_path.dsv
[0.646s] -- Up-to-date symlink: /home/imml/git/research_2025/apple-harvest-refactor/install/harvest_interfaces/share/harvest_interfaces/environment/path.sh
[0.647s] -- Up-to-date symlink: /home/imml/git/research_2025/apple-harvest-refactor/install/harvest_interfaces/share/harvest_interfaces/environment/path.dsv
[0.647s] -- Up-to-date symlink: /home/imml/git/research_2025/apple-harvest-refactor/install/harvest_interfaces/share/harvest_interfaces/local_setup.bash
[0.648s] -- Up-to-date symlink: /home/imml/git/research_2025/apple-harvest-refactor/install/harvest_interfaces/share/harvest_interfaces/local_setup.sh
[0.648s] -- Up-to-date symlink: /home/imml/git/research_2025/apple-harvest-refactor/install/harvest_interfaces/share/harvest_interfaces/local_setup.zsh
[0.649s] -- Up-to-date symlink: /home/imml/git/research_2025/apple-harvest-refactor/install/harvest_interfaces/share/harvest_interfaces/local_setup.dsv
[0.649s] -- Symlinking: /home/imml/git/research_2025/apple-harvest-refactor/install/harvest_interfaces/share/harvest_interfaces/package.dsv
[0.658s] -- Up-to-date symlink: /home/imml/git/research_2025/apple-harvest-refactor/install/harvest_interfaces/share/ament_index/resource_index/packages/harvest_interfaces
[0.658s] -- Up-to-date symlink: /home/imml/git/research_2025/apple-harvest-refactor/install/harvest_interfaces/share/harvest_interfaces/cmake/rosidl_cmake-extras.cmake
[0.658s] -- Up-to-date symlink: /home/imml/git/research_2025/apple-harvest-refactor/install/harvest_interfaces/share/harvest_interfaces/cmake/ament_cmake_export_dependencies-extras.cmake
[0.659s] -- Up-to-date symlink: /home/imml/git/research_2025/apple-harvest-refactor/install/harvest_interfaces/share/harvest_interfaces/cmake/ament_cmake_export_include_directories-extras.cmake
[0.660s] -- Up-to-date symlink: /home/imml/git/research_2025/apple-harvest-refactor/install/harvest_interfaces/share/harvest_interfaces/cmake/ament_cmake_export_libraries-extras.cmake
[0.660s] -- Up-to-date symlink: /home/imml/git/research_2025/apple-harvest-refactor/install/harvest_interfaces/share/harvest_interfaces/cmake/ament_cmake_export_targets-extras.cmake
[0.660s] -- Up-to-date symlink: /home/imml/git/research_2025/apple-harvest-refactor/install/harvest_interfaces/share/harvest_interfaces/cmake/rosidl_cmake_export_typesupport_targets-extras.cmake
[0.660s] -- Up-to-date symlink: /home/imml/git/research_2025/apple-harvest-refactor/install/harvest_interfaces/share/harvest_interfaces/cmake/rosidl_cmake_export_typesupport_libraries-extras.cmake
[0.660s] -- Up-to-date symlink: /home/imml/git/research_2025/apple-harvest-refactor/install/harvest_interfaces/share/harvest_interfaces/cmake/harvest_interfacesConfig.cmake
[0.660s] -- Up-to-date symlink: /home/imml/git/research_2025/apple-harvest-refactor/install/harvest_interfaces/share/harvest_interfaces/cmake/harvest_interfacesConfig-version.cmake
[0.661s] -- Up-to-date symlink: /home/imml/git/research_2025/apple-harvest-refactor/install/harvest_interfaces/share/harvest_interfaces/package.xml
[0.661s] -- Up-to-date: /home/imml/git/research_2025/apple-harvest-refactor/install/harvest_interfaces/lib/libharvest_interfaces__rosidl_generator_c.so
[0.662s] -- Up-to-date: /home/imml/git/research_2025/apple-harvest-refactor/install/harvest_interfaces/lib/libharvest_interfaces__rosidl_typesupport_fastrtps_c.so
[0.662s] -- Up-to-date: /home/imml/git/research_2025/apple-harvest-refactor/install/harvest_interfaces/lib/libharvest_interfaces__rosidl_typesupport_introspection_c.so
[0.663s] -- Up-to-date: /home/imml/git/research_2025/apple-harvest-refactor/install/harvest_interfaces/lib/libharvest_interfaces__rosidl_typesupport_c.so
[0.663s] -- Up-to-date: /home/imml/git/research_2025/apple-harvest-refactor/install/harvest_interfaces/lib/libharvest_interfaces__rosidl_typesupport_fastrtps_cpp.so
[0.664s] -- Up-to-date: /home/imml/git/research_2025/apple-harvest-refactor/install/harvest_interfaces/lib/libharvest_interfaces__rosidl_typesupport_introspection_cpp.so
[0.664s] -- Up-to-date: /home/imml/git/research_2025/apple-harvest-refactor/install/harvest_interfaces/lib/libharvest_interfaces__rosidl_typesupport_cpp.so
[0.690s] Listing '/home/imml/git/research_2025/apple-harvest-refactor/install/harvest_interfaces/local/lib/python3.10/dist-packages/harvest_interfaces'...
[0.690s] Listing '/home/imml/git/research_2025/apple-harvest-refactor/install/harvest_interfaces/local/lib/python3.10/dist-packages/harvest_interfaces/action'...
[0.690s] Listing '/home/imml/git/research_2025/apple-harvest-refactor/install/harvest_interfaces/local/lib/python3.10/dist-packages/harvest_interfaces/srv'...
[0.696s] -- Up-to-date: /home/imml/git/research_2025/apple-harvest-refactor/install/harvest_interfaces/lib/libharvest_interfaces__rosidl_generator_py.so
[0.696s] -- Up-to-date: /home/imml/git/research_2025/apple-harvest-refactor/install/harvest_interfaces/share/harvest_interfaces/cmake/export_harvest_interfaces__rosidl_generator_cExport.cmake
[0.696s] -- Up-to-date: /home/imml/git/research_2025/apple-harvest-refactor/install/harvest_interfaces/share/harvest_interfaces/cmake/export_harvest_interfaces__rosidl_generator_cExport-noconfig.cmake
[0.697s] -- Up-to-date: /home/imml/git/research_2025/apple-harvest-refactor/install/harvest_interfaces/share/harvest_interfaces/cmake/export_harvest_interfaces__rosidl_typesupport_fastrtps_cExport.cmake
[0.697s] -- Up-to-date: /home/imml/git/research_2025/apple-harvest-refactor/install/harvest_interfaces/share/harvest_interfaces/cmake/export_harvest_interfaces__rosidl_typesupport_fastrtps_cExport-noconfig.cmake
[0.697s] -- Up-to-date: /home/imml/git/research_2025/apple-harvest-refactor/install/harvest_interfaces/share/harvest_interfaces/cmake/harvest_interfaces__rosidl_typesupport_introspection_cExport.cmake
[0.697s] -- Up-to-date: /home/imml/git/research_2025/apple-harvest-refactor/install/harvest_interfaces/share/harvest_interfaces/cmake/harvest_interfaces__rosidl_typesupport_introspection_cExport-noconfig.cmake
[0.697s] -- Up-to-date: /home/imml/git/research_2025/apple-harvest-refactor/install/harvest_interfaces/share/harvest_interfaces/cmake/harvest_interfaces__rosidl_typesupport_cExport.cmake
[0.697s] -- Up-to-date: /home/imml/git/research_2025/apple-harvest-refactor/install/harvest_interfaces/share/harvest_interfaces/cmake/harvest_interfaces__rosidl_typesupport_cExport-noconfig.cmake
[0.698s] -- Up-to-date: /home/imml/git/research_2025/apple-harvest-refactor/install/harvest_interfaces/share/harvest_interfaces/cmake/export_harvest_interfaces__rosidl_generator_cppExport.cmake
[0.698s] -- Up-to-date: /home/imml/git/research_2025/apple-harvest-refactor/install/harvest_interfaces/share/harvest_interfaces/cmake/export_harvest_interfaces__rosidl_typesupport_fastrtps_cppExport.cmake
[0.698s] -- Up-to-date: /home/imml/git/research_2025/apple-harvest-refactor/install/harvest_interfaces/share/harvest_interfaces/cmake/export_harvest_interfaces__rosidl_typesupport_fastrtps_cppExport-noconfig.cmake
[0.698s] -- Up-to-date: /home/imml/git/research_2025/apple-harvest-refactor/install/harvest_interfaces/share/harvest_interfaces/cmake/harvest_interfaces__rosidl_typesupport_introspection_cppExport.cmake
[0.698s] -- Up-to-date: /home/imml/git/research_2025/apple-harvest-refactor/install/harvest_interfaces/share/harvest_interfaces/cmake/harvest_interfaces__rosidl_typesupport_introspection_cppExport-noconfig.cmake
[0.698s] -- Up-to-date: /home/imml/git/research_2025/apple-harvest-refactor/install/harvest_interfaces/share/harvest_interfaces/cmake/harvest_interfaces__rosidl_typesupport_cppExport.cmake
[0.699s] -- Up-to-date: /home/imml/git/research_2025/apple-harvest-refactor/install/harvest_interfaces/share/harvest_interfaces/cmake/harvest_interfaces__rosidl_typesupport_cppExport-noconfig.cmake
[0.699s] -- Up-to-date: /home/imml/git/research_2025/apple-harvest-refactor/install/harvest_interfaces/share/harvest_interfaces/cmake/export_harvest_interfaces__rosidl_generator_pyExport.cmake
[0.699s] -- Up-to-date: /home/imml/git/research_2025/apple-harvest-refactor/install/harvest_interfaces/share/harvest_interfaces/cmake/export_harvest_interfaces__rosidl_generator_pyExport-noconfig.cmake
[0.703s] Invoked command in '/home/imml/git/research_2025/apple-harvest-refactor/build/harvest_interfaces' returned '0': CMAKE_PREFIX_PATH=${CMAKE_PREFIX_PATH}:/home/imml/git/research_2025/apple-harvest-refactor/install/ur5e_custom_hardware:/home/imml/git/research_2025/apple-harvest-refactor/install/harvest_vision:/opt/ros/humble /usr/bin/cmake --install /home/imml/git/research_2025/apple-harvest-refactor/build/harvest_interfaces
