[0.029s] Invoking command in '/home/imml/git/research_2025/apple-harvest-refactor/build/harvest': CMAKE_PREFIX_PATH=/home/imml/git/research_2025/apple-harvest-refactor/install/harvest_interfaces:/home/imml/git/research_2025/apple-harvest-refactor/install/ur:/home/imml/git/research_2025/apple-harvest-refactor/install/ur_calibration:/home/imml/git/research_2025/apple-harvest-refactor/install/ur_robot_driver:/home/imml/git/research_2025/apple-harvest-refactor/install/ur_moveit_config:/home/imml/git/research_2025/apple-harvest-refactor/install/ur_bringup:/home/imml/git/research_2025/apple-harvest-refactor/install/ur_description:/home/imml/git/research_2025/apple-harvest-refactor/install/ur_controllers:/home/imml/git/research_2025/apple-harvest-refactor/install/ur_dashboard_msgs:/home/imml/git/research_2025/apple-harvest-refactor/install/realsense2_description:/home/imml/git/research_2025/apple-harvest-refactor/install/realsense2_camera:/home/imml/git/research_2025/apple-harvest-refactor/install/realsense2_camera_msgs:/home/imml/git/research_2025/apple-harvest-refactor/install/harvest_control:/home/imml/git/research_2025/apple-harvest-refactor/install/harvest:/home/imml/git/research_2025/apple-harvest-refactor/install/ur5e_custom_hardware:/home/imml/git/research_2025/apple-harvest-refactor/install/harvest_vision:/opt/ros/humble LD_LIBRARY_PATH=/home/imml/git/research_2025/apple-harvest-refactor/install/harvest_interfaces/lib:/home/imml/git/research_2025/apple-harvest-refactor/install/ur_robot_driver/lib:/home/imml/git/research_2025/apple-harvest-refactor/install/ur_controllers/lib:/home/imml/git/research_2025/apple-harvest-refactor/install/ur_dashboard_msgs/lib:/home/imml/git/research_2025/apple-harvest-refactor/install/realsense2_camera/lib:/home/imml/git/research_2025/apple-harvest-refactor/install/realsense2_camera_msgs/lib:/opt/ros/humble/opt/rviz_ogre_vendor/lib:/opt/ros/humble/lib/x86_64-linux-gnu:/opt/ros/humble/lib /usr/bin/cmake --build /home/imml/git/research_2025/apple-harvest-refactor/build/harvest -- -j16 -l16
[0.105s] Built target ament_cmake_python_symlink_harvest
[0.355s] running egg_info
[0.356s] writing harvest.egg-info/PKG-INFO
[0.356s] writing dependency_links to harvest.egg-info/dependency_links.txt
[0.356s] writing top-level names to harvest.egg-info/top_level.txt
[0.361s] reading manifest file 'harvest.egg-info/SOURCES.txt'
[0.362s] writing manifest file 'harvest.egg-info/SOURCES.txt'
[0.414s] Built target ament_cmake_python_build_harvest_egg
[0.445s] Invoked command in '/home/imml/git/research_2025/apple-harvest-refactor/build/harvest' returned '0': CMAKE_PREFIX_PATH=/home/imml/git/research_2025/apple-harvest-refactor/install/harvest_interfaces:/home/imml/git/research_2025/apple-harvest-refactor/install/ur:/home/imml/git/research_2025/apple-harvest-refactor/install/ur_calibration:/home/imml/git/research_2025/apple-harvest-refactor/install/ur_robot_driver:/home/imml/git/research_2025/apple-harvest-refactor/install/ur_moveit_config:/home/imml/git/research_2025/apple-harvest-refactor/install/ur_bringup:/home/imml/git/research_2025/apple-harvest-refactor/install/ur_description:/home/imml/git/research_2025/apple-harvest-refactor/install/ur_controllers:/home/imml/git/research_2025/apple-harvest-refactor/install/ur_dashboard_msgs:/home/imml/git/research_2025/apple-harvest-refactor/install/realsense2_description:/home/imml/git/research_2025/apple-harvest-refactor/install/realsense2_camera:/home/imml/git/research_2025/apple-harvest-refactor/install/realsense2_camera_msgs:/home/imml/git/research_2025/apple-harvest-refactor/install/harvest_control:/home/imml/git/research_2025/apple-harvest-refactor/install/harvest:/home/imml/git/research_2025/apple-harvest-refactor/install/ur5e_custom_hardware:/home/imml/git/research_2025/apple-harvest-refactor/install/harvest_vision:/opt/ros/humble LD_LIBRARY_PATH=/home/imml/git/research_2025/apple-harvest-refactor/install/harvest_interfaces/lib:/home/imml/git/research_2025/apple-harvest-refactor/install/ur_robot_driver/lib:/home/imml/git/research_2025/apple-harvest-refactor/install/ur_controllers/lib:/home/imml/git/research_2025/apple-harvest-refactor/install/ur_dashboard_msgs/lib:/home/imml/git/research_2025/apple-harvest-refactor/install/realsense2_camera/lib:/home/imml/git/research_2025/apple-harvest-refactor/install/realsense2_camera_msgs/lib:/opt/ros/humble/opt/rviz_ogre_vendor/lib:/opt/ros/humble/lib/x86_64-linux-gnu:/opt/ros/humble/lib /usr/bin/cmake --build /home/imml/git/research_2025/apple-harvest-refactor/build/harvest -- -j16 -l16
[0.447s] Invoking command in '/home/imml/git/research_2025/apple-harvest-refactor/build/harvest': CMAKE_PREFIX_PATH=/home/imml/git/research_2025/apple-harvest-refactor/install/harvest_interfaces:/home/imml/git/research_2025/apple-harvest-refactor/install/ur:/home/imml/git/research_2025/apple-harvest-refactor/install/ur_calibration:/home/imml/git/research_2025/apple-harvest-refactor/install/ur_robot_driver:/home/imml/git/research_2025/apple-harvest-refactor/install/ur_moveit_config:/home/imml/git/research_2025/apple-harvest-refactor/install/ur_bringup:/home/imml/git/research_2025/apple-harvest-refactor/install/ur_description:/home/imml/git/research_2025/apple-harvest-refactor/install/ur_controllers:/home/imml/git/research_2025/apple-harvest-refactor/install/ur_dashboard_msgs:/home/imml/git/research_2025/apple-harvest-refactor/install/realsense2_description:/home/imml/git/research_2025/apple-harvest-refactor/install/realsense2_camera:/home/imml/git/research_2025/apple-harvest-refactor/install/realsense2_camera_msgs:/home/imml/git/research_2025/apple-harvest-refactor/install/harvest_control:/home/imml/git/research_2025/apple-harvest-refactor/install/harvest:/home/imml/git/research_2025/apple-harvest-refactor/install/ur5e_custom_hardware:/home/imml/git/research_2025/apple-harvest-refactor/install/harvest_vision:/opt/ros/humble LD_LIBRARY_PATH=/home/imml/git/research_2025/apple-harvest-refactor/install/harvest_interfaces/lib:/home/imml/git/research_2025/apple-harvest-refactor/install/ur_robot_driver/lib:/home/imml/git/research_2025/apple-harvest-refactor/install/ur_controllers/lib:/home/imml/git/research_2025/apple-harvest-refactor/install/ur_dashboard_msgs/lib:/home/imml/git/research_2025/apple-harvest-refactor/install/realsense2_camera/lib:/home/imml/git/research_2025/apple-harvest-refactor/install/realsense2_camera_msgs/lib:/opt/ros/humble/opt/rviz_ogre_vendor/lib:/opt/ros/humble/lib/x86_64-linux-gnu:/opt/ros/humble/lib /usr/bin/cmake --install /home/imml/git/research_2025/apple-harvest-refactor/build/harvest
[0.455s] -- Install configuration: ""
[0.457s] -- Execute custom install script
[0.458s] -- Up-to-date symlink: /home/imml/git/research_2025/apple-harvest-refactor/install/harvest/share/harvest/environment/pythonpath.sh
[0.458s] -- Up-to-date symlink: /home/imml/git/research_2025/apple-harvest-refactor/install/harvest/share/harvest/environment/pythonpath.dsv
[0.458s] -- Up-to-date symlink: /home/imml/git/research_2025/apple-harvest-refactor/install/harvest/local/lib/python3.10/dist-packages/harvest-0.0.0-py3.10.egg-info/PKG-INFO
[0.458s] -- Up-to-date symlink: /home/imml/git/research_2025/apple-harvest-refactor/install/harvest/local/lib/python3.10/dist-packages/harvest-0.0.0-py3.10.egg-info/SOURCES.txt
[0.458s] -- Up-to-date symlink: /home/imml/git/research_2025/apple-harvest-refactor/install/harvest/local/lib/python3.10/dist-packages/harvest-0.0.0-py3.10.egg-info/dependency_links.txt
[0.458s] -- Up-to-date symlink: /home/imml/git/research_2025/apple-harvest-refactor/install/harvest/local/lib/python3.10/dist-packages/harvest-0.0.0-py3.10.egg-info/top_level.txt
[0.459s] -- Up-to-date symlink: /home/imml/git/research_2025/apple-harvest-refactor/install/harvest/local/lib/python3.10/dist-packages/harvest/__init__.py
[0.459s] -- Up-to-date symlink: /home/imml/git/research_2025/apple-harvest-refactor/install/harvest/lib/harvest/start_harvest.py
[0.459s] -- Up-to-date symlink: /home/imml/git/research_2025/apple-harvest-refactor/install/harvest/lib/harvest/start_harvest_demo.py
[0.459s] -- Up-to-date symlink: /home/imml/git/research_2025/apple-harvest-refactor/install/harvest/lib/harvest/record.py
[0.460s] -- Up-to-date symlink: /home/imml/git/research_2025/apple-harvest-refactor/install/harvest/lib/harvest/orchard_templating.py
[0.460s] -- Up-to-date symlink: /home/imml/git/research_2025/apple-harvest-refactor/install/harvest/lib/harvest/apple_prediction_test.py
[0.460s] -- Up-to-date symlink: /home/imml/git/research_2025/apple-harvest-refactor/install/harvest/lib/harvest/visual_servo_test.py
[0.461s] -- Up-to-date symlink: /home/imml/git/research_2025/apple-harvest-refactor/install/harvest/share/harvest//launch/launch_gripper.launch.py
[0.461s] -- Up-to-date symlink: /home/imml/git/research_2025/apple-harvest-refactor/install/harvest/share/harvest//launch/launch_lab_demo.py
[0.461s] -- Up-to-date symlink: /home/imml/git/research_2025/apple-harvest-refactor/install/harvest/share/harvest//launch/launch_vision.launch.py
[0.461s] -- Up-to-date symlink: /home/imml/git/research_2025/apple-harvest-refactor/install/harvest/share/harvest//launch/launch_vision_templating.launch.py
[0.461s] -- Up-to-date symlink: /home/imml/git/research_2025/apple-harvest-refactor/install/harvest/share/ament_index/resource_index/package_run_dependencies/harvest
[0.461s] -- Up-to-date symlink: /home/imml/git/research_2025/apple-harvest-refactor/install/harvest/share/ament_index/resource_index/parent_prefix_path/harvest
[0.461s] -- Up-to-date symlink: /home/imml/git/research_2025/apple-harvest-refactor/install/harvest/share/harvest/environment/ament_prefix_path.sh
[0.461s] -- Up-to-date symlink: /home/imml/git/research_2025/apple-harvest-refactor/install/harvest/share/harvest/environment/ament_prefix_path.dsv
[0.462s] -- Up-to-date symlink: /home/imml/git/research_2025/apple-harvest-refactor/install/harvest/share/harvest/environment/path.sh
[0.462s] -- Up-to-date symlink: /home/imml/git/research_2025/apple-harvest-refactor/install/harvest/share/harvest/environment/path.dsv
[0.462s] -- Up-to-date symlink: /home/imml/git/research_2025/apple-harvest-refactor/install/harvest/share/harvest/local_setup.bash
[0.462s] -- Up-to-date symlink: /home/imml/git/research_2025/apple-harvest-refactor/install/harvest/share/harvest/local_setup.sh
[0.462s] -- Up-to-date symlink: /home/imml/git/research_2025/apple-harvest-refactor/install/harvest/share/harvest/local_setup.zsh
[0.462s] -- Up-to-date symlink: /home/imml/git/research_2025/apple-harvest-refactor/install/harvest/share/harvest/local_setup.dsv
[0.462s] -- Symlinking: /home/imml/git/research_2025/apple-harvest-refactor/install/harvest/share/harvest/package.dsv
[0.469s] -- Up-to-date symlink: /home/imml/git/research_2025/apple-harvest-refactor/install/harvest/share/ament_index/resource_index/packages/harvest
[0.469s] -- Up-to-date symlink: /home/imml/git/research_2025/apple-harvest-refactor/install/harvest/share/harvest/cmake/harvestConfig.cmake
[0.469s] -- Up-to-date symlink: /home/imml/git/research_2025/apple-harvest-refactor/install/harvest/share/harvest/cmake/harvestConfig-version.cmake
[0.470s] -- Up-to-date symlink: /home/imml/git/research_2025/apple-harvest-refactor/install/harvest/share/harvest/package.xml
[0.516s] Listing '/home/imml/git/research_2025/apple-harvest-refactor/install/harvest/local/lib/python3.10/dist-packages/harvest'...
[0.551s] Invoked command in '/home/imml/git/research_2025/apple-harvest-refactor/build/harvest' returned '0': CMAKE_PREFIX_PATH=/home/imml/git/research_2025/apple-harvest-refactor/install/harvest_interfaces:/home/imml/git/research_2025/apple-harvest-refactor/install/ur:/home/imml/git/research_2025/apple-harvest-refactor/install/ur_calibration:/home/imml/git/research_2025/apple-harvest-refactor/install/ur_robot_driver:/home/imml/git/research_2025/apple-harvest-refactor/install/ur_moveit_config:/home/imml/git/research_2025/apple-harvest-refactor/install/ur_bringup:/home/imml/git/research_2025/apple-harvest-refactor/install/ur_description:/home/imml/git/research_2025/apple-harvest-refactor/install/ur_controllers:/home/imml/git/research_2025/apple-harvest-refactor/install/ur_dashboard_msgs:/home/imml/git/research_2025/apple-harvest-refactor/install/realsense2_description:/home/imml/git/research_2025/apple-harvest-refactor/install/realsense2_camera:/home/imml/git/research_2025/apple-harvest-refactor/install/realsense2_camera_msgs:/home/imml/git/research_2025/apple-harvest-refactor/install/harvest_control:/home/imml/git/research_2025/apple-harvest-refactor/install/harvest:/home/imml/git/research_2025/apple-harvest-refactor/install/ur5e_custom_hardware:/home/imml/git/research_2025/apple-harvest-refactor/install/harvest_vision:/opt/ros/humble LD_LIBRARY_PATH=/home/imml/git/research_2025/apple-harvest-refactor/install/harvest_interfaces/lib:/home/imml/git/research_2025/apple-harvest-refactor/install/ur_robot_driver/lib:/home/imml/git/research_2025/apple-harvest-refactor/install/ur_controllers/lib:/home/imml/git/research_2025/apple-harvest-refactor/install/ur_dashboard_msgs/lib:/home/imml/git/research_2025/apple-harvest-refactor/install/realsense2_camera/lib:/home/imml/git/research_2025/apple-harvest-refactor/install/realsense2_camera_msgs/lib:/opt/ros/humble/opt/rviz_ogre_vendor/lib:/opt/ros/humble/lib/x86_64-linux-gnu:/opt/ros/humble/lib /usr/bin/cmake --install /home/imml/git/research_2025/apple-harvest-refactor/build/harvest
