[0.026s] Invoking command in '/home/imml/git/research_2025/apple-harvest-refactor/build/realsense2_camera_msgs': CMAKE_PREFIX_PATH=${CMAKE_PREFIX_PATH}:/home/imml/git/research_2025/apple-harvest-refactor/install/ur5e_custom_hardware:/home/imml/git/research_2025/apple-harvest-refactor/install/harvest_vision:/opt/ros/humble /usr/bin/cmake --build /home/imml/git/research_2025/apple-harvest-refactor/build/realsense2_camera_msgs -- -j16 -l16
[0.088s] [ 12%] Built target realsense2_camera_msgs__rosidl_generator_c
[0.088s] [ 12%] Built target realsense2_camera_msgs__cpp
[0.110s] [ 12%] Built target ament_cmake_python_symlink_realsense2_camera_msgs
[0.141s] [ 30%] Built target realsense2_camera_msgs__rosidl_typesupport_introspection_c
[0.143s] [ 41%] Built target realsense2_camera_msgs__rosidl_typesupport_c
[0.147s] [ 46%] Built target realsense2_camera_msgs__rosidl_typesupport_fastrtps_cpp
[0.160s] [ 57%] Built target realsense2_camera_msgs__rosidl_typesupport_fastrtps_c
[0.161s] [ 68%] Built target realsense2_camera_msgs__rosidl_typesupport_introspection_cpp
[0.171s] [ 79%] Built target realsense2_camera_msgs__rosidl_typesupport_cpp
[0.207s] [ 79%] Built target realsense2_camera_msgs
[0.238s] [ 80%] Built target realsense2_camera_msgs__py
[0.271s] [ 90%] Built target realsense2_camera_msgs__rosidl_generator_py
[0.315s] [ 93%] Built target realsense2_camera_msgs__rosidl_typesupport_c__pyext
[0.315s] [ 96%] Built target realsense2_camera_msgs__rosidl_typesupport_fastrtps_c__pyext
[0.316s] [100%] Built target realsense2_camera_msgs__rosidl_typesupport_introspection_c__pyext
[0.511s] running egg_info
[0.516s] writing realsense2_camera_msgs.egg-info/PKG-INFO
[0.516s] writing dependency_links to realsense2_camera_msgs.egg-info/dependency_links.txt
[0.516s] writing top-level names to realsense2_camera_msgs.egg-info/top_level.txt
[0.519s] reading manifest file 'realsense2_camera_msgs.egg-info/SOURCES.txt'
[0.520s] writing manifest file 'realsense2_camera_msgs.egg-info/SOURCES.txt'
[0.569s] [100%] Built target ament_cmake_python_build_realsense2_camera_msgs_egg
[0.592s] Invoked command in '/home/imml/git/research_2025/apple-harvest-refactor/build/realsense2_camera_msgs' returned '0': CMAKE_PREFIX_PATH=${CMAKE_PREFIX_PATH}:/home/imml/git/research_2025/apple-harvest-refactor/install/ur5e_custom_hardware:/home/imml/git/research_2025/apple-harvest-refactor/install/harvest_vision:/opt/ros/humble /usr/bin/cmake --build /home/imml/git/research_2025/apple-harvest-refactor/build/realsense2_camera_msgs -- -j16 -l16
[0.595s] Invoking command in '/home/imml/git/research_2025/apple-harvest-refactor/build/realsense2_camera_msgs': CMAKE_PREFIX_PATH=${CMAKE_PREFIX_PATH}:/home/imml/git/research_2025/apple-harvest-refactor/install/ur5e_custom_hardware:/home/imml/git/research_2025/apple-harvest-refactor/install/harvest_vision:/opt/ros/humble /usr/bin/cmake --install /home/imml/git/research_2025/apple-harvest-refactor/build/realsense2_camera_msgs
[0.609s] -- Install configuration: ""
[0.611s] -- Execute custom install script
[0.611s] -- Up-to-date symlink: /home/imml/git/research_2025/apple-harvest-refactor/install/realsense2_camera_msgs/share/ament_index/resource_index/rosidl_interfaces/realsense2_camera_msgs
[0.611s] -- Up-to-date symlink: /home/imml/git/research_2025/apple-harvest-refactor/install/realsense2_camera_msgs/include/realsense2_camera_msgs/realsense2_camera_msgs/msg/detail/extrinsics__functions.h
[0.611s] -- Up-to-date symlink: /home/imml/git/research_2025/apple-harvest-refactor/install/realsense2_camera_msgs/include/realsense2_camera_msgs/realsense2_camera_msgs/msg/detail/extrinsics__struct.h
[0.611s] -- Up-to-date symlink: /home/imml/git/research_2025/apple-harvest-refactor/install/realsense2_camera_msgs/include/realsense2_camera_msgs/realsense2_camera_msgs/msg/detail/extrinsics__type_support.h
[0.612s] -- Up-to-date symlink: /home/imml/git/research_2025/apple-harvest-refactor/install/realsense2_camera_msgs/include/realsense2_camera_msgs/realsense2_camera_msgs/msg/detail/imu_info__functions.h
[0.612s] -- Up-to-date symlink: /home/imml/git/research_2025/apple-harvest-refactor/install/realsense2_camera_msgs/include/realsense2_camera_msgs/realsense2_camera_msgs/msg/detail/imu_info__struct.h
[0.612s] -- Up-to-date symlink: /home/imml/git/research_2025/apple-harvest-refactor/install/realsense2_camera_msgs/include/realsense2_camera_msgs/realsense2_camera_msgs/msg/detail/imu_info__type_support.h
[0.612s] -- Up-to-date symlink: /home/imml/git/research_2025/apple-harvest-refactor/install/realsense2_camera_msgs/include/realsense2_camera_msgs/realsense2_camera_msgs/msg/detail/metadata__functions.h
[0.612s] -- Up-to-date symlink: /home/imml/git/research_2025/apple-harvest-refactor/install/realsense2_camera_msgs/include/realsense2_camera_msgs/realsense2_camera_msgs/msg/detail/metadata__struct.h
[0.614s] -- Up-to-date symlink: /home/imml/git/research_2025/apple-harvest-refactor/install/realsense2_camera_msgs/include/realsense2_camera_msgs/realsense2_camera_msgs/msg/detail/metadata__type_support.h
[0.614s] -- Up-to-date symlink: /home/imml/git/research_2025/apple-harvest-refactor/install/realsense2_camera_msgs/include/realsense2_camera_msgs/realsense2_camera_msgs/msg/detail/rgbd__functions.h
[0.614s] -- Up-to-date symlink: /home/imml/git/research_2025/apple-harvest-refactor/install/realsense2_camera_msgs/include/realsense2_camera_msgs/realsense2_camera_msgs/msg/detail/rgbd__struct.h
[0.615s] -- Up-to-date symlink: /home/imml/git/research_2025/apple-harvest-refactor/install/realsense2_camera_msgs/include/realsense2_camera_msgs/realsense2_camera_msgs/msg/detail/rgbd__type_support.h
[0.615s] -- Up-to-date symlink: /home/imml/git/research_2025/apple-harvest-refactor/install/realsense2_camera_msgs/include/realsense2_camera_msgs/realsense2_camera_msgs/msg/extrinsics.h
[0.615s] -- Up-to-date symlink: /home/imml/git/research_2025/apple-harvest-refactor/install/realsense2_camera_msgs/include/realsense2_camera_msgs/realsense2_camera_msgs/msg/imu_info.h
[0.615s] -- Up-to-date symlink: /home/imml/git/research_2025/apple-harvest-refactor/install/realsense2_camera_msgs/include/realsense2_camera_msgs/realsense2_camera_msgs/msg/metadata.h
[0.615s] -- Up-to-date symlink: /home/imml/git/research_2025/apple-harvest-refactor/install/realsense2_camera_msgs/include/realsense2_camera_msgs/realsense2_camera_msgs/msg/rgbd.h
[0.615s] -- Up-to-date symlink: /home/imml/git/research_2025/apple-harvest-refactor/install/realsense2_camera_msgs/include/realsense2_camera_msgs/realsense2_camera_msgs/msg/rosidl_generator_c__visibility_control.h
[0.615s] -- Up-to-date symlink: /home/imml/git/research_2025/apple-harvest-refactor/install/realsense2_camera_msgs/include/realsense2_camera_msgs/realsense2_camera_msgs/srv/detail/device_info__functions.h
[0.616s] -- Up-to-date symlink: /home/imml/git/research_2025/apple-harvest-refactor/install/realsense2_camera_msgs/include/realsense2_camera_msgs/realsense2_camera_msgs/srv/detail/device_info__struct.h
[0.616s] -- Up-to-date symlink: /home/imml/git/research_2025/apple-harvest-refactor/install/realsense2_camera_msgs/include/realsense2_camera_msgs/realsense2_camera_msgs/srv/detail/device_info__type_support.h
[0.616s] -- Up-to-date symlink: /home/imml/git/research_2025/apple-harvest-refactor/install/realsense2_camera_msgs/include/realsense2_camera_msgs/realsense2_camera_msgs/srv/device_info.h
[0.616s] -- Up-to-date symlink: /home/imml/git/research_2025/apple-harvest-refactor/install/realsense2_camera_msgs/share/realsense2_camera_msgs/environment/library_path.sh
[0.617s] -- Up-to-date symlink: /home/imml/git/research_2025/apple-harvest-refactor/install/realsense2_camera_msgs/share/realsense2_camera_msgs/environment/library_path.dsv
[0.618s] -- Up-to-date symlink: /home/imml/git/research_2025/apple-harvest-refactor/install/realsense2_camera_msgs/include/realsense2_camera_msgs/realsense2_camera_msgs/msg/detail/extrinsics__rosidl_typesupport_fastrtps_c.h
[0.618s] -- Up-to-date symlink: /home/imml/git/research_2025/apple-harvest-refactor/install/realsense2_camera_msgs/include/realsense2_camera_msgs/realsense2_camera_msgs/msg/detail/imu_info__rosidl_typesupport_fastrtps_c.h
[0.619s] -- Up-to-date symlink: /home/imml/git/research_2025/apple-harvest-refactor/install/realsense2_camera_msgs/include/realsense2_camera_msgs/realsense2_camera_msgs/msg/detail/metadata__rosidl_typesupport_fastrtps_c.h
[0.619s] -- Up-to-date symlink: /home/imml/git/research_2025/apple-harvest-refactor/install/realsense2_camera_msgs/include/realsense2_camera_msgs/realsense2_camera_msgs/msg/detail/rgbd__rosidl_typesupport_fastrtps_c.h
[0.619s] -- Up-to-date symlink: /home/imml/git/research_2025/apple-harvest-refactor/install/realsense2_camera_msgs/include/realsense2_camera_msgs/realsense2_camera_msgs/msg/rosidl_typesupport_fastrtps_c__visibility_control.h
[0.619s] -- Up-to-date symlink: /home/imml/git/research_2025/apple-harvest-refactor/install/realsense2_camera_msgs/include/realsense2_camera_msgs/realsense2_camera_msgs/srv/detail/device_info__rosidl_typesupport_fastrtps_c.h
[0.621s] -- Up-to-date symlink: /home/imml/git/research_2025/apple-harvest-refactor/install/realsense2_camera_msgs/include/realsense2_camera_msgs/realsense2_camera_msgs/msg/detail/extrinsics__rosidl_typesupport_introspection_c.h
[0.621s] -- Up-to-date symlink: /home/imml/git/research_2025/apple-harvest-refactor/install/realsense2_camera_msgs/include/realsense2_camera_msgs/realsense2_camera_msgs/msg/detail/imu_info__rosidl_typesupport_introspection_c.h
[0.622s] -- Up-to-date symlink: /home/imml/git/research_2025/apple-harvest-refactor/install/realsense2_camera_msgs/include/realsense2_camera_msgs/realsense2_camera_msgs/msg/detail/metadata__rosidl_typesupport_introspection_c.h
[0.622s] -- Up-to-date symlink: /home/imml/git/research_2025/apple-harvest-refactor/install/realsense2_camera_msgs/include/realsense2_camera_msgs/realsense2_camera_msgs/msg/detail/rgbd__rosidl_typesupport_introspection_c.h
[0.622s] -- Up-to-date symlink: /home/imml/git/research_2025/apple-harvest-refactor/install/realsense2_camera_msgs/include/realsense2_camera_msgs/realsense2_camera_msgs/msg/rosidl_typesupport_introspection_c__visibility_control.h
[0.623s] -- Up-to-date symlink: /home/imml/git/research_2025/apple-harvest-refactor/install/realsense2_camera_msgs/include/realsense2_camera_msgs/realsense2_camera_msgs/srv/detail/device_info__rosidl_typesupport_introspection_c.h
[0.623s] -- Up-to-date symlink: /home/imml/git/research_2025/apple-harvest-refactor/install/realsense2_camera_msgs/include/realsense2_camera_msgs/realsense2_camera_msgs/msg/detail/extrinsics__builder.hpp
[0.624s] -- Up-to-date symlink: /home/imml/git/research_2025/apple-harvest-refactor/install/realsense2_camera_msgs/include/realsense2_camera_msgs/realsense2_camera_msgs/msg/detail/extrinsics__struct.hpp
[0.624s] -- Up-to-date symlink: /home/imml/git/research_2025/apple-harvest-refactor/install/realsense2_camera_msgs/include/realsense2_camera_msgs/realsense2_camera_msgs/msg/detail/extrinsics__traits.hpp
[0.624s] -- Up-to-date symlink: /home/imml/git/research_2025/apple-harvest-refactor/install/realsense2_camera_msgs/include/realsense2_camera_msgs/realsense2_camera_msgs/msg/detail/extrinsics__type_support.hpp
[0.624s] -- Up-to-date symlink: /home/imml/git/research_2025/apple-harvest-refactor/install/realsense2_camera_msgs/include/realsense2_camera_msgs/realsense2_camera_msgs/msg/detail/imu_info__builder.hpp
[0.624s] -- Up-to-date symlink: /home/imml/git/research_2025/apple-harvest-refactor/install/realsense2_camera_msgs/include/realsense2_camera_msgs/realsense2_camera_msgs/msg/detail/imu_info__struct.hpp
[0.624s] -- Up-to-date symlink: /home/imml/git/research_2025/apple-harvest-refactor/install/realsense2_camera_msgs/include/realsense2_camera_msgs/realsense2_camera_msgs/msg/detail/imu_info__traits.hpp
[0.624s] -- Up-to-date symlink: /home/imml/git/research_2025/apple-harvest-refactor/install/realsense2_camera_msgs/include/realsense2_camera_msgs/realsense2_camera_msgs/msg/detail/imu_info__type_support.hpp
[0.624s] -- Up-to-date symlink: /home/imml/git/research_2025/apple-harvest-refactor/install/realsense2_camera_msgs/include/realsense2_camera_msgs/realsense2_camera_msgs/msg/detail/metadata__builder.hpp
[0.625s] -- Up-to-date symlink: /home/imml/git/research_2025/apple-harvest-refactor/install/realsense2_camera_msgs/include/realsense2_camera_msgs/realsense2_camera_msgs/msg/detail/metadata__struct.hpp
[0.626s] -- Up-to-date symlink: /home/imml/git/research_2025/apple-harvest-refactor/install/realsense2_camera_msgs/include/realsense2_camera_msgs/realsense2_camera_msgs/msg/detail/metadata__traits.hpp
[0.626s] -- Up-to-date symlink: /home/imml/git/research_2025/apple-harvest-refactor/install/realsense2_camera_msgs/include/realsense2_camera_msgs/realsense2_camera_msgs/msg/detail/metadata__type_support.hpp
[0.626s] -- Up-to-date symlink: /home/imml/git/research_2025/apple-harvest-refactor/install/realsense2_camera_msgs/include/realsense2_camera_msgs/realsense2_camera_msgs/msg/detail/rgbd__builder.hpp
[0.627s] -- Up-to-date symlink: /home/imml/git/research_2025/apple-harvest-refactor/install/realsense2_camera_msgs/include/realsense2_camera_msgs/realsense2_camera_msgs/msg/detail/rgbd__struct.hpp
[0.627s] -- Up-to-date symlink: /home/imml/git/research_2025/apple-harvest-refactor/install/realsense2_camera_msgs/include/realsense2_camera_msgs/realsense2_camera_msgs/msg/detail/rgbd__traits.hpp
[0.627s] -- Up-to-date symlink: /home/imml/git/research_2025/apple-harvest-refactor/install/realsense2_camera_msgs/include/realsense2_camera_msgs/realsense2_camera_msgs/msg/detail/rgbd__type_support.hpp
[0.627s] -- Up-to-date symlink: /home/imml/git/research_2025/apple-harvest-refactor/install/realsense2_camera_msgs/include/realsense2_camera_msgs/realsense2_camera_msgs/msg/extrinsics.hpp
[0.628s] -- Up-to-date symlink: /home/imml/git/research_2025/apple-harvest-refactor/install/realsense2_camera_msgs/include/realsense2_camera_msgs/realsense2_camera_msgs/msg/imu_info.hpp
[0.628s] -- Up-to-date symlink: /home/imml/git/research_2025/apple-harvest-refactor/install/realsense2_camera_msgs/include/realsense2_camera_msgs/realsense2_camera_msgs/msg/metadata.hpp
[0.628s] -- Up-to-date symlink: /home/imml/git/research_2025/apple-harvest-refactor/install/realsense2_camera_msgs/include/realsense2_camera_msgs/realsense2_camera_msgs/msg/rgbd.hpp
[0.628s] -- Up-to-date symlink: /home/imml/git/research_2025/apple-harvest-refactor/install/realsense2_camera_msgs/include/realsense2_camera_msgs/realsense2_camera_msgs/msg/rosidl_generator_cpp__visibility_control.hpp
[0.629s] -- Up-to-date symlink: /home/imml/git/research_2025/apple-harvest-refactor/install/realsense2_camera_msgs/include/realsense2_camera_msgs/realsense2_camera_msgs/srv/detail/device_info__builder.hpp
[0.629s] -- Up-to-date symlink: /home/imml/git/research_2025/apple-harvest-refactor/install/realsense2_camera_msgs/include/realsense2_camera_msgs/realsense2_camera_msgs/srv/detail/device_info__struct.hpp
[0.629s] -- Up-to-date symlink: /home/imml/git/research_2025/apple-harvest-refactor/install/realsense2_camera_msgs/include/realsense2_camera_msgs/realsense2_camera_msgs/srv/detail/device_info__traits.hpp
[0.629s] -- Up-to-date symlink: /home/imml/git/research_2025/apple-harvest-refactor/install/realsense2_camera_msgs/include/realsense2_camera_msgs/realsense2_camera_msgs/srv/detail/device_info__type_support.hpp
[0.630s] -- Up-to-date symlink: /home/imml/git/research_2025/apple-harvest-refactor/install/realsense2_camera_msgs/include/realsense2_camera_msgs/realsense2_camera_msgs/srv/device_info.hpp
[0.630s] -- Up-to-date symlink: /home/imml/git/research_2025/apple-harvest-refactor/install/realsense2_camera_msgs/include/realsense2_camera_msgs/realsense2_camera_msgs/msg/detail/extrinsics__rosidl_typesupport_fastrtps_cpp.hpp
[0.631s] -- Up-to-date symlink: /home/imml/git/research_2025/apple-harvest-refactor/install/realsense2_camera_msgs/include/realsense2_camera_msgs/realsense2_camera_msgs/msg/detail/imu_info__rosidl_typesupport_fastrtps_cpp.hpp
[0.631s] -- Up-to-date symlink: /home/imml/git/research_2025/apple-harvest-refactor/install/realsense2_camera_msgs/include/realsense2_camera_msgs/realsense2_camera_msgs/msg/detail/metadata__rosidl_typesupport_fastrtps_cpp.hpp
[0.631s] -- Up-to-date symlink: /home/imml/git/research_2025/apple-harvest-refactor/install/realsense2_camera_msgs/include/realsense2_camera_msgs/realsense2_camera_msgs/msg/detail/rgbd__rosidl_typesupport_fastrtps_cpp.hpp
[0.631s] -- Up-to-date symlink: /home/imml/git/research_2025/apple-harvest-refactor/install/realsense2_camera_msgs/include/realsense2_camera_msgs/realsense2_camera_msgs/msg/rosidl_typesupport_fastrtps_cpp__visibility_control.h
[0.632s] -- Up-to-date symlink: /home/imml/git/research_2025/apple-harvest-refactor/install/realsense2_camera_msgs/include/realsense2_camera_msgs/realsense2_camera_msgs/srv/detail/device_info__rosidl_typesupport_fastrtps_cpp.hpp
[0.632s] -- Up-to-date symlink: /home/imml/git/research_2025/apple-harvest-refactor/install/realsense2_camera_msgs/include/realsense2_camera_msgs/realsense2_camera_msgs/msg/detail/extrinsics__rosidl_typesupport_introspection_cpp.hpp
[0.632s] -- Up-to-date symlink: /home/imml/git/research_2025/apple-harvest-refactor/install/realsense2_camera_msgs/include/realsense2_camera_msgs/realsense2_camera_msgs/msg/detail/imu_info__rosidl_typesupport_introspection_cpp.hpp
[0.632s] -- Up-to-date symlink: /home/imml/git/research_2025/apple-harvest-refactor/install/realsense2_camera_msgs/include/realsense2_camera_msgs/realsense2_camera_msgs/msg/detail/metadata__rosidl_typesupport_introspection_cpp.hpp
[0.633s] -- Up-to-date symlink: /home/imml/git/research_2025/apple-harvest-refactor/install/realsense2_camera_msgs/include/realsense2_camera_msgs/realsense2_camera_msgs/msg/detail/rgbd__rosidl_typesupport_introspection_cpp.hpp
[0.633s] -- Up-to-date symlink: /home/imml/git/research_2025/apple-harvest-refactor/install/realsense2_camera_msgs/include/realsense2_camera_msgs/realsense2_camera_msgs/srv/detail/device_info__rosidl_typesupport_introspection_cpp.hpp
[0.633s] -- Up-to-date symlink: /home/imml/git/research_2025/apple-harvest-refactor/install/realsense2_camera_msgs/share/realsense2_camera_msgs/environment/pythonpath.sh
[0.633s] -- Up-to-date symlink: /home/imml/git/research_2025/apple-harvest-refactor/install/realsense2_camera_msgs/share/realsense2_camera_msgs/environment/pythonpath.dsv
[0.634s] -- Up-to-date symlink: /home/imml/git/research_2025/apple-harvest-refactor/install/realsense2_camera_msgs/local/lib/python3.10/dist-packages/realsense2_camera_msgs-4.55.1-py3.10.egg-info/PKG-INFO
[0.634s] -- Up-to-date symlink: /home/imml/git/research_2025/apple-harvest-refactor/install/realsense2_camera_msgs/local/lib/python3.10/dist-packages/realsense2_camera_msgs-4.55.1-py3.10.egg-info/SOURCES.txt
[0.634s] -- Up-to-date symlink: /home/imml/git/research_2025/apple-harvest-refactor/install/realsense2_camera_msgs/local/lib/python3.10/dist-packages/realsense2_camera_msgs-4.55.1-py3.10.egg-info/dependency_links.txt
[0.634s] -- Up-to-date symlink: /home/imml/git/research_2025/apple-harvest-refactor/install/realsense2_camera_msgs/local/lib/python3.10/dist-packages/realsense2_camera_msgs-4.55.1-py3.10.egg-info/top_level.txt
[0.635s] -- Up-to-date symlink: /home/imml/git/research_2025/apple-harvest-refactor/install/realsense2_camera_msgs/local/lib/python3.10/dist-packages/realsense2_camera_msgs/__init__.py
[0.635s] -- Up-to-date symlink: /home/imml/git/research_2025/apple-harvest-refactor/install/realsense2_camera_msgs/local/lib/python3.10/dist-packages/realsense2_camera_msgs/_realsense2_camera_msgs_s.ep.rosidl_typesupport_c.c
[0.636s] -- Up-to-date symlink: /home/imml/git/research_2025/apple-harvest-refactor/install/realsense2_camera_msgs/local/lib/python3.10/dist-packages/realsense2_camera_msgs/_realsense2_camera_msgs_s.ep.rosidl_typesupport_fastrtps_c.c
[0.637s] -- Up-to-date symlink: /home/imml/git/research_2025/apple-harvest-refactor/install/realsense2_camera_msgs/local/lib/python3.10/dist-packages/realsense2_camera_msgs/_realsense2_camera_msgs_s.ep.rosidl_typesupport_introspection_c.c
[0.637s] -- Up-to-date symlink: /home/imml/git/research_2025/apple-harvest-refactor/install/realsense2_camera_msgs/local/lib/python3.10/dist-packages/realsense2_camera_msgs/librealsense2_camera_msgs__rosidl_generator_py.so
[0.637s] -- Up-to-date symlink: /home/imml/git/research_2025/apple-harvest-refactor/install/realsense2_camera_msgs/local/lib/python3.10/dist-packages/realsense2_camera_msgs/msg/__init__.py
[0.638s] -- Up-to-date symlink: /home/imml/git/research_2025/apple-harvest-refactor/install/realsense2_camera_msgs/local/lib/python3.10/dist-packages/realsense2_camera_msgs/msg/_extrinsics.py
[0.638s] -- Up-to-date symlink: /home/imml/git/research_2025/apple-harvest-refactor/install/realsense2_camera_msgs/local/lib/python3.10/dist-packages/realsense2_camera_msgs/msg/_extrinsics_s.c
[0.638s] -- Up-to-date symlink: /home/imml/git/research_2025/apple-harvest-refactor/install/realsense2_camera_msgs/local/lib/python3.10/dist-packages/realsense2_camera_msgs/msg/_imu_info.py
[0.638s] -- Up-to-date symlink: /home/imml/git/research_2025/apple-harvest-refactor/install/realsense2_camera_msgs/local/lib/python3.10/dist-packages/realsense2_camera_msgs/msg/_imu_info_s.c
[0.638s] -- Up-to-date symlink: /home/imml/git/research_2025/apple-harvest-refactor/install/realsense2_camera_msgs/local/lib/python3.10/dist-packages/realsense2_camera_msgs/msg/_metadata.py
[0.638s] -- Up-to-date symlink: /home/imml/git/research_2025/apple-harvest-refactor/install/realsense2_camera_msgs/local/lib/python3.10/dist-packages/realsense2_camera_msgs/msg/_metadata_s.c
[0.638s] -- Up-to-date symlink: /home/imml/git/research_2025/apple-harvest-refactor/install/realsense2_camera_msgs/local/lib/python3.10/dist-packages/realsense2_camera_msgs/msg/_rgbd.py
[0.638s] -- Up-to-date symlink: /home/imml/git/research_2025/apple-harvest-refactor/install/realsense2_camera_msgs/local/lib/python3.10/dist-packages/realsense2_camera_msgs/msg/_rgbd_s.c
[0.639s] -- Up-to-date symlink: /home/imml/git/research_2025/apple-harvest-refactor/install/realsense2_camera_msgs/local/lib/python3.10/dist-packages/realsense2_camera_msgs/realsense2_camera_msgs_s__rosidl_typesupport_c.cpython-310-x86_64-linux-gnu.so
[0.639s] -- Up-to-date symlink: /home/imml/git/research_2025/apple-harvest-refactor/install/realsense2_camera_msgs/local/lib/python3.10/dist-packages/realsense2_camera_msgs/realsense2_camera_msgs_s__rosidl_typesupport_fastrtps_c.cpython-310-x86_64-linux-gnu.so
[0.639s] -- Up-to-date symlink: /home/imml/git/research_2025/apple-harvest-refactor/install/realsense2_camera_msgs/local/lib/python3.10/dist-packages/realsense2_camera_msgs/realsense2_camera_msgs_s__rosidl_typesupport_introspection_c.cpython-310-x86_64-linux-gnu.so
[0.639s] -- Up-to-date symlink: /home/imml/git/research_2025/apple-harvest-refactor/install/realsense2_camera_msgs/local/lib/python3.10/dist-packages/realsense2_camera_msgs/srv/__init__.py
[0.640s] -- Up-to-date symlink: /home/imml/git/research_2025/apple-harvest-refactor/install/realsense2_camera_msgs/local/lib/python3.10/dist-packages/realsense2_camera_msgs/srv/_device_info.py
[0.640s] -- Up-to-date symlink: /home/imml/git/research_2025/apple-harvest-refactor/install/realsense2_camera_msgs/local/lib/python3.10/dist-packages/realsense2_camera_msgs/srv/_device_info_s.c
[0.640s] -- Up-to-date symlink: /home/imml/git/research_2025/apple-harvest-refactor/install/realsense2_camera_msgs/local/lib/python3.10/dist-packages/realsense2_camera_msgs/realsense2_camera_msgs_s__rosidl_typesupport_fastrtps_c.cpython-310-x86_64-linux-gnu.so
[0.640s] -- Up-to-date symlink: /home/imml/git/research_2025/apple-harvest-refactor/install/realsense2_camera_msgs/local/lib/python3.10/dist-packages/realsense2_camera_msgs/realsense2_camera_msgs_s__rosidl_typesupport_introspection_c.cpython-310-x86_64-linux-gnu.so
[0.641s] -- Up-to-date symlink: /home/imml/git/research_2025/apple-harvest-refactor/install/realsense2_camera_msgs/local/lib/python3.10/dist-packages/realsense2_camera_msgs/realsense2_camera_msgs_s__rosidl_typesupport_c.cpython-310-x86_64-linux-gnu.so
[0.641s] -- Up-to-date symlink: /home/imml/git/research_2025/apple-harvest-refactor/install/realsense2_camera_msgs/share/realsense2_camera_msgs/msg/IMUInfo.idl
[0.641s] -- Up-to-date symlink: /home/imml/git/research_2025/apple-harvest-refactor/install/realsense2_camera_msgs/share/realsense2_camera_msgs/msg/Extrinsics.idl
[0.642s] -- Up-to-date symlink: /home/imml/git/research_2025/apple-harvest-refactor/install/realsense2_camera_msgs/share/realsense2_camera_msgs/msg/Metadata.idl
[0.642s] -- Up-to-date symlink: /home/imml/git/research_2025/apple-harvest-refactor/install/realsense2_camera_msgs/share/realsense2_camera_msgs/msg/RGBD.idl
[0.642s] -- Up-to-date symlink: /home/imml/git/research_2025/apple-harvest-refactor/install/realsense2_camera_msgs/share/realsense2_camera_msgs/srv/DeviceInfo.idl
[0.642s] -- Up-to-date symlink: /home/imml/git/research_2025/apple-harvest-refactor/install/realsense2_camera_msgs/share/realsense2_camera_msgs/msg/IMUInfo.msg
[0.643s] -- Up-to-date symlink: /home/imml/git/research_2025/apple-harvest-refactor/install/realsense2_camera_msgs/share/realsense2_camera_msgs/msg/Extrinsics.msg
[0.644s] -- Up-to-date symlink: /home/imml/git/research_2025/apple-harvest-refactor/install/realsense2_camera_msgs/share/realsense2_camera_msgs/msg/Metadata.msg
[0.644s] -- Up-to-date symlink: /home/imml/git/research_2025/apple-harvest-refactor/install/realsense2_camera_msgs/share/realsense2_camera_msgs/msg/RGBD.msg
[0.644s] -- Up-to-date symlink: /home/imml/git/research_2025/apple-harvest-refactor/install/realsense2_camera_msgs/share/realsense2_camera_msgs/srv/DeviceInfo.srv
[0.645s] -- Up-to-date symlink: /home/imml/git/research_2025/apple-harvest-refactor/install/realsense2_camera_msgs/share/realsense2_camera_msgs/srv/DeviceInfo_Request.msg
[0.645s] -- Up-to-date symlink: /home/imml/git/research_2025/apple-harvest-refactor/install/realsense2_camera_msgs/share/realsense2_camera_msgs/srv/DeviceInfo_Response.msg
[0.645s] -- Up-to-date symlink: /home/imml/git/research_2025/apple-harvest-refactor/install/realsense2_camera_msgs/share/ament_index/resource_index/package_run_dependencies/realsense2_camera_msgs
[0.645s] -- Up-to-date symlink: /home/imml/git/research_2025/apple-harvest-refactor/install/realsense2_camera_msgs/share/ament_index/resource_index/parent_prefix_path/realsense2_camera_msgs
[0.645s] -- Up-to-date symlink: /home/imml/git/research_2025/apple-harvest-refactor/install/realsense2_camera_msgs/share/realsense2_camera_msgs/environment/ament_prefix_path.sh
[0.645s] -- Up-to-date symlink: /home/imml/git/research_2025/apple-harvest-refactor/install/realsense2_camera_msgs/share/realsense2_camera_msgs/environment/ament_prefix_path.dsv
[0.646s] -- Up-to-date symlink: /home/imml/git/research_2025/apple-harvest-refactor/install/realsense2_camera_msgs/share/realsense2_camera_msgs/environment/path.sh
[0.646s] -- Up-to-date symlink: /home/imml/git/research_2025/apple-harvest-refactor/install/realsense2_camera_msgs/share/realsense2_camera_msgs/environment/path.dsv
[0.646s] -- Up-to-date symlink: /home/imml/git/research_2025/apple-harvest-refactor/install/realsense2_camera_msgs/share/realsense2_camera_msgs/local_setup.bash
[0.646s] -- Up-to-date symlink: /home/imml/git/research_2025/apple-harvest-refactor/install/realsense2_camera_msgs/share/realsense2_camera_msgs/local_setup.sh
[0.646s] -- Up-to-date symlink: /home/imml/git/research_2025/apple-harvest-refactor/install/realsense2_camera_msgs/share/realsense2_camera_msgs/local_setup.zsh
[0.646s] -- Up-to-date symlink: /home/imml/git/research_2025/apple-harvest-refactor/install/realsense2_camera_msgs/share/realsense2_camera_msgs/local_setup.dsv
[0.646s] -- Symlinking: /home/imml/git/research_2025/apple-harvest-refactor/install/realsense2_camera_msgs/share/realsense2_camera_msgs/package.dsv
[0.653s] -- Up-to-date symlink: /home/imml/git/research_2025/apple-harvest-refactor/install/realsense2_camera_msgs/share/ament_index/resource_index/packages/realsense2_camera_msgs
[0.653s] -- Up-to-date symlink: /home/imml/git/research_2025/apple-harvest-refactor/install/realsense2_camera_msgs/share/realsense2_camera_msgs/cmake/rosidl_cmake-extras.cmake
[0.653s] -- Up-to-date symlink: /home/imml/git/research_2025/apple-harvest-refactor/install/realsense2_camera_msgs/share/realsense2_camera_msgs/cmake/ament_cmake_export_dependencies-extras.cmake
[0.653s] -- Up-to-date symlink: /home/imml/git/research_2025/apple-harvest-refactor/install/realsense2_camera_msgs/share/realsense2_camera_msgs/cmake/ament_cmake_export_include_directories-extras.cmake
[0.654s] -- Up-to-date symlink: /home/imml/git/research_2025/apple-harvest-refactor/install/realsense2_camera_msgs/share/realsense2_camera_msgs/cmake/ament_cmake_export_libraries-extras.cmake
[0.654s] -- Up-to-date symlink: /home/imml/git/research_2025/apple-harvest-refactor/install/realsense2_camera_msgs/share/realsense2_camera_msgs/cmake/ament_cmake_export_targets-extras.cmake
[0.655s] -- Up-to-date symlink: /home/imml/git/research_2025/apple-harvest-refactor/install/realsense2_camera_msgs/share/realsense2_camera_msgs/cmake/rosidl_cmake_export_typesupport_targets-extras.cmake
[0.655s] -- Up-to-date symlink: /home/imml/git/research_2025/apple-harvest-refactor/install/realsense2_camera_msgs/share/realsense2_camera_msgs/cmake/rosidl_cmake_export_typesupport_libraries-extras.cmake
[0.655s] -- Up-to-date symlink: /home/imml/git/research_2025/apple-harvest-refactor/install/realsense2_camera_msgs/share/realsense2_camera_msgs/cmake/realsense2_camera_msgsConfig.cmake
[0.655s] -- Up-to-date symlink: /home/imml/git/research_2025/apple-harvest-refactor/install/realsense2_camera_msgs/share/realsense2_camera_msgs/cmake/realsense2_camera_msgsConfig-version.cmake
[0.656s] -- Up-to-date symlink: /home/imml/git/research_2025/apple-harvest-refactor/install/realsense2_camera_msgs/share/realsense2_camera_msgs/package.xml
[0.656s] -- Up-to-date: /home/imml/git/research_2025/apple-harvest-refactor/install/realsense2_camera_msgs/lib/librealsense2_camera_msgs__rosidl_generator_c.so
[0.656s] -- Up-to-date: /home/imml/git/research_2025/apple-harvest-refactor/install/realsense2_camera_msgs/lib/librealsense2_camera_msgs__rosidl_typesupport_fastrtps_c.so
[0.656s] -- Up-to-date: /home/imml/git/research_2025/apple-harvest-refactor/install/realsense2_camera_msgs/lib/librealsense2_camera_msgs__rosidl_typesupport_introspection_c.so
[0.657s] -- Up-to-date: /home/imml/git/research_2025/apple-harvest-refactor/install/realsense2_camera_msgs/lib/librealsense2_camera_msgs__rosidl_typesupport_c.so
[0.658s] -- Up-to-date: /home/imml/git/research_2025/apple-harvest-refactor/install/realsense2_camera_msgs/lib/librealsense2_camera_msgs__rosidl_typesupport_fastrtps_cpp.so
[0.658s] -- Up-to-date: /home/imml/git/research_2025/apple-harvest-refactor/install/realsense2_camera_msgs/lib/librealsense2_camera_msgs__rosidl_typesupport_introspection_cpp.so
[0.658s] -- Up-to-date: /home/imml/git/research_2025/apple-harvest-refactor/install/realsense2_camera_msgs/lib/librealsense2_camera_msgs__rosidl_typesupport_cpp.so
[0.688s] Listing '/home/imml/git/research_2025/apple-harvest-refactor/install/realsense2_camera_msgs/local/lib/python3.10/dist-packages/realsense2_camera_msgs'...
[0.688s] Listing '/home/imml/git/research_2025/apple-harvest-refactor/install/realsense2_camera_msgs/local/lib/python3.10/dist-packages/realsense2_camera_msgs/msg'...
[0.689s] Listing '/home/imml/git/research_2025/apple-harvest-refactor/install/realsense2_camera_msgs/local/lib/python3.10/dist-packages/realsense2_camera_msgs/srv'...
[0.693s] -- Up-to-date: /home/imml/git/research_2025/apple-harvest-refactor/install/realsense2_camera_msgs/lib/librealsense2_camera_msgs__rosidl_generator_py.so
[0.693s] -- Up-to-date: /home/imml/git/research_2025/apple-harvest-refactor/install/realsense2_camera_msgs/share/realsense2_camera_msgs/cmake/export_realsense2_camera_msgs__rosidl_generator_cExport.cmake
[0.694s] -- Up-to-date: /home/imml/git/research_2025/apple-harvest-refactor/install/realsense2_camera_msgs/share/realsense2_camera_msgs/cmake/export_realsense2_camera_msgs__rosidl_generator_cExport-noconfig.cmake
[0.694s] -- Up-to-date: /home/imml/git/research_2025/apple-harvest-refactor/install/realsense2_camera_msgs/share/realsense2_camera_msgs/cmake/export_realsense2_camera_msgs__rosidl_typesupport_fastrtps_cExport.cmake
[0.694s] -- Up-to-date: /home/imml/git/research_2025/apple-harvest-refactor/install/realsense2_camera_msgs/share/realsense2_camera_msgs/cmake/export_realsense2_camera_msgs__rosidl_typesupport_fastrtps_cExport-noconfig.cmake
[0.694s] -- Up-to-date: /home/imml/git/research_2025/apple-harvest-refactor/install/realsense2_camera_msgs/share/realsense2_camera_msgs/cmake/realsense2_camera_msgs__rosidl_typesupport_introspection_cExport.cmake
[0.694s] -- Up-to-date: /home/imml/git/research_2025/apple-harvest-refactor/install/realsense2_camera_msgs/share/realsense2_camera_msgs/cmake/realsense2_camera_msgs__rosidl_typesupport_introspection_cExport-noconfig.cmake
[0.694s] -- Up-to-date: /home/imml/git/research_2025/apple-harvest-refactor/install/realsense2_camera_msgs/share/realsense2_camera_msgs/cmake/realsense2_camera_msgs__rosidl_typesupport_cExport.cmake
[0.695s] -- Up-to-date: /home/imml/git/research_2025/apple-harvest-refactor/install/realsense2_camera_msgs/share/realsense2_camera_msgs/cmake/realsense2_camera_msgs__rosidl_typesupport_cExport-noconfig.cmake
[0.695s] -- Up-to-date: /home/imml/git/research_2025/apple-harvest-refactor/install/realsense2_camera_msgs/share/realsense2_camera_msgs/cmake/export_realsense2_camera_msgs__rosidl_generator_cppExport.cmake
[0.695s] -- Up-to-date: /home/imml/git/research_2025/apple-harvest-refactor/install/realsense2_camera_msgs/share/realsense2_camera_msgs/cmake/export_realsense2_camera_msgs__rosidl_typesupport_fastrtps_cppExport.cmake
[0.695s] -- Up-to-date: /home/imml/git/research_2025/apple-harvest-refactor/install/realsense2_camera_msgs/share/realsense2_camera_msgs/cmake/export_realsense2_camera_msgs__rosidl_typesupport_fastrtps_cppExport-noconfig.cmake
[0.695s] -- Up-to-date: /home/imml/git/research_2025/apple-harvest-refactor/install/realsense2_camera_msgs/share/realsense2_camera_msgs/cmake/realsense2_camera_msgs__rosidl_typesupport_introspection_cppExport.cmake
[0.695s] -- Up-to-date: /home/imml/git/research_2025/apple-harvest-refactor/install/realsense2_camera_msgs/share/realsense2_camera_msgs/cmake/realsense2_camera_msgs__rosidl_typesupport_introspection_cppExport-noconfig.cmake
[0.695s] -- Up-to-date: /home/imml/git/research_2025/apple-harvest-refactor/install/realsense2_camera_msgs/share/realsense2_camera_msgs/cmake/realsense2_camera_msgs__rosidl_typesupport_cppExport.cmake
[0.695s] -- Up-to-date: /home/imml/git/research_2025/apple-harvest-refactor/install/realsense2_camera_msgs/share/realsense2_camera_msgs/cmake/realsense2_camera_msgs__rosidl_typesupport_cppExport-noconfig.cmake
[0.695s] -- Up-to-date: /home/imml/git/research_2025/apple-harvest-refactor/install/realsense2_camera_msgs/share/realsense2_camera_msgs/cmake/export_realsense2_camera_msgs__rosidl_generator_pyExport.cmake
[0.695s] -- Up-to-date: /home/imml/git/research_2025/apple-harvest-refactor/install/realsense2_camera_msgs/share/realsense2_camera_msgs/cmake/export_realsense2_camera_msgs__rosidl_generator_pyExport-noconfig.cmake
[0.757s] Invoked command in '/home/imml/git/research_2025/apple-harvest-refactor/build/realsense2_camera_msgs' returned '0': CMAKE_PREFIX_PATH=${CMAKE_PREFIX_PATH}:/home/imml/git/research_2025/apple-harvest-refactor/install/ur5e_custom_hardware:/home/imml/git/research_2025/apple-harvest-refactor/install/harvest_vision:/opt/ros/humble /usr/bin/cmake --install /home/imml/git/research_2025/apple-harvest-refactor/build/realsense2_camera_msgs
