[0.009s] Invoking command in '/home/imml/git/research_2025/apple-harvest-refactor/build/ur_moveit_config': AMENT_PREFIX_PATH=/home/imml/git/research_2025/apple-harvest-refactor/install/ur_description:${AMENT_PREFIX_PATH} CMAKE_PREFIX_PATH=/home/imml/git/research_2025/apple-harvest-refactor/install/ur_description:/home/imml/flex_tof_ws/install/flex_sensor_control:/opt/ros/humble /usr/bin/cmake --build /home/imml/git/research_2025/apple-harvest-refactor/build/ur_moveit_config -- -j16 -l16
[0.090s] Built target ament_cmake_python_symlink_ur_moveit_config
[0.402s] running egg_info
[0.403s] writing ur_moveit_config.egg-info/PKG-INFO
[0.403s] writing dependency_links to ur_moveit_config.egg-info/dependency_links.txt
[0.403s] writing top-level names to ur_moveit_config.egg-info/top_level.txt
[0.406s] reading manifest file 'ur_moveit_config.egg-info/SOURCES.txt'
[0.406s] writing manifest file 'ur_moveit_config.egg-info/SOURCES.txt'
[0.452s] Built target ament_cmake_python_build_ur_moveit_config_egg
[0.618s] Invoked command in '/home/imml/git/research_2025/apple-harvest-refactor/build/ur_moveit_config' returned '0': AMENT_PREFIX_PATH=/home/imml/git/research_2025/apple-harvest-refactor/install/ur_description:${AMENT_PREFIX_PATH} CMAKE_PREFIX_PATH=/home/imml/git/research_2025/apple-harvest-refactor/install/ur_description:/home/imml/flex_tof_ws/install/flex_sensor_control:/opt/ros/humble /usr/bin/cmake --build /home/imml/git/research_2025/apple-harvest-refactor/build/ur_moveit_config -- -j16 -l16
[0.619s] Invoking command in '/home/imml/git/research_2025/apple-harvest-refactor/build/ur_moveit_config': AMENT_PREFIX_PATH=/home/imml/git/research_2025/apple-harvest-refactor/install/ur_description:${AMENT_PREFIX_PATH} CMAKE_PREFIX_PATH=/home/imml/git/research_2025/apple-harvest-refactor/install/ur_description:/home/imml/flex_tof_ws/install/flex_sensor_control:/opt/ros/humble /usr/bin/cmake --install /home/imml/git/research_2025/apple-harvest-refactor/build/ur_moveit_config
[0.644s] -- Install configuration: ""
[0.644s] -- Execute custom install script
[0.645s] -- Up-to-date symlink: /home/imml/git/research_2025/apple-harvest-refactor/install/ur_moveit_config/share/ur_moveit_config/config/controllers.yaml
[0.646s] -- Up-to-date symlink: /home/imml/git/research_2025/apple-harvest-refactor/install/ur_moveit_config/share/ur_moveit_config/config/joint_limits.yaml
[0.646s] -- Up-to-date symlink: /home/imml/git/research_2025/apple-harvest-refactor/install/ur_moveit_config/share/ur_moveit_config/config/kinematics.yaml
[0.646s] -- Up-to-date symlink: /home/imml/git/research_2025/apple-harvest-refactor/install/ur_moveit_config/share/ur_moveit_config/config/ompl_planning.yaml
[0.646s] -- Up-to-date symlink: /home/imml/git/research_2025/apple-harvest-refactor/install/ur_moveit_config/share/ur_moveit_config/config/ur_servo.yaml
[0.646s] -- Up-to-date symlink: /home/imml/git/research_2025/apple-harvest-refactor/install/ur_moveit_config/share/ur_moveit_config/launch/ur_moveit.launch.py
[0.646s] -- Up-to-date symlink: /home/imml/git/research_2025/apple-harvest-refactor/install/ur_moveit_config/share/ur_moveit_config/launch/ur_moveit_custom_hw.launch.py
[0.646s] -- Up-to-date symlink: /home/imml/git/research_2025/apple-harvest-refactor/install/ur_moveit_config/share/ur_moveit_config/rviz/view_robot.rviz
[0.646s] -- Up-to-date symlink: /home/imml/git/research_2025/apple-harvest-refactor/install/ur_moveit_config/share/ur_moveit_config/srdf/ur.srdf.xacro
[0.646s] -- Up-to-date symlink: /home/imml/git/research_2025/apple-harvest-refactor/install/ur_moveit_config/share/ur_moveit_config/srdf/ur_macro.srdf.xacro
[0.646s] -- Up-to-date symlink: /home/imml/git/research_2025/apple-harvest-refactor/install/ur_moveit_config/share/ur_moveit_config/environment/pythonpath.sh
[0.647s] -- Up-to-date symlink: /home/imml/git/research_2025/apple-harvest-refactor/install/ur_moveit_config/share/ur_moveit_config/environment/pythonpath.dsv
[0.649s] -- Up-to-date symlink: /home/imml/git/research_2025/apple-harvest-refactor/install/ur_moveit_config/local/lib/python3.10/dist-packages/ur_moveit_config-2.2.15-py3.10.egg-info/PKG-INFO
[0.651s] -- Up-to-date symlink: /home/imml/git/research_2025/apple-harvest-refactor/install/ur_moveit_config/local/lib/python3.10/dist-packages/ur_moveit_config-2.2.15-py3.10.egg-info/SOURCES.txt
[0.651s] -- Up-to-date symlink: /home/imml/git/research_2025/apple-harvest-refactor/install/ur_moveit_config/local/lib/python3.10/dist-packages/ur_moveit_config-2.2.15-py3.10.egg-info/dependency_links.txt
[0.651s] -- Up-to-date symlink: /home/imml/git/research_2025/apple-harvest-refactor/install/ur_moveit_config/local/lib/python3.10/dist-packages/ur_moveit_config-2.2.15-py3.10.egg-info/top_level.txt
[0.651s] -- Up-to-date symlink: /home/imml/git/research_2025/apple-harvest-refactor/install/ur_moveit_config/local/lib/python3.10/dist-packages/ur_moveit_config/__init__.py
[0.652s] -- Up-to-date symlink: /home/imml/git/research_2025/apple-harvest-refactor/install/ur_moveit_config/local/lib/python3.10/dist-packages/ur_moveit_config/launch_common.py
[0.652s] -- Up-to-date symlink: /home/imml/git/research_2025/apple-harvest-refactor/install/ur_moveit_config/local/lib/python3.10/dist-packages/launch_common.py
[0.652s] -- Up-to-date symlink: /home/imml/git/research_2025/apple-harvest-refactor/install/ur_moveit_config/share/ament_index/resource_index/package_run_dependencies/ur_moveit_config
[0.653s] -- Up-to-date symlink: /home/imml/git/research_2025/apple-harvest-refactor/install/ur_moveit_config/share/ament_index/resource_index/parent_prefix_path/ur_moveit_config
[0.656s] -- Up-to-date symlink: /home/imml/git/research_2025/apple-harvest-refactor/install/ur_moveit_config/share/ur_moveit_config/environment/ament_prefix_path.sh
[0.656s] -- Up-to-date symlink: /home/imml/git/research_2025/apple-harvest-refactor/install/ur_moveit_config/share/ur_moveit_config/environment/ament_prefix_path.dsv
[0.656s] -- Up-to-date symlink: /home/imml/git/research_2025/apple-harvest-refactor/install/ur_moveit_config/share/ur_moveit_config/environment/path.sh
[0.656s] -- Up-to-date symlink: /home/imml/git/research_2025/apple-harvest-refactor/install/ur_moveit_config/share/ur_moveit_config/environment/path.dsv
[0.656s] -- Up-to-date symlink: /home/imml/git/research_2025/apple-harvest-refactor/install/ur_moveit_config/share/ur_moveit_config/local_setup.bash
[0.657s] -- Up-to-date symlink: /home/imml/git/research_2025/apple-harvest-refactor/install/ur_moveit_config/share/ur_moveit_config/local_setup.sh
[0.657s] -- Up-to-date symlink: /home/imml/git/research_2025/apple-harvest-refactor/install/ur_moveit_config/share/ur_moveit_config/local_setup.zsh
[0.657s] -- Up-to-date symlink: /home/imml/git/research_2025/apple-harvest-refactor/install/ur_moveit_config/share/ur_moveit_config/local_setup.dsv
[0.657s] -- Symlinking: /home/imml/git/research_2025/apple-harvest-refactor/install/ur_moveit_config/share/ur_moveit_config/package.dsv
[0.660s] -- Up-to-date symlink: /home/imml/git/research_2025/apple-harvest-refactor/install/ur_moveit_config/share/ament_index/resource_index/packages/ur_moveit_config
[0.660s] -- Up-to-date symlink: /home/imml/git/research_2025/apple-harvest-refactor/install/ur_moveit_config/share/ur_moveit_config/cmake/ur_moveit_configConfig.cmake
[0.660s] -- Up-to-date symlink: /home/imml/git/research_2025/apple-harvest-refactor/install/ur_moveit_config/share/ur_moveit_config/cmake/ur_moveit_configConfig-version.cmake
[0.661s] -- Up-to-date symlink: /home/imml/git/research_2025/apple-harvest-refactor/install/ur_moveit_config/share/ur_moveit_config/package.xml
[0.688s] Listing '/home/imml/git/research_2025/apple-harvest-refactor/install/ur_moveit_config/local/lib/python3.10/dist-packages/ur_moveit_config'...
[0.748s] Invoked command in '/home/imml/git/research_2025/apple-harvest-refactor/build/ur_moveit_config' returned '0': AMENT_PREFIX_PATH=/home/imml/git/research_2025/apple-harvest-refactor/install/ur_description:${AMENT_PREFIX_PATH} CMAKE_PREFIX_PATH=/home/imml/git/research_2025/apple-harvest-refactor/install/ur_description:/home/imml/flex_tof_ws/install/flex_sensor_control:/opt/ros/humble /usr/bin/cmake --install /home/imml/git/research_2025/apple-harvest-refactor/build/ur_moveit_config
