[0.062s] Invoking command in '/home/imml/git/research_2025/apple-harvest-refactor/build/harvest_control': CMAKE_PREFIX_PATH=/home/imml/git/research_2025/apple-harvest-refactor/install/harvest_interfaces:/home/imml/git/research_2025/apple-harvest-refactor/install/ur:/home/imml/git/research_2025/apple-harvest-refactor/install/ur_calibration:/home/imml/git/research_2025/apple-harvest-refactor/install/ur_robot_driver:/home/imml/git/research_2025/apple-harvest-refactor/install/ur_moveit_config:/home/imml/git/research_2025/apple-harvest-refactor/install/ur_bringup:/home/imml/git/research_2025/apple-harvest-refactor/install/ur_description:/home/imml/git/research_2025/apple-harvest-refactor/install/ur_controllers:/home/imml/git/research_2025/apple-harvest-refactor/install/ur_dashboard_msgs:/home/imml/git/research_2025/apple-harvest-refactor/install/realsense2_description:/home/imml/git/research_2025/apple-harvest-refactor/install/realsense2_camera:/home/imml/git/research_2025/apple-harvest-refactor/install/realsense2_camera_msgs:/home/imml/git/research_2025/apple-harvest-refactor/install/harvest_control:/home/imml/git/research_2025/apple-harvest-refactor/install/harvest:/home/imml/git/research_2025/apple-harvest-refactor/install/ur5e_custom_hardware:/home/imml/git/research_2025/apple-harvest-refactor/install/harvest_vision:/opt/ros/humble LD_LIBRARY_PATH=/home/imml/git/research_2025/apple-harvest-refactor/install/harvest_interfaces/lib:/home/imml/git/research_2025/apple-harvest-refactor/install/ur_robot_driver/lib:/home/imml/git/research_2025/apple-harvest-refactor/install/ur_controllers/lib:/home/imml/git/research_2025/apple-harvest-refactor/install/ur_dashboard_msgs/lib:/home/imml/git/research_2025/apple-harvest-refactor/install/realsense2_camera/lib:/home/imml/git/research_2025/apple-harvest-refactor/install/realsense2_camera_msgs/lib:/opt/ros/humble/opt/rviz_ogre_vendor/lib:/opt/ros/humble/lib/x86_64-linux-gnu:/opt/ros/humble/lib /usr/bin/cmake --build /home/imml/git/research_2025/apple-harvest-refactor/build/harvest_control -- -j16 -l16
[0.511s] [100%] Built target move_arm
[0.511s] [100%] Built target ament_cmake_python_symlink_harvest_control
[0.629s] running egg_info
[0.634s] writing harvest_control.egg-info/PKG-INFO
[0.634s] writing dependency_links to harvest_control.egg-info/dependency_links.txt
[0.634s] writing top-level names to harvest_control.egg-info/top_level.txt
[0.636s] reading manifest file 'harvest_control.egg-info/SOURCES.txt'
[0.636s] writing manifest file 'harvest_control.egg-info/SOURCES.txt'
[0.702s] [100%] Built target ament_cmake_python_build_harvest_control_egg
[0.721s] Invoked command in '/home/imml/git/research_2025/apple-harvest-refactor/build/harvest_control' returned '0': CMAKE_PREFIX_PATH=/home/imml/git/research_2025/apple-harvest-refactor/install/harvest_interfaces:/home/imml/git/research_2025/apple-harvest-refactor/install/ur:/home/imml/git/research_2025/apple-harvest-refactor/install/ur_calibration:/home/imml/git/research_2025/apple-harvest-refactor/install/ur_robot_driver:/home/imml/git/research_2025/apple-harvest-refactor/install/ur_moveit_config:/home/imml/git/research_2025/apple-harvest-refactor/install/ur_bringup:/home/imml/git/research_2025/apple-harvest-refactor/install/ur_description:/home/imml/git/research_2025/apple-harvest-refactor/install/ur_controllers:/home/imml/git/research_2025/apple-harvest-refactor/install/ur_dashboard_msgs:/home/imml/git/research_2025/apple-harvest-refactor/install/realsense2_description:/home/imml/git/research_2025/apple-harvest-refactor/install/realsense2_camera:/home/imml/git/research_2025/apple-harvest-refactor/install/realsense2_camera_msgs:/home/imml/git/research_2025/apple-harvest-refactor/install/harvest_control:/home/imml/git/research_2025/apple-harvest-refactor/install/harvest:/home/imml/git/research_2025/apple-harvest-refactor/install/ur5e_custom_hardware:/home/imml/git/research_2025/apple-harvest-refactor/install/harvest_vision:/opt/ros/humble LD_LIBRARY_PATH=/home/imml/git/research_2025/apple-harvest-refactor/install/harvest_interfaces/lib:/home/imml/git/research_2025/apple-harvest-refactor/install/ur_robot_driver/lib:/home/imml/git/research_2025/apple-harvest-refactor/install/ur_controllers/lib:/home/imml/git/research_2025/apple-harvest-refactor/install/ur_dashboard_msgs/lib:/home/imml/git/research_2025/apple-harvest-refactor/install/realsense2_camera/lib:/home/imml/git/research_2025/apple-harvest-refactor/install/realsense2_camera_msgs/lib:/opt/ros/humble/opt/rviz_ogre_vendor/lib:/opt/ros/humble/lib/x86_64-linux-gnu:/opt/ros/humble/lib /usr/bin/cmake --build /home/imml/git/research_2025/apple-harvest-refactor/build/harvest_control -- -j16 -l16
[0.724s] Invoking command in '/home/imml/git/research_2025/apple-harvest-refactor/build/harvest_control': CMAKE_PREFIX_PATH=/home/imml/git/research_2025/apple-harvest-refactor/install/harvest_interfaces:/home/imml/git/research_2025/apple-harvest-refactor/install/ur:/home/imml/git/research_2025/apple-harvest-refactor/install/ur_calibration:/home/imml/git/research_2025/apple-harvest-refactor/install/ur_robot_driver:/home/imml/git/research_2025/apple-harvest-refactor/install/ur_moveit_config:/home/imml/git/research_2025/apple-harvest-refactor/install/ur_bringup:/home/imml/git/research_2025/apple-harvest-refactor/install/ur_description:/home/imml/git/research_2025/apple-harvest-refactor/install/ur_controllers:/home/imml/git/research_2025/apple-harvest-refactor/install/ur_dashboard_msgs:/home/imml/git/research_2025/apple-harvest-refactor/install/realsense2_description:/home/imml/git/research_2025/apple-harvest-refactor/install/realsense2_camera:/home/imml/git/research_2025/apple-harvest-refactor/install/realsense2_camera_msgs:/home/imml/git/research_2025/apple-harvest-refactor/install/harvest_control:/home/imml/git/research_2025/apple-harvest-refactor/install/harvest:/home/imml/git/research_2025/apple-harvest-refactor/install/ur5e_custom_hardware:/home/imml/git/research_2025/apple-harvest-refactor/install/harvest_vision:/opt/ros/humble LD_LIBRARY_PATH=/home/imml/git/research_2025/apple-harvest-refactor/install/harvest_interfaces/lib:/home/imml/git/research_2025/apple-harvest-refactor/install/ur_robot_driver/lib:/home/imml/git/research_2025/apple-harvest-refactor/install/ur_controllers/lib:/home/imml/git/research_2025/apple-harvest-refactor/install/ur_dashboard_msgs/lib:/home/imml/git/research_2025/apple-harvest-refactor/install/realsense2_camera/lib:/home/imml/git/research_2025/apple-harvest-refactor/install/realsense2_camera_msgs/lib:/opt/ros/humble/opt/rviz_ogre_vendor/lib:/opt/ros/humble/lib/x86_64-linux-gnu:/opt/ros/humble/lib /usr/bin/cmake --install /home/imml/git/research_2025/apple-harvest-refactor/build/harvest_control
[0.737s] -- Install configuration: ""
[0.738s] -- Execute custom install script
[0.738s] -- Up-to-date symlink: /home/imml/git/research_2025/apple-harvest-refactor/install/harvest_control/share/harvest_control/environment/pythonpath.sh
[0.739s] -- Up-to-date symlink: /home/imml/git/research_2025/apple-harvest-refactor/install/harvest_control/share/harvest_control/environment/pythonpath.dsv
[0.739s] -- Up-to-date symlink: /home/imml/git/research_2025/apple-harvest-refactor/install/harvest_control/local/lib/python3.10/dist-packages/harvest_control-0.0.0-py3.10.egg-info/PKG-INFO
[0.739s] -- Up-to-date symlink: /home/imml/git/research_2025/apple-harvest-refactor/install/harvest_control/local/lib/python3.10/dist-packages/harvest_control-0.0.0-py3.10.egg-info/SOURCES.txt
[0.740s] -- Up-to-date symlink: /home/imml/git/research_2025/apple-harvest-refactor/install/harvest_control/local/lib/python3.10/dist-packages/harvest_control-0.0.0-py3.10.egg-info/dependency_links.txt
[0.741s] -- Up-to-date symlink: /home/imml/git/research_2025/apple-harvest-refactor/install/harvest_control/local/lib/python3.10/dist-packages/harvest_control-0.0.0-py3.10.egg-info/top_level.txt
[0.741s] -- Up-to-date symlink: /home/imml/git/research_2025/apple-harvest-refactor/install/harvest_control/local/lib/python3.10/dist-packages/harvest_control/__init__.py
[0.741s] -- Up-to-date symlink: /home/imml/git/research_2025/apple-harvest-refactor/install/harvest_control/lib/harvest_control/coordinate_to_trajectory.py
[0.741s] -- Up-to-date symlink: /home/imml/git/research_2025/apple-harvest-refactor/install/harvest_control/lib/harvest_control/event_detector.py
[0.741s] -- Up-to-date symlink: /home/imml/git/research_2025/apple-harvest-refactor/install/harvest_control/lib/harvest_control/force_filter.py
[0.741s] -- Up-to-date symlink: /home/imml/git/research_2025/apple-harvest-refactor/install/harvest_control/lib/harvest_control/get_manual_apple_locations.py
[0.742s] -- Up-to-date symlink: /home/imml/git/research_2025/apple-harvest-refactor/install/harvest_control/lib/harvest_control/heuristic_controller.py
[0.742s] -- Up-to-date symlink: /home/imml/git/research_2025/apple-harvest-refactor/install/harvest_control/lib/harvest_control/linear_controller.py
[0.742s] -- Up-to-date symlink: /home/imml/git/research_2025/apple-harvest-refactor/install/harvest_control/lib/harvest_control/pose_listener.py
[0.743s] -- Up-to-date symlink: /home/imml/git/research_2025/apple-harvest-refactor/install/harvest_control/lib/harvest_control/pressure_averager.py
[0.743s] -- Up-to-date symlink: /home/imml/git/research_2025/apple-harvest-refactor/install/harvest_control/lib/harvest_control/pull_twist_controller.py
[0.743s] -- Up-to-date symlink: /home/imml/git/research_2025/apple-harvest-refactor/install/harvest_control/lib/harvest_control/visual_servo.py
[0.743s] -- Up-to-date symlink: /home/imml/git/research_2025/apple-harvest-refactor/install/harvest_control/lib/harvest_control/move_arm
[0.744s] -- Up-to-date symlink: /home/imml/git/research_2025/apple-harvest-refactor/install/harvest_control/share/harvest_control/launch/arm_control.launch.py
[0.744s] -- Up-to-date symlink: /home/imml/git/research_2025/apple-harvest-refactor/install/harvest_control/share/harvest_control/launch/arm_control_templating.launch.py
[0.745s] -- Up-to-date symlink: /home/imml/git/research_2025/apple-harvest-refactor/install/harvest_control/share/harvest_control/resource/harvest_control
[0.745s] -- Up-to-date symlink: /home/imml/git/research_2025/apple-harvest-refactor/install/harvest_control/share/harvest_control/resource/reachable_paths.npy
[0.745s] -- Up-to-date symlink: /home/imml/git/research_2025/apple-harvest-refactor/install/harvest_control/share/harvest_control/resource/reachable_paths_fine.npy
[0.746s] -- Up-to-date symlink: /home/imml/git/research_2025/apple-harvest-refactor/install/harvest_control/share/harvest_control/resource/reachable_voxel_centers.csv
[0.746s] -- Up-to-date symlink: /home/imml/git/research_2025/apple-harvest-refactor/install/harvest_control/share/harvest_control/resource/reachable_voxel_centers_fine.csv
[0.746s] -- Up-to-date symlink: /home/imml/git/research_2025/apple-harvest-refactor/install/harvest_control/share/harvest_control/resource/tree_wire_mask.json
[0.746s] -- Up-to-date symlink: /home/imml/git/research_2025/apple-harvest-refactor/install/harvest_control/share/harvest_control/resource/urdf/v_trellis_template.urdf
[0.746s] -- Up-to-date symlink: /home/imml/git/research_2025/apple-harvest-refactor/install/harvest_control/share/harvest_control/resource/urdf/v_trellis_template.xacro
[0.746s] -- Up-to-date symlink: /home/imml/git/research_2025/apple-harvest-refactor/install/harvest_control/share/harvest_control/resource/voxel_ik_data.csv
[0.747s] -- Up-to-date symlink: /home/imml/git/research_2025/apple-harvest-refactor/install/harvest_control/share/harvest_control/resource/voxel_ik_data_fine.csv
[0.747s] -- Up-to-date symlink: /home/imml/git/research_2025/apple-harvest-refactor/install/harvest_control/share/ament_index/resource_index/package_run_dependencies/harvest_control
[0.747s] -- Up-to-date symlink: /home/imml/git/research_2025/apple-harvest-refactor/install/harvest_control/share/ament_index/resource_index/parent_prefix_path/harvest_control
[0.747s] -- Up-to-date symlink: /home/imml/git/research_2025/apple-harvest-refactor/install/harvest_control/share/harvest_control/environment/ament_prefix_path.sh
[0.747s] -- Up-to-date symlink: /home/imml/git/research_2025/apple-harvest-refactor/install/harvest_control/share/harvest_control/environment/ament_prefix_path.dsv
[0.748s] -- Up-to-date symlink: /home/imml/git/research_2025/apple-harvest-refactor/install/harvest_control/share/harvest_control/environment/path.sh
[0.748s] -- Up-to-date symlink: /home/imml/git/research_2025/apple-harvest-refactor/install/harvest_control/share/harvest_control/environment/path.dsv
[0.748s] -- Up-to-date symlink: /home/imml/git/research_2025/apple-harvest-refactor/install/harvest_control/share/harvest_control/local_setup.bash
[0.748s] -- Up-to-date symlink: /home/imml/git/research_2025/apple-harvest-refactor/install/harvest_control/share/harvest_control/local_setup.sh
[0.749s] -- Up-to-date symlink: /home/imml/git/research_2025/apple-harvest-refactor/install/harvest_control/share/harvest_control/local_setup.zsh
[0.749s] -- Up-to-date symlink: /home/imml/git/research_2025/apple-harvest-refactor/install/harvest_control/share/harvest_control/local_setup.dsv
[0.750s] -- Symlinking: /home/imml/git/research_2025/apple-harvest-refactor/install/harvest_control/share/harvest_control/package.dsv
[0.765s] -- Up-to-date symlink: /home/imml/git/research_2025/apple-harvest-refactor/install/harvest_control/share/ament_index/resource_index/packages/harvest_control
[0.765s] -- Up-to-date symlink: /home/imml/git/research_2025/apple-harvest-refactor/install/harvest_control/share/harvest_control/cmake/harvest_controlConfig.cmake
[0.765s] -- Up-to-date symlink: /home/imml/git/research_2025/apple-harvest-refactor/install/harvest_control/share/harvest_control/cmake/harvest_controlConfig-version.cmake
[0.765s] -- Up-to-date symlink: /home/imml/git/research_2025/apple-harvest-refactor/install/harvest_control/share/harvest_control/package.xml
[0.812s] Listing '/home/imml/git/research_2025/apple-harvest-refactor/install/harvest_control/local/lib/python3.10/dist-packages/harvest_control'...
[0.855s] Invoked command in '/home/imml/git/research_2025/apple-harvest-refactor/build/harvest_control' returned '0': CMAKE_PREFIX_PATH=/home/imml/git/research_2025/apple-harvest-refactor/install/harvest_interfaces:/home/imml/git/research_2025/apple-harvest-refactor/install/ur:/home/imml/git/research_2025/apple-harvest-refactor/install/ur_calibration:/home/imml/git/research_2025/apple-harvest-refactor/install/ur_robot_driver:/home/imml/git/research_2025/apple-harvest-refactor/install/ur_moveit_config:/home/imml/git/research_2025/apple-harvest-refactor/install/ur_bringup:/home/imml/git/research_2025/apple-harvest-refactor/install/ur_description:/home/imml/git/research_2025/apple-harvest-refactor/install/ur_controllers:/home/imml/git/research_2025/apple-harvest-refactor/install/ur_dashboard_msgs:/home/imml/git/research_2025/apple-harvest-refactor/install/realsense2_description:/home/imml/git/research_2025/apple-harvest-refactor/install/realsense2_camera:/home/imml/git/research_2025/apple-harvest-refactor/install/realsense2_camera_msgs:/home/imml/git/research_2025/apple-harvest-refactor/install/harvest_control:/home/imml/git/research_2025/apple-harvest-refactor/install/harvest:/home/imml/git/research_2025/apple-harvest-refactor/install/ur5e_custom_hardware:/home/imml/git/research_2025/apple-harvest-refactor/install/harvest_vision:/opt/ros/humble LD_LIBRARY_PATH=/home/imml/git/research_2025/apple-harvest-refactor/install/harvest_interfaces/lib:/home/imml/git/research_2025/apple-harvest-refactor/install/ur_robot_driver/lib:/home/imml/git/research_2025/apple-harvest-refactor/install/ur_controllers/lib:/home/imml/git/research_2025/apple-harvest-refactor/install/ur_dashboard_msgs/lib:/home/imml/git/research_2025/apple-harvest-refactor/install/realsense2_camera/lib:/home/imml/git/research_2025/apple-harvest-refactor/install/realsense2_camera_msgs/lib:/opt/ros/humble/opt/rviz_ogre_vendor/lib:/opt/ros/humble/lib/x86_64-linux-gnu:/opt/ros/humble/lib /usr/bin/cmake --install /home/imml/git/research_2025/apple-harvest-refactor/build/harvest_control
