[0.560s] Invoking command in '/home/imml/git/research_2025/apple-harvest-refactor/build/harvest_vision': AMENT_PREFIX_PATH=/home/imml/git/research_2025/apple-harvest-refactor/install/harvest_interfaces:${AMENT_PREFIX_PATH} CMAKE_PREFIX_PATH=/home/imml/git/research_2025/apple-harvest-refactor/install/harvest_interfaces:${CMAKE_PREFIX_PATH} LD_LIBRARY_PATH=/home/imml/git/research_2025/apple-harvest-refactor/install/harvest_interfaces/lib:${LD_LIBRARY_PATH} PYTHONPATH=/home/imml/git/research_2025/apple-harvest-refactor/build/harvest_vision/prefix_override:/usr/lib/python3/dist-packages/colcon_core/task/python/colcon_distutils_commands:/home/imml/git/research_2025/apple-harvest-refactor/install/harvest_vision/lib/python3.10/site-packages:/home/imml/git/research_2025/apple-harvest-refactor/install/harvest_interfaces/local/lib/python3.10/dist-packages:${PYTHONPATH} /usr/bin/python3 -W ignore:setup.py install is deprecated -W ignore:easy_install command is deprecated setup.py develop --editable --build-directory /home/imml/git/research_2025/apple-harvest-refactor/build/harvest_vision/build --no-deps symlink_data
[0.796s] running develop
[0.976s] running egg_info
[0.976s] creating harvest_vision.egg-info
[0.976s] writing harvest_vision.egg-info/PKG-INFO
[0.976s] writing dependency_links to harvest_vision.egg-info/dependency_links.txt
[0.977s] writing entry points to harvest_vision.egg-info/entry_points.txt
[0.977s] writing requirements to harvest_vision.egg-info/requires.txt
[0.977s] writing top-level names to harvest_vision.egg-info/top_level.txt
[0.977s] writing manifest file 'harvest_vision.egg-info/SOURCES.txt'
[0.979s] reading manifest file 'harvest_vision.egg-info/SOURCES.txt'
[0.980s] writing manifest file 'harvest_vision.egg-info/SOURCES.txt'
[0.981s] running build_ext
[0.982s] Creating /home/imml/git/research_2025/apple-harvest-refactor/install/harvest_vision/lib/python3.10/site-packages/harvest-vision.egg-link (link to .)
[0.982s] Installing apple_prediction script to /home/imml/git/research_2025/apple-harvest-refactor/install/harvest_vision/lib/harvest_vision
[0.982s] Installing apple_prediction_presaved_images script to /home/imml/git/research_2025/apple-harvest-refactor/install/harvest_vision/lib/harvest_vision
[0.982s] Installing voxelize_scan script to /home/imml/git/research_2025/apple-harvest-refactor/install/harvest_vision/lib/harvest_vision
[0.983s] 
[0.983s] Installed /home/imml/git/research_2025/apple-harvest-refactor/build/harvest_vision
[0.983s] running symlink_data
[0.983s] creating /home/imml/git/research_2025/apple-harvest-refactor/install/harvest_vision/share/ament_index
[0.983s] creating /home/imml/git/research_2025/apple-harvest-refactor/install/harvest_vision/share/ament_index/resource_index
[0.983s] creating /home/imml/git/research_2025/apple-harvest-refactor/install/harvest_vision/share/ament_index/resource_index/packages
[0.983s] symbolically linking /home/imml/git/research_2025/apple-harvest-refactor/build/harvest_vision/resource/harvest_vision -> /home/imml/git/research_2025/apple-harvest-refactor/install/harvest_vision/share/ament_index/resource_index/packages
[0.983s] symbolically linking /home/imml/git/research_2025/apple-harvest-refactor/build/harvest_vision/package.xml -> /home/imml/git/research_2025/apple-harvest-refactor/install/harvest_vision/share/harvest_vision
[0.983s] creating /home/imml/git/research_2025/apple-harvest-refactor/install/harvest_vision/share/harvest_vision/launch
[0.983s] creating /home/imml/git/research_2025/apple-harvest-refactor/install/harvest_vision/share/harvest_vision/yolo_networks
[0.983s] symbolically linking /home/imml/git/research_2025/apple-harvest-refactor/build/harvest_vision/yolo_networks/best-merged-apples-thlo-merged-wsu-v8s.pt -> /home/imml/git/research_2025/apple-harvest-refactor/install/harvest_vision/share/harvest_vision/yolo_networks
[0.983s] symbolically linking /home/imml/git/research_2025/apple-harvest-refactor/build/harvest_vision/yolo_networks/best-merged-apples-thlo-merged-wsu-v8m.pt -> /home/imml/git/research_2025/apple-harvest-refactor/install/harvest_vision/share/harvest_vision/yolo_networks
[0.983s] symbolically linking /home/imml/git/research_2025/apple-harvest-refactor/build/harvest_vision/yolo_networks/best-merged-apples-thlo-merged-wsu-v9c.pt -> /home/imml/git/research_2025/apple-harvest-refactor/install/harvest_vision/share/harvest_vision/yolo_networks
[0.984s] symbolically linking /home/imml/git/research_2025/apple-harvest-refactor/build/harvest_vision/yolo_networks/best-merged-apples-thlo-merged-wsu-v8n.pt -> /home/imml/git/research_2025/apple-harvest-refactor/install/harvest_vision/share/harvest_vision/yolo_networks
[0.984s] symbolically linking /home/imml/git/research_2025/apple-harvest-refactor/build/harvest_vision/yolo_networks/best_segmentation.pt -> /home/imml/git/research_2025/apple-harvest-refactor/install/harvest_vision/share/harvest_vision/yolo_networks
[0.984s] symbolically linking /home/imml/git/research_2025/apple-harvest-refactor/build/harvest_vision/yolo_networks/best-merged-apples-thlo-merged-wsu-v8l.pt -> /home/imml/git/research_2025/apple-harvest-refactor/install/harvest_vision/share/harvest_vision/yolo_networks
[0.984s] creating /home/imml/git/research_2025/apple-harvest-refactor/install/harvest_vision/share/harvest_vision/data
[0.984s] creating /home/imml/git/research_2025/apple-harvest-refactor/install/harvest_vision/share/harvest_vision/data/prosser_a
[0.984s] symbolically linking /home/imml/git/research_2025/apple-harvest-refactor/build/harvest_vision/data/prosser_a/depth_to_color.png -> /home/imml/git/research_2025/apple-harvest-refactor/install/harvest_vision/share/harvest_vision/data/prosser_a
[0.984s] symbolically linking /home/imml/git/research_2025/apple-harvest-refactor/build/harvest_vision/data/prosser_a/pointcloud.ply -> /home/imml/git/research_2025/apple-harvest-refactor/install/harvest_vision/share/harvest_vision/data/prosser_a
[0.984s] symbolically linking /home/imml/git/research_2025/apple-harvest-refactor/build/harvest_vision/data/prosser_a/color_raw.png -> /home/imml/git/research_2025/apple-harvest-refactor/install/harvest_vision/share/harvest_vision/data/prosser_a
[0.984s] creating /home/imml/git/research_2025/apple-harvest-refactor/install/harvest_vision/share/harvest_vision/data/prosser_b
[0.984s] symbolically linking /home/imml/git/research_2025/apple-harvest-refactor/build/harvest_vision/data/prosser_b/depth_to_color.png -> /home/imml/git/research_2025/apple-harvest-refactor/install/harvest_vision/share/harvest_vision/data/prosser_b
[0.984s] symbolically linking /home/imml/git/research_2025/apple-harvest-refactor/build/harvest_vision/data/prosser_b/pointcloud.ply -> /home/imml/git/research_2025/apple-harvest-refactor/install/harvest_vision/share/harvest_vision/data/prosser_b
[0.985s] symbolically linking /home/imml/git/research_2025/apple-harvest-refactor/build/harvest_vision/data/prosser_b/color_raw.png -> /home/imml/git/research_2025/apple-harvest-refactor/install/harvest_vision/share/harvest_vision/data/prosser_b
[0.985s] creating /home/imml/git/research_2025/apple-harvest-refactor/install/harvest_vision/share/harvest_vision/data/prosser_c
[0.985s] symbolically linking /home/imml/git/research_2025/apple-harvest-refactor/build/harvest_vision/data/prosser_c/depth_to_color.png -> /home/imml/git/research_2025/apple-harvest-refactor/install/harvest_vision/share/harvest_vision/data/prosser_c
[0.985s] symbolically linking /home/imml/git/research_2025/apple-harvest-refactor/build/harvest_vision/data/prosser_c/pointcloud.ply -> /home/imml/git/research_2025/apple-harvest-refactor/install/harvest_vision/share/harvest_vision/data/prosser_c
[0.985s] symbolically linking /home/imml/git/research_2025/apple-harvest-refactor/build/harvest_vision/data/prosser_c/color_raw.png -> /home/imml/git/research_2025/apple-harvest-refactor/install/harvest_vision/share/harvest_vision/data/prosser_c
[0.985s] creating /home/imml/git/research_2025/apple-harvest-refactor/install/harvest_vision/share/harvest_vision/data/prosser_d
[0.985s] symbolically linking /home/imml/git/research_2025/apple-harvest-refactor/build/harvest_vision/data/prosser_d/depth_to_color.png -> /home/imml/git/research_2025/apple-harvest-refactor/install/harvest_vision/share/harvest_vision/data/prosser_d
[0.985s] symbolically linking /home/imml/git/research_2025/apple-harvest-refactor/build/harvest_vision/data/prosser_d/pointcloud.ply -> /home/imml/git/research_2025/apple-harvest-refactor/install/harvest_vision/share/harvest_vision/data/prosser_d
[0.985s] symbolically linking /home/imml/git/research_2025/apple-harvest-refactor/build/harvest_vision/data/prosser_d/color_raw.png -> /home/imml/git/research_2025/apple-harvest-refactor/install/harvest_vision/share/harvest_vision/data/prosser_d
[0.985s] creating /home/imml/git/research_2025/apple-harvest-refactor/install/harvest_vision/share/harvest_vision/data/prosser_e
[0.985s] symbolically linking /home/imml/git/research_2025/apple-harvest-refactor/build/harvest_vision/data/prosser_e/depth_to_color.png -> /home/imml/git/research_2025/apple-harvest-refactor/install/harvest_vision/share/harvest_vision/data/prosser_e
[0.986s] symbolically linking /home/imml/git/research_2025/apple-harvest-refactor/build/harvest_vision/data/prosser_e/pointcloud.ply -> /home/imml/git/research_2025/apple-harvest-refactor/install/harvest_vision/share/harvest_vision/data/prosser_e
[0.986s] symbolically linking /home/imml/git/research_2025/apple-harvest-refactor/build/harvest_vision/data/prosser_e/color_raw.png -> /home/imml/git/research_2025/apple-harvest-refactor/install/harvest_vision/share/harvest_vision/data/prosser_e
[0.986s] creating /home/imml/git/research_2025/apple-harvest-refactor/install/harvest_vision/share/harvest_vision/data/prosser_f
[0.986s] symbolically linking /home/imml/git/research_2025/apple-harvest-refactor/build/harvest_vision/data/prosser_f/depth_to_color.png -> /home/imml/git/research_2025/apple-harvest-refactor/install/harvest_vision/share/harvest_vision/data/prosser_f
[0.986s] symbolically linking /home/imml/git/research_2025/apple-harvest-refactor/build/harvest_vision/data/prosser_f/pointcloud.ply -> /home/imml/git/research_2025/apple-harvest-refactor/install/harvest_vision/share/harvest_vision/data/prosser_f
[0.986s] symbolically linking /home/imml/git/research_2025/apple-harvest-refactor/build/harvest_vision/data/prosser_f/color_raw.png -> /home/imml/git/research_2025/apple-harvest-refactor/install/harvest_vision/share/harvest_vision/data/prosser_f
[0.986s] creating /home/imml/git/research_2025/apple-harvest-refactor/install/harvest_vision/share/harvest_vision/data/prosser_g
[0.986s] symbolically linking /home/imml/git/research_2025/apple-harvest-refactor/build/harvest_vision/data/prosser_g/depth_to_color.png -> /home/imml/git/research_2025/apple-harvest-refactor/install/harvest_vision/share/harvest_vision/data/prosser_g
[0.987s] symbolically linking /home/imml/git/research_2025/apple-harvest-refactor/build/harvest_vision/data/prosser_g/pointcloud.ply -> /home/imml/git/research_2025/apple-harvest-refactor/install/harvest_vision/share/harvest_vision/data/prosser_g
[0.987s] symbolically linking /home/imml/git/research_2025/apple-harvest-refactor/build/harvest_vision/data/prosser_g/color_raw.png -> /home/imml/git/research_2025/apple-harvest-refactor/install/harvest_vision/share/harvest_vision/data/prosser_g
[0.987s] creating /home/imml/git/research_2025/apple-harvest-refactor/install/harvest_vision/share/harvest_vision/data/prosser_h
[0.987s] symbolically linking /home/imml/git/research_2025/apple-harvest-refactor/build/harvest_vision/data/prosser_h/depth_to_color.png -> /home/imml/git/research_2025/apple-harvest-refactor/install/harvest_vision/share/harvest_vision/data/prosser_h
[0.987s] symbolically linking /home/imml/git/research_2025/apple-harvest-refactor/build/harvest_vision/data/prosser_h/pointcloud.ply -> /home/imml/git/research_2025/apple-harvest-refactor/install/harvest_vision/share/harvest_vision/data/prosser_h
[0.987s] symbolically linking /home/imml/git/research_2025/apple-harvest-refactor/build/harvest_vision/data/prosser_h/color_raw.png -> /home/imml/git/research_2025/apple-harvest-refactor/install/harvest_vision/share/harvest_vision/data/prosser_h
[0.987s] creating /home/imml/git/research_2025/apple-harvest-refactor/install/harvest_vision/share/harvest_vision/data/prosser_i
[0.987s] symbolically linking /home/imml/git/research_2025/apple-harvest-refactor/build/harvest_vision/data/prosser_i/depth_to_color.png -> /home/imml/git/research_2025/apple-harvest-refactor/install/harvest_vision/share/harvest_vision/data/prosser_i
[0.987s] symbolically linking /home/imml/git/research_2025/apple-harvest-refactor/build/harvest_vision/data/prosser_i/pointcloud.ply -> /home/imml/git/research_2025/apple-harvest-refactor/install/harvest_vision/share/harvest_vision/data/prosser_i
[0.988s] symbolically linking /home/imml/git/research_2025/apple-harvest-refactor/build/harvest_vision/data/prosser_i/color_raw.png -> /home/imml/git/research_2025/apple-harvest-refactor/install/harvest_vision/share/harvest_vision/data/prosser_i
[0.988s] creating /home/imml/git/research_2025/apple-harvest-refactor/install/harvest_vision/share/harvest_vision/data/prosser_j
[0.988s] symbolically linking /home/imml/git/research_2025/apple-harvest-refactor/build/harvest_vision/data/prosser_j/depth_to_color.png -> /home/imml/git/research_2025/apple-harvest-refactor/install/harvest_vision/share/harvest_vision/data/prosser_j
[0.988s] symbolically linking /home/imml/git/research_2025/apple-harvest-refactor/build/harvest_vision/data/prosser_j/pointcloud.ply -> /home/imml/git/research_2025/apple-harvest-refactor/install/harvest_vision/share/harvest_vision/data/prosser_j
[0.988s] symbolically linking /home/imml/git/research_2025/apple-harvest-refactor/build/harvest_vision/data/prosser_j/color_raw.png -> /home/imml/git/research_2025/apple-harvest-refactor/install/harvest_vision/share/harvest_vision/data/prosser_j
[1.039s] Invoked command in '/home/imml/git/research_2025/apple-harvest-refactor/build/harvest_vision' returned '0': AMENT_PREFIX_PATH=/home/imml/git/research_2025/apple-harvest-refactor/install/harvest_interfaces:${AMENT_PREFIX_PATH} CMAKE_PREFIX_PATH=/home/imml/git/research_2025/apple-harvest-refactor/install/harvest_interfaces:${CMAKE_PREFIX_PATH} LD_LIBRARY_PATH=/home/imml/git/research_2025/apple-harvest-refactor/install/harvest_interfaces/lib:${LD_LIBRARY_PATH} PYTHONPATH=/home/imml/git/research_2025/apple-harvest-refactor/build/harvest_vision/prefix_override:/usr/lib/python3/dist-packages/colcon_core/task/python/colcon_distutils_commands:/home/imml/git/research_2025/apple-harvest-refactor/install/harvest_vision/lib/python3.10/site-packages:/home/imml/git/research_2025/apple-harvest-refactor/install/harvest_interfaces/local/lib/python3.10/dist-packages:${PYTHONPATH} /usr/bin/python3 -W ignore:setup.py install is deprecated -W ignore:easy_install command is deprecated setup.py develop --editable --build-directory /home/imml/git/research_2025/apple-harvest-refactor/build/harvest_vision/build --no-deps symlink_data
