[0.008s] Invoking command in '/home/imml/git/research_2025/apple-harvest-refactor/build/ur_moveit_config': AMENT_PREFIX_PATH=/home/imml/git/research_2025/apple-harvest-refactor/install/ur_description:${AMENT_PREFIX_PATH} CMAKE_PREFIX_PATH=/home/imml/git/research_2025/apple-harvest-refactor/install/ur_description:/opt/ros/humble /usr/bin/cmake --build /home/imml/git/research_2025/apple-harvest-refactor/build/ur_moveit_config -- -j16 -l16
[0.070s] Built target ament_cmake_python_symlink_ur_moveit_config
[0.305s] running egg_info
[0.305s] writing ur_moveit_config.egg-info/PKG-INFO
[0.305s] writing dependency_links to ur_moveit_config.egg-info/dependency_links.txt
[0.306s] writing top-level names to ur_moveit_config.egg-info/top_level.txt
[0.307s] reading manifest file 'ur_moveit_config.egg-info/SOURCES.txt'
[0.308s] writing manifest file 'ur_moveit_config.egg-info/SOURCES.txt'
[0.347s] Built target ament_cmake_python_build_ur_moveit_config_egg
[0.493s] Invoked command in '/home/imml/git/research_2025/apple-harvest-refactor/build/ur_moveit_config' returned '0': AMENT_PREFIX_PATH=/home/imml/git/research_2025/apple-harvest-refactor/install/ur_description:${AMENT_PREFIX_PATH} CMAKE_PREFIX_PATH=/home/imml/git/research_2025/apple-harvest-refactor/install/ur_description:/opt/ros/humble /usr/bin/cmake --build /home/imml/git/research_2025/apple-harvest-refactor/build/ur_moveit_config -- -j16 -l16
[0.495s] Invoking command in '/home/imml/git/research_2025/apple-harvest-refactor/build/ur_moveit_config': AMENT_PREFIX_PATH=/home/imml/git/research_2025/apple-harvest-refactor/install/ur_description:${AMENT_PREFIX_PATH} CMAKE_PREFIX_PATH=/home/imml/git/research_2025/apple-harvest-refactor/install/ur_description:/opt/ros/humble /usr/bin/cmake --install /home/imml/git/research_2025/apple-harvest-refactor/build/ur_moveit_config
[0.507s] -- Install configuration: ""
[0.507s] -- Execute custom install script
[0.507s] -- Up-to-date symlink: /home/imml/git/research_2025/apple-harvest-refactor/install/ur_moveit_config/share/ur_moveit_config/config/controllers.yaml
[0.508s] -- Up-to-date symlink: /home/imml/git/research_2025/apple-harvest-refactor/install/ur_moveit_config/share/ur_moveit_config/config/joint_limits.yaml
[0.508s] -- Up-to-date symlink: /home/imml/git/research_2025/apple-harvest-refactor/install/ur_moveit_config/share/ur_moveit_config/config/kinematics.yaml
[0.508s] -- Up-to-date symlink: /home/imml/git/research_2025/apple-harvest-refactor/install/ur_moveit_config/share/ur_moveit_config/config/ompl_planning.yaml
[0.508s] -- Up-to-date symlink: /home/imml/git/research_2025/apple-harvest-refactor/install/ur_moveit_config/share/ur_moveit_config/config/ur_servo.yaml
[0.509s] -- Up-to-date symlink: /home/imml/git/research_2025/apple-harvest-refactor/install/ur_moveit_config/share/ur_moveit_config/launch/ur_moveit.launch.py
[0.509s] -- Up-to-date symlink: /home/imml/git/research_2025/apple-harvest-refactor/install/ur_moveit_config/share/ur_moveit_config/launch/ur_moveit_custom_hw.launch.py
[0.509s] -- Up-to-date symlink: /home/imml/git/research_2025/apple-harvest-refactor/install/ur_moveit_config/share/ur_moveit_config/rviz/view_robot.rviz
[0.510s] -- Up-to-date symlink: /home/imml/git/research_2025/apple-harvest-refactor/install/ur_moveit_config/share/ur_moveit_config/srdf/ur.srdf.xacro
[0.510s] -- Up-to-date symlink: /home/imml/git/research_2025/apple-harvest-refactor/install/ur_moveit_config/share/ur_moveit_config/srdf/ur_macro.srdf.xacro
[0.510s] -- Up-to-date symlink: /home/imml/git/research_2025/apple-harvest-refactor/install/ur_moveit_config/share/ur_moveit_config/environment/pythonpath.sh
[0.510s] -- Up-to-date symlink: /home/imml/git/research_2025/apple-harvest-refactor/install/ur_moveit_config/share/ur_moveit_config/environment/pythonpath.dsv
[0.510s] -- Up-to-date symlink: /home/imml/git/research_2025/apple-harvest-refactor/install/ur_moveit_config/local/lib/python3.10/dist-packages/ur_moveit_config-2.2.15-py3.10.egg-info/PKG-INFO
[0.510s] -- Up-to-date symlink: /home/imml/git/research_2025/apple-harvest-refactor/install/ur_moveit_config/local/lib/python3.10/dist-packages/ur_moveit_config-2.2.15-py3.10.egg-info/SOURCES.txt
[0.511s] -- Up-to-date symlink: /home/imml/git/research_2025/apple-harvest-refactor/install/ur_moveit_config/local/lib/python3.10/dist-packages/ur_moveit_config-2.2.15-py3.10.egg-info/dependency_links.txt
[0.511s] -- Up-to-date symlink: /home/imml/git/research_2025/apple-harvest-refactor/install/ur_moveit_config/local/lib/python3.10/dist-packages/ur_moveit_config-2.2.15-py3.10.egg-info/top_level.txt
[0.511s] -- Up-to-date symlink: /home/imml/git/research_2025/apple-harvest-refactor/install/ur_moveit_config/local/lib/python3.10/dist-packages/ur_moveit_config/__init__.py
[0.511s] -- Up-to-date symlink: /home/imml/git/research_2025/apple-harvest-refactor/install/ur_moveit_config/local/lib/python3.10/dist-packages/ur_moveit_config/launch_common.py
[0.511s] -- Up-to-date symlink: /home/imml/git/research_2025/apple-harvest-refactor/install/ur_moveit_config/local/lib/python3.10/dist-packages/launch_common.py
[0.511s] -- Up-to-date symlink: /home/imml/git/research_2025/apple-harvest-refactor/install/ur_moveit_config/share/ament_index/resource_index/package_run_dependencies/ur_moveit_config
[0.511s] -- Up-to-date symlink: /home/imml/git/research_2025/apple-harvest-refactor/install/ur_moveit_config/share/ament_index/resource_index/parent_prefix_path/ur_moveit_config
[0.512s] -- Up-to-date symlink: /home/imml/git/research_2025/apple-harvest-refactor/install/ur_moveit_config/share/ur_moveit_config/environment/ament_prefix_path.sh
[0.512s] -- Up-to-date symlink: /home/imml/git/research_2025/apple-harvest-refactor/install/ur_moveit_config/share/ur_moveit_config/environment/ament_prefix_path.dsv
[0.512s] -- Up-to-date symlink: /home/imml/git/research_2025/apple-harvest-refactor/install/ur_moveit_config/share/ur_moveit_config/environment/path.sh
[0.512s] -- Up-to-date symlink: /home/imml/git/research_2025/apple-harvest-refactor/install/ur_moveit_config/share/ur_moveit_config/environment/path.dsv
[0.512s] -- Up-to-date symlink: /home/imml/git/research_2025/apple-harvest-refactor/install/ur_moveit_config/share/ur_moveit_config/local_setup.bash
[0.512s] -- Up-to-date symlink: /home/imml/git/research_2025/apple-harvest-refactor/install/ur_moveit_config/share/ur_moveit_config/local_setup.sh
[0.512s] -- Up-to-date symlink: /home/imml/git/research_2025/apple-harvest-refactor/install/ur_moveit_config/share/ur_moveit_config/local_setup.zsh
[0.513s] -- Up-to-date symlink: /home/imml/git/research_2025/apple-harvest-refactor/install/ur_moveit_config/share/ur_moveit_config/local_setup.dsv
[0.513s] -- Symlinking: /home/imml/git/research_2025/apple-harvest-refactor/install/ur_moveit_config/share/ur_moveit_config/package.dsv
[0.520s] -- Up-to-date symlink: /home/imml/git/research_2025/apple-harvest-refactor/install/ur_moveit_config/share/ament_index/resource_index/packages/ur_moveit_config
[0.521s] -- Up-to-date symlink: /home/imml/git/research_2025/apple-harvest-refactor/install/ur_moveit_config/share/ur_moveit_config/cmake/ur_moveit_configConfig.cmake
[0.521s] -- Up-to-date symlink: /home/imml/git/research_2025/apple-harvest-refactor/install/ur_moveit_config/share/ur_moveit_config/cmake/ur_moveit_configConfig-version.cmake
[0.521s] -- Up-to-date symlink: /home/imml/git/research_2025/apple-harvest-refactor/install/ur_moveit_config/share/ur_moveit_config/package.xml
[0.563s] Listing '/home/imml/git/research_2025/apple-harvest-refactor/install/ur_moveit_config/local/lib/python3.10/dist-packages/ur_moveit_config'...
[0.615s] Invoked command in '/home/imml/git/research_2025/apple-harvest-refactor/build/ur_moveit_config' returned '0': AMENT_PREFIX_PATH=/home/imml/git/research_2025/apple-harvest-refactor/install/ur_description:${AMENT_PREFIX_PATH} CMAKE_PREFIX_PATH=/home/imml/git/research_2025/apple-harvest-refactor/install/ur_description:/opt/ros/humble /usr/bin/cmake --install /home/imml/git/research_2025/apple-harvest-refactor/build/ur_moveit_config
