[0.052s] Invoking command in '/home/imml/git/research_2025/apple-harvest-refactor/build/ur_controllers': AMENT_PREFIX_PATH=/home/imml/git/research_2025/apple-harvest-refactor/install/ur_dashboard_msgs:${AMENT_PREFIX_PATH} CMAKE_PREFIX_PATH=/home/imml/git/research_2025/apple-harvest-refactor/install/ur_dashboard_msgs:/opt/ros/humble LD_LIBRARY_PATH=/home/imml/git/research_2025/apple-harvest-refactor/install/ur_dashboard_msgs/lib:${LD_LIBRARY_PATH} PYTHONPATH=/home/imml/git/research_2025/apple-harvest-refactor/install/ur_dashboard_msgs/local/lib/python3.10/dist-packages:${PYTHONPATH} /usr/bin/cmake --build /home/imml/git/research_2025/apple-harvest-refactor/build/ur_controllers -- -j16 -l16
[0.134s] [ 20%] Built target gpio_controller_parameters
[0.134s] [ 40%] Built target scaled_joint_trajectory_controller_parameters
[0.139s] [ 60%] Built target speed_scaling_state_broadcaster_parameters
[0.186s] [100%] Built target ur_controllers
[0.404s] Invoked command in '/home/imml/git/research_2025/apple-harvest-refactor/build/ur_controllers' returned '0': AMENT_PREFIX_PATH=/home/imml/git/research_2025/apple-harvest-refactor/install/ur_dashboard_msgs:${AMENT_PREFIX_PATH} CMAKE_PREFIX_PATH=/home/imml/git/research_2025/apple-harvest-refactor/install/ur_dashboard_msgs:/opt/ros/humble LD_LIBRARY_PATH=/home/imml/git/research_2025/apple-harvest-refactor/install/ur_dashboard_msgs/lib:${LD_LIBRARY_PATH} PYTHONPATH=/home/imml/git/research_2025/apple-harvest-refactor/install/ur_dashboard_msgs/local/lib/python3.10/dist-packages:${PYTHONPATH} /usr/bin/cmake --build /home/imml/git/research_2025/apple-harvest-refactor/build/ur_controllers -- -j16 -l16
[0.405s] Invoking command in '/home/imml/git/research_2025/apple-harvest-refactor/build/ur_controllers': AMENT_PREFIX_PATH=/home/imml/git/research_2025/apple-harvest-refactor/install/ur_dashboard_msgs:${AMENT_PREFIX_PATH} CMAKE_PREFIX_PATH=/home/imml/git/research_2025/apple-harvest-refactor/install/ur_dashboard_msgs:/opt/ros/humble LD_LIBRARY_PATH=/home/imml/git/research_2025/apple-harvest-refactor/install/ur_dashboard_msgs/lib:${LD_LIBRARY_PATH} PYTHONPATH=/home/imml/git/research_2025/apple-harvest-refactor/install/ur_dashboard_msgs/local/lib/python3.10/dist-packages:${PYTHONPATH} /usr/bin/cmake --install /home/imml/git/research_2025/apple-harvest-refactor/build/ur_controllers
[0.422s] -- Install configuration: ""
[0.422s] -- Execute custom install script
[0.426s] -- Up-to-date symlink: /home/imml/git/research_2025/apple-harvest-refactor/install/ur_controllers/include/ur_controllers/gpio_controller_parameters.hpp
[0.427s] -- Up-to-date symlink: /home/imml/git/research_2025/apple-harvest-refactor/install/ur_controllers/include/ur_controllers/scaled_joint_trajectory_controller_parameters.hpp
[0.427s] -- Up-to-date symlink: /home/imml/git/research_2025/apple-harvest-refactor/install/ur_controllers/include/ur_controllers/speed_scaling_state_broadcaster_parameters.hpp
[0.428s] -- Up-to-date symlink: /home/imml/git/research_2025/apple-harvest-refactor/install/ur_controllers/include/ur_controllers/gpio_controller_parameters.hpp
[0.429s] -- Up-to-date symlink: /home/imml/git/research_2025/apple-harvest-refactor/install/ur_controllers/include/ur_controllers/scaled_joint_trajectory_controller_parameters.hpp
[0.429s] -- Up-to-date symlink: /home/imml/git/research_2025/apple-harvest-refactor/install/ur_controllers/include/ur_controllers/speed_scaling_state_broadcaster_parameters.hpp
[0.429s] -- Up-to-date symlink: /home/imml/git/research_2025/apple-harvest-refactor/install/ur_controllers/include/ur_controllers/gpio_controller_parameters.hpp
[0.430s] -- Up-to-date symlink: /home/imml/git/research_2025/apple-harvest-refactor/install/ur_controllers/include/ur_controllers/scaled_joint_trajectory_controller_parameters.hpp
[0.430s] -- Up-to-date symlink: /home/imml/git/research_2025/apple-harvest-refactor/install/ur_controllers/include/ur_controllers/speed_scaling_state_broadcaster_parameters.hpp
[0.430s] -- Up-to-date symlink: /home/imml/git/research_2025/apple-harvest-refactor/install/ur_controllers/share/ur_controllers//controller_plugins.xml
[0.431s] -- Up-to-date symlink: /home/imml/git/research_2025/apple-harvest-refactor/install/ur_controllers/lib/libur_controllers.so
[0.433s] -- Up-to-date symlink: /home/imml/git/research_2025/apple-harvest-refactor/install/ur_controllers/include/ur_controllers/gpio_controller.hpp
[0.433s] -- Up-to-date symlink: /home/imml/git/research_2025/apple-harvest-refactor/install/ur_controllers/include/ur_controllers/scaled_joint_trajectory_controller.hpp
[0.433s] -- Up-to-date symlink: /home/imml/git/research_2025/apple-harvest-refactor/install/ur_controllers/include/ur_controllers/speed_scaling_state_broadcaster.hpp
[0.434s] -- Up-to-date symlink: /home/imml/git/research_2025/apple-harvest-refactor/install/ur_controllers/share/ur_controllers/controller_plugins.xml
[0.434s] -- Up-to-date symlink: /home/imml/git/research_2025/apple-harvest-refactor/install/ur_controllers/share/ur_controllers/environment/library_path.sh
[0.435s] -- Up-to-date symlink: /home/imml/git/research_2025/apple-harvest-refactor/install/ur_controllers/share/ur_controllers/environment/library_path.dsv
[0.435s] -- Up-to-date symlink: /home/imml/git/research_2025/apple-harvest-refactor/install/ur_controllers/share/ament_index/resource_index/package_run_dependencies/ur_controllers
[0.435s] -- Up-to-date symlink: /home/imml/git/research_2025/apple-harvest-refactor/install/ur_controllers/share/ament_index/resource_index/parent_prefix_path/ur_controllers
[0.435s] -- Up-to-date symlink: /home/imml/git/research_2025/apple-harvest-refactor/install/ur_controllers/share/ur_controllers/environment/ament_prefix_path.sh
[0.435s] -- Up-to-date symlink: /home/imml/git/research_2025/apple-harvest-refactor/install/ur_controllers/share/ur_controllers/environment/ament_prefix_path.dsv
[0.435s] -- Up-to-date symlink: /home/imml/git/research_2025/apple-harvest-refactor/install/ur_controllers/share/ur_controllers/environment/path.sh
[0.435s] -- Up-to-date symlink: /home/imml/git/research_2025/apple-harvest-refactor/install/ur_controllers/share/ur_controllers/environment/path.dsv
[0.435s] -- Up-to-date symlink: /home/imml/git/research_2025/apple-harvest-refactor/install/ur_controllers/share/ur_controllers/local_setup.bash
[0.436s] -- Up-to-date symlink: /home/imml/git/research_2025/apple-harvest-refactor/install/ur_controllers/share/ur_controllers/local_setup.sh
[0.436s] -- Up-to-date symlink: /home/imml/git/research_2025/apple-harvest-refactor/install/ur_controllers/share/ur_controllers/local_setup.zsh
[0.436s] -- Up-to-date symlink: /home/imml/git/research_2025/apple-harvest-refactor/install/ur_controllers/share/ur_controllers/local_setup.dsv
[0.436s] -- Symlinking: /home/imml/git/research_2025/apple-harvest-refactor/install/ur_controllers/share/ur_controllers/package.dsv
[0.444s] -- Up-to-date symlink: /home/imml/git/research_2025/apple-harvest-refactor/install/ur_controllers/share/ament_index/resource_index/packages/ur_controllers
[0.444s] -- Up-to-date symlink: /home/imml/git/research_2025/apple-harvest-refactor/install/ur_controllers/share/ament_index/resource_index/controller_interface__pluginlib__plugin/ur_controllers
[0.444s] -- Up-to-date symlink: /home/imml/git/research_2025/apple-harvest-refactor/install/ur_controllers/share/ur_controllers/cmake/ament_cmake_export_dependencies-extras.cmake
[0.445s] -- Up-to-date symlink: /home/imml/git/research_2025/apple-harvest-refactor/install/ur_controllers/share/ur_controllers/cmake/ament_cmake_export_include_directories-extras.cmake
[0.445s] -- Up-to-date symlink: /home/imml/git/research_2025/apple-harvest-refactor/install/ur_controllers/share/ur_controllers/cmake/ament_cmake_export_libraries-extras.cmake
[0.445s] -- Up-to-date symlink: /home/imml/git/research_2025/apple-harvest-refactor/install/ur_controllers/share/ur_controllers/cmake/ur_controllersConfig.cmake
[0.445s] -- Up-to-date symlink: /home/imml/git/research_2025/apple-harvest-refactor/install/ur_controllers/share/ur_controllers/cmake/ur_controllersConfig-version.cmake
[0.445s] -- Up-to-date symlink: /home/imml/git/research_2025/apple-harvest-refactor/install/ur_controllers/share/ur_controllers/package.xml
[0.490s] Invoked command in '/home/imml/git/research_2025/apple-harvest-refactor/build/ur_controllers' returned '0': AMENT_PREFIX_PATH=/home/imml/git/research_2025/apple-harvest-refactor/install/ur_dashboard_msgs:${AMENT_PREFIX_PATH} CMAKE_PREFIX_PATH=/home/imml/git/research_2025/apple-harvest-refactor/install/ur_dashboard_msgs:/opt/ros/humble LD_LIBRARY_PATH=/home/imml/git/research_2025/apple-harvest-refactor/install/ur_dashboard_msgs/lib:${LD_LIBRARY_PATH} PYTHONPATH=/home/imml/git/research_2025/apple-harvest-refactor/install/ur_dashboard_msgs/local/lib/python3.10/dist-packages:${PYTHONPATH} /usr/bin/cmake --install /home/imml/git/research_2025/apple-harvest-refactor/build/ur_controllers
