[0.013s] Invoking command in '/home/imml/git/research_2025/apple-harvest-refactor/build/realsense2_camera_msgs': CMAKE_PREFIX_PATH=${CMAKE_PREFIX_PATH}:/home/imml/git/research_2025/apple-harvest/install/ur5e_custom_hardware:/home/imml/git/research_2025/apple-harvest/install/harvest_vision:/opt/ros/humble /usr/bin/cmake /home/imml/git/research_2025/apple-harvest-refactor/harvest_hardware/realsense-ros/realsense2_camera_msgs -DAMENT_CMAKE_SYMLINK_INSTALL=1 -DCMAKE_INSTALL_PREFIX=/home/imml/git/research_2025/apple-harvest-refactor/install/realsense2_camera_msgs
[0.058s] -- The C compiler identification is GNU 11.4.0
[0.105s] -- The CXX compiler identification is GNU 11.4.0
[0.110s] -- Detecting C compiler ABI info
[0.167s] -- Detecting C compiler ABI info - done
[0.172s] -- Check for working C compiler: /usr/bin/cc - skipped
[0.172s] -- Detecting C compile features
[0.172s] -- Detecting C compile features - done
[0.175s] -- Detecting CXX compiler ABI info
[0.244s] -- Detecting CXX compiler ABI info - done
[0.250s] -- Check for working CXX compiler: /usr/bin/c++ - skipped
[0.250s] -- Detecting CXX compile features
[0.251s] -- Detecting CXX compile features - done
[0.253s] -- Found ament_cmake: 1.3.11 (/opt/ros/humble/share/ament_cmake/cmake)
[0.378s] -- Found Python3: /usr/bin/python3 (found version "3.10.12") found components: Interpreter 
[0.434s] -- Override CMake install command with custom implementation using symlinks instead of copying resources
[0.458s] -- Found rosidl_default_generators: 1.2.0 (/opt/ros/humble/share/rosidl_default_generators/cmake)
[0.461s] -- Using all available rosidl_typesupport_c: rosidl_typesupport_fastrtps_c;rosidl_typesupport_introspection_c
[0.467s] -- Found rosidl_adapter: 3.1.6 (/opt/ros/humble/share/rosidl_adapter/cmake)
[0.500s] -- Using all available rosidl_typesupport_cpp: rosidl_typesupport_fastrtps_cpp;rosidl_typesupport_introspection_cpp
[0.527s] -- Found builtin_interfaces: 1.2.1 (/opt/ros/humble/share/builtin_interfaces/cmake)
[0.539s] -- Found std_msgs: 4.2.4 (/opt/ros/humble/share/std_msgs/cmake)
[0.549s] -- Found sensor_msgs: 4.2.4 (/opt/ros/humble/share/sensor_msgs/cmake)
[0.835s] -- Found ament_cmake_cppcheck: 0.12.11 (/opt/ros/humble/share/ament_cmake_cppcheck/cmake)
[0.837s] -- Found ament_cmake_cpplint: 0.12.11 (/opt/ros/humble/share/ament_cmake_cpplint/cmake)
[0.839s] -- Found ament_cmake_uncrustify: 0.12.11 (/opt/ros/humble/share/ament_cmake_uncrustify/cmake)
[0.841s] -- Found ament_cmake_ros: 0.10.0 (/opt/ros/humble/share/ament_cmake_ros/cmake)
[1.106s] -- Using all available rosidl_typesupport_c: rosidl_typesupport_fastrtps_c;rosidl_typesupport_introspection_c
[1.462s] -- Using all available rosidl_typesupport_cpp: rosidl_typesupport_fastrtps_cpp;rosidl_typesupport_introspection_cpp
[1.483s] -- Found PythonInterp: /usr/bin/python3 (found suitable version "3.10.12", minimum required is "3.6") 
[1.484s] -- Found python_cmake_module: 0.10.0 (/opt/ros/humble/share/python_cmake_module/cmake)
[1.508s] -- Found PythonLibs: /usr/lib/x86_64-linux-gnu/libpython3.10.so (found suitable version "3.10.12", minimum required is "3.5") 
[1.508s] -- Using PYTHON_EXECUTABLE: /usr/bin/python3
[1.508s] -- Using PYTHON_INCLUDE_DIRS: /usr/include/python3.10
[1.508s] -- Using PYTHON_LIBRARIES: /usr/lib/x86_64-linux-gnu/libpython3.10.so
[1.528s] -- Found PythonExtra: .so  
[1.596s] -- Found ament_cmake_flake8: 0.12.11 (/opt/ros/humble/share/ament_cmake_flake8/cmake)
[1.598s] -- Found ament_cmake_pep257: 0.12.11 (/opt/ros/humble/share/ament_cmake_pep257/cmake)
[1.609s] -- Configuring done
[1.653s] -- Generating done
[1.665s] -- Build files have been written to: /home/imml/git/research_2025/apple-harvest-refactor/build/realsense2_camera_msgs
[1.684s] Invoked command in '/home/imml/git/research_2025/apple-harvest-refactor/build/realsense2_camera_msgs' returned '0': CMAKE_PREFIX_PATH=${CMAKE_PREFIX_PATH}:/home/imml/git/research_2025/apple-harvest/install/ur5e_custom_hardware:/home/imml/git/research_2025/apple-harvest/install/harvest_vision:/opt/ros/humble /usr/bin/cmake /home/imml/git/research_2025/apple-harvest-refactor/harvest_hardware/realsense-ros/realsense2_camera_msgs -DAMENT_CMAKE_SYMLINK_INSTALL=1 -DCMAKE_INSTALL_PREFIX=/home/imml/git/research_2025/apple-harvest-refactor/install/realsense2_camera_msgs
[1.686s] Invoking command in '/home/imml/git/research_2025/apple-harvest-refactor/build/realsense2_camera_msgs': CMAKE_PREFIX_PATH=${CMAKE_PREFIX_PATH}:/home/imml/git/research_2025/apple-harvest/install/ur5e_custom_hardware:/home/imml/git/research_2025/apple-harvest/install/harvest_vision:/opt/ros/humble /usr/bin/cmake --build /home/imml/git/research_2025/apple-harvest-refactor/build/realsense2_camera_msgs -- -j16 -l16
[1.732s] [  1%] [34m[1mGenerating C code for ROS interfaces[0m
[1.747s] [  3%] [34m[1mGenerating C++ code for ROS interfaces[0m
[1.757s] [  3%] Built target ament_cmake_python_symlink_realsense2_camera_msgs
[2.032s] running egg_info
[2.032s] creating realsense2_camera_msgs.egg-info
[2.033s] writing realsense2_camera_msgs.egg-info/PKG-INFO
[2.033s] writing dependency_links to realsense2_camera_msgs.egg-info/dependency_links.txt
[2.033s] writing top-level names to realsense2_camera_msgs.egg-info/top_level.txt
[2.033s] writing manifest file 'realsense2_camera_msgs.egg-info/SOURCES.txt'
[2.037s] reading manifest file 'realsense2_camera_msgs.egg-info/SOURCES.txt'
[2.039s] writing manifest file 'realsense2_camera_msgs.egg-info/SOURCES.txt'
[2.097s] [  3%] Built target ament_cmake_python_build_realsense2_camera_msgs_egg
[2.270s] [  4%] [32mBuilding C object CMakeFiles/realsense2_camera_msgs__rosidl_generator_c.dir/rosidl_generator_c/realsense2_camera_msgs/msg/detail/extrinsics__functions.c.o[0m
[2.270s] [  6%] [32mBuilding C object CMakeFiles/realsense2_camera_msgs__rosidl_generator_c.dir/rosidl_generator_c/realsense2_camera_msgs/msg/detail/imu_info__functions.c.o[0m
[2.274s] [  7%] [32mBuilding C object CMakeFiles/realsense2_camera_msgs__rosidl_generator_c.dir/rosidl_generator_c/realsense2_camera_msgs/msg/detail/rgbd__functions.c.o[0m
[2.274s] [  9%] [32mBuilding C object CMakeFiles/realsense2_camera_msgs__rosidl_generator_c.dir/rosidl_generator_c/realsense2_camera_msgs/msg/detail/metadata__functions.c.o[0m
[2.286s] [ 11%] [32mBuilding C object CMakeFiles/realsense2_camera_msgs__rosidl_generator_c.dir/rosidl_generator_c/realsense2_camera_msgs/srv/detail/device_info__functions.c.o[0m
[2.305s] [ 11%] Built target realsense2_camera_msgs__cpp
[2.324s] [ 15%] [34m[1mGenerating C++ type support for eProsima Fast-RTPS[0m
[2.324s] [ 15%] [34m[1mGenerating C++ introspection for ROS interfaces[0m
[2.324s] [ 15%] [34m[1mGenerating C++ type support dispatch for ROS interfaces[0m
[2.366s] [ 17%] [32m[1mLinking C shared library librealsense2_camera_msgs__rosidl_generator_c.so[0m
[2.425s] [ 17%] Built target realsense2_camera_msgs__rosidl_generator_c
[2.442s] [ 22%] [34m[1mGenerating C type support dispatch for ROS interfaces[0m
[2.442s] [ 22%] [34m[1mGenerating C type support for eProsima Fast-RTPS[0m
[2.442s] [ 22%] [34m[1mGenerating C introspection for ROS interfaces[0m
[2.801s] [ 23%] [32mBuilding CXX object CMakeFiles/realsense2_camera_msgs__rosidl_typesupport_introspection_cpp.dir/rosidl_typesupport_introspection_cpp/realsense2_camera_msgs/msg/detail/metadata__type_support.cpp.o[0m
[2.806s] [ 25%] [32mBuilding CXX object CMakeFiles/realsense2_camera_msgs__rosidl_typesupport_introspection_cpp.dir/rosidl_typesupport_introspection_cpp/realsense2_camera_msgs/msg/detail/imu_info__type_support.cpp.o[0m
[2.806s] [ 28%] [32mBuilding CXX object CMakeFiles/realsense2_camera_msgs__rosidl_typesupport_introspection_cpp.dir/rosidl_typesupport_introspection_cpp/realsense2_camera_msgs/msg/detail/extrinsics__type_support.cpp.o[0m
[2.807s] [ 28%] [32mBuilding CXX object CMakeFiles/realsense2_camera_msgs__rosidl_typesupport_introspection_cpp.dir/rosidl_typesupport_introspection_cpp/realsense2_camera_msgs/msg/detail/rgbd__type_support.cpp.o[0m
[2.808s] [ 30%] [32mBuilding CXX object CMakeFiles/realsense2_camera_msgs__rosidl_typesupport_introspection_cpp.dir/rosidl_typesupport_introspection_cpp/realsense2_camera_msgs/srv/detail/device_info__type_support.cpp.o[0m
[2.823s] [ 33%] [32mBuilding CXX object CMakeFiles/realsense2_camera_msgs__rosidl_typesupport_cpp.dir/rosidl_typesupport_cpp/realsense2_camera_msgs/msg/imu_info__type_support.cpp.o[0m
[2.823s] [ 33%] [32mBuilding CXX object CMakeFiles/realsense2_camera_msgs__rosidl_typesupport_cpp.dir/rosidl_typesupport_cpp/realsense2_camera_msgs/msg/extrinsics__type_support.cpp.o[0m
[2.828s] [ 34%] [32mBuilding CXX object CMakeFiles/realsense2_camera_msgs__rosidl_typesupport_cpp.dir/rosidl_typesupport_cpp/realsense2_camera_msgs/msg/rgbd__type_support.cpp.o[0m
[2.832s] [ 36%] [32mBuilding CXX object CMakeFiles/realsense2_camera_msgs__rosidl_typesupport_cpp.dir/rosidl_typesupport_cpp/realsense2_camera_msgs/srv/device_info__type_support.cpp.o[0m
[2.832s] [ 38%] [32mBuilding CXX object CMakeFiles/realsense2_camera_msgs__rosidl_typesupport_cpp.dir/rosidl_typesupport_cpp/realsense2_camera_msgs/msg/metadata__type_support.cpp.o[0m
[2.878s] [ 39%] [32mBuilding CXX object CMakeFiles/realsense2_camera_msgs__rosidl_typesupport_fastrtps_cpp.dir/rosidl_typesupport_fastrtps_cpp/realsense2_camera_msgs/msg/detail/dds_fastrtps/imu_info__type_support.cpp.o[0m
[2.879s] [ 41%] [32mBuilding CXX object CMakeFiles/realsense2_camera_msgs__rosidl_typesupport_fastrtps_cpp.dir/rosidl_typesupport_fastrtps_cpp/realsense2_camera_msgs/msg/detail/dds_fastrtps/metadata__type_support.cpp.o[0m
[2.883s] [ 42%] [32mBuilding CXX object CMakeFiles/realsense2_camera_msgs__rosidl_typesupport_fastrtps_cpp.dir/rosidl_typesupport_fastrtps_cpp/realsense2_camera_msgs/msg/detail/dds_fastrtps/extrinsics__type_support.cpp.o[0m
[3.224s] [ 44%] [32mBuilding CXX object CMakeFiles/realsense2_camera_msgs__rosidl_typesupport_c.dir/rosidl_typesupport_c/realsense2_camera_msgs/msg/imu_info__type_support.cpp.o[0m
[3.347s] [ 46%] [32mBuilding CXX object CMakeFiles/realsense2_camera_msgs__rosidl_typesupport_c.dir/rosidl_typesupport_c/realsense2_camera_msgs/msg/extrinsics__type_support.cpp.o[0m
[3.504s] [ 47%] [32mBuilding CXX object CMakeFiles/realsense2_camera_msgs__rosidl_typesupport_c.dir/rosidl_typesupport_c/realsense2_camera_msgs/msg/metadata__type_support.cpp.o[0m
[3.532s] [ 49%] [32mBuilding CXX object CMakeFiles/realsense2_camera_msgs__rosidl_typesupport_c.dir/rosidl_typesupport_c/realsense2_camera_msgs/msg/rgbd__type_support.cpp.o[0m
[3.583s] [ 50%] [32mBuilding CXX object CMakeFiles/realsense2_camera_msgs__rosidl_typesupport_fastrtps_c.dir/rosidl_typesupport_fastrtps_c/realsense2_camera_msgs/msg/detail/imu_info__type_support_c.cpp.o[0m
[3.597s] [ 52%] [32mBuilding CXX object CMakeFiles/realsense2_camera_msgs__rosidl_typesupport_c.dir/rosidl_typesupport_c/realsense2_camera_msgs/srv/device_info__type_support.cpp.o[0m
[3.600s] [ 53%] [32mBuilding CXX object CMakeFiles/realsense2_camera_msgs__rosidl_typesupport_fastrtps_c.dir/rosidl_typesupport_fastrtps_c/realsense2_camera_msgs/msg/detail/extrinsics__type_support_c.cpp.o[0m
[3.606s] [ 55%] [32mBuilding CXX object CMakeFiles/realsense2_camera_msgs__rosidl_typesupport_fastrtps_cpp.dir/rosidl_typesupport_fastrtps_cpp/realsense2_camera_msgs/msg/detail/dds_fastrtps/rgbd__type_support.cpp.o[0m
[3.624s] [ 57%] [32mBuilding C object CMakeFiles/realsense2_camera_msgs__rosidl_typesupport_introspection_c.dir/rosidl_typesupport_introspection_c/realsense2_camera_msgs/msg/detail/imu_info__type_support.c.o[0m
[3.637s] [ 60%] [32mBuilding C object CMakeFiles/realsense2_camera_msgs__rosidl_typesupport_introspection_c.dir/rosidl_typesupport_introspection_c/realsense2_camera_msgs/msg/detail/extrinsics__type_support.c.o[0m
[3.637s] [ 60%] [32mBuilding CXX object CMakeFiles/realsense2_camera_msgs__rosidl_typesupport_fastrtps_cpp.dir/rosidl_typesupport_fastrtps_cpp/realsense2_camera_msgs/srv/detail/dds_fastrtps/device_info__type_support.cpp.o[0m
[3.655s] [ 61%] [32m[1mLinking CXX shared library librealsense2_camera_msgs__rosidl_typesupport_cpp.so[0m
[3.717s] [ 63%] [32m[1mLinking CXX shared library librealsense2_camera_msgs__rosidl_typesupport_c.so[0m
[3.757s] [ 65%] [32mBuilding C object CMakeFiles/realsense2_camera_msgs__rosidl_typesupport_introspection_c.dir/rosidl_typesupport_introspection_c/realsense2_camera_msgs/msg/detail/metadata__type_support.c.o[0m
[3.823s] [ 66%] [32mBuilding C object CMakeFiles/realsense2_camera_msgs__rosidl_typesupport_introspection_c.dir/rosidl_typesupport_introspection_c/realsense2_camera_msgs/msg/detail/rgbd__type_support.c.o[0m
[3.830s] [ 68%] [32mBuilding CXX object CMakeFiles/realsense2_camera_msgs__rosidl_typesupport_fastrtps_c.dir/rosidl_typesupport_fastrtps_c/realsense2_camera_msgs/msg/detail/metadata__type_support_c.cpp.o[0m
[3.864s] [ 68%] Built target realsense2_camera_msgs__rosidl_typesupport_cpp
[3.894s] [ 69%] [32mBuilding C object CMakeFiles/realsense2_camera_msgs__rosidl_typesupport_introspection_c.dir/rosidl_typesupport_introspection_c/realsense2_camera_msgs/srv/detail/device_info__type_support.c.o[0m
[3.921s] [ 71%] [32mBuilding CXX object CMakeFiles/realsense2_camera_msgs__rosidl_typesupport_fastrtps_c.dir/rosidl_typesupport_fastrtps_c/realsense2_camera_msgs/msg/detail/rgbd__type_support_c.cpp.o[0m
[3.960s] [ 71%] Built target realsense2_camera_msgs__rosidl_typesupport_c
[3.978s] [ 73%] [32mBuilding CXX object CMakeFiles/realsense2_camera_msgs__rosidl_typesupport_fastrtps_c.dir/rosidl_typesupport_fastrtps_c/realsense2_camera_msgs/srv/detail/device_info__type_support_c.cpp.o[0m
[4.016s] [ 74%] [32m[1mLinking C shared library librealsense2_camera_msgs__rosidl_typesupport_introspection_c.so[0m
[4.098s] [ 74%] Built target realsense2_camera_msgs__rosidl_typesupport_introspection_c
[4.173s] [ 76%] [32m[1mLinking CXX shared library librealsense2_camera_msgs__rosidl_typesupport_introspection_cpp.so[0m
[4.384s] [ 76%] Built target realsense2_camera_msgs__rosidl_typesupport_introspection_cpp
[4.479s] [ 77%] [32m[1mLinking CXX shared library librealsense2_camera_msgs__rosidl_typesupport_fastrtps_cpp.so[0m
[4.520s] [ 79%] [32m[1mLinking CXX shared library librealsense2_camera_msgs__rosidl_typesupport_fastrtps_c.so[0m
[4.620s] [ 79%] Built target realsense2_camera_msgs__rosidl_typesupport_fastrtps_cpp
[4.659s] [ 79%] Built target realsense2_camera_msgs__rosidl_typesupport_fastrtps_c
[4.685s] [ 79%] Built target realsense2_camera_msgs
[4.709s] [ 80%] [34m[1mGenerating Python code for ROS interfaces[0m
[6.726s] [ 80%] Built target realsense2_camera_msgs__py
[6.830s] [ 82%] [32mBuilding C object CMakeFiles/realsense2_camera_msgs__rosidl_generator_py.dir/rosidl_generator_py/realsense2_camera_msgs/msg/_imu_info_s.c.o[0m
[6.836s] [ 84%] [32mBuilding C object CMakeFiles/realsense2_camera_msgs__rosidl_generator_py.dir/rosidl_generator_py/realsense2_camera_msgs/msg/_metadata_s.c.o[0m
[6.841s] [ 85%] [32mBuilding C object CMakeFiles/realsense2_camera_msgs__rosidl_generator_py.dir/rosidl_generator_py/realsense2_camera_msgs/msg/_extrinsics_s.c.o[0m
[6.847s] [ 87%] [32mBuilding C object CMakeFiles/realsense2_camera_msgs__rosidl_generator_py.dir/rosidl_generator_py/realsense2_camera_msgs/msg/_rgbd_s.c.o[0m
[6.862s] [ 88%] [32mBuilding C object CMakeFiles/realsense2_camera_msgs__rosidl_generator_py.dir/rosidl_generator_py/realsense2_camera_msgs/srv/_device_info_s.c.o[0m
[7.572s] [ 90%] [32m[1mLinking C shared library rosidl_generator_py/realsense2_camera_msgs/librealsense2_camera_msgs__rosidl_generator_py.so[0m
[7.926s] [ 90%] Built target realsense2_camera_msgs__rosidl_generator_py
[8.010s] [ 92%] [32mBuilding C object CMakeFiles/realsense2_camera_msgs__rosidl_typesupport_c__pyext.dir/rosidl_generator_py/realsense2_camera_msgs/_realsense2_camera_msgs_s.ep.rosidl_typesupport_c.c.o[0m
[8.024s] [ 93%] [32mBuilding C object CMakeFiles/realsense2_camera_msgs__rosidl_typesupport_fastrtps_c__pyext.dir/rosidl_generator_py/realsense2_camera_msgs/_realsense2_camera_msgs_s.ep.rosidl_typesupport_fastrtps_c.c.o[0m
[8.040s] [ 95%] [32mBuilding C object CMakeFiles/realsense2_camera_msgs__rosidl_typesupport_introspection_c__pyext.dir/rosidl_generator_py/realsense2_camera_msgs/_realsense2_camera_msgs_s.ep.rosidl_typesupport_introspection_c.c.o[0m
[8.509s] [ 96%] [32m[1mLinking C shared library rosidl_generator_py/realsense2_camera_msgs/realsense2_camera_msgs_s__rosidl_typesupport_fastrtps_c.cpython-310-x86_64-linux-gnu.so[0m
[8.509s] [ 98%] [32m[1mLinking C shared library rosidl_generator_py/realsense2_camera_msgs/realsense2_camera_msgs_s__rosidl_typesupport_c.cpython-310-x86_64-linux-gnu.so[0m
[8.678s] [ 98%] Built target realsense2_camera_msgs__rosidl_typesupport_fastrtps_c__pyext
[8.758s] [100%] [32m[1mLinking C shared library rosidl_generator_py/realsense2_camera_msgs/realsense2_camera_msgs_s__rosidl_typesupport_introspection_c.cpython-310-x86_64-linux-gnu.so[0m
[8.785s] [100%] Built target realsense2_camera_msgs__rosidl_typesupport_c__pyext
[8.930s] [100%] Built target realsense2_camera_msgs__rosidl_typesupport_introspection_c__pyext
[8.999s] Invoked command in '/home/imml/git/research_2025/apple-harvest-refactor/build/realsense2_camera_msgs' returned '0': CMAKE_PREFIX_PATH=${CMAKE_PREFIX_PATH}:/home/imml/git/research_2025/apple-harvest/install/ur5e_custom_hardware:/home/imml/git/research_2025/apple-harvest/install/harvest_vision:/opt/ros/humble /usr/bin/cmake --build /home/imml/git/research_2025/apple-harvest-refactor/build/realsense2_camera_msgs -- -j16 -l16
[9.000s] Invoking command in '/home/imml/git/research_2025/apple-harvest-refactor/build/realsense2_camera_msgs': CMAKE_PREFIX_PATH=${CMAKE_PREFIX_PATH}:/home/imml/git/research_2025/apple-harvest/install/ur5e_custom_hardware:/home/imml/git/research_2025/apple-harvest/install/harvest_vision:/opt/ros/humble /usr/bin/cmake --install /home/imml/git/research_2025/apple-harvest-refactor/build/realsense2_camera_msgs
[9.028s] -- Install configuration: ""
[9.028s] -- Execute custom install script
[9.028s] -- Symlinking: /home/imml/git/research_2025/apple-harvest-refactor/install/realsense2_camera_msgs/share/ament_index/resource_index/rosidl_interfaces/realsense2_camera_msgs
[9.052s] -- Symlinking: /home/imml/git/research_2025/apple-harvest-refactor/install/realsense2_camera_msgs/include/realsense2_camera_msgs/realsense2_camera_msgs/msg/detail/extrinsics__functions.h
[9.096s] -- Symlinking: /home/imml/git/research_2025/apple-harvest-refactor/install/realsense2_camera_msgs/include/realsense2_camera_msgs/realsense2_camera_msgs/msg/detail/extrinsics__struct.h
[9.106s] -- Symlinking: /home/imml/git/research_2025/apple-harvest-refactor/install/realsense2_camera_msgs/include/realsense2_camera_msgs/realsense2_camera_msgs/msg/detail/extrinsics__type_support.h
[9.145s] -- Symlinking: /home/imml/git/research_2025/apple-harvest-refactor/install/realsense2_camera_msgs/include/realsense2_camera_msgs/realsense2_camera_msgs/msg/detail/imu_info__functions.h
[9.239s] -- Symlinking: /home/imml/git/research_2025/apple-harvest-refactor/install/realsense2_camera_msgs/include/realsense2_camera_msgs/realsense2_camera_msgs/msg/detail/imu_info__struct.h
[9.299s] -- Symlinking: /home/imml/git/research_2025/apple-harvest-refactor/install/realsense2_camera_msgs/include/realsense2_camera_msgs/realsense2_camera_msgs/msg/detail/imu_info__type_support.h
[9.354s] -- Symlinking: /home/imml/git/research_2025/apple-harvest-refactor/install/realsense2_camera_msgs/include/realsense2_camera_msgs/realsense2_camera_msgs/msg/detail/metadata__functions.h
[9.402s] -- Symlinking: /home/imml/git/research_2025/apple-harvest-refactor/install/realsense2_camera_msgs/include/realsense2_camera_msgs/realsense2_camera_msgs/msg/detail/metadata__struct.h
[9.444s] -- Symlinking: /home/imml/git/research_2025/apple-harvest-refactor/install/realsense2_camera_msgs/include/realsense2_camera_msgs/realsense2_camera_msgs/msg/detail/metadata__type_support.h
[9.476s] -- Symlinking: /home/imml/git/research_2025/apple-harvest-refactor/install/realsense2_camera_msgs/include/realsense2_camera_msgs/realsense2_camera_msgs/msg/detail/rgbd__functions.h
[9.521s] -- Symlinking: /home/imml/git/research_2025/apple-harvest-refactor/install/realsense2_camera_msgs/include/realsense2_camera_msgs/realsense2_camera_msgs/msg/detail/rgbd__struct.h
[9.555s] -- Symlinking: /home/imml/git/research_2025/apple-harvest-refactor/install/realsense2_camera_msgs/include/realsense2_camera_msgs/realsense2_camera_msgs/msg/detail/rgbd__type_support.h
[9.587s] -- Symlinking: /home/imml/git/research_2025/apple-harvest-refactor/install/realsense2_camera_msgs/include/realsense2_camera_msgs/realsense2_camera_msgs/msg/extrinsics.h
[9.628s] -- Symlinking: /home/imml/git/research_2025/apple-harvest-refactor/install/realsense2_camera_msgs/include/realsense2_camera_msgs/realsense2_camera_msgs/msg/imu_info.h
[9.658s] -- Symlinking: /home/imml/git/research_2025/apple-harvest-refactor/install/realsense2_camera_msgs/include/realsense2_camera_msgs/realsense2_camera_msgs/msg/metadata.h
[9.694s] -- Symlinking: /home/imml/git/research_2025/apple-harvest-refactor/install/realsense2_camera_msgs/include/realsense2_camera_msgs/realsense2_camera_msgs/msg/rgbd.h
[9.725s] -- Symlinking: /home/imml/git/research_2025/apple-harvest-refactor/install/realsense2_camera_msgs/include/realsense2_camera_msgs/realsense2_camera_msgs/msg/rosidl_generator_c__visibility_control.h
[9.773s] -- Symlinking: /home/imml/git/research_2025/apple-harvest-refactor/install/realsense2_camera_msgs/include/realsense2_camera_msgs/realsense2_camera_msgs/srv/detail/device_info__functions.h
[9.814s] -- Symlinking: /home/imml/git/research_2025/apple-harvest-refactor/install/realsense2_camera_msgs/include/realsense2_camera_msgs/realsense2_camera_msgs/srv/detail/device_info__struct.h
[9.839s] -- Symlinking: /home/imml/git/research_2025/apple-harvest-refactor/install/realsense2_camera_msgs/include/realsense2_camera_msgs/realsense2_camera_msgs/srv/detail/device_info__type_support.h
[9.879s] -- Symlinking: /home/imml/git/research_2025/apple-harvest-refactor/install/realsense2_camera_msgs/include/realsense2_camera_msgs/realsense2_camera_msgs/srv/device_info.h
[9.918s] -- Symlinking: /home/imml/git/research_2025/apple-harvest-refactor/install/realsense2_camera_msgs/share/realsense2_camera_msgs/environment/library_path.sh
[9.960s] -- Symlinking: /home/imml/git/research_2025/apple-harvest-refactor/install/realsense2_camera_msgs/share/realsense2_camera_msgs/environment/library_path.dsv
[9.998s] -- Symlinking: /home/imml/git/research_2025/apple-harvest-refactor/install/realsense2_camera_msgs/include/realsense2_camera_msgs/realsense2_camera_msgs/msg/detail/extrinsics__rosidl_typesupport_fastrtps_c.h
[10.058s] -- Symlinking: /home/imml/git/research_2025/apple-harvest-refactor/install/realsense2_camera_msgs/include/realsense2_camera_msgs/realsense2_camera_msgs/msg/detail/imu_info__rosidl_typesupport_fastrtps_c.h
[10.096s] -- Symlinking: /home/imml/git/research_2025/apple-harvest-refactor/install/realsense2_camera_msgs/include/realsense2_camera_msgs/realsense2_camera_msgs/msg/detail/metadata__rosidl_typesupport_fastrtps_c.h
[10.135s] -- Symlinking: /home/imml/git/research_2025/apple-harvest-refactor/install/realsense2_camera_msgs/include/realsense2_camera_msgs/realsense2_camera_msgs/msg/detail/rgbd__rosidl_typesupport_fastrtps_c.h
[10.176s] -- Symlinking: /home/imml/git/research_2025/apple-harvest-refactor/install/realsense2_camera_msgs/include/realsense2_camera_msgs/realsense2_camera_msgs/msg/rosidl_typesupport_fastrtps_c__visibility_control.h
[10.210s] -- Symlinking: /home/imml/git/research_2025/apple-harvest-refactor/install/realsense2_camera_msgs/include/realsense2_camera_msgs/realsense2_camera_msgs/srv/detail/device_info__rosidl_typesupport_fastrtps_c.h
[10.246s] -- Symlinking: /home/imml/git/research_2025/apple-harvest-refactor/install/realsense2_camera_msgs/include/realsense2_camera_msgs/realsense2_camera_msgs/msg/detail/extrinsics__rosidl_typesupport_introspection_c.h
[10.285s] -- Symlinking: /home/imml/git/research_2025/apple-harvest-refactor/install/realsense2_camera_msgs/include/realsense2_camera_msgs/realsense2_camera_msgs/msg/detail/imu_info__rosidl_typesupport_introspection_c.h
[10.322s] -- Symlinking: /home/imml/git/research_2025/apple-harvest-refactor/install/realsense2_camera_msgs/include/realsense2_camera_msgs/realsense2_camera_msgs/msg/detail/metadata__rosidl_typesupport_introspection_c.h
[10.353s] -- Symlinking: /home/imml/git/research_2025/apple-harvest-refactor/install/realsense2_camera_msgs/include/realsense2_camera_msgs/realsense2_camera_msgs/msg/detail/rgbd__rosidl_typesupport_introspection_c.h
[10.392s] -- Symlinking: /home/imml/git/research_2025/apple-harvest-refactor/install/realsense2_camera_msgs/include/realsense2_camera_msgs/realsense2_camera_msgs/msg/rosidl_typesupport_introspection_c__visibility_control.h
[10.428s] -- Symlinking: /home/imml/git/research_2025/apple-harvest-refactor/install/realsense2_camera_msgs/include/realsense2_camera_msgs/realsense2_camera_msgs/srv/detail/device_info__rosidl_typesupport_introspection_c.h
[10.462s] -- Symlinking: /home/imml/git/research_2025/apple-harvest-refactor/install/realsense2_camera_msgs/include/realsense2_camera_msgs/realsense2_camera_msgs/msg/detail/extrinsics__builder.hpp
[10.489s] -- Symlinking: /home/imml/git/research_2025/apple-harvest-refactor/install/realsense2_camera_msgs/include/realsense2_camera_msgs/realsense2_camera_msgs/msg/detail/extrinsics__struct.hpp
[10.525s] -- Symlinking: /home/imml/git/research_2025/apple-harvest-refactor/install/realsense2_camera_msgs/include/realsense2_camera_msgs/realsense2_camera_msgs/msg/detail/extrinsics__traits.hpp
[10.564s] -- Symlinking: /home/imml/git/research_2025/apple-harvest-refactor/install/realsense2_camera_msgs/include/realsense2_camera_msgs/realsense2_camera_msgs/msg/detail/extrinsics__type_support.hpp
[10.601s] -- Symlinking: /home/imml/git/research_2025/apple-harvest-refactor/install/realsense2_camera_msgs/include/realsense2_camera_msgs/realsense2_camera_msgs/msg/detail/imu_info__builder.hpp
[10.639s] -- Symlinking: /home/imml/git/research_2025/apple-harvest-refactor/install/realsense2_camera_msgs/include/realsense2_camera_msgs/realsense2_camera_msgs/msg/detail/imu_info__struct.hpp
[10.667s] -- Symlinking: /home/imml/git/research_2025/apple-harvest-refactor/install/realsense2_camera_msgs/include/realsense2_camera_msgs/realsense2_camera_msgs/msg/detail/imu_info__traits.hpp
[10.688s] -- Symlinking: /home/imml/git/research_2025/apple-harvest-refactor/install/realsense2_camera_msgs/include/realsense2_camera_msgs/realsense2_camera_msgs/msg/detail/imu_info__type_support.hpp
[10.712s] -- Symlinking: /home/imml/git/research_2025/apple-harvest-refactor/install/realsense2_camera_msgs/include/realsense2_camera_msgs/realsense2_camera_msgs/msg/detail/metadata__builder.hpp
[10.731s] -- Symlinking: /home/imml/git/research_2025/apple-harvest-refactor/install/realsense2_camera_msgs/include/realsense2_camera_msgs/realsense2_camera_msgs/msg/detail/metadata__struct.hpp
[10.751s] -- Symlinking: /home/imml/git/research_2025/apple-harvest-refactor/install/realsense2_camera_msgs/include/realsense2_camera_msgs/realsense2_camera_msgs/msg/detail/metadata__traits.hpp
[10.769s] -- Symlinking: /home/imml/git/research_2025/apple-harvest-refactor/install/realsense2_camera_msgs/include/realsense2_camera_msgs/realsense2_camera_msgs/msg/detail/metadata__type_support.hpp
[10.791s] -- Symlinking: /home/imml/git/research_2025/apple-harvest-refactor/install/realsense2_camera_msgs/include/realsense2_camera_msgs/realsense2_camera_msgs/msg/detail/rgbd__builder.hpp
[10.830s] -- Symlinking: /home/imml/git/research_2025/apple-harvest-refactor/install/realsense2_camera_msgs/include/realsense2_camera_msgs/realsense2_camera_msgs/msg/detail/rgbd__struct.hpp
[10.875s] -- Symlinking: /home/imml/git/research_2025/apple-harvest-refactor/install/realsense2_camera_msgs/include/realsense2_camera_msgs/realsense2_camera_msgs/msg/detail/rgbd__traits.hpp
[10.930s] -- Symlinking: /home/imml/git/research_2025/apple-harvest-refactor/install/realsense2_camera_msgs/include/realsense2_camera_msgs/realsense2_camera_msgs/msg/detail/rgbd__type_support.hpp
[10.945s] -- Symlinking: /home/imml/git/research_2025/apple-harvest-refactor/install/realsense2_camera_msgs/include/realsense2_camera_msgs/realsense2_camera_msgs/msg/extrinsics.hpp
[10.961s] -- Symlinking: /home/imml/git/research_2025/apple-harvest-refactor/install/realsense2_camera_msgs/include/realsense2_camera_msgs/realsense2_camera_msgs/msg/imu_info.hpp
[10.979s] -- Symlinking: /home/imml/git/research_2025/apple-harvest-refactor/install/realsense2_camera_msgs/include/realsense2_camera_msgs/realsense2_camera_msgs/msg/metadata.hpp
[11.016s] -- Symlinking: /home/imml/git/research_2025/apple-harvest-refactor/install/realsense2_camera_msgs/include/realsense2_camera_msgs/realsense2_camera_msgs/msg/rgbd.hpp
[11.055s] -- Symlinking: /home/imml/git/research_2025/apple-harvest-refactor/install/realsense2_camera_msgs/include/realsense2_camera_msgs/realsense2_camera_msgs/msg/rosidl_generator_cpp__visibility_control.hpp
[11.089s] -- Symlinking: /home/imml/git/research_2025/apple-harvest-refactor/install/realsense2_camera_msgs/include/realsense2_camera_msgs/realsense2_camera_msgs/srv/detail/device_info__builder.hpp
[11.123s] -- Symlinking: /home/imml/git/research_2025/apple-harvest-refactor/install/realsense2_camera_msgs/include/realsense2_camera_msgs/realsense2_camera_msgs/srv/detail/device_info__struct.hpp
[11.160s] -- Symlinking: /home/imml/git/research_2025/apple-harvest-refactor/install/realsense2_camera_msgs/include/realsense2_camera_msgs/realsense2_camera_msgs/srv/detail/device_info__traits.hpp
[11.174s] -- Symlinking: /home/imml/git/research_2025/apple-harvest-refactor/install/realsense2_camera_msgs/include/realsense2_camera_msgs/realsense2_camera_msgs/srv/detail/device_info__type_support.hpp
[11.186s] -- Symlinking: /home/imml/git/research_2025/apple-harvest-refactor/install/realsense2_camera_msgs/include/realsense2_camera_msgs/realsense2_camera_msgs/srv/device_info.hpp
[11.205s] -- Symlinking: /home/imml/git/research_2025/apple-harvest-refactor/install/realsense2_camera_msgs/include/realsense2_camera_msgs/realsense2_camera_msgs/msg/detail/extrinsics__rosidl_typesupport_fastrtps_cpp.hpp
[11.226s] -- Symlinking: /home/imml/git/research_2025/apple-harvest-refactor/install/realsense2_camera_msgs/include/realsense2_camera_msgs/realsense2_camera_msgs/msg/detail/imu_info__rosidl_typesupport_fastrtps_cpp.hpp
[11.254s] -- Symlinking: /home/imml/git/research_2025/apple-harvest-refactor/install/realsense2_camera_msgs/include/realsense2_camera_msgs/realsense2_camera_msgs/msg/detail/metadata__rosidl_typesupport_fastrtps_cpp.hpp
[11.290s] -- Symlinking: /home/imml/git/research_2025/apple-harvest-refactor/install/realsense2_camera_msgs/include/realsense2_camera_msgs/realsense2_camera_msgs/msg/detail/rgbd__rosidl_typesupport_fastrtps_cpp.hpp
[11.323s] -- Symlinking: /home/imml/git/research_2025/apple-harvest-refactor/install/realsense2_camera_msgs/include/realsense2_camera_msgs/realsense2_camera_msgs/msg/rosidl_typesupport_fastrtps_cpp__visibility_control.h
[11.343s] -- Symlinking: /home/imml/git/research_2025/apple-harvest-refactor/install/realsense2_camera_msgs/include/realsense2_camera_msgs/realsense2_camera_msgs/srv/detail/device_info__rosidl_typesupport_fastrtps_cpp.hpp
[11.363s] -- Symlinking: /home/imml/git/research_2025/apple-harvest-refactor/install/realsense2_camera_msgs/include/realsense2_camera_msgs/realsense2_camera_msgs/msg/detail/extrinsics__rosidl_typesupport_introspection_cpp.hpp
[11.397s] -- Symlinking: /home/imml/git/research_2025/apple-harvest-refactor/install/realsense2_camera_msgs/include/realsense2_camera_msgs/realsense2_camera_msgs/msg/detail/imu_info__rosidl_typesupport_introspection_cpp.hpp
[11.412s] -- Symlinking: /home/imml/git/research_2025/apple-harvest-refactor/install/realsense2_camera_msgs/include/realsense2_camera_msgs/realsense2_camera_msgs/msg/detail/metadata__rosidl_typesupport_introspection_cpp.hpp
[11.435s] -- Symlinking: /home/imml/git/research_2025/apple-harvest-refactor/install/realsense2_camera_msgs/include/realsense2_camera_msgs/realsense2_camera_msgs/msg/detail/rgbd__rosidl_typesupport_introspection_cpp.hpp
[11.468s] -- Symlinking: /home/imml/git/research_2025/apple-harvest-refactor/install/realsense2_camera_msgs/include/realsense2_camera_msgs/realsense2_camera_msgs/srv/detail/device_info__rosidl_typesupport_introspection_cpp.hpp
[11.468s] -- Symlinking: /home/imml/git/research_2025/apple-harvest-refactor/install/realsense2_camera_msgs/share/realsense2_camera_msgs/environment/pythonpath.sh
[11.495s] -- Symlinking: /home/imml/git/research_2025/apple-harvest-refactor/install/realsense2_camera_msgs/share/realsense2_camera_msgs/environment/pythonpath.dsv
[11.530s] -- Symlinking: /home/imml/git/research_2025/apple-harvest-refactor/install/realsense2_camera_msgs/local/lib/python3.10/dist-packages/realsense2_camera_msgs-4.55.1-py3.10.egg-info/PKG-INFO
[11.564s] -- Symlinking: /home/imml/git/research_2025/apple-harvest-refactor/install/realsense2_camera_msgs/local/lib/python3.10/dist-packages/realsense2_camera_msgs-4.55.1-py3.10.egg-info/SOURCES.txt
[11.602s] -- Symlinking: /home/imml/git/research_2025/apple-harvest-refactor/install/realsense2_camera_msgs/local/lib/python3.10/dist-packages/realsense2_camera_msgs-4.55.1-py3.10.egg-info/dependency_links.txt
[11.634s] -- Symlinking: /home/imml/git/research_2025/apple-harvest-refactor/install/realsense2_camera_msgs/local/lib/python3.10/dist-packages/realsense2_camera_msgs-4.55.1-py3.10.egg-info/top_level.txt
[11.659s] -- Symlinking: /home/imml/git/research_2025/apple-harvest-refactor/install/realsense2_camera_msgs/local/lib/python3.10/dist-packages/realsense2_camera_msgs/__init__.py
[11.680s] -- Symlinking: /home/imml/git/research_2025/apple-harvest-refactor/install/realsense2_camera_msgs/local/lib/python3.10/dist-packages/realsense2_camera_msgs/_realsense2_camera_msgs_s.ep.rosidl_typesupport_c.c
[11.699s] -- Symlinking: /home/imml/git/research_2025/apple-harvest-refactor/install/realsense2_camera_msgs/local/lib/python3.10/dist-packages/realsense2_camera_msgs/_realsense2_camera_msgs_s.ep.rosidl_typesupport_fastrtps_c.c
[11.722s] -- Symlinking: /home/imml/git/research_2025/apple-harvest-refactor/install/realsense2_camera_msgs/local/lib/python3.10/dist-packages/realsense2_camera_msgs/_realsense2_camera_msgs_s.ep.rosidl_typesupport_introspection_c.c
[11.754s] -- Symlinking: /home/imml/git/research_2025/apple-harvest-refactor/install/realsense2_camera_msgs/local/lib/python3.10/dist-packages/realsense2_camera_msgs/librealsense2_camera_msgs__rosidl_generator_py.so
[11.788s] -- Symlinking: /home/imml/git/research_2025/apple-harvest-refactor/install/realsense2_camera_msgs/local/lib/python3.10/dist-packages/realsense2_camera_msgs/msg/__init__.py
[11.806s] -- Symlinking: /home/imml/git/research_2025/apple-harvest-refactor/install/realsense2_camera_msgs/local/lib/python3.10/dist-packages/realsense2_camera_msgs/msg/_extrinsics.py
[11.824s] -- Symlinking: /home/imml/git/research_2025/apple-harvest-refactor/install/realsense2_camera_msgs/local/lib/python3.10/dist-packages/realsense2_camera_msgs/msg/_extrinsics_s.c
[11.849s] -- Symlinking: /home/imml/git/research_2025/apple-harvest-refactor/install/realsense2_camera_msgs/local/lib/python3.10/dist-packages/realsense2_camera_msgs/msg/_imu_info.py
[11.866s] -- Symlinking: /home/imml/git/research_2025/apple-harvest-refactor/install/realsense2_camera_msgs/local/lib/python3.10/dist-packages/realsense2_camera_msgs/msg/_imu_info_s.c
[11.884s] -- Symlinking: /home/imml/git/research_2025/apple-harvest-refactor/install/realsense2_camera_msgs/local/lib/python3.10/dist-packages/realsense2_camera_msgs/msg/_metadata.py
[11.903s] -- Symlinking: /home/imml/git/research_2025/apple-harvest-refactor/install/realsense2_camera_msgs/local/lib/python3.10/dist-packages/realsense2_camera_msgs/msg/_metadata_s.c
[11.920s] -- Symlinking: /home/imml/git/research_2025/apple-harvest-refactor/install/realsense2_camera_msgs/local/lib/python3.10/dist-packages/realsense2_camera_msgs/msg/_rgbd.py
[11.939s] -- Symlinking: /home/imml/git/research_2025/apple-harvest-refactor/install/realsense2_camera_msgs/local/lib/python3.10/dist-packages/realsense2_camera_msgs/msg/_rgbd_s.c
[11.955s] -- Symlinking: /home/imml/git/research_2025/apple-harvest-refactor/install/realsense2_camera_msgs/local/lib/python3.10/dist-packages/realsense2_camera_msgs/realsense2_camera_msgs_s__rosidl_typesupport_c.cpython-310-x86_64-linux-gnu.so
[11.971s] -- Symlinking: /home/imml/git/research_2025/apple-harvest-refactor/install/realsense2_camera_msgs/local/lib/python3.10/dist-packages/realsense2_camera_msgs/realsense2_camera_msgs_s__rosidl_typesupport_fastrtps_c.cpython-310-x86_64-linux-gnu.so
[11.986s] -- Symlinking: /home/imml/git/research_2025/apple-harvest-refactor/install/realsense2_camera_msgs/local/lib/python3.10/dist-packages/realsense2_camera_msgs/realsense2_camera_msgs_s__rosidl_typesupport_introspection_c.cpython-310-x86_64-linux-gnu.so
[12.003s] -- Symlinking: /home/imml/git/research_2025/apple-harvest-refactor/install/realsense2_camera_msgs/local/lib/python3.10/dist-packages/realsense2_camera_msgs/srv/__init__.py
[12.019s] -- Symlinking: /home/imml/git/research_2025/apple-harvest-refactor/install/realsense2_camera_msgs/local/lib/python3.10/dist-packages/realsense2_camera_msgs/srv/_device_info.py
[12.036s] -- Symlinking: /home/imml/git/research_2025/apple-harvest-refactor/install/realsense2_camera_msgs/local/lib/python3.10/dist-packages/realsense2_camera_msgs/srv/_device_info_s.c
[12.052s] -- Up-to-date symlink: /home/imml/git/research_2025/apple-harvest-refactor/install/realsense2_camera_msgs/local/lib/python3.10/dist-packages/realsense2_camera_msgs/realsense2_camera_msgs_s__rosidl_typesupport_fastrtps_c.cpython-310-x86_64-linux-gnu.so
[12.052s] -- Up-to-date symlink: /home/imml/git/research_2025/apple-harvest-refactor/install/realsense2_camera_msgs/local/lib/python3.10/dist-packages/realsense2_camera_msgs/realsense2_camera_msgs_s__rosidl_typesupport_introspection_c.cpython-310-x86_64-linux-gnu.so
[12.053s] -- Up-to-date symlink: /home/imml/git/research_2025/apple-harvest-refactor/install/realsense2_camera_msgs/local/lib/python3.10/dist-packages/realsense2_camera_msgs/realsense2_camera_msgs_s__rosidl_typesupport_c.cpython-310-x86_64-linux-gnu.so
[12.053s] -- Symlinking: /home/imml/git/research_2025/apple-harvest-refactor/install/realsense2_camera_msgs/share/realsense2_camera_msgs/msg/IMUInfo.idl
[12.068s] -- Symlinking: /home/imml/git/research_2025/apple-harvest-refactor/install/realsense2_camera_msgs/share/realsense2_camera_msgs/msg/Extrinsics.idl
[12.084s] -- Symlinking: /home/imml/git/research_2025/apple-harvest-refactor/install/realsense2_camera_msgs/share/realsense2_camera_msgs/msg/Metadata.idl
[12.101s] -- Symlinking: /home/imml/git/research_2025/apple-harvest-refactor/install/realsense2_camera_msgs/share/realsense2_camera_msgs/msg/RGBD.idl
[12.116s] -- Symlinking: /home/imml/git/research_2025/apple-harvest-refactor/install/realsense2_camera_msgs/share/realsense2_camera_msgs/srv/DeviceInfo.idl
[12.127s] -- Symlinking: /home/imml/git/research_2025/apple-harvest-refactor/install/realsense2_camera_msgs/share/realsense2_camera_msgs/msg/IMUInfo.msg
[12.136s] -- Symlinking: /home/imml/git/research_2025/apple-harvest-refactor/install/realsense2_camera_msgs/share/realsense2_camera_msgs/msg/Extrinsics.msg
[12.145s] -- Symlinking: /home/imml/git/research_2025/apple-harvest-refactor/install/realsense2_camera_msgs/share/realsense2_camera_msgs/msg/Metadata.msg
[12.155s] -- Symlinking: /home/imml/git/research_2025/apple-harvest-refactor/install/realsense2_camera_msgs/share/realsense2_camera_msgs/msg/RGBD.msg
[12.163s] -- Symlinking: /home/imml/git/research_2025/apple-harvest-refactor/install/realsense2_camera_msgs/share/realsense2_camera_msgs/srv/DeviceInfo.srv
[12.173s] -- Symlinking: /home/imml/git/research_2025/apple-harvest-refactor/install/realsense2_camera_msgs/share/realsense2_camera_msgs/srv/DeviceInfo_Request.msg
[12.182s] -- Symlinking: /home/imml/git/research_2025/apple-harvest-refactor/install/realsense2_camera_msgs/share/realsense2_camera_msgs/srv/DeviceInfo_Response.msg
[12.192s] -- Symlinking: /home/imml/git/research_2025/apple-harvest-refactor/install/realsense2_camera_msgs/share/ament_index/resource_index/package_run_dependencies/realsense2_camera_msgs
[12.201s] -- Symlinking: /home/imml/git/research_2025/apple-harvest-refactor/install/realsense2_camera_msgs/share/ament_index/resource_index/parent_prefix_path/realsense2_camera_msgs
[12.210s] -- Symlinking: /home/imml/git/research_2025/apple-harvest-refactor/install/realsense2_camera_msgs/share/realsense2_camera_msgs/environment/ament_prefix_path.sh
[12.220s] -- Symlinking: /home/imml/git/research_2025/apple-harvest-refactor/install/realsense2_camera_msgs/share/realsense2_camera_msgs/environment/ament_prefix_path.dsv
[12.229s] -- Symlinking: /home/imml/git/research_2025/apple-harvest-refactor/install/realsense2_camera_msgs/share/realsense2_camera_msgs/environment/path.sh
[12.241s] -- Symlinking: /home/imml/git/research_2025/apple-harvest-refactor/install/realsense2_camera_msgs/share/realsense2_camera_msgs/environment/path.dsv
[12.250s] -- Symlinking: /home/imml/git/research_2025/apple-harvest-refactor/install/realsense2_camera_msgs/share/realsense2_camera_msgs/local_setup.bash
[12.261s] -- Symlinking: /home/imml/git/research_2025/apple-harvest-refactor/install/realsense2_camera_msgs/share/realsense2_camera_msgs/local_setup.sh
[12.271s] -- Symlinking: /home/imml/git/research_2025/apple-harvest-refactor/install/realsense2_camera_msgs/share/realsense2_camera_msgs/local_setup.zsh
[12.280s] -- Symlinking: /home/imml/git/research_2025/apple-harvest-refactor/install/realsense2_camera_msgs/share/realsense2_camera_msgs/local_setup.dsv
[12.290s] -- Symlinking: /home/imml/git/research_2025/apple-harvest-refactor/install/realsense2_camera_msgs/share/realsense2_camera_msgs/package.dsv
[12.298s] -- Symlinking: /home/imml/git/research_2025/apple-harvest-refactor/install/realsense2_camera_msgs/share/ament_index/resource_index/packages/realsense2_camera_msgs
[12.307s] -- Symlinking: /home/imml/git/research_2025/apple-harvest-refactor/install/realsense2_camera_msgs/share/realsense2_camera_msgs/cmake/rosidl_cmake-extras.cmake
[12.315s] -- Symlinking: /home/imml/git/research_2025/apple-harvest-refactor/install/realsense2_camera_msgs/share/realsense2_camera_msgs/cmake/ament_cmake_export_dependencies-extras.cmake
[12.322s] -- Symlinking: /home/imml/git/research_2025/apple-harvest-refactor/install/realsense2_camera_msgs/share/realsense2_camera_msgs/cmake/ament_cmake_export_include_directories-extras.cmake
[12.331s] -- Symlinking: /home/imml/git/research_2025/apple-harvest-refactor/install/realsense2_camera_msgs/share/realsense2_camera_msgs/cmake/ament_cmake_export_libraries-extras.cmake
[12.340s] -- Symlinking: /home/imml/git/research_2025/apple-harvest-refactor/install/realsense2_camera_msgs/share/realsense2_camera_msgs/cmake/ament_cmake_export_targets-extras.cmake
[12.348s] -- Symlinking: /home/imml/git/research_2025/apple-harvest-refactor/install/realsense2_camera_msgs/share/realsense2_camera_msgs/cmake/rosidl_cmake_export_typesupport_targets-extras.cmake
[12.358s] -- Symlinking: /home/imml/git/research_2025/apple-harvest-refactor/install/realsense2_camera_msgs/share/realsense2_camera_msgs/cmake/rosidl_cmake_export_typesupport_libraries-extras.cmake
[12.367s] -- Symlinking: /home/imml/git/research_2025/apple-harvest-refactor/install/realsense2_camera_msgs/share/realsense2_camera_msgs/cmake/realsense2_camera_msgsConfig.cmake
[12.376s] -- Symlinking: /home/imml/git/research_2025/apple-harvest-refactor/install/realsense2_camera_msgs/share/realsense2_camera_msgs/cmake/realsense2_camera_msgsConfig-version.cmake
[12.384s] -- Symlinking: /home/imml/git/research_2025/apple-harvest-refactor/install/realsense2_camera_msgs/share/realsense2_camera_msgs/package.xml
[12.393s] -- Installing: /home/imml/git/research_2025/apple-harvest-refactor/install/realsense2_camera_msgs/lib/librealsense2_camera_msgs__rosidl_generator_c.so
[12.394s] -- Set runtime path of "/home/imml/git/research_2025/apple-harvest-refactor/install/realsense2_camera_msgs/lib/librealsense2_camera_msgs__rosidl_generator_c.so" to ""
[12.394s] -- Installing: /home/imml/git/research_2025/apple-harvest-refactor/install/realsense2_camera_msgs/lib/librealsense2_camera_msgs__rosidl_typesupport_fastrtps_c.so
[12.394s] -- Set runtime path of "/home/imml/git/research_2025/apple-harvest-refactor/install/realsense2_camera_msgs/lib/librealsense2_camera_msgs__rosidl_typesupport_fastrtps_c.so" to ""
[12.394s] -- Installing: /home/imml/git/research_2025/apple-harvest-refactor/install/realsense2_camera_msgs/lib/librealsense2_camera_msgs__rosidl_typesupport_introspection_c.so
[12.395s] -- Set runtime path of "/home/imml/git/research_2025/apple-harvest-refactor/install/realsense2_camera_msgs/lib/librealsense2_camera_msgs__rosidl_typesupport_introspection_c.so" to ""
[12.395s] -- Installing: /home/imml/git/research_2025/apple-harvest-refactor/install/realsense2_camera_msgs/lib/librealsense2_camera_msgs__rosidl_typesupport_c.so
[12.395s] -- Set runtime path of "/home/imml/git/research_2025/apple-harvest-refactor/install/realsense2_camera_msgs/lib/librealsense2_camera_msgs__rosidl_typesupport_c.so" to ""
[12.395s] -- Installing: /home/imml/git/research_2025/apple-harvest-refactor/install/realsense2_camera_msgs/lib/librealsense2_camera_msgs__rosidl_typesupport_fastrtps_cpp.so
[12.396s] -- Set runtime path of "/home/imml/git/research_2025/apple-harvest-refactor/install/realsense2_camera_msgs/lib/librealsense2_camera_msgs__rosidl_typesupport_fastrtps_cpp.so" to ""
[12.396s] -- Installing: /home/imml/git/research_2025/apple-harvest-refactor/install/realsense2_camera_msgs/lib/librealsense2_camera_msgs__rosidl_typesupport_introspection_cpp.so
[12.397s] -- Set runtime path of "/home/imml/git/research_2025/apple-harvest-refactor/install/realsense2_camera_msgs/lib/librealsense2_camera_msgs__rosidl_typesupport_introspection_cpp.so" to ""
[12.397s] -- Installing: /home/imml/git/research_2025/apple-harvest-refactor/install/realsense2_camera_msgs/lib/librealsense2_camera_msgs__rosidl_typesupport_cpp.so
[12.397s] -- Set runtime path of "/home/imml/git/research_2025/apple-harvest-refactor/install/realsense2_camera_msgs/lib/librealsense2_camera_msgs__rosidl_typesupport_cpp.so" to ""
[12.428s] Listing '/home/imml/git/research_2025/apple-harvest-refactor/install/realsense2_camera_msgs/local/lib/python3.10/dist-packages/realsense2_camera_msgs'...
[12.428s] Compiling '/home/imml/git/research_2025/apple-harvest-refactor/install/realsense2_camera_msgs/local/lib/python3.10/dist-packages/realsense2_camera_msgs/__init__.py'...
[12.428s] Listing '/home/imml/git/research_2025/apple-harvest-refactor/install/realsense2_camera_msgs/local/lib/python3.10/dist-packages/realsense2_camera_msgs/msg'...
[12.428s] Compiling '/home/imml/git/research_2025/apple-harvest-refactor/install/realsense2_camera_msgs/local/lib/python3.10/dist-packages/realsense2_camera_msgs/msg/__init__.py'...
[12.428s] Compiling '/home/imml/git/research_2025/apple-harvest-refactor/install/realsense2_camera_msgs/local/lib/python3.10/dist-packages/realsense2_camera_msgs/msg/_extrinsics.py'...
[12.428s] Compiling '/home/imml/git/research_2025/apple-harvest-refactor/install/realsense2_camera_msgs/local/lib/python3.10/dist-packages/realsense2_camera_msgs/msg/_imu_info.py'...
[12.428s] Compiling '/home/imml/git/research_2025/apple-harvest-refactor/install/realsense2_camera_msgs/local/lib/python3.10/dist-packages/realsense2_camera_msgs/msg/_metadata.py'...
[12.428s] Compiling '/home/imml/git/research_2025/apple-harvest-refactor/install/realsense2_camera_msgs/local/lib/python3.10/dist-packages/realsense2_camera_msgs/msg/_rgbd.py'...
[12.428s] Listing '/home/imml/git/research_2025/apple-harvest-refactor/install/realsense2_camera_msgs/local/lib/python3.10/dist-packages/realsense2_camera_msgs/srv'...
[12.428s] Compiling '/home/imml/git/research_2025/apple-harvest-refactor/install/realsense2_camera_msgs/local/lib/python3.10/dist-packages/realsense2_camera_msgs/srv/__init__.py'...
[12.428s] Compiling '/home/imml/git/research_2025/apple-harvest-refactor/install/realsense2_camera_msgs/local/lib/python3.10/dist-packages/realsense2_camera_msgs/srv/_device_info.py'...
[12.433s] -- Installing: /home/imml/git/research_2025/apple-harvest-refactor/install/realsense2_camera_msgs/lib/librealsense2_camera_msgs__rosidl_generator_py.so
[12.434s] -- Set runtime path of "/home/imml/git/research_2025/apple-harvest-refactor/install/realsense2_camera_msgs/lib/librealsense2_camera_msgs__rosidl_generator_py.so" to ""
[12.434s] -- Installing: /home/imml/git/research_2025/apple-harvest-refactor/install/realsense2_camera_msgs/share/realsense2_camera_msgs/cmake/export_realsense2_camera_msgs__rosidl_generator_cExport.cmake
[12.434s] -- Installing: /home/imml/git/research_2025/apple-harvest-refactor/install/realsense2_camera_msgs/share/realsense2_camera_msgs/cmake/export_realsense2_camera_msgs__rosidl_generator_cExport-noconfig.cmake
[12.434s] -- Installing: /home/imml/git/research_2025/apple-harvest-refactor/install/realsense2_camera_msgs/share/realsense2_camera_msgs/cmake/export_realsense2_camera_msgs__rosidl_typesupport_fastrtps_cExport.cmake
[12.434s] -- Installing: /home/imml/git/research_2025/apple-harvest-refactor/install/realsense2_camera_msgs/share/realsense2_camera_msgs/cmake/export_realsense2_camera_msgs__rosidl_typesupport_fastrtps_cExport-noconfig.cmake
[12.434s] -- Installing: /home/imml/git/research_2025/apple-harvest-refactor/install/realsense2_camera_msgs/share/realsense2_camera_msgs/cmake/realsense2_camera_msgs__rosidl_typesupport_introspection_cExport.cmake
[12.435s] -- Installing: /home/imml/git/research_2025/apple-harvest-refactor/install/realsense2_camera_msgs/share/realsense2_camera_msgs/cmake/realsense2_camera_msgs__rosidl_typesupport_introspection_cExport-noconfig.cmake
[12.435s] -- Installing: /home/imml/git/research_2025/apple-harvest-refactor/install/realsense2_camera_msgs/share/realsense2_camera_msgs/cmake/realsense2_camera_msgs__rosidl_typesupport_cExport.cmake
[12.435s] -- Installing: /home/imml/git/research_2025/apple-harvest-refactor/install/realsense2_camera_msgs/share/realsense2_camera_msgs/cmake/realsense2_camera_msgs__rosidl_typesupport_cExport-noconfig.cmake
[12.435s] -- Installing: /home/imml/git/research_2025/apple-harvest-refactor/install/realsense2_camera_msgs/share/realsense2_camera_msgs/cmake/export_realsense2_camera_msgs__rosidl_generator_cppExport.cmake
[12.435s] -- Installing: /home/imml/git/research_2025/apple-harvest-refactor/install/realsense2_camera_msgs/share/realsense2_camera_msgs/cmake/export_realsense2_camera_msgs__rosidl_typesupport_fastrtps_cppExport.cmake
[12.435s] -- Installing: /home/imml/git/research_2025/apple-harvest-refactor/install/realsense2_camera_msgs/share/realsense2_camera_msgs/cmake/export_realsense2_camera_msgs__rosidl_typesupport_fastrtps_cppExport-noconfig.cmake
[12.435s] -- Installing: /home/imml/git/research_2025/apple-harvest-refactor/install/realsense2_camera_msgs/share/realsense2_camera_msgs/cmake/realsense2_camera_msgs__rosidl_typesupport_introspection_cppExport.cmake
[12.436s] -- Installing: /home/imml/git/research_2025/apple-harvest-refactor/install/realsense2_camera_msgs/share/realsense2_camera_msgs/cmake/realsense2_camera_msgs__rosidl_typesupport_introspection_cppExport-noconfig.cmake
[12.436s] -- Installing: /home/imml/git/research_2025/apple-harvest-refactor/install/realsense2_camera_msgs/share/realsense2_camera_msgs/cmake/realsense2_camera_msgs__rosidl_typesupport_cppExport.cmake
[12.436s] -- Installing: /home/imml/git/research_2025/apple-harvest-refactor/install/realsense2_camera_msgs/share/realsense2_camera_msgs/cmake/realsense2_camera_msgs__rosidl_typesupport_cppExport-noconfig.cmake
[12.436s] -- Installing: /home/imml/git/research_2025/apple-harvest-refactor/install/realsense2_camera_msgs/share/realsense2_camera_msgs/cmake/export_realsense2_camera_msgs__rosidl_generator_pyExport.cmake
[12.436s] -- Installing: /home/imml/git/research_2025/apple-harvest-refactor/install/realsense2_camera_msgs/share/realsense2_camera_msgs/cmake/export_realsense2_camera_msgs__rosidl_generator_pyExport-noconfig.cmake
[12.439s] Invoked command in '/home/imml/git/research_2025/apple-harvest-refactor/build/realsense2_camera_msgs' returned '0': CMAKE_PREFIX_PATH=${CMAKE_PREFIX_PATH}:/home/imml/git/research_2025/apple-harvest/install/ur5e_custom_hardware:/home/imml/git/research_2025/apple-harvest/install/harvest_vision:/opt/ros/humble /usr/bin/cmake --install /home/imml/git/research_2025/apple-harvest-refactor/build/realsense2_camera_msgs
