[0.030s] Invoking command in '/home/imml/git/research_2025/apple-harvest-refactor/build/harvest': AMENT_PREFIX_PATH=/home/imml/git/research_2025/apple-harvest-refactor/install/harvest_interfaces:${AMENT_PREFIX_PATH} CMAKE_PREFIX_PATH=/home/imml/git/research_2025/apple-harvest-refactor/install/harvest_interfaces:/home/imml/flex_tof_ws/install/flex_sensor_control:/opt/ros/humble LD_LIBRARY_PATH=/home/imml/git/research_2025/apple-harvest-refactor/install/harvest_interfaces/lib:${LD_LIBRARY_PATH} PYTHONPATH=/home/imml/git/research_2025/apple-harvest-refactor/install/harvest_interfaces/local/lib/python3.10/dist-packages:${PYTHONPATH} /usr/bin/cmake --build /home/imml/git/research_2025/apple-harvest-refactor/build/harvest -- -j16 -l16
[0.141s] Built target ament_cmake_python_symlink_harvest
[0.412s] running egg_info
[0.413s] writing harvest.egg-info/PKG-INFO
[0.413s] writing dependency_links to harvest.egg-info/dependency_links.txt
[0.413s] writing top-level names to harvest.egg-info/top_level.txt
[0.413s] reading manifest file 'harvest.egg-info/SOURCES.txt'
[0.413s] writing manifest file 'harvest.egg-info/SOURCES.txt'
[0.456s] Built target ament_cmake_python_build_harvest_egg
[0.473s] Invoked command in '/home/imml/git/research_2025/apple-harvest-refactor/build/harvest' returned '0': AMENT_PREFIX_PATH=/home/imml/git/research_2025/apple-harvest-refactor/install/harvest_interfaces:${AMENT_PREFIX_PATH} CMAKE_PREFIX_PATH=/home/imml/git/research_2025/apple-harvest-refactor/install/harvest_interfaces:/home/imml/flex_tof_ws/install/flex_sensor_control:/opt/ros/humble LD_LIBRARY_PATH=/home/imml/git/research_2025/apple-harvest-refactor/install/harvest_interfaces/lib:${LD_LIBRARY_PATH} PYTHONPATH=/home/imml/git/research_2025/apple-harvest-refactor/install/harvest_interfaces/local/lib/python3.10/dist-packages:${PYTHONPATH} /usr/bin/cmake --build /home/imml/git/research_2025/apple-harvest-refactor/build/harvest -- -j16 -l16
[0.475s] Invoking command in '/home/imml/git/research_2025/apple-harvest-refactor/build/harvest': AMENT_PREFIX_PATH=/home/imml/git/research_2025/apple-harvest-refactor/install/harvest_interfaces:${AMENT_PREFIX_PATH} CMAKE_PREFIX_PATH=/home/imml/git/research_2025/apple-harvest-refactor/install/harvest_interfaces:/home/imml/flex_tof_ws/install/flex_sensor_control:/opt/ros/humble LD_LIBRARY_PATH=/home/imml/git/research_2025/apple-harvest-refactor/install/harvest_interfaces/lib:${LD_LIBRARY_PATH} PYTHONPATH=/home/imml/git/research_2025/apple-harvest-refactor/install/harvest_interfaces/local/lib/python3.10/dist-packages:${PYTHONPATH} /usr/bin/cmake --install /home/imml/git/research_2025/apple-harvest-refactor/build/harvest
[0.486s] -- Install configuration: ""
[0.486s] -- Execute custom install script
[0.486s] -- Up-to-date symlink: /home/imml/git/research_2025/apple-harvest-refactor/install/harvest/share/harvest/environment/pythonpath.sh
[0.486s] -- Up-to-date symlink: /home/imml/git/research_2025/apple-harvest-refactor/install/harvest/share/harvest/environment/pythonpath.dsv
[0.489s] -- Up-to-date symlink: /home/imml/git/research_2025/apple-harvest-refactor/install/harvest/local/lib/python3.10/dist-packages/harvest-0.0.0-py3.10.egg-info/PKG-INFO
[0.491s] -- Up-to-date symlink: /home/imml/git/research_2025/apple-harvest-refactor/install/harvest/local/lib/python3.10/dist-packages/harvest-0.0.0-py3.10.egg-info/SOURCES.txt
[0.491s] -- Up-to-date symlink: /home/imml/git/research_2025/apple-harvest-refactor/install/harvest/local/lib/python3.10/dist-packages/harvest-0.0.0-py3.10.egg-info/dependency_links.txt
[0.492s] -- Up-to-date symlink: /home/imml/git/research_2025/apple-harvest-refactor/install/harvest/local/lib/python3.10/dist-packages/harvest-0.0.0-py3.10.egg-info/top_level.txt
[0.492s] -- Up-to-date symlink: /home/imml/git/research_2025/apple-harvest-refactor/install/harvest/local/lib/python3.10/dist-packages/harvest/__init__.py
[0.493s] -- Up-to-date symlink: /home/imml/git/research_2025/apple-harvest-refactor/install/harvest/lib/harvest/start_harvest.py
[0.493s] -- Up-to-date symlink: /home/imml/git/research_2025/apple-harvest-refactor/install/harvest/lib/harvest/start_harvest_demo.py
[0.493s] -- Up-to-date symlink: /home/imml/git/research_2025/apple-harvest-refactor/install/harvest/lib/harvest/record.py
[0.493s] -- Up-to-date symlink: /home/imml/git/research_2025/apple-harvest-refactor/install/harvest/lib/harvest/orchard_templating.py
[0.493s] -- Up-to-date symlink: /home/imml/git/research_2025/apple-harvest-refactor/install/harvest/lib/harvest/apple_prediction_test.py
[0.493s] -- Up-to-date symlink: /home/imml/git/research_2025/apple-harvest-refactor/install/harvest/lib/harvest/visual_servo_test.py
[0.493s] -- Up-to-date symlink: /home/imml/git/research_2025/apple-harvest-refactor/install/harvest/share/harvest//launch/launch_gripper.launch.py
[0.493s] -- Up-to-date symlink: /home/imml/git/research_2025/apple-harvest-refactor/install/harvest/share/harvest//launch/launch_lab_demo.py
[0.493s] -- Up-to-date symlink: /home/imml/git/research_2025/apple-harvest-refactor/install/harvest/share/harvest//launch/launch_vision.launch.py
[0.494s] -- Up-to-date symlink: /home/imml/git/research_2025/apple-harvest-refactor/install/harvest/share/harvest//launch/launch_vision_templating.launch.py
[0.494s] -- Up-to-date symlink: /home/imml/git/research_2025/apple-harvest-refactor/install/harvest/share/ament_index/resource_index/package_run_dependencies/harvest
[0.494s] -- Up-to-date symlink: /home/imml/git/research_2025/apple-harvest-refactor/install/harvest/share/ament_index/resource_index/parent_prefix_path/harvest
[0.494s] -- Up-to-date symlink: /home/imml/git/research_2025/apple-harvest-refactor/install/harvest/share/harvest/environment/ament_prefix_path.sh
[0.494s] -- Up-to-date symlink: /home/imml/git/research_2025/apple-harvest-refactor/install/harvest/share/harvest/environment/ament_prefix_path.dsv
[0.494s] -- Up-to-date symlink: /home/imml/git/research_2025/apple-harvest-refactor/install/harvest/share/harvest/environment/path.sh
[0.494s] -- Up-to-date symlink: /home/imml/git/research_2025/apple-harvest-refactor/install/harvest/share/harvest/environment/path.dsv
[0.494s] -- Up-to-date symlink: /home/imml/git/research_2025/apple-harvest-refactor/install/harvest/share/harvest/local_setup.bash
[0.494s] -- Up-to-date symlink: /home/imml/git/research_2025/apple-harvest-refactor/install/harvest/share/harvest/local_setup.sh
[0.495s] -- Up-to-date symlink: /home/imml/git/research_2025/apple-harvest-refactor/install/harvest/share/harvest/local_setup.zsh
[0.495s] -- Up-to-date symlink: /home/imml/git/research_2025/apple-harvest-refactor/install/harvest/share/harvest/local_setup.dsv
[0.495s] -- Symlinking: /home/imml/git/research_2025/apple-harvest-refactor/install/harvest/share/harvest/package.dsv
[0.506s] -- Up-to-date symlink: /home/imml/git/research_2025/apple-harvest-refactor/install/harvest/share/ament_index/resource_index/packages/harvest
[0.506s] -- Up-to-date symlink: /home/imml/git/research_2025/apple-harvest-refactor/install/harvest/share/harvest/cmake/harvestConfig.cmake
[0.506s] -- Up-to-date symlink: /home/imml/git/research_2025/apple-harvest-refactor/install/harvest/share/harvest/cmake/harvestConfig-version.cmake
[0.507s] -- Up-to-date symlink: /home/imml/git/research_2025/apple-harvest-refactor/install/harvest/share/harvest/package.xml
[0.544s] Listing '/home/imml/git/research_2025/apple-harvest-refactor/install/harvest/local/lib/python3.10/dist-packages/harvest'...
[0.569s] Invoked command in '/home/imml/git/research_2025/apple-harvest-refactor/build/harvest' returned '0': AMENT_PREFIX_PATH=/home/imml/git/research_2025/apple-harvest-refactor/install/harvest_interfaces:${AMENT_PREFIX_PATH} CMAKE_PREFIX_PATH=/home/imml/git/research_2025/apple-harvest-refactor/install/harvest_interfaces:/home/imml/flex_tof_ws/install/flex_sensor_control:/opt/ros/humble LD_LIBRARY_PATH=/home/imml/git/research_2025/apple-harvest-refactor/install/harvest_interfaces/lib:${LD_LIBRARY_PATH} PYTHONPATH=/home/imml/git/research_2025/apple-harvest-refactor/install/harvest_interfaces/local/lib/python3.10/dist-packages:${PYTHONPATH} /usr/bin/cmake --install /home/imml/git/research_2025/apple-harvest-refactor/build/harvest
