Traceback (most recent call last):
  File "/home/imml/git/research_2025/apple-harvest-refactor/build/ur_robot_driver/ament_cmake_python/ur_robot_driver/setup.py", line 1, in <module>
    from setuptools import find_packages
  File "/usr/lib/python3/dist-packages/setuptools/__init__.py", line 16, in <module>
    import setuptools.version
  File "/usr/lib/python3/dist-packages/setuptools/version.py", line 1, in <module>
    import pkg_resources
  File "/usr/lib/python3/dist-packages/pkg_resources/__init__.py", line 3267, in <module>
    def _initialize_master_working_set():
  File "/usr/lib/python3/dist-packages/pkg_resources/__init__.py", line 3241, in _call_aside
    f(*args, **kwargs)
  File "/usr/lib/python3/dist-packages/pkg_resources/__init__.py", line 3292, in _initialize_master_working_set
    tuple(
  File "/usr/lib/python3/dist-packages/pkg_resources/__init__.py", line 3293, in <genexpr>
    dist.activate(replace=False)
  File "/usr/lib/python3/dist-packages/pkg_resources/__init__.py", line 2795, in activate
    fixup_namespace_packages(self.location)
  File "/usr/lib/python3/dist-packages/pkg_resources/__init__.py", line 2307, in fixup_namespace_packages
    subpath = _handle_ns(package, path_item)
  File "/usr/lib/python3/dist-packages/pkg_resources/__init__.py", line 2208, in _handle_ns
    loader = importer.find_spec(packageName).loader
  File "<frozen importlib._bootstrap_external>", line 1563, in find_spec
  File "<frozen importlib._bootstrap_external>", line 161, in _path_isfile
KeyboardInterrupt
gmake[2]: *** [CMakeFiles/ament_cmake_python_build_ur_robot_driver_egg.dir/build.make:70: CMakeFiles/ament_cmake_python_build_ur_robot_driver_egg] Interrupt
gmake[1]: *** [CMakeFiles/Makefile2:304: CMakeFiles/ament_cmake_python_build_ur_robot_driver_egg.dir/all] Interrupt
gmake: *** [Makefile:146: all] Interrupt
