[0.024s] Invoking command in '/home/imml/git/research_2025/apple-harvest-refactor/build/ur_robot_driver': AMENT_PREFIX_PATH=/home/imml/git/research_2025/apple-harvest-refactor/install/ur_controllers:/home/imml/git/research_2025/apple-harvest-refactor/install/ur_description:/home/imml/git/research_2025/apple-harvest-refactor/install/ur_dashboard_msgs:${AMENT_PREFIX_PATH} CMAKE_PREFIX_PATH=/home/imml/git/research_2025/apple-harvest-refactor/install/ur_controllers:/home/imml/git/research_2025/apple-harvest-refactor/install/ur_description:/home/imml/git/research_2025/apple-harvest-refactor/install/ur_dashboard_msgs:/opt/ros/humble LD_LIBRARY_PATH=/home/imml/git/research_2025/apple-harvest-refactor/install/ur_controllers/lib:/home/imml/git/research_2025/apple-harvest-refactor/install/ur_dashboard_msgs/lib:${LD_LIBRARY_PATH} PYTHONPATH=/home/imml/git/research_2025/apple-harvest-refactor/install/ur_dashboard_msgs/local/lib/python3.10/dist-packages:${PYTHONPATH} /usr/bin/cmake --build /home/imml/git/research_2025/apple-harvest-refactor/build/ur_robot_driver -- -j16 -l16
[0.097s] [ 33%] Built target controller_stopper_node
[0.097s] [ 33%] Built target urscript_interface
[0.098s] [ 46%] Built target ur_ros2_control_node
[0.099s] [ 86%] Built target dashboard_client
[0.099s] [100%] Built target ur_robot_driver_plugin
[0.099s] [100%] Built target ament_cmake_python_symlink_ur_robot_driver
[0.267s] Traceback (most recent call last):
[0.267s]   File "/home/imml/git/research_2025/apple-harvest-refactor/build/ur_robot_driver/ament_cmake_python/ur_robot_driver/setup.py", line 1, in <module>
[0.267s]     from setuptools import find_packages
[0.267s]   File "/usr/lib/python3/dist-packages/setuptools/__init__.py", line 16, in <module>
[0.268s]     import setuptools.version
[0.268s]   File "/usr/lib/python3/dist-packages/setuptools/version.py", line 1, in <module>
[0.268s]     import pkg_resources
[0.268s]   File "/usr/lib/python3/dist-packages/pkg_resources/__init__.py", line 3267, in <module>
[0.269s]     def _initialize_master_working_set():
[0.269s]   File "/usr/lib/python3/dist-packages/pkg_resources/__init__.py", line 3241, in _call_aside
[0.269s]     f(*args, **kwargs)
[0.269s]   File "/usr/lib/python3/dist-packages/pkg_resources/__init__.py", line 3292, in _initialize_master_working_set
[0.269s]     tuple(
[0.269s]   File "/usr/lib/python3/dist-packages/pkg_resources/__init__.py", line 3293, in <genexpr>
[0.270s]     dist.activate(replace=False)
[0.270s]   File "/usr/lib/python3/dist-packages/pkg_resources/__init__.py", line 2795, in activate
[0.270s]     fixup_namespace_packages(self.location)
[0.270s]   File "/usr/lib/python3/dist-packages/pkg_resources/__init__.py", line 2307, in fixup_namespace_packages
[0.270s]     subpath = _handle_ns(package, path_item)
[0.270s]   File "/usr/lib/python3/dist-packages/pkg_resources/__init__.py", line 2208, in _handle_ns
[0.270s]     loader = importer.find_spec(packageName).loader
[0.270s]   File "<frozen importlib._bootstrap_external>", line 1563, in find_spec
[0.270s]   File "<frozen importlib._bootstrap_external>", line 161, in _path_isfile
[0.270s] KeyboardInterrupt
[0.302s] gmake[2]: *** [CMakeFiles/ament_cmake_python_build_ur_robot_driver_egg.dir/build.make:70: CMakeFiles/ament_cmake_python_build_ur_robot_driver_egg] Interrupt
[0.302s] gmake[1]: *** [CMakeFiles/Makefile2:304: CMakeFiles/ament_cmake_python_build_ur_robot_driver_egg.dir/all] Interrupt
[0.302s] gmake: *** [Makefile:146: all] Interrupt
