[0.026s] Invoking command in '/home/imml/git/research_2025/apple-harvest-refactor/build/harvest_control': AMENT_PREFIX_PATH=/home/imml/git/research_2025/apple-harvest-refactor/install/harvest_interfaces:${AMENT_PREFIX_PATH} CMAKE_PREFIX_PATH=/home/imml/git/research_2025/apple-harvest-refactor/install/harvest_interfaces:/opt/ros/humble LD_LIBRARY_PATH=/home/imml/git/research_2025/apple-harvest-refactor/install/harvest_interfaces/lib:${LD_LIBRARY_PATH} PYTHONPATH=/home/imml/git/research_2025/apple-harvest-refactor/install/harvest_interfaces/local/lib/python3.10/dist-packages:${PYTHONPATH} /usr/bin/cmake --build /home/imml/git/research_2025/apple-harvest-refactor/build/harvest_control -- -j16 -l16
[0.365s] [  0%] Built target ament_cmake_python_symlink_harvest_control
[0.365s] [100%] Built target move_arm
[0.425s] running egg_info
[0.426s] writing harvest_control.egg-info/PKG-INFO
[0.427s] writing dependency_links to harvest_control.egg-info/dependency_links.txt
[0.427s] writing top-level names to harvest_control.egg-info/top_level.txt
[0.431s] reading manifest file 'harvest_control.egg-info/SOURCES.txt'
[0.431s] writing manifest file 'harvest_control.egg-info/SOURCES.txt'
[0.486s] [100%] Built target ament_cmake_python_build_harvest_control_egg
[0.506s] Invoked command in '/home/imml/git/research_2025/apple-harvest-refactor/build/harvest_control' returned '0': AMENT_PREFIX_PATH=/home/imml/git/research_2025/apple-harvest-refactor/install/harvest_interfaces:${AMENT_PREFIX_PATH} CMAKE_PREFIX_PATH=/home/imml/git/research_2025/apple-harvest-refactor/install/harvest_interfaces:/opt/ros/humble LD_LIBRARY_PATH=/home/imml/git/research_2025/apple-harvest-refactor/install/harvest_interfaces/lib:${LD_LIBRARY_PATH} PYTHONPATH=/home/imml/git/research_2025/apple-harvest-refactor/install/harvest_interfaces/local/lib/python3.10/dist-packages:${PYTHONPATH} /usr/bin/cmake --build /home/imml/git/research_2025/apple-harvest-refactor/build/harvest_control -- -j16 -l16
[0.511s] Invoking command in '/home/imml/git/research_2025/apple-harvest-refactor/build/harvest_control': AMENT_PREFIX_PATH=/home/imml/git/research_2025/apple-harvest-refactor/install/harvest_interfaces:${AMENT_PREFIX_PATH} CMAKE_PREFIX_PATH=/home/imml/git/research_2025/apple-harvest-refactor/install/harvest_interfaces:/opt/ros/humble LD_LIBRARY_PATH=/home/imml/git/research_2025/apple-harvest-refactor/install/harvest_interfaces/lib:${LD_LIBRARY_PATH} PYTHONPATH=/home/imml/git/research_2025/apple-harvest-refactor/install/harvest_interfaces/local/lib/python3.10/dist-packages:${PYTHONPATH} /usr/bin/cmake --install /home/imml/git/research_2025/apple-harvest-refactor/build/harvest_control
[0.521s] -- Install configuration: ""
[0.521s] -- Execute custom install script
[0.522s] -- Up-to-date symlink: /home/imml/git/research_2025/apple-harvest-refactor/install/harvest_control/share/harvest_control/environment/pythonpath.sh
[0.522s] -- Up-to-date symlink: /home/imml/git/research_2025/apple-harvest-refactor/install/harvest_control/share/harvest_control/environment/pythonpath.dsv
[0.522s] -- Up-to-date symlink: /home/imml/git/research_2025/apple-harvest-refactor/install/harvest_control/local/lib/python3.10/dist-packages/harvest_control-0.0.0-py3.10.egg-info/PKG-INFO
[0.522s] -- Up-to-date symlink: /home/imml/git/research_2025/apple-harvest-refactor/install/harvest_control/local/lib/python3.10/dist-packages/harvest_control-0.0.0-py3.10.egg-info/SOURCES.txt
[0.522s] -- Up-to-date symlink: /home/imml/git/research_2025/apple-harvest-refactor/install/harvest_control/local/lib/python3.10/dist-packages/harvest_control-0.0.0-py3.10.egg-info/dependency_links.txt
[0.523s] -- Up-to-date symlink: /home/imml/git/research_2025/apple-harvest-refactor/install/harvest_control/local/lib/python3.10/dist-packages/harvest_control-0.0.0-py3.10.egg-info/top_level.txt
[0.523s] -- Up-to-date symlink: /home/imml/git/research_2025/apple-harvest-refactor/install/harvest_control/local/lib/python3.10/dist-packages/harvest_control/__init__.py
[0.523s] -- Up-to-date symlink: /home/imml/git/research_2025/apple-harvest-refactor/install/harvest_control/lib/harvest_control/coordinate_to_trajectory.py
[0.524s] -- Up-to-date symlink: /home/imml/git/research_2025/apple-harvest-refactor/install/harvest_control/lib/harvest_control/event_detector.py
[0.524s] -- Up-to-date symlink: /home/imml/git/research_2025/apple-harvest-refactor/install/harvest_control/lib/harvest_control/force_filter.py
[0.524s] -- Up-to-date symlink: /home/imml/git/research_2025/apple-harvest-refactor/install/harvest_control/lib/harvest_control/get_manual_apple_locations.py
[0.524s] -- Up-to-date symlink: /home/imml/git/research_2025/apple-harvest-refactor/install/harvest_control/lib/harvest_control/heuristic_controller.py
[0.524s] -- Up-to-date symlink: /home/imml/git/research_2025/apple-harvest-refactor/install/harvest_control/lib/harvest_control/linear_controller.py
[0.524s] -- Up-to-date symlink: /home/imml/git/research_2025/apple-harvest-refactor/install/harvest_control/lib/harvest_control/pose_listener.py
[0.524s] -- Up-to-date symlink: /home/imml/git/research_2025/apple-harvest-refactor/install/harvest_control/lib/harvest_control/pressure_averager.py
[0.525s] -- Up-to-date symlink: /home/imml/git/research_2025/apple-harvest-refactor/install/harvest_control/lib/harvest_control/pull_twist_controller.py
[0.526s] -- Up-to-date symlink: /home/imml/git/research_2025/apple-harvest-refactor/install/harvest_control/lib/harvest_control/visual_servo.py
[0.526s] -- Up-to-date symlink: /home/imml/git/research_2025/apple-harvest-refactor/install/harvest_control/lib/harvest_control/move_arm
[0.526s] -- Up-to-date symlink: /home/imml/git/research_2025/apple-harvest-refactor/install/harvest_control/share/harvest_control/launch/arm_control.launch.py
[0.526s] -- Up-to-date symlink: /home/imml/git/research_2025/apple-harvest-refactor/install/harvest_control/share/harvest_control/launch/arm_control_templating.launch.py
[0.526s] -- Up-to-date symlink: /home/imml/git/research_2025/apple-harvest-refactor/install/harvest_control/share/harvest_control/resource/harvest_control
[0.526s] -- Up-to-date symlink: /home/imml/git/research_2025/apple-harvest-refactor/install/harvest_control/share/harvest_control/resource/reachable_paths.npy
[0.527s] -- Up-to-date symlink: /home/imml/git/research_2025/apple-harvest-refactor/install/harvest_control/share/harvest_control/resource/reachable_paths_fine.npy
[0.527s] -- Up-to-date symlink: /home/imml/git/research_2025/apple-harvest-refactor/install/harvest_control/share/harvest_control/resource/reachable_voxel_centers.csv
[0.527s] -- Up-to-date symlink: /home/imml/git/research_2025/apple-harvest-refactor/install/harvest_control/share/harvest_control/resource/reachable_voxel_centers_fine.csv
[0.527s] -- Up-to-date symlink: /home/imml/git/research_2025/apple-harvest-refactor/install/harvest_control/share/harvest_control/resource/tree_wire_mask.json
[0.527s] -- Up-to-date symlink: /home/imml/git/research_2025/apple-harvest-refactor/install/harvest_control/share/harvest_control/resource/urdf/v_trellis_template.urdf
[0.527s] -- Up-to-date symlink: /home/imml/git/research_2025/apple-harvest-refactor/install/harvest_control/share/harvest_control/resource/urdf/v_trellis_template.xacro
[0.527s] -- Up-to-date symlink: /home/imml/git/research_2025/apple-harvest-refactor/install/harvest_control/share/harvest_control/resource/voxel_ik_data.csv
[0.527s] -- Up-to-date symlink: /home/imml/git/research_2025/apple-harvest-refactor/install/harvest_control/share/harvest_control/resource/voxel_ik_data_fine.csv
[0.527s] -- Up-to-date symlink: /home/imml/git/research_2025/apple-harvest-refactor/install/harvest_control/share/ament_index/resource_index/package_run_dependencies/harvest_control
[0.528s] -- Up-to-date symlink: /home/imml/git/research_2025/apple-harvest-refactor/install/harvest_control/share/ament_index/resource_index/parent_prefix_path/harvest_control
[0.528s] -- Up-to-date symlink: /home/imml/git/research_2025/apple-harvest-refactor/install/harvest_control/share/harvest_control/environment/ament_prefix_path.sh
[0.528s] -- Up-to-date symlink: /home/imml/git/research_2025/apple-harvest-refactor/install/harvest_control/share/harvest_control/environment/ament_prefix_path.dsv
[0.528s] -- Up-to-date symlink: /home/imml/git/research_2025/apple-harvest-refactor/install/harvest_control/share/harvest_control/environment/path.sh
[0.528s] -- Up-to-date symlink: /home/imml/git/research_2025/apple-harvest-refactor/install/harvest_control/share/harvest_control/environment/path.dsv
[0.529s] -- Up-to-date symlink: /home/imml/git/research_2025/apple-harvest-refactor/install/harvest_control/share/harvest_control/local_setup.bash
[0.529s] -- Up-to-date symlink: /home/imml/git/research_2025/apple-harvest-refactor/install/harvest_control/share/harvest_control/local_setup.sh
[0.529s] -- Up-to-date symlink: /home/imml/git/research_2025/apple-harvest-refactor/install/harvest_control/share/harvest_control/local_setup.zsh
[0.529s] -- Up-to-date symlink: /home/imml/git/research_2025/apple-harvest-refactor/install/harvest_control/share/harvest_control/local_setup.dsv
[0.529s] -- Symlinking: /home/imml/git/research_2025/apple-harvest-refactor/install/harvest_control/share/harvest_control/package.dsv
[0.541s] -- Up-to-date symlink: /home/imml/git/research_2025/apple-harvest-refactor/install/harvest_control/share/ament_index/resource_index/packages/harvest_control
[0.542s] -- Up-to-date symlink: /home/imml/git/research_2025/apple-harvest-refactor/install/harvest_control/share/harvest_control/cmake/harvest_controlConfig.cmake
[0.542s] -- Up-to-date symlink: /home/imml/git/research_2025/apple-harvest-refactor/install/harvest_control/share/harvest_control/cmake/harvest_controlConfig-version.cmake
[0.543s] -- Up-to-date symlink: /home/imml/git/research_2025/apple-harvest-refactor/install/harvest_control/share/harvest_control/package.xml
[0.582s] Listing '/home/imml/git/research_2025/apple-harvest-refactor/install/harvest_control/local/lib/python3.10/dist-packages/harvest_control'...
[0.601s] Invoked command in '/home/imml/git/research_2025/apple-harvest-refactor/build/harvest_control' returned '0': AMENT_PREFIX_PATH=/home/imml/git/research_2025/apple-harvest-refactor/install/harvest_interfaces:${AMENT_PREFIX_PATH} CMAKE_PREFIX_PATH=/home/imml/git/research_2025/apple-harvest-refactor/install/harvest_interfaces:/opt/ros/humble LD_LIBRARY_PATH=/home/imml/git/research_2025/apple-harvest-refactor/install/harvest_interfaces/lib:${LD_LIBRARY_PATH} PYTHONPATH=/home/imml/git/research_2025/apple-harvest-refactor/install/harvest_interfaces/local/lib/python3.10/dist-packages:${PYTHONPATH} /usr/bin/cmake --install /home/imml/git/research_2025/apple-harvest-refactor/build/harvest_control
