[0.007s] Invoking command in '/home/imml/git/research_2025/apple-harvest-refactor/build/realsense2_description': AMENT_PREFIX_PATH=/home/imml/git/research_2025/apple-harvest-refactor/install/realsense2_camera_msgs:${AMENT_PREFIX_PATH} CMAKE_PREFIX_PATH=/home/imml/git/research_2025/apple-harvest-refactor/install/realsense2_camera_msgs:/home/imml/git/research_2025/apple-harvest/install/ur_moveit_config:/home/imml/git/research_2025/apple-harvest/install/ur_description:/home/imml/git/research_2025/apple-harvest/install/ur_dashboard_msgs:/home/imml/git/research_2025/apple-harvest/install/realsense2_description:/home/imml/git/research_2025/apple-harvest/install/realsense2_camera_msgs:/home/imml/git/research_2025/apple-harvest/install/harvest_interfaces:/home/imml/git/research_2025/apple-harvest/install/ur5e_custom_hardware:/home/imml/git/research_2025/apple-harvest/install/harvest_vision:/opt/ros/humble LD_LIBRARY_PATH=/home/imml/git/research_2025/apple-harvest-refactor/install/realsense2_camera_msgs/lib:${LD_LIBRARY_PATH} PYTHONPATH=/home/imml/git/research_2025/apple-harvest-refactor/install/realsense2_camera_msgs/local/lib/python3.10/dist-packages:${PYTHONPATH} /usr/bin/cmake /home/imml/git/research_2025/apple-harvest-refactor/harvest_hardware/realsense-ros/realsense2_description -DAMENT_CMAKE_SYMLINK_INSTALL=1 -DCMAKE_INSTALL_PREFIX=/home/imml/git/research_2025/apple-harvest-refactor/install/realsense2_description
[0.055s] -- The C compiler identification is GNU 11.4.0
[0.106s] -- The CXX compiler identification is GNU 11.4.0
[0.112s] -- Detecting C compiler ABI info
[0.174s] -- Detecting C compiler ABI info - done
[0.179s] -- Check for working C compiler: /usr/bin/cc - skipped
[0.179s] -- Detecting C compile features
[0.180s] -- Detecting C compile features - done
[0.182s] -- Detecting CXX compiler ABI info
[0.254s] -- Detecting CXX compiler ABI info - done
[0.259s] -- Check for working CXX compiler: /usr/bin/c++ - skipped
[0.260s] -- Detecting CXX compile features
[0.260s] -- Detecting CXX compile features - done
[0.262s] -- Found ament_cmake: 1.3.11 (/opt/ros/humble/share/ament_cmake/cmake)
[0.394s] -- Found Python3: /usr/bin/python3 (found version "3.10.12") found components: Interpreter 
[0.447s] -- Override CMake install command with custom implementation using symlinks instead of copying resources
[0.526s] -- Configuring done
[0.528s] -- Generating done
[0.530s] -- Build files have been written to: /home/imml/git/research_2025/apple-harvest-refactor/build/realsense2_description
[0.534s] Invoked command in '/home/imml/git/research_2025/apple-harvest-refactor/build/realsense2_description' returned '0': AMENT_PREFIX_PATH=/home/imml/git/research_2025/apple-harvest-refactor/install/realsense2_camera_msgs:${AMENT_PREFIX_PATH} CMAKE_PREFIX_PATH=/home/imml/git/research_2025/apple-harvest-refactor/install/realsense2_camera_msgs:/home/imml/git/research_2025/apple-harvest/install/ur_moveit_config:/home/imml/git/research_2025/apple-harvest/install/ur_description:/home/imml/git/research_2025/apple-harvest/install/ur_dashboard_msgs:/home/imml/git/research_2025/apple-harvest/install/realsense2_description:/home/imml/git/research_2025/apple-harvest/install/realsense2_camera_msgs:/home/imml/git/research_2025/apple-harvest/install/harvest_interfaces:/home/imml/git/research_2025/apple-harvest/install/ur5e_custom_hardware:/home/imml/git/research_2025/apple-harvest/install/harvest_vision:/opt/ros/humble LD_LIBRARY_PATH=/home/imml/git/research_2025/apple-harvest-refactor/install/realsense2_camera_msgs/lib:${LD_LIBRARY_PATH} PYTHONPATH=/home/imml/git/research_2025/apple-harvest-refactor/install/realsense2_camera_msgs/local/lib/python3.10/dist-packages:${PYTHONPATH} /usr/bin/cmake /home/imml/git/research_2025/apple-harvest-refactor/harvest_hardware/realsense-ros/realsense2_description -DAMENT_CMAKE_SYMLINK_INSTALL=1 -DCMAKE_INSTALL_PREFIX=/home/imml/git/research_2025/apple-harvest-refactor/install/realsense2_description
[0.535s] Invoking command in '/home/imml/git/research_2025/apple-harvest-refactor/build/realsense2_description': AMENT_PREFIX_PATH=/home/imml/git/research_2025/apple-harvest-refactor/install/realsense2_camera_msgs:${AMENT_PREFIX_PATH} CMAKE_PREFIX_PATH=/home/imml/git/research_2025/apple-harvest-refactor/install/realsense2_camera_msgs:/home/imml/git/research_2025/apple-harvest/install/ur_moveit_config:/home/imml/git/research_2025/apple-harvest/install/ur_description:/home/imml/git/research_2025/apple-harvest/install/ur_dashboard_msgs:/home/imml/git/research_2025/apple-harvest/install/realsense2_description:/home/imml/git/research_2025/apple-harvest/install/realsense2_camera_msgs:/home/imml/git/research_2025/apple-harvest/install/harvest_interfaces:/home/imml/git/research_2025/apple-harvest/install/ur5e_custom_hardware:/home/imml/git/research_2025/apple-harvest/install/harvest_vision:/opt/ros/humble LD_LIBRARY_PATH=/home/imml/git/research_2025/apple-harvest-refactor/install/realsense2_camera_msgs/lib:${LD_LIBRARY_PATH} PYTHONPATH=/home/imml/git/research_2025/apple-harvest-refactor/install/realsense2_camera_msgs/local/lib/python3.10/dist-packages:${PYTHONPATH} /usr/bin/cmake --build /home/imml/git/research_2025/apple-harvest-refactor/build/realsense2_description -- -j16 -l16
[0.572s] Invoked command in '/home/imml/git/research_2025/apple-harvest-refactor/build/realsense2_description' returned '0': AMENT_PREFIX_PATH=/home/imml/git/research_2025/apple-harvest-refactor/install/realsense2_camera_msgs:${AMENT_PREFIX_PATH} CMAKE_PREFIX_PATH=/home/imml/git/research_2025/apple-harvest-refactor/install/realsense2_camera_msgs:/home/imml/git/research_2025/apple-harvest/install/ur_moveit_config:/home/imml/git/research_2025/apple-harvest/install/ur_description:/home/imml/git/research_2025/apple-harvest/install/ur_dashboard_msgs:/home/imml/git/research_2025/apple-harvest/install/realsense2_description:/home/imml/git/research_2025/apple-harvest/install/realsense2_camera_msgs:/home/imml/git/research_2025/apple-harvest/install/harvest_interfaces:/home/imml/git/research_2025/apple-harvest/install/ur5e_custom_hardware:/home/imml/git/research_2025/apple-harvest/install/harvest_vision:/opt/ros/humble LD_LIBRARY_PATH=/home/imml/git/research_2025/apple-harvest-refactor/install/realsense2_camera_msgs/lib:${LD_LIBRARY_PATH} PYTHONPATH=/home/imml/git/research_2025/apple-harvest-refactor/install/realsense2_camera_msgs/local/lib/python3.10/dist-packages:${PYTHONPATH} /usr/bin/cmake --build /home/imml/git/research_2025/apple-harvest-refactor/build/realsense2_description -- -j16 -l16
[0.574s] Invoking command in '/home/imml/git/research_2025/apple-harvest-refactor/build/realsense2_description': AMENT_PREFIX_PATH=/home/imml/git/research_2025/apple-harvest-refactor/install/realsense2_camera_msgs:${AMENT_PREFIX_PATH} CMAKE_PREFIX_PATH=/home/imml/git/research_2025/apple-harvest-refactor/install/realsense2_camera_msgs:/home/imml/git/research_2025/apple-harvest/install/ur_moveit_config:/home/imml/git/research_2025/apple-harvest/install/ur_description:/home/imml/git/research_2025/apple-harvest/install/ur_dashboard_msgs:/home/imml/git/research_2025/apple-harvest/install/realsense2_description:/home/imml/git/research_2025/apple-harvest/install/realsense2_camera_msgs:/home/imml/git/research_2025/apple-harvest/install/harvest_interfaces:/home/imml/git/research_2025/apple-harvest/install/ur5e_custom_hardware:/home/imml/git/research_2025/apple-harvest/install/harvest_vision:/opt/ros/humble LD_LIBRARY_PATH=/home/imml/git/research_2025/apple-harvest-refactor/install/realsense2_camera_msgs/lib:${LD_LIBRARY_PATH} PYTHONPATH=/home/imml/git/research_2025/apple-harvest-refactor/install/realsense2_camera_msgs/local/lib/python3.10/dist-packages:${PYTHONPATH} /usr/bin/cmake --install /home/imml/git/research_2025/apple-harvest-refactor/build/realsense2_description
[0.581s] -- Install configuration: ""
[0.581s] -- Execute custom install script
[0.582s] -- Symlinking: /home/imml/git/research_2025/apple-harvest-refactor/install/realsense2_description/share/realsense2_description/launch/launch_utils.py
[0.590s] -- Symlinking: /home/imml/git/research_2025/apple-harvest-refactor/install/realsense2_description/share/realsense2_description/launch/view_model.launch.py
[0.598s] -- Symlinking: /home/imml/git/research_2025/apple-harvest-refactor/install/realsense2_description/share/realsense2_description/meshes/d405.stl
[0.607s] -- Symlinking: /home/imml/git/research_2025/apple-harvest-refactor/install/realsense2_description/share/realsense2_description/meshes/d415.stl
[0.615s] -- Symlinking: /home/imml/git/research_2025/apple-harvest-refactor/install/realsense2_description/share/realsense2_description/meshes/d435.dae
[0.623s] -- Symlinking: /home/imml/git/research_2025/apple-harvest-refactor/install/realsense2_description/share/realsense2_description/meshes/d455.stl
[0.632s] -- Symlinking: /home/imml/git/research_2025/apple-harvest-refactor/install/realsense2_description/share/realsense2_description/meshes/l515.dae
[0.641s] -- Symlinking: /home/imml/git/research_2025/apple-harvest-refactor/install/realsense2_description/share/realsense2_description/meshes/plug.stl
[0.649s] -- Symlinking: /home/imml/git/research_2025/apple-harvest-refactor/install/realsense2_description/share/realsense2_description/meshes/plug_collision.stl
[0.658s] -- Symlinking: /home/imml/git/research_2025/apple-harvest-refactor/install/realsense2_description/share/realsense2_description/rviz/urdf.rviz
[0.668s] -- Symlinking: /home/imml/git/research_2025/apple-harvest-refactor/install/realsense2_description/share/realsense2_description/urdf/_d405.urdf.xacro
[0.677s] -- Symlinking: /home/imml/git/research_2025/apple-harvest-refactor/install/realsense2_description/share/realsense2_description/urdf/_d415.urdf.xacro
[0.686s] -- Symlinking: /home/imml/git/research_2025/apple-harvest-refactor/install/realsense2_description/share/realsense2_description/urdf/_d435.urdf.xacro
[0.695s] -- Symlinking: /home/imml/git/research_2025/apple-harvest-refactor/install/realsense2_description/share/realsense2_description/urdf/_d435i.urdf.xacro
[0.703s] -- Symlinking: /home/imml/git/research_2025/apple-harvest-refactor/install/realsense2_description/share/realsense2_description/urdf/_d435i_imu_modules.urdf.xacro
[0.712s] -- Symlinking: /home/imml/git/research_2025/apple-harvest-refactor/install/realsense2_description/share/realsense2_description/urdf/_d455.urdf.xacro
[0.720s] -- Symlinking: /home/imml/git/research_2025/apple-harvest-refactor/install/realsense2_description/share/realsense2_description/urdf/_materials.urdf.xacro
[0.728s] -- Symlinking: /home/imml/git/research_2025/apple-harvest-refactor/install/realsense2_description/share/realsense2_description/urdf/_r410.urdf.xacro
[0.736s] -- Symlinking: /home/imml/git/research_2025/apple-harvest-refactor/install/realsense2_description/share/realsense2_description/urdf/_r430.urdf.xacro
[0.745s] -- Symlinking: /home/imml/git/research_2025/apple-harvest-refactor/install/realsense2_description/share/realsense2_description/urdf/_usb_plug.urdf.xacro
[0.753s] -- Symlinking: /home/imml/git/research_2025/apple-harvest-refactor/install/realsense2_description/share/realsense2_description/urdf/test_d405_camera.urdf.xacro
[0.760s] -- Symlinking: /home/imml/git/research_2025/apple-harvest-refactor/install/realsense2_description/share/realsense2_description/urdf/test_d415_camera.urdf.xacro
[0.769s] -- Symlinking: /home/imml/git/research_2025/apple-harvest-refactor/install/realsense2_description/share/realsense2_description/urdf/test_d435_camera.urdf.xacro
[0.777s] -- Symlinking: /home/imml/git/research_2025/apple-harvest-refactor/install/realsense2_description/share/realsense2_description/urdf/test_d435_multiple_cameras.urdf.xacro
[0.785s] -- Symlinking: /home/imml/git/research_2025/apple-harvest-refactor/install/realsense2_description/share/realsense2_description/urdf/test_d435i_camera.urdf.xacro
[0.794s] -- Symlinking: /home/imml/git/research_2025/apple-harvest-refactor/install/realsense2_description/share/realsense2_description/urdf/test_d455_camera.urdf.xacro
[0.803s] -- Symlinking: /home/imml/git/research_2025/apple-harvest-refactor/install/realsense2_description/share/realsense2_description/urdf/test_r410_camera.urdf.xacro
[0.812s] -- Symlinking: /home/imml/git/research_2025/apple-harvest-refactor/install/realsense2_description/share/realsense2_description/urdf/test_r430_camera.urdf.xacro
[0.820s] -- Symlinking: /home/imml/git/research_2025/apple-harvest-refactor/install/realsense2_description/share/ament_index/resource_index/package_run_dependencies/realsense2_description
[0.829s] -- Symlinking: /home/imml/git/research_2025/apple-harvest-refactor/install/realsense2_description/share/ament_index/resource_index/parent_prefix_path/realsense2_description
[0.837s] -- Symlinking: /home/imml/git/research_2025/apple-harvest-refactor/install/realsense2_description/share/realsense2_description/environment/ament_prefix_path.sh
[0.846s] -- Symlinking: /home/imml/git/research_2025/apple-harvest-refactor/install/realsense2_description/share/realsense2_description/environment/ament_prefix_path.dsv
[0.854s] -- Symlinking: /home/imml/git/research_2025/apple-harvest-refactor/install/realsense2_description/share/realsense2_description/environment/path.sh
[0.864s] -- Symlinking: /home/imml/git/research_2025/apple-harvest-refactor/install/realsense2_description/share/realsense2_description/environment/path.dsv
[0.873s] -- Symlinking: /home/imml/git/research_2025/apple-harvest-refactor/install/realsense2_description/share/realsense2_description/local_setup.bash
[0.881s] -- Symlinking: /home/imml/git/research_2025/apple-harvest-refactor/install/realsense2_description/share/realsense2_description/local_setup.sh
[0.889s] -- Symlinking: /home/imml/git/research_2025/apple-harvest-refactor/install/realsense2_description/share/realsense2_description/local_setup.zsh
[0.898s] -- Symlinking: /home/imml/git/research_2025/apple-harvest-refactor/install/realsense2_description/share/realsense2_description/local_setup.dsv
[0.906s] -- Symlinking: /home/imml/git/research_2025/apple-harvest-refactor/install/realsense2_description/share/realsense2_description/package.dsv
[0.914s] -- Symlinking: /home/imml/git/research_2025/apple-harvest-refactor/install/realsense2_description/share/ament_index/resource_index/packages/realsense2_description
[0.923s] -- Symlinking: /home/imml/git/research_2025/apple-harvest-refactor/install/realsense2_description/share/realsense2_description/cmake/realsense2_descriptionConfig.cmake
[0.932s] -- Symlinking: /home/imml/git/research_2025/apple-harvest-refactor/install/realsense2_description/share/realsense2_description/cmake/realsense2_descriptionConfig-version.cmake
[0.942s] -- Symlinking: /home/imml/git/research_2025/apple-harvest-refactor/install/realsense2_description/share/realsense2_description/package.xml
[0.952s] Invoked command in '/home/imml/git/research_2025/apple-harvest-refactor/build/realsense2_description' returned '0': AMENT_PREFIX_PATH=/home/imml/git/research_2025/apple-harvest-refactor/install/realsense2_camera_msgs:${AMENT_PREFIX_PATH} CMAKE_PREFIX_PATH=/home/imml/git/research_2025/apple-harvest-refactor/install/realsense2_camera_msgs:/home/imml/git/research_2025/apple-harvest/install/ur_moveit_config:/home/imml/git/research_2025/apple-harvest/install/ur_description:/home/imml/git/research_2025/apple-harvest/install/ur_dashboard_msgs:/home/imml/git/research_2025/apple-harvest/install/realsense2_description:/home/imml/git/research_2025/apple-harvest/install/realsense2_camera_msgs:/home/imml/git/research_2025/apple-harvest/install/harvest_interfaces:/home/imml/git/research_2025/apple-harvest/install/ur5e_custom_hardware:/home/imml/git/research_2025/apple-harvest/install/harvest_vision:/opt/ros/humble LD_LIBRARY_PATH=/home/imml/git/research_2025/apple-harvest-refactor/install/realsense2_camera_msgs/lib:${LD_LIBRARY_PATH} PYTHONPATH=/home/imml/git/research_2025/apple-harvest-refactor/install/realsense2_camera_msgs/local/lib/python3.10/dist-packages:${PYTHONPATH} /usr/bin/cmake --install /home/imml/git/research_2025/apple-harvest-refactor/build/realsense2_description
