[0.028s] Invoking command in '/home/imml/git/research_2025/apple-harvest-refactor/build/harvest_control': AMENT_PREFIX_PATH=/home/imml/git/research_2025/apple-harvest-refactor/install/harvest_interfaces:${AMENT_PREFIX_PATH} CMAKE_PREFIX_PATH=/home/imml/git/research_2025/apple-harvest-refactor/install/harvest_interfaces:/opt/ros/humble LD_LIBRARY_PATH=/home/imml/git/research_2025/apple-harvest-refactor/install/harvest_interfaces/lib:${LD_LIBRARY_PATH} PYTHONPATH=/home/imml/git/research_2025/apple-harvest-refactor/install/harvest_interfaces/local/lib/python3.10/dist-packages:${PYTHONPATH} /usr/bin/cmake --build /home/imml/git/research_2025/apple-harvest-refactor/build/harvest_control -- -j16 -l16
[0.087s] [35m[1mConsolidate compiler generated dependencies of target move_arm[0m
[0.111s] [  0%] Built target ament_cmake_python_symlink_harvest_control
[0.122s] [100%] Built target move_arm
[0.363s] running egg_info
[0.364s] writing harvest_control.egg-info/PKG-INFO
[0.364s] writing dependency_links to harvest_control.egg-info/dependency_links.txt
[0.364s] writing top-level names to harvest_control.egg-info/top_level.txt
[0.366s] reading manifest file 'harvest_control.egg-info/SOURCES.txt'
[0.367s] writing manifest file 'harvest_control.egg-info/SOURCES.txt'
[0.423s] [100%] Built target ament_cmake_python_build_harvest_control_egg
[0.448s] Invoked command in '/home/imml/git/research_2025/apple-harvest-refactor/build/harvest_control' returned '0': AMENT_PREFIX_PATH=/home/imml/git/research_2025/apple-harvest-refactor/install/harvest_interfaces:${AMENT_PREFIX_PATH} CMAKE_PREFIX_PATH=/home/imml/git/research_2025/apple-harvest-refactor/install/harvest_interfaces:/opt/ros/humble LD_LIBRARY_PATH=/home/imml/git/research_2025/apple-harvest-refactor/install/harvest_interfaces/lib:${LD_LIBRARY_PATH} PYTHONPATH=/home/imml/git/research_2025/apple-harvest-refactor/install/harvest_interfaces/local/lib/python3.10/dist-packages:${PYTHONPATH} /usr/bin/cmake --build /home/imml/git/research_2025/apple-harvest-refactor/build/harvest_control -- -j16 -l16
[0.450s] Invoking command in '/home/imml/git/research_2025/apple-harvest-refactor/build/harvest_control': AMENT_PREFIX_PATH=/home/imml/git/research_2025/apple-harvest-refactor/install/harvest_interfaces:${AMENT_PREFIX_PATH} CMAKE_PREFIX_PATH=/home/imml/git/research_2025/apple-harvest-refactor/install/harvest_interfaces:/opt/ros/humble LD_LIBRARY_PATH=/home/imml/git/research_2025/apple-harvest-refactor/install/harvest_interfaces/lib:${LD_LIBRARY_PATH} PYTHONPATH=/home/imml/git/research_2025/apple-harvest-refactor/install/harvest_interfaces/local/lib/python3.10/dist-packages:${PYTHONPATH} /usr/bin/cmake --install /home/imml/git/research_2025/apple-harvest-refactor/build/harvest_control
[0.458s] -- Install configuration: ""
[0.459s] -- Execute custom install script
[0.459s] -- Up-to-date symlink: /home/imml/git/research_2025/apple-harvest-refactor/install/harvest_control/share/harvest_control/environment/pythonpath.sh
[0.459s] -- Up-to-date symlink: /home/imml/git/research_2025/apple-harvest-refactor/install/harvest_control/share/harvest_control/environment/pythonpath.dsv
[0.459s] -- Up-to-date symlink: /home/imml/git/research_2025/apple-harvest-refactor/install/harvest_control/local/lib/python3.10/dist-packages/harvest_control-0.0.0-py3.10.egg-info/PKG-INFO
[0.459s] -- Up-to-date symlink: /home/imml/git/research_2025/apple-harvest-refactor/install/harvest_control/local/lib/python3.10/dist-packages/harvest_control-0.0.0-py3.10.egg-info/SOURCES.txt
[0.459s] -- Up-to-date symlink: /home/imml/git/research_2025/apple-harvest-refactor/install/harvest_control/local/lib/python3.10/dist-packages/harvest_control-0.0.0-py3.10.egg-info/dependency_links.txt
[0.459s] -- Up-to-date symlink: /home/imml/git/research_2025/apple-harvest-refactor/install/harvest_control/local/lib/python3.10/dist-packages/harvest_control-0.0.0-py3.10.egg-info/top_level.txt
[0.460s] -- Up-to-date symlink: /home/imml/git/research_2025/apple-harvest-refactor/install/harvest_control/local/lib/python3.10/dist-packages/harvest_control/__init__.py
[0.460s] -- Up-to-date symlink: /home/imml/git/research_2025/apple-harvest-refactor/install/harvest_control/lib/harvest_control/coordinate_to_trajectory.py
[0.460s] -- Up-to-date symlink: /home/imml/git/research_2025/apple-harvest-refactor/install/harvest_control/lib/harvest_control/event_detector.py
[0.460s] -- Up-to-date symlink: /home/imml/git/research_2025/apple-harvest-refactor/install/harvest_control/lib/harvest_control/force_filter.py
[0.460s] -- Up-to-date symlink: /home/imml/git/research_2025/apple-harvest-refactor/install/harvest_control/lib/harvest_control/get_manual_apple_locations.py
[0.461s] -- Up-to-date symlink: /home/imml/git/research_2025/apple-harvest-refactor/install/harvest_control/lib/harvest_control/heuristic_controller.py
[0.461s] -- Up-to-date symlink: /home/imml/git/research_2025/apple-harvest-refactor/install/harvest_control/lib/harvest_control/linear_controller.py
[0.461s] -- Up-to-date symlink: /home/imml/git/research_2025/apple-harvest-refactor/install/harvest_control/lib/harvest_control/pose_listener.py
[0.461s] -- Up-to-date symlink: /home/imml/git/research_2025/apple-harvest-refactor/install/harvest_control/lib/harvest_control/pressure_averager.py
[0.461s] -- Up-to-date symlink: /home/imml/git/research_2025/apple-harvest-refactor/install/harvest_control/lib/harvest_control/pull_twist_controller.py
[0.461s] -- Up-to-date symlink: /home/imml/git/research_2025/apple-harvest-refactor/install/harvest_control/lib/harvest_control/visual_servo.py
[0.462s] -- Up-to-date symlink: /home/imml/git/research_2025/apple-harvest-refactor/install/harvest_control/lib/harvest_control/move_arm
[0.462s] -- Up-to-date symlink: /home/imml/git/research_2025/apple-harvest-refactor/install/harvest_control/share/harvest_control/launch/arm_control.launch.py
[0.462s] -- Up-to-date symlink: /home/imml/git/research_2025/apple-harvest-refactor/install/harvest_control/share/harvest_control/launch/arm_control_templating.launch.py
[0.462s] -- Up-to-date symlink: /home/imml/git/research_2025/apple-harvest-refactor/install/harvest_control/share/harvest_control/resource/harvest_control
[0.462s] -- Up-to-date symlink: /home/imml/git/research_2025/apple-harvest-refactor/install/harvest_control/share/harvest_control/resource/reachable_paths.npy
[0.462s] -- Up-to-date symlink: /home/imml/git/research_2025/apple-harvest-refactor/install/harvest_control/share/harvest_control/resource/reachable_paths_fine.npy
[0.462s] -- Up-to-date symlink: /home/imml/git/research_2025/apple-harvest-refactor/install/harvest_control/share/harvest_control/resource/reachable_voxel_centers.csv
[0.463s] -- Up-to-date symlink: /home/imml/git/research_2025/apple-harvest-refactor/install/harvest_control/share/harvest_control/resource/reachable_voxel_centers_fine.csv
[0.463s] -- Up-to-date symlink: /home/imml/git/research_2025/apple-harvest-refactor/install/harvest_control/share/harvest_control/resource/tree_wire_mask.json
[0.463s] -- Up-to-date symlink: /home/imml/git/research_2025/apple-harvest-refactor/install/harvest_control/share/harvest_control/resource/urdf/v_trellis_template.urdf
[0.463s] -- Up-to-date symlink: /home/imml/git/research_2025/apple-harvest-refactor/install/harvest_control/share/harvest_control/resource/urdf/v_trellis_template.xacro
[0.463s] -- Up-to-date symlink: /home/imml/git/research_2025/apple-harvest-refactor/install/harvest_control/share/harvest_control/resource/voxel_ik_data.csv
[0.463s] -- Up-to-date symlink: /home/imml/git/research_2025/apple-harvest-refactor/install/harvest_control/share/harvest_control/resource/voxel_ik_data_fine.csv
[0.464s] -- Up-to-date symlink: /home/imml/git/research_2025/apple-harvest-refactor/install/harvest_control/share/ament_index/resource_index/package_run_dependencies/harvest_control
[0.464s] -- Up-to-date symlink: /home/imml/git/research_2025/apple-harvest-refactor/install/harvest_control/share/ament_index/resource_index/parent_prefix_path/harvest_control
[0.464s] -- Up-to-date symlink: /home/imml/git/research_2025/apple-harvest-refactor/install/harvest_control/share/harvest_control/environment/ament_prefix_path.sh
[0.464s] -- Up-to-date symlink: /home/imml/git/research_2025/apple-harvest-refactor/install/harvest_control/share/harvest_control/environment/ament_prefix_path.dsv
[0.464s] -- Up-to-date symlink: /home/imml/git/research_2025/apple-harvest-refactor/install/harvest_control/share/harvest_control/environment/path.sh
[0.464s] -- Up-to-date symlink: /home/imml/git/research_2025/apple-harvest-refactor/install/harvest_control/share/harvest_control/environment/path.dsv
[0.464s] -- Up-to-date symlink: /home/imml/git/research_2025/apple-harvest-refactor/install/harvest_control/share/harvest_control/local_setup.bash
[0.466s] -- Up-to-date symlink: /home/imml/git/research_2025/apple-harvest-refactor/install/harvest_control/share/harvest_control/local_setup.sh
[0.466s] -- Up-to-date symlink: /home/imml/git/research_2025/apple-harvest-refactor/install/harvest_control/share/harvest_control/local_setup.zsh
[0.467s] -- Up-to-date symlink: /home/imml/git/research_2025/apple-harvest-refactor/install/harvest_control/share/harvest_control/local_setup.dsv
[0.467s] -- Symlinking: /home/imml/git/research_2025/apple-harvest-refactor/install/harvest_control/share/harvest_control/package.dsv
[0.473s] -- Up-to-date symlink: /home/imml/git/research_2025/apple-harvest-refactor/install/harvest_control/share/ament_index/resource_index/packages/harvest_control
[0.474s] -- Up-to-date symlink: /home/imml/git/research_2025/apple-harvest-refactor/install/harvest_control/share/harvest_control/cmake/harvest_controlConfig.cmake
[0.474s] -- Up-to-date symlink: /home/imml/git/research_2025/apple-harvest-refactor/install/harvest_control/share/harvest_control/cmake/harvest_controlConfig-version.cmake
[0.474s] -- Up-to-date symlink: /home/imml/git/research_2025/apple-harvest-refactor/install/harvest_control/share/harvest_control/package.xml
[0.507s] Listing '/home/imml/git/research_2025/apple-harvest-refactor/install/harvest_control/local/lib/python3.10/dist-packages/harvest_control'...
[0.516s] Invoked command in '/home/imml/git/research_2025/apple-harvest-refactor/build/harvest_control' returned '0': AMENT_PREFIX_PATH=/home/imml/git/research_2025/apple-harvest-refactor/install/harvest_interfaces:${AMENT_PREFIX_PATH} CMAKE_PREFIX_PATH=/home/imml/git/research_2025/apple-harvest-refactor/install/harvest_interfaces:/opt/ros/humble LD_LIBRARY_PATH=/home/imml/git/research_2025/apple-harvest-refactor/install/harvest_interfaces/lib:${LD_LIBRARY_PATH} PYTHONPATH=/home/imml/git/research_2025/apple-harvest-refactor/install/harvest_interfaces/local/lib/python3.10/dist-packages:${PYTHONPATH} /usr/bin/cmake --install /home/imml/git/research_2025/apple-harvest-refactor/build/harvest_control
