[0.055s] Invoking command in '/home/imml/git/research_2025/apple-harvest-refactor/build/ur_controllers': AMENT_PREFIX_PATH=/home/imml/git/research_2025/apple-harvest-refactor/install/ur_dashboard_msgs:${AMENT_PREFIX_PATH} CMAKE_PREFIX_PATH=/home/imml/git/research_2025/apple-harvest-refactor/install/ur_dashboard_msgs:/opt/ros/humble LD_LIBRARY_PATH=/home/imml/git/research_2025/apple-harvest-refactor/install/ur_dashboard_msgs/lib:${LD_LIBRARY_PATH} PYTHONPATH=/home/imml/git/research_2025/apple-harvest-refactor/install/ur_dashboard_msgs/local/lib/python3.10/dist-packages:${PYTHONPATH} /usr/bin/cmake --build /home/imml/git/research_2025/apple-harvest-refactor/build/ur_controllers -- -j16 -l16
[0.120s] [ 20%] Built target gpio_controller_parameters
[0.123s] [ 40%] Built target scaled_joint_trajectory_controller_parameters
[0.123s] [ 60%] Built target speed_scaling_state_broadcaster_parameters
[0.140s] [35m[1mConsolidate compiler generated dependencies of target ur_controllers[0m
[0.179s] [100%] Built target ur_controllers
[0.382s] Invoked command in '/home/imml/git/research_2025/apple-harvest-refactor/build/ur_controllers' returned '0': AMENT_PREFIX_PATH=/home/imml/git/research_2025/apple-harvest-refactor/install/ur_dashboard_msgs:${AMENT_PREFIX_PATH} CMAKE_PREFIX_PATH=/home/imml/git/research_2025/apple-harvest-refactor/install/ur_dashboard_msgs:/opt/ros/humble LD_LIBRARY_PATH=/home/imml/git/research_2025/apple-harvest-refactor/install/ur_dashboard_msgs/lib:${LD_LIBRARY_PATH} PYTHONPATH=/home/imml/git/research_2025/apple-harvest-refactor/install/ur_dashboard_msgs/local/lib/python3.10/dist-packages:${PYTHONPATH} /usr/bin/cmake --build /home/imml/git/research_2025/apple-harvest-refactor/build/ur_controllers -- -j16 -l16
[0.383s] Invoking command in '/home/imml/git/research_2025/apple-harvest-refactor/build/ur_controllers': AMENT_PREFIX_PATH=/home/imml/git/research_2025/apple-harvest-refactor/install/ur_dashboard_msgs:${AMENT_PREFIX_PATH} CMAKE_PREFIX_PATH=/home/imml/git/research_2025/apple-harvest-refactor/install/ur_dashboard_msgs:/opt/ros/humble LD_LIBRARY_PATH=/home/imml/git/research_2025/apple-harvest-refactor/install/ur_dashboard_msgs/lib:${LD_LIBRARY_PATH} PYTHONPATH=/home/imml/git/research_2025/apple-harvest-refactor/install/ur_dashboard_msgs/local/lib/python3.10/dist-packages:${PYTHONPATH} /usr/bin/cmake --install /home/imml/git/research_2025/apple-harvest-refactor/build/ur_controllers
[0.399s] -- Install configuration: ""
[0.399s] -- Execute custom install script
[0.399s] -- Up-to-date symlink: /home/imml/git/research_2025/apple-harvest-refactor/install/ur_controllers/include/ur_controllers/gpio_controller_parameters.hpp
[0.400s] -- Up-to-date symlink: /home/imml/git/research_2025/apple-harvest-refactor/install/ur_controllers/include/ur_controllers/scaled_joint_trajectory_controller_parameters.hpp
[0.400s] -- Up-to-date symlink: /home/imml/git/research_2025/apple-harvest-refactor/install/ur_controllers/include/ur_controllers/speed_scaling_state_broadcaster_parameters.hpp
[0.400s] -- Up-to-date symlink: /home/imml/git/research_2025/apple-harvest-refactor/install/ur_controllers/include/ur_controllers/gpio_controller_parameters.hpp
[0.400s] -- Up-to-date symlink: /home/imml/git/research_2025/apple-harvest-refactor/install/ur_controllers/include/ur_controllers/scaled_joint_trajectory_controller_parameters.hpp
[0.400s] -- Up-to-date symlink: /home/imml/git/research_2025/apple-harvest-refactor/install/ur_controllers/include/ur_controllers/speed_scaling_state_broadcaster_parameters.hpp
[0.400s] -- Up-to-date symlink: /home/imml/git/research_2025/apple-harvest-refactor/install/ur_controllers/include/ur_controllers/gpio_controller_parameters.hpp
[0.400s] -- Up-to-date symlink: /home/imml/git/research_2025/apple-harvest-refactor/install/ur_controllers/include/ur_controllers/scaled_joint_trajectory_controller_parameters.hpp
[0.400s] -- Up-to-date symlink: /home/imml/git/research_2025/apple-harvest-refactor/install/ur_controllers/include/ur_controllers/speed_scaling_state_broadcaster_parameters.hpp
[0.401s] -- Up-to-date symlink: /home/imml/git/research_2025/apple-harvest-refactor/install/ur_controllers/share/ur_controllers//controller_plugins.xml
[0.401s] -- Up-to-date symlink: /home/imml/git/research_2025/apple-harvest-refactor/install/ur_controllers/lib/libur_controllers.so
[0.401s] -- Up-to-date symlink: /home/imml/git/research_2025/apple-harvest-refactor/install/ur_controllers/include/ur_controllers/gpio_controller.hpp
[0.401s] -- Up-to-date symlink: /home/imml/git/research_2025/apple-harvest-refactor/install/ur_controllers/include/ur_controllers/scaled_joint_trajectory_controller.hpp
[0.401s] -- Up-to-date symlink: /home/imml/git/research_2025/apple-harvest-refactor/install/ur_controllers/include/ur_controllers/speed_scaling_state_broadcaster.hpp
[0.402s] -- Up-to-date symlink: /home/imml/git/research_2025/apple-harvest-refactor/install/ur_controllers/share/ur_controllers/controller_plugins.xml
[0.402s] -- Up-to-date symlink: /home/imml/git/research_2025/apple-harvest-refactor/install/ur_controllers/share/ur_controllers/environment/library_path.sh
[0.402s] -- Up-to-date symlink: /home/imml/git/research_2025/apple-harvest-refactor/install/ur_controllers/share/ur_controllers/environment/library_path.dsv
[0.402s] -- Up-to-date symlink: /home/imml/git/research_2025/apple-harvest-refactor/install/ur_controllers/share/ament_index/resource_index/package_run_dependencies/ur_controllers
[0.402s] -- Up-to-date symlink: /home/imml/git/research_2025/apple-harvest-refactor/install/ur_controllers/share/ament_index/resource_index/parent_prefix_path/ur_controllers
[0.402s] -- Up-to-date symlink: /home/imml/git/research_2025/apple-harvest-refactor/install/ur_controllers/share/ur_controllers/environment/ament_prefix_path.sh
[0.402s] -- Up-to-date symlink: /home/imml/git/research_2025/apple-harvest-refactor/install/ur_controllers/share/ur_controllers/environment/ament_prefix_path.dsv
[0.402s] -- Up-to-date symlink: /home/imml/git/research_2025/apple-harvest-refactor/install/ur_controllers/share/ur_controllers/environment/path.sh
[0.403s] -- Up-to-date symlink: /home/imml/git/research_2025/apple-harvest-refactor/install/ur_controllers/share/ur_controllers/environment/path.dsv
[0.403s] -- Up-to-date symlink: /home/imml/git/research_2025/apple-harvest-refactor/install/ur_controllers/share/ur_controllers/local_setup.bash
[0.403s] -- Up-to-date symlink: /home/imml/git/research_2025/apple-harvest-refactor/install/ur_controllers/share/ur_controllers/local_setup.sh
[0.403s] -- Up-to-date symlink: /home/imml/git/research_2025/apple-harvest-refactor/install/ur_controllers/share/ur_controllers/local_setup.zsh
[0.403s] -- Up-to-date symlink: /home/imml/git/research_2025/apple-harvest-refactor/install/ur_controllers/share/ur_controllers/local_setup.dsv
[0.403s] -- Symlinking: /home/imml/git/research_2025/apple-harvest-refactor/install/ur_controllers/share/ur_controllers/package.dsv
[0.412s] -- Up-to-date symlink: /home/imml/git/research_2025/apple-harvest-refactor/install/ur_controllers/share/ament_index/resource_index/packages/ur_controllers
[0.412s] -- Up-to-date symlink: /home/imml/git/research_2025/apple-harvest-refactor/install/ur_controllers/share/ament_index/resource_index/controller_interface__pluginlib__plugin/ur_controllers
[0.412s] -- Up-to-date symlink: /home/imml/git/research_2025/apple-harvest-refactor/install/ur_controllers/share/ur_controllers/cmake/ament_cmake_export_dependencies-extras.cmake
[0.412s] -- Up-to-date symlink: /home/imml/git/research_2025/apple-harvest-refactor/install/ur_controllers/share/ur_controllers/cmake/ament_cmake_export_include_directories-extras.cmake
[0.412s] -- Up-to-date symlink: /home/imml/git/research_2025/apple-harvest-refactor/install/ur_controllers/share/ur_controllers/cmake/ament_cmake_export_libraries-extras.cmake
[0.412s] -- Up-to-date symlink: /home/imml/git/research_2025/apple-harvest-refactor/install/ur_controllers/share/ur_controllers/cmake/ur_controllersConfig.cmake
[0.413s] -- Up-to-date symlink: /home/imml/git/research_2025/apple-harvest-refactor/install/ur_controllers/share/ur_controllers/cmake/ur_controllersConfig-version.cmake
[0.413s] -- Up-to-date symlink: /home/imml/git/research_2025/apple-harvest-refactor/install/ur_controllers/share/ur_controllers/package.xml
[0.427s] Invoked command in '/home/imml/git/research_2025/apple-harvest-refactor/build/ur_controllers' returned '0': AMENT_PREFIX_PATH=/home/imml/git/research_2025/apple-harvest-refactor/install/ur_dashboard_msgs:${AMENT_PREFIX_PATH} CMAKE_PREFIX_PATH=/home/imml/git/research_2025/apple-harvest-refactor/install/ur_dashboard_msgs:/opt/ros/humble LD_LIBRARY_PATH=/home/imml/git/research_2025/apple-harvest-refactor/install/ur_dashboard_msgs/lib:${LD_LIBRARY_PATH} PYTHONPATH=/home/imml/git/research_2025/apple-harvest-refactor/install/ur_dashboard_msgs/local/lib/python3.10/dist-packages:${PYTHONPATH} /usr/bin/cmake --install /home/imml/git/research_2025/apple-harvest-refactor/build/ur_controllers
