[0.015s] Invoking command in '/home/imml/git/research_2025/apple-harvest-refactor/build/ur_calibration': AMENT_PREFIX_PATH=/home/imml/git/research_2025/apple-harvest-refactor/install/ur_robot_driver:/home/imml/git/research_2025/apple-harvest-refactor/install/ur_controllers:/home/imml/git/research_2025/apple-harvest-refactor/install/ur_description:/home/imml/git/research_2025/apple-harvest-refactor/install/ur_dashboard_msgs:${AMENT_PREFIX_PATH} CMAKE_PREFIX_PATH=/home/imml/git/research_2025/apple-harvest-refactor/install/ur_robot_driver:/home/imml/git/research_2025/apple-harvest-refactor/install/ur_controllers:/home/imml/git/research_2025/apple-harvest-refactor/install/ur_description:/home/imml/git/research_2025/apple-harvest-refactor/install/ur_dashboard_msgs:/opt/ros/humble LD_LIBRARY_PATH=/home/imml/git/research_2025/apple-harvest-refactor/install/ur_robot_driver/lib:/home/imml/git/research_2025/apple-harvest-refactor/install/ur_controllers/lib:/home/imml/git/research_2025/apple-harvest-refactor/install/ur_dashboard_msgs/lib:${LD_LIBRARY_PATH} PATH=/home/imml/git/research_2025/apple-harvest-refactor/install/ur_robot_driver/bin:${PATH} PYTHONPATH=/home/imml/git/research_2025/apple-harvest-refactor/install/ur_robot_driver/local/lib/python3.10/dist-packages:/home/imml/git/research_2025/apple-harvest-refactor/install/ur_dashboard_msgs/local/lib/python3.10/dist-packages:${PYTHONPATH} /usr/bin/cmake --build /home/imml/git/research_2025/apple-harvest-refactor/build/ur_calibration -- -j16 -l16
[0.062s] [35m[1mConsolidate compiler generated dependencies of target gmock_main[0m
[0.062s] [35m[1mConsolidate compiler generated dependencies of target calibration[0m
[0.062s] [35m[1mConsolidate compiler generated dependencies of target gmock[0m
[0.079s] [ 16%] Built target gmock_main
[0.082s] [ 41%] Built target gmock
[0.088s] [ 66%] Built target calibration
[0.100s] [35m[1mConsolidate compiler generated dependencies of target calibration_test[0m
[0.100s] [35m[1mConsolidate compiler generated dependencies of target calibration_correction[0m
[0.125s] [100%] Built target calibration_correction
[0.125s] [100%] Built target calibration_test
[0.139s] Invoked command in '/home/imml/git/research_2025/apple-harvest-refactor/build/ur_calibration' returned '0': AMENT_PREFIX_PATH=/home/imml/git/research_2025/apple-harvest-refactor/install/ur_robot_driver:/home/imml/git/research_2025/apple-harvest-refactor/install/ur_controllers:/home/imml/git/research_2025/apple-harvest-refactor/install/ur_description:/home/imml/git/research_2025/apple-harvest-refactor/install/ur_dashboard_msgs:${AMENT_PREFIX_PATH} CMAKE_PREFIX_PATH=/home/imml/git/research_2025/apple-harvest-refactor/install/ur_robot_driver:/home/imml/git/research_2025/apple-harvest-refactor/install/ur_controllers:/home/imml/git/research_2025/apple-harvest-refactor/install/ur_description:/home/imml/git/research_2025/apple-harvest-refactor/install/ur_dashboard_msgs:/opt/ros/humble LD_LIBRARY_PATH=/home/imml/git/research_2025/apple-harvest-refactor/install/ur_robot_driver/lib:/home/imml/git/research_2025/apple-harvest-refactor/install/ur_controllers/lib:/home/imml/git/research_2025/apple-harvest-refactor/install/ur_dashboard_msgs/lib:${LD_LIBRARY_PATH} PATH=/home/imml/git/research_2025/apple-harvest-refactor/install/ur_robot_driver/bin:${PATH} PYTHONPATH=/home/imml/git/research_2025/apple-harvest-refactor/install/ur_robot_driver/local/lib/python3.10/dist-packages:/home/imml/git/research_2025/apple-harvest-refactor/install/ur_dashboard_msgs/local/lib/python3.10/dist-packages:${PYTHONPATH} /usr/bin/cmake --build /home/imml/git/research_2025/apple-harvest-refactor/build/ur_calibration -- -j16 -l16
[0.140s] Invoking command in '/home/imml/git/research_2025/apple-harvest-refactor/build/ur_calibration': AMENT_PREFIX_PATH=/home/imml/git/research_2025/apple-harvest-refactor/install/ur_robot_driver:/home/imml/git/research_2025/apple-harvest-refactor/install/ur_controllers:/home/imml/git/research_2025/apple-harvest-refactor/install/ur_description:/home/imml/git/research_2025/apple-harvest-refactor/install/ur_dashboard_msgs:${AMENT_PREFIX_PATH} CMAKE_PREFIX_PATH=/home/imml/git/research_2025/apple-harvest-refactor/install/ur_robot_driver:/home/imml/git/research_2025/apple-harvest-refactor/install/ur_controllers:/home/imml/git/research_2025/apple-harvest-refactor/install/ur_description:/home/imml/git/research_2025/apple-harvest-refactor/install/ur_dashboard_msgs:/opt/ros/humble LD_LIBRARY_PATH=/home/imml/git/research_2025/apple-harvest-refactor/install/ur_robot_driver/lib:/home/imml/git/research_2025/apple-harvest-refactor/install/ur_controllers/lib:/home/imml/git/research_2025/apple-harvest-refactor/install/ur_dashboard_msgs/lib:${LD_LIBRARY_PATH} PATH=/home/imml/git/research_2025/apple-harvest-refactor/install/ur_robot_driver/bin:${PATH} PYTHONPATH=/home/imml/git/research_2025/apple-harvest-refactor/install/ur_robot_driver/local/lib/python3.10/dist-packages:/home/imml/git/research_2025/apple-harvest-refactor/install/ur_dashboard_msgs/local/lib/python3.10/dist-packages:${PYTHONPATH} /usr/bin/cmake --install /home/imml/git/research_2025/apple-harvest-refactor/build/ur_calibration
[0.148s] -- Install configuration: "RelWithDebInfo"
[0.148s] -- Execute custom install script
[0.148s] -- Up-to-date symlink: /home/imml/git/research_2025/apple-harvest-refactor/install/ur_calibration/lib/ur_calibration/calibration_correction
[0.148s] -- Up-to-date symlink: /home/imml/git/research_2025/apple-harvest-refactor/install/ur_calibration/include/ur_calibration/calibration.hpp
[0.149s] -- Up-to-date symlink: /home/imml/git/research_2025/apple-harvest-refactor/install/ur_calibration/include/ur_calibration/calibration_consumer.hpp
[0.149s] -- Up-to-date symlink: /home/imml/git/research_2025/apple-harvest-refactor/install/ur_calibration/share/ur_calibration/launch/calibration_correction.launch.py
[0.149s] -- Up-to-date symlink: /home/imml/git/research_2025/apple-harvest-refactor/install/ur_calibration/share/ament_index/resource_index/package_run_dependencies/ur_calibration
[0.149s] -- Up-to-date symlink: /home/imml/git/research_2025/apple-harvest-refactor/install/ur_calibration/share/ament_index/resource_index/parent_prefix_path/ur_calibration
[0.149s] -- Up-to-date symlink: /home/imml/git/research_2025/apple-harvest-refactor/install/ur_calibration/share/ur_calibration/environment/ament_prefix_path.sh
[0.149s] -- Up-to-date symlink: /home/imml/git/research_2025/apple-harvest-refactor/install/ur_calibration/share/ur_calibration/environment/ament_prefix_path.dsv
[0.150s] -- Up-to-date symlink: /home/imml/git/research_2025/apple-harvest-refactor/install/ur_calibration/share/ur_calibration/environment/path.sh
[0.150s] -- Up-to-date symlink: /home/imml/git/research_2025/apple-harvest-refactor/install/ur_calibration/share/ur_calibration/environment/path.dsv
[0.150s] -- Up-to-date symlink: /home/imml/git/research_2025/apple-harvest-refactor/install/ur_calibration/share/ur_calibration/local_setup.bash
[0.150s] -- Up-to-date symlink: /home/imml/git/research_2025/apple-harvest-refactor/install/ur_calibration/share/ur_calibration/local_setup.sh
[0.150s] -- Up-to-date symlink: /home/imml/git/research_2025/apple-harvest-refactor/install/ur_calibration/share/ur_calibration/local_setup.zsh
[0.150s] -- Up-to-date symlink: /home/imml/git/research_2025/apple-harvest-refactor/install/ur_calibration/share/ur_calibration/local_setup.dsv
[0.150s] -- Symlinking: /home/imml/git/research_2025/apple-harvest-refactor/install/ur_calibration/share/ur_calibration/package.dsv
[0.161s] -- Up-to-date symlink: /home/imml/git/research_2025/apple-harvest-refactor/install/ur_calibration/share/ament_index/resource_index/packages/ur_calibration
[0.161s] -- Up-to-date symlink: /home/imml/git/research_2025/apple-harvest-refactor/install/ur_calibration/share/ur_calibration/cmake/ament_cmake_export_include_directories-extras.cmake
[0.161s] -- Up-to-date symlink: /home/imml/git/research_2025/apple-harvest-refactor/install/ur_calibration/share/ur_calibration/cmake/ament_cmake_export_dependencies-extras.cmake
[0.162s] -- Up-to-date symlink: /home/imml/git/research_2025/apple-harvest-refactor/install/ur_calibration/share/ur_calibration/cmake/ur_calibrationConfig.cmake
[0.162s] -- Up-to-date symlink: /home/imml/git/research_2025/apple-harvest-refactor/install/ur_calibration/share/ur_calibration/cmake/ur_calibrationConfig-version.cmake
[0.162s] -- Up-to-date symlink: /home/imml/git/research_2025/apple-harvest-refactor/install/ur_calibration/share/ur_calibration/package.xml
[0.165s] Invoked command in '/home/imml/git/research_2025/apple-harvest-refactor/build/ur_calibration' returned '0': AMENT_PREFIX_PATH=/home/imml/git/research_2025/apple-harvest-refactor/install/ur_robot_driver:/home/imml/git/research_2025/apple-harvest-refactor/install/ur_controllers:/home/imml/git/research_2025/apple-harvest-refactor/install/ur_description:/home/imml/git/research_2025/apple-harvest-refactor/install/ur_dashboard_msgs:${AMENT_PREFIX_PATH} CMAKE_PREFIX_PATH=/home/imml/git/research_2025/apple-harvest-refactor/install/ur_robot_driver:/home/imml/git/research_2025/apple-harvest-refactor/install/ur_controllers:/home/imml/git/research_2025/apple-harvest-refactor/install/ur_description:/home/imml/git/research_2025/apple-harvest-refactor/install/ur_dashboard_msgs:/opt/ros/humble LD_LIBRARY_PATH=/home/imml/git/research_2025/apple-harvest-refactor/install/ur_robot_driver/lib:/home/imml/git/research_2025/apple-harvest-refactor/install/ur_controllers/lib:/home/imml/git/research_2025/apple-harvest-refactor/install/ur_dashboard_msgs/lib:${LD_LIBRARY_PATH} PATH=/home/imml/git/research_2025/apple-harvest-refactor/install/ur_robot_driver/bin:${PATH} PYTHONPATH=/home/imml/git/research_2025/apple-harvest-refactor/install/ur_robot_driver/local/lib/python3.10/dist-packages:/home/imml/git/research_2025/apple-harvest-refactor/install/ur_dashboard_msgs/local/lib/python3.10/dist-packages:${PYTHONPATH} /usr/bin/cmake --install /home/imml/git/research_2025/apple-harvest-refactor/build/ur_calibration
