[0.015s] Invoking command in '/home/imml/git/research_2025/apple-harvest-refactor/build/ur_moveit_config': CMAKE_PREFIX_PATH=/home/imml/git/research_2025/apple-harvest-refactor/install/ur_description:/home/imml/git/research_2025/apple-harvest-refactor/install/ur:/home/imml/git/research_2025/apple-harvest-refactor/install/ur_calibration:/home/imml/git/research_2025/apple-harvest-refactor/install/ur_robot_driver:/home/imml/git/research_2025/apple-harvest-refactor/install/ur_moveit_config:/home/imml/git/research_2025/apple-harvest-refactor/install/ur_bringup:/home/imml/git/research_2025/apple-harvest-refactor/install/ur_controllers:/home/imml/git/research_2025/apple-harvest-refactor/install/ur_dashboard_msgs:/home/imml/git/research_2025/apple-harvest-refactor/install/realsense2_description:/home/imml/git/research_2025/apple-harvest-refactor/install/realsense2_camera:/home/imml/git/research_2025/apple-harvest-refactor/install/realsense2_camera_msgs:/home/imml/git/research_2025/apple-harvest-refactor/install/harvest_control:/home/imml/git/research_2025/apple-harvest-refactor/install/harvest:/home/imml/git/research_2025/apple-harvest-refactor/install/harvest_interfaces:/home/imml/git/research_2025/apple-harvest-refactor/install/ur5e_custom_hardware:/home/imml/git/research_2025/apple-harvest-refactor/install/harvest_vision:/opt/ros/humble /usr/bin/cmake --build /home/imml/git/research_2025/apple-harvest-refactor/build/ur_moveit_config -- -j16 -l16
[0.092s] Built target ament_cmake_python_symlink_ur_moveit_config
[0.415s] running egg_info
[0.416s] writing ur_moveit_config.egg-info/PKG-INFO
[0.418s] writing dependency_links to ur_moveit_config.egg-info/dependency_links.txt
[0.418s] writing top-level names to ur_moveit_config.egg-info/top_level.txt
[0.422s] reading manifest file 'ur_moveit_config.egg-info/SOURCES.txt'
[0.423s] writing manifest file 'ur_moveit_config.egg-info/SOURCES.txt'
[0.482s] Built target ament_cmake_python_build_ur_moveit_config_egg
[0.496s] Invoked command in '/home/imml/git/research_2025/apple-harvest-refactor/build/ur_moveit_config' returned '0': CMAKE_PREFIX_PATH=/home/imml/git/research_2025/apple-harvest-refactor/install/ur_description:/home/imml/git/research_2025/apple-harvest-refactor/install/ur:/home/imml/git/research_2025/apple-harvest-refactor/install/ur_calibration:/home/imml/git/research_2025/apple-harvest-refactor/install/ur_robot_driver:/home/imml/git/research_2025/apple-harvest-refactor/install/ur_moveit_config:/home/imml/git/research_2025/apple-harvest-refactor/install/ur_bringup:/home/imml/git/research_2025/apple-harvest-refactor/install/ur_controllers:/home/imml/git/research_2025/apple-harvest-refactor/install/ur_dashboard_msgs:/home/imml/git/research_2025/apple-harvest-refactor/install/realsense2_description:/home/imml/git/research_2025/apple-harvest-refactor/install/realsense2_camera:/home/imml/git/research_2025/apple-harvest-refactor/install/realsense2_camera_msgs:/home/imml/git/research_2025/apple-harvest-refactor/install/harvest_control:/home/imml/git/research_2025/apple-harvest-refactor/install/harvest:/home/imml/git/research_2025/apple-harvest-refactor/install/harvest_interfaces:/home/imml/git/research_2025/apple-harvest-refactor/install/ur5e_custom_hardware:/home/imml/git/research_2025/apple-harvest-refactor/install/harvest_vision:/opt/ros/humble /usr/bin/cmake --build /home/imml/git/research_2025/apple-harvest-refactor/build/ur_moveit_config -- -j16 -l16
[0.499s] Invoking command in '/home/imml/git/research_2025/apple-harvest-refactor/build/ur_moveit_config': CMAKE_PREFIX_PATH=/home/imml/git/research_2025/apple-harvest-refactor/install/ur_description:/home/imml/git/research_2025/apple-harvest-refactor/install/ur:/home/imml/git/research_2025/apple-harvest-refactor/install/ur_calibration:/home/imml/git/research_2025/apple-harvest-refactor/install/ur_robot_driver:/home/imml/git/research_2025/apple-harvest-refactor/install/ur_moveit_config:/home/imml/git/research_2025/apple-harvest-refactor/install/ur_bringup:/home/imml/git/research_2025/apple-harvest-refactor/install/ur_controllers:/home/imml/git/research_2025/apple-harvest-refactor/install/ur_dashboard_msgs:/home/imml/git/research_2025/apple-harvest-refactor/install/realsense2_description:/home/imml/git/research_2025/apple-harvest-refactor/install/realsense2_camera:/home/imml/git/research_2025/apple-harvest-refactor/install/realsense2_camera_msgs:/home/imml/git/research_2025/apple-harvest-refactor/install/harvest_control:/home/imml/git/research_2025/apple-harvest-refactor/install/harvest:/home/imml/git/research_2025/apple-harvest-refactor/install/harvest_interfaces:/home/imml/git/research_2025/apple-harvest-refactor/install/ur5e_custom_hardware:/home/imml/git/research_2025/apple-harvest-refactor/install/harvest_vision:/opt/ros/humble /usr/bin/cmake --install /home/imml/git/research_2025/apple-harvest-refactor/build/ur_moveit_config
[0.508s] -- Install configuration: ""
[0.509s] -- Execute custom install script
[0.509s] -- Up-to-date symlink: /home/imml/git/research_2025/apple-harvest-refactor/install/ur_moveit_config/share/ur_moveit_config/config/controllers.yaml
[0.509s] -- Up-to-date symlink: /home/imml/git/research_2025/apple-harvest-refactor/install/ur_moveit_config/share/ur_moveit_config/config/joint_limits.yaml
[0.509s] -- Up-to-date symlink: /home/imml/git/research_2025/apple-harvest-refactor/install/ur_moveit_config/share/ur_moveit_config/config/kinematics.yaml
[0.510s] -- Up-to-date symlink: /home/imml/git/research_2025/apple-harvest-refactor/install/ur_moveit_config/share/ur_moveit_config/config/ompl_planning.yaml
[0.510s] -- Up-to-date symlink: /home/imml/git/research_2025/apple-harvest-refactor/install/ur_moveit_config/share/ur_moveit_config/config/ur_servo.yaml
[0.510s] -- Up-to-date symlink: /home/imml/git/research_2025/apple-harvest-refactor/install/ur_moveit_config/share/ur_moveit_config/launch/ur_moveit.launch.py
[0.510s] -- Up-to-date symlink: /home/imml/git/research_2025/apple-harvest-refactor/install/ur_moveit_config/share/ur_moveit_config/launch/ur_moveit_custom_hw.launch.py
[0.511s] -- Up-to-date symlink: /home/imml/git/research_2025/apple-harvest-refactor/install/ur_moveit_config/share/ur_moveit_config/rviz/view_robot.rviz
[0.511s] -- Up-to-date symlink: /home/imml/git/research_2025/apple-harvest-refactor/install/ur_moveit_config/share/ur_moveit_config/srdf/ur.srdf.xacro
[0.511s] -- Up-to-date symlink: /home/imml/git/research_2025/apple-harvest-refactor/install/ur_moveit_config/share/ur_moveit_config/srdf/ur_macro.srdf.xacro
[0.512s] -- Up-to-date symlink: /home/imml/git/research_2025/apple-harvest-refactor/install/ur_moveit_config/share/ur_moveit_config/environment/pythonpath.sh
[0.512s] -- Up-to-date symlink: /home/imml/git/research_2025/apple-harvest-refactor/install/ur_moveit_config/share/ur_moveit_config/environment/pythonpath.dsv
[0.512s] -- Up-to-date symlink: /home/imml/git/research_2025/apple-harvest-refactor/install/ur_moveit_config/local/lib/python3.10/dist-packages/ur_moveit_config-2.2.15-py3.10.egg-info/PKG-INFO
[0.512s] -- Up-to-date symlink: /home/imml/git/research_2025/apple-harvest-refactor/install/ur_moveit_config/local/lib/python3.10/dist-packages/ur_moveit_config-2.2.15-py3.10.egg-info/SOURCES.txt
[0.512s] -- Up-to-date symlink: /home/imml/git/research_2025/apple-harvest-refactor/install/ur_moveit_config/local/lib/python3.10/dist-packages/ur_moveit_config-2.2.15-py3.10.egg-info/dependency_links.txt
[0.513s] -- Up-to-date symlink: /home/imml/git/research_2025/apple-harvest-refactor/install/ur_moveit_config/local/lib/python3.10/dist-packages/ur_moveit_config-2.2.15-py3.10.egg-info/top_level.txt
[0.513s] -- Up-to-date symlink: /home/imml/git/research_2025/apple-harvest-refactor/install/ur_moveit_config/local/lib/python3.10/dist-packages/ur_moveit_config/__init__.py
[0.513s] -- Up-to-date symlink: /home/imml/git/research_2025/apple-harvest-refactor/install/ur_moveit_config/local/lib/python3.10/dist-packages/ur_moveit_config/launch_common.py
[0.513s] -- Up-to-date symlink: /home/imml/git/research_2025/apple-harvest-refactor/install/ur_moveit_config/local/lib/python3.10/dist-packages/launch_common.py
[0.514s] -- Up-to-date symlink: /home/imml/git/research_2025/apple-harvest-refactor/install/ur_moveit_config/share/ament_index/resource_index/package_run_dependencies/ur_moveit_config
[0.514s] -- Up-to-date symlink: /home/imml/git/research_2025/apple-harvest-refactor/install/ur_moveit_config/share/ament_index/resource_index/parent_prefix_path/ur_moveit_config
[0.514s] -- Up-to-date symlink: /home/imml/git/research_2025/apple-harvest-refactor/install/ur_moveit_config/share/ur_moveit_config/environment/ament_prefix_path.sh
[0.514s] -- Up-to-date symlink: /home/imml/git/research_2025/apple-harvest-refactor/install/ur_moveit_config/share/ur_moveit_config/environment/ament_prefix_path.dsv
[0.514s] -- Up-to-date symlink: /home/imml/git/research_2025/apple-harvest-refactor/install/ur_moveit_config/share/ur_moveit_config/environment/path.sh
[0.515s] -- Up-to-date symlink: /home/imml/git/research_2025/apple-harvest-refactor/install/ur_moveit_config/share/ur_moveit_config/environment/path.dsv
[0.515s] -- Up-to-date symlink: /home/imml/git/research_2025/apple-harvest-refactor/install/ur_moveit_config/share/ur_moveit_config/local_setup.bash
[0.515s] -- Up-to-date symlink: /home/imml/git/research_2025/apple-harvest-refactor/install/ur_moveit_config/share/ur_moveit_config/local_setup.sh
[0.515s] -- Up-to-date symlink: /home/imml/git/research_2025/apple-harvest-refactor/install/ur_moveit_config/share/ur_moveit_config/local_setup.zsh
[0.515s] -- Up-to-date symlink: /home/imml/git/research_2025/apple-harvest-refactor/install/ur_moveit_config/share/ur_moveit_config/local_setup.dsv
[0.516s] -- Symlinking: /home/imml/git/research_2025/apple-harvest-refactor/install/ur_moveit_config/share/ur_moveit_config/package.dsv
[0.536s] -- Up-to-date symlink: /home/imml/git/research_2025/apple-harvest-refactor/install/ur_moveit_config/share/ament_index/resource_index/packages/ur_moveit_config
[0.536s] -- Up-to-date symlink: /home/imml/git/research_2025/apple-harvest-refactor/install/ur_moveit_config/share/ur_moveit_config/cmake/ur_moveit_configConfig.cmake
[0.536s] -- Up-to-date symlink: /home/imml/git/research_2025/apple-harvest-refactor/install/ur_moveit_config/share/ur_moveit_config/cmake/ur_moveit_configConfig-version.cmake
[0.537s] -- Up-to-date symlink: /home/imml/git/research_2025/apple-harvest-refactor/install/ur_moveit_config/share/ur_moveit_config/package.xml
[0.593s] Listing '/home/imml/git/research_2025/apple-harvest-refactor/install/ur_moveit_config/local/lib/python3.10/dist-packages/ur_moveit_config'...
[0.667s] Invoked command in '/home/imml/git/research_2025/apple-harvest-refactor/build/ur_moveit_config' returned '0': CMAKE_PREFIX_PATH=/home/imml/git/research_2025/apple-harvest-refactor/install/ur_description:/home/imml/git/research_2025/apple-harvest-refactor/install/ur:/home/imml/git/research_2025/apple-harvest-refactor/install/ur_calibration:/home/imml/git/research_2025/apple-harvest-refactor/install/ur_robot_driver:/home/imml/git/research_2025/apple-harvest-refactor/install/ur_moveit_config:/home/imml/git/research_2025/apple-harvest-refactor/install/ur_bringup:/home/imml/git/research_2025/apple-harvest-refactor/install/ur_controllers:/home/imml/git/research_2025/apple-harvest-refactor/install/ur_dashboard_msgs:/home/imml/git/research_2025/apple-harvest-refactor/install/realsense2_description:/home/imml/git/research_2025/apple-harvest-refactor/install/realsense2_camera:/home/imml/git/research_2025/apple-harvest-refactor/install/realsense2_camera_msgs:/home/imml/git/research_2025/apple-harvest-refactor/install/harvest_control:/home/imml/git/research_2025/apple-harvest-refactor/install/harvest:/home/imml/git/research_2025/apple-harvest-refactor/install/harvest_interfaces:/home/imml/git/research_2025/apple-harvest-refactor/install/ur5e_custom_hardware:/home/imml/git/research_2025/apple-harvest-refactor/install/harvest_vision:/opt/ros/humble /usr/bin/cmake --install /home/imml/git/research_2025/apple-harvest-refactor/build/ur_moveit_config
