[  0%] Built target ament_cmake_python_symlink_harvest_control
[100%] Built target move_arm
running egg_info
writing harvest_control.egg-info/PKG-INFO
writing dependency_links to harvest_control.egg-info/dependency_links.txt
writing top-level names to harvest_control.egg-info/top_level.txt
reading manifest file 'harvest_control.egg-info/SOURCES.txt'
writing manifest file 'harvest_control.egg-info/SOURCES.txt'
[100%] Built target ament_cmake_python_build_harvest_control_egg
-- Install configuration: ""
-- Execute custom install script
-- Up-to-date symlink: /home/imml/git/research_2025/apple-harvest-refactor/install/harvest_control/share/harvest_control/environment/pythonpath.sh
-- Up-to-date symlink: /home/imml/git/research_2025/apple-harvest-refactor/install/harvest_control/share/harvest_control/environment/pythonpath.dsv
-- Up-to-date symlink: /home/imml/git/research_2025/apple-harvest-refactor/install/harvest_control/local/lib/python3.10/dist-packages/harvest_control-0.0.0-py3.10.egg-info/PKG-INFO
-- Up-to-date symlink: /home/imml/git/research_2025/apple-harvest-refactor/install/harvest_control/local/lib/python3.10/dist-packages/harvest_control-0.0.0-py3.10.egg-info/SOURCES.txt
-- Up-to-date symlink: /home/imml/git/research_2025/apple-harvest-refactor/install/harvest_control/local/lib/python3.10/dist-packages/harvest_control-0.0.0-py3.10.egg-info/dependency_links.txt
-- Up-to-date symlink: /home/imml/git/research_2025/apple-harvest-refactor/install/harvest_control/local/lib/python3.10/dist-packages/harvest_control-0.0.0-py3.10.egg-info/top_level.txt
-- Up-to-date symlink: /home/imml/git/research_2025/apple-harvest-refactor/install/harvest_control/local/lib/python3.10/dist-packages/harvest_control/__init__.py
-- Up-to-date symlink: /home/imml/git/research_2025/apple-harvest-refactor/install/harvest_control/lib/harvest_control/coordinate_to_trajectory.py
-- Up-to-date symlink: /home/imml/git/research_2025/apple-harvest-refactor/install/harvest_control/lib/harvest_control/event_detector.py
-- Up-to-date symlink: /home/imml/git/research_2025/apple-harvest-refactor/install/harvest_control/lib/harvest_control/force_filter.py
-- Up-to-date symlink: /home/imml/git/research_2025/apple-harvest-refactor/install/harvest_control/lib/harvest_control/get_manual_apple_locations.py
-- Up-to-date symlink: /home/imml/git/research_2025/apple-harvest-refactor/install/harvest_control/lib/harvest_control/heuristic_controller.py
-- Up-to-date symlink: /home/imml/git/research_2025/apple-harvest-refactor/install/harvest_control/lib/harvest_control/linear_controller.py
-- Up-to-date symlink: /home/imml/git/research_2025/apple-harvest-refactor/install/harvest_control/lib/harvest_control/pose_listener.py
-- Up-to-date symlink: /home/imml/git/research_2025/apple-harvest-refactor/install/harvest_control/lib/harvest_control/pressure_averager.py
-- Up-to-date symlink: /home/imml/git/research_2025/apple-harvest-refactor/install/harvest_control/lib/harvest_control/pull_twist_controller.py
-- Up-to-date symlink: /home/imml/git/research_2025/apple-harvest-refactor/install/harvest_control/lib/harvest_control/visual_servo.py
-- Up-to-date symlink: /home/imml/git/research_2025/apple-harvest-refactor/install/harvest_control/lib/harvest_control/move_arm
-- Up-to-date symlink: /home/imml/git/research_2025/apple-harvest-refactor/install/harvest_control/share/harvest_control/launch/arm_control.launch.py
-- Up-to-date symlink: /home/imml/git/research_2025/apple-harvest-refactor/install/harvest_control/share/harvest_control/launch/arm_control_templating.launch.py
-- Up-to-date symlink: /home/imml/git/research_2025/apple-harvest-refactor/install/harvest_control/share/harvest_control/resource/harvest_control
-- Up-to-date symlink: /home/imml/git/research_2025/apple-harvest-refactor/install/harvest_control/share/harvest_control/resource/reachable_paths.npy
-- Up-to-date symlink: /home/imml/git/research_2025/apple-harvest-refactor/install/harvest_control/share/harvest_control/resource/reachable_paths_fine.npy
-- Up-to-date symlink: /home/imml/git/research_2025/apple-harvest-refactor/install/harvest_control/share/harvest_control/resource/reachable_voxel_centers.csv
-- Up-to-date symlink: /home/imml/git/research_2025/apple-harvest-refactor/install/harvest_control/share/harvest_control/resource/reachable_voxel_centers_fine.csv
-- Up-to-date symlink: /home/imml/git/research_2025/apple-harvest-refactor/install/harvest_control/share/harvest_control/resource/tree_wire_mask.json
-- Up-to-date symlink: /home/imml/git/research_2025/apple-harvest-refactor/install/harvest_control/share/harvest_control/resource/urdf/v_trellis_template.urdf
-- Up-to-date symlink: /home/imml/git/research_2025/apple-harvest-refactor/install/harvest_control/share/harvest_control/resource/urdf/v_trellis_template.xacro
-- Up-to-date symlink: /home/imml/git/research_2025/apple-harvest-refactor/install/harvest_control/share/harvest_control/resource/voxel_ik_data.csv
-- Up-to-date symlink: /home/imml/git/research_2025/apple-harvest-refactor/install/harvest_control/share/harvest_control/resource/voxel_ik_data_fine.csv
-- Up-to-date symlink: /home/imml/git/research_2025/apple-harvest-refactor/install/harvest_control/share/ament_index/resource_index/package_run_dependencies/harvest_control
-- Up-to-date symlink: /home/imml/git/research_2025/apple-harvest-refactor/install/harvest_control/share/ament_index/resource_index/parent_prefix_path/harvest_control
-- Up-to-date symlink: /home/imml/git/research_2025/apple-harvest-refactor/install/harvest_control/share/harvest_control/environment/ament_prefix_path.sh
-- Up-to-date symlink: /home/imml/git/research_2025/apple-harvest-refactor/install/harvest_control/share/harvest_control/environment/ament_prefix_path.dsv
-- Up-to-date symlink: /home/imml/git/research_2025/apple-harvest-refactor/install/harvest_control/share/harvest_control/environment/path.sh
-- Up-to-date symlink: /home/imml/git/research_2025/apple-harvest-refactor/install/harvest_control/share/harvest_control/environment/path.dsv
-- Up-to-date symlink: /home/imml/git/research_2025/apple-harvest-refactor/install/harvest_control/share/harvest_control/local_setup.bash
-- Up-to-date symlink: /home/imml/git/research_2025/apple-harvest-refactor/install/harvest_control/share/harvest_control/local_setup.sh
-- Up-to-date symlink: /home/imml/git/research_2025/apple-harvest-refactor/install/harvest_control/share/harvest_control/local_setup.zsh
-- Up-to-date symlink: /home/imml/git/research_2025/apple-harvest-refactor/install/harvest_control/share/harvest_control/local_setup.dsv
-- Symlinking: /home/imml/git/research_2025/apple-harvest-refactor/install/harvest_control/share/harvest_control/package.dsv
-- Up-to-date symlink: /home/imml/git/research_2025/apple-harvest-refactor/install/harvest_control/share/ament_index/resource_index/packages/harvest_control
-- Up-to-date symlink: /home/imml/git/research_2025/apple-harvest-refactor/install/harvest_control/share/harvest_control/cmake/harvest_controlConfig.cmake
-- Up-to-date symlink: /home/imml/git/research_2025/apple-harvest-refactor/install/harvest_control/share/harvest_control/cmake/harvest_controlConfig-version.cmake
-- Up-to-date symlink: /home/imml/git/research_2025/apple-harvest-refactor/install/harvest_control/share/harvest_control/package.xml
Listing '/home/imml/git/research_2025/apple-harvest-refactor/install/harvest_control/local/lib/python3.10/dist-packages/harvest_control'...
