[0.011s] Invoking command in '/home/imml/git/research_2025/apple-harvest-refactor/build/harvest_control': AMENT_PREFIX_PATH=/home/imml/git/research_2025/apple-harvest-refactor/install/harvest_interfaces:${AMENT_PREFIX_PATH} CMAKE_PREFIX_PATH=/home/imml/git/research_2025/apple-harvest-refactor/install/harvest_interfaces:/home/imml/git/research_2025/apple-harvest/install/ur_moveit_config:/home/imml/git/research_2025/apple-harvest/install/ur_description:/home/imml/git/research_2025/apple-harvest/install/ur_dashboard_msgs:/home/imml/git/research_2025/apple-harvest/install/realsense2_description:/home/imml/git/research_2025/apple-harvest/install/realsense2_camera_msgs:/home/imml/git/research_2025/apple-harvest/install/harvest_interfaces:/home/imml/git/research_2025/apple-harvest/install/ur5e_custom_hardware:/home/imml/git/research_2025/apple-harvest/install/harvest_vision:/opt/ros/humble LD_LIBRARY_PATH=/home/imml/git/research_2025/apple-harvest-refactor/install/harvest_interfaces/lib:${LD_LIBRARY_PATH} PYTHONPATH=/home/imml/git/research_2025/apple-harvest-refactor/install/harvest_interfaces/local/lib/python3.10/dist-packages:${PYTHONPATH} /usr/bin/cmake /home/imml/git/research_2025/apple-harvest-refactor/harvest_control -DAMENT_CMAKE_SYMLINK_INSTALL=1 -DCMAKE_INSTALL_PREFIX=/home/imml/git/research_2025/apple-harvest-refactor/install/harvest_control
[0.058s] -- The C compiler identification is GNU 11.4.0
[0.109s] -- The CXX compiler identification is GNU 11.4.0
[0.115s] -- Detecting C compiler ABI info
[0.178s] -- Detecting C compiler ABI info - done
[0.184s] -- Check for working C compiler: /usr/bin/cc - skipped
[0.184s] -- Detecting C compile features
[0.184s] -- Detecting C compile features - done
[0.187s] -- Detecting CXX compiler ABI info
[0.259s] -- Detecting CXX compiler ABI info - done
[0.267s] -- Check for working CXX compiler: /usr/bin/c++ - skipped
[0.267s] -- Detecting CXX compile features
[0.268s] -- Detecting CXX compile features - done
[0.270s] -- Found ament_cmake: 1.3.11 (/opt/ros/humble/share/ament_cmake/cmake)
[0.402s] -- Found Python3: /usr/bin/python3 (found version "3.10.12") found components: Interpreter 
[0.462s] -- Override CMake install command with custom implementation using symlinks instead of copying resources
[0.489s] -- Found rclcpp: 16.0.11 (/opt/ros/humble/share/rclcpp/cmake)
[0.526s] -- Found rosidl_generator_c: 3.1.6 (/opt/ros/humble/share/rosidl_generator_c/cmake)
[0.531s] -- Found rosidl_adapter: 3.1.6 (/opt/ros/humble/share/rosidl_adapter/cmake)
[0.538s] -- Found rosidl_generator_cpp: 3.1.6 (/opt/ros/humble/share/rosidl_generator_cpp/cmake)
[0.548s] -- Using all available rosidl_typesupport_c: rosidl_typesupport_fastrtps_c;rosidl_typesupport_introspection_c
[0.562s] -- Using all available rosidl_typesupport_cpp: rosidl_typesupport_fastrtps_cpp;rosidl_typesupport_introspection_cpp
[0.600s] -- Found rmw_implementation_cmake: 6.1.2 (/opt/ros/humble/share/rmw_implementation_cmake/cmake)
[0.602s] -- Found rmw_fastrtps_cpp: 6.2.7 (/opt/ros/humble/share/rmw_fastrtps_cpp/cmake)
[0.689s] -- Found OpenSSL: /usr/lib/x86_64-linux-gnu/libcrypto.so (found version "3.0.2")  
[0.716s] -- Found FastRTPS: /opt/ros/humble/include  
[0.755s] -- Using RMW implementation 'rmw_fastrtps_cpp' as default
[0.763s] -- Looking for pthread.h
[0.836s] -- Looking for pthread.h - found
[0.836s] -- Performing Test CMAKE_HAVE_LIBC_PTHREAD
[0.905s] -- Performing Test CMAKE_HAVE_LIBC_PTHREAD - Success
[0.906s] -- Found Threads: TRUE  
[0.951s] -- Found rclpy: 3.3.15 (/opt/ros/humble/share/rclpy/cmake)
[0.953s] -- Found moveit_servo: 2.5.8 (/opt/ros/humble/share/moveit_servo/cmake)
[1.193s] -- Found Boost: /usr/lib/x86_64-linux-gnu/cmake/Boost-1.74.0/BoostConfig.cmake (found version "1.74.0") found components: chrono date_time filesystem iostreams program_options regex serialization system thread 
[1.240s] -- Found Boost: /usr/lib/x86_64-linux-gnu/cmake/Boost-1.74.0/BoostConfig.cmake (found version "1.74.0") found components: filesystem 
[1.339s] -- library: /usr/lib/x86_64-linux-gnu/libcurl.so
[1.392s] -- Found Eigen3: TRUE (found version "3.4.0") 
[1.392s] -- Ensuring Eigen3 include directory is part of orocos-kdl CMake target
[1.572s] -- Found Boost: /usr/lib/x86_64-linux-gnu/cmake/Boost-1.74.0/BoostConfig.cmake (found version "1.74.0") found components: system filesystem date_time program_options thread chrono 
[1.613s] -- Found moveit: 2.5.8 (/opt/ros/humble/share/moveit/cmake)
[1.616s] -- Found moveit_ros_planning_interface: 2.5.8 (/opt/ros/humble/share/moveit_ros_planning_interface/cmake)
[1.620s] -- Found Boost: /usr/lib/x86_64-linux-gnu/cmake/Boost-1.74.0/BoostConfig.cmake (found version "1.74.0") found components: date_time filesystem program_options system thread 
[1.634s] -- Found Boost: /usr/lib/x86_64-linux-gnu/cmake/Boost-1.74.0/BoostConfig.cmake (found version "1.74.0") found components: thread system filesystem regex date_time program_options 
[1.654s] -- Found Boost: /usr/lib/x86_64-linux-gnu/cmake/Boost-1.74.0/BoostConfig.cmake (found version "1.74.0") found components: system filesystem date_time program_options thread 
[1.672s] -- Found controller_manager_msgs: 2.48.0 (/opt/ros/humble/share/controller_manager_msgs/cmake)
[1.684s] -- Found harvest_interfaces: 0.0.0 (/home/imml/git/research_2025/apple-harvest-refactor/install/harvest_interfaces/share/harvest_interfaces/cmake)
[1.800s] -- Found ament_lint_auto: 0.12.11 (/opt/ros/humble/share/ament_lint_auto/cmake)
[1.885s] -- Added test 'cppcheck' to perform static code analysis on C / C++ code
[1.886s] -- Configured cppcheck include dirs: $<BUILD_INTERFACE:/home/imml/git/research_2025/apple-harvest-refactor/harvest_control/include>
[1.886s] -- Configured cppcheck exclude dirs and/or files: 
[1.886s] -- Added test 'flake8' to check Python code syntax and style conventions
[1.887s] -- Added test 'lint_cmake' to check CMake code style
[1.888s] -- Added test 'pep257' to check Python code against some of the docstring style conventions in PEP 257
[1.890s] -- Added test 'uncrustify' to check C / C++ code style
[1.890s] -- Configured uncrustify additional arguments: 
[1.890s] -- Added test 'xmllint' to check XML markup files
[1.892s] -- Configuring done
[1.925s] -- Generating done
[1.934s] -- Build files have been written to: /home/imml/git/research_2025/apple-harvest-refactor/build/harvest_control
[1.961s] Invoked command in '/home/imml/git/research_2025/apple-harvest-refactor/build/harvest_control' returned '0': AMENT_PREFIX_PATH=/home/imml/git/research_2025/apple-harvest-refactor/install/harvest_interfaces:${AMENT_PREFIX_PATH} CMAKE_PREFIX_PATH=/home/imml/git/research_2025/apple-harvest-refactor/install/harvest_interfaces:/home/imml/git/research_2025/apple-harvest/install/ur_moveit_config:/home/imml/git/research_2025/apple-harvest/install/ur_description:/home/imml/git/research_2025/apple-harvest/install/ur_dashboard_msgs:/home/imml/git/research_2025/apple-harvest/install/realsense2_description:/home/imml/git/research_2025/apple-harvest/install/realsense2_camera_msgs:/home/imml/git/research_2025/apple-harvest/install/harvest_interfaces:/home/imml/git/research_2025/apple-harvest/install/ur5e_custom_hardware:/home/imml/git/research_2025/apple-harvest/install/harvest_vision:/opt/ros/humble LD_LIBRARY_PATH=/home/imml/git/research_2025/apple-harvest-refactor/install/harvest_interfaces/lib:${LD_LIBRARY_PATH} PYTHONPATH=/home/imml/git/research_2025/apple-harvest-refactor/install/harvest_interfaces/local/lib/python3.10/dist-packages:${PYTHONPATH} /usr/bin/cmake /home/imml/git/research_2025/apple-harvest-refactor/harvest_control -DAMENT_CMAKE_SYMLINK_INSTALL=1 -DCMAKE_INSTALL_PREFIX=/home/imml/git/research_2025/apple-harvest-refactor/install/harvest_control
[1.963s] Invoking command in '/home/imml/git/research_2025/apple-harvest-refactor/build/harvest_control': AMENT_PREFIX_PATH=/home/imml/git/research_2025/apple-harvest-refactor/install/harvest_interfaces:${AMENT_PREFIX_PATH} CMAKE_PREFIX_PATH=/home/imml/git/research_2025/apple-harvest-refactor/install/harvest_interfaces:/home/imml/git/research_2025/apple-harvest/install/ur_moveit_config:/home/imml/git/research_2025/apple-harvest/install/ur_description:/home/imml/git/research_2025/apple-harvest/install/ur_dashboard_msgs:/home/imml/git/research_2025/apple-harvest/install/realsense2_description:/home/imml/git/research_2025/apple-harvest/install/realsense2_camera_msgs:/home/imml/git/research_2025/apple-harvest/install/harvest_interfaces:/home/imml/git/research_2025/apple-harvest/install/ur5e_custom_hardware:/home/imml/git/research_2025/apple-harvest/install/harvest_vision:/opt/ros/humble LD_LIBRARY_PATH=/home/imml/git/research_2025/apple-harvest-refactor/install/harvest_interfaces/lib:${LD_LIBRARY_PATH} PYTHONPATH=/home/imml/git/research_2025/apple-harvest-refactor/install/harvest_interfaces/local/lib/python3.10/dist-packages:${PYTHONPATH} /usr/bin/cmake --build /home/imml/git/research_2025/apple-harvest-refactor/build/harvest_control -- -j16 -l16
[2.027s] [ 50%] [32mBuilding CXX object CMakeFiles/move_arm.dir/src/move_arm.cpp.o[0m
[2.035s] [ 50%] Built target ament_cmake_python_symlink_harvest_control
[2.311s] running egg_info
[2.312s] creating harvest_control.egg-info
[2.312s] writing harvest_control.egg-info/PKG-INFO
[2.313s] writing dependency_links to harvest_control.egg-info/dependency_links.txt
[2.313s] writing top-level names to harvest_control.egg-info/top_level.txt
[2.313s] writing manifest file 'harvest_control.egg-info/SOURCES.txt'
[2.315s] reading manifest file 'harvest_control.egg-info/SOURCES.txt'
[2.316s] writing manifest file 'harvest_control.egg-info/SOURCES.txt'
[2.371s] [ 50%] Built target ament_cmake_python_build_harvest_control_egg
[24.875s] [100%] [32m[1mLinking CXX executable move_arm[0m
[27.112s] [100%] Built target move_arm
[27.130s] Invoked command in '/home/imml/git/research_2025/apple-harvest-refactor/build/harvest_control' returned '0': AMENT_PREFIX_PATH=/home/imml/git/research_2025/apple-harvest-refactor/install/harvest_interfaces:${AMENT_PREFIX_PATH} CMAKE_PREFIX_PATH=/home/imml/git/research_2025/apple-harvest-refactor/install/harvest_interfaces:/home/imml/git/research_2025/apple-harvest/install/ur_moveit_config:/home/imml/git/research_2025/apple-harvest/install/ur_description:/home/imml/git/research_2025/apple-harvest/install/ur_dashboard_msgs:/home/imml/git/research_2025/apple-harvest/install/realsense2_description:/home/imml/git/research_2025/apple-harvest/install/realsense2_camera_msgs:/home/imml/git/research_2025/apple-harvest/install/harvest_interfaces:/home/imml/git/research_2025/apple-harvest/install/ur5e_custom_hardware:/home/imml/git/research_2025/apple-harvest/install/harvest_vision:/opt/ros/humble LD_LIBRARY_PATH=/home/imml/git/research_2025/apple-harvest-refactor/install/harvest_interfaces/lib:${LD_LIBRARY_PATH} PYTHONPATH=/home/imml/git/research_2025/apple-harvest-refactor/install/harvest_interfaces/local/lib/python3.10/dist-packages:${PYTHONPATH} /usr/bin/cmake --build /home/imml/git/research_2025/apple-harvest-refactor/build/harvest_control -- -j16 -l16
[27.133s] Invoking command in '/home/imml/git/research_2025/apple-harvest-refactor/build/harvest_control': AMENT_PREFIX_PATH=/home/imml/git/research_2025/apple-harvest-refactor/install/harvest_interfaces:${AMENT_PREFIX_PATH} CMAKE_PREFIX_PATH=/home/imml/git/research_2025/apple-harvest-refactor/install/harvest_interfaces:/home/imml/git/research_2025/apple-harvest/install/ur_moveit_config:/home/imml/git/research_2025/apple-harvest/install/ur_description:/home/imml/git/research_2025/apple-harvest/install/ur_dashboard_msgs:/home/imml/git/research_2025/apple-harvest/install/realsense2_description:/home/imml/git/research_2025/apple-harvest/install/realsense2_camera_msgs:/home/imml/git/research_2025/apple-harvest/install/harvest_interfaces:/home/imml/git/research_2025/apple-harvest/install/ur5e_custom_hardware:/home/imml/git/research_2025/apple-harvest/install/harvest_vision:/opt/ros/humble LD_LIBRARY_PATH=/home/imml/git/research_2025/apple-harvest-refactor/install/harvest_interfaces/lib:${LD_LIBRARY_PATH} PYTHONPATH=/home/imml/git/research_2025/apple-harvest-refactor/install/harvest_interfaces/local/lib/python3.10/dist-packages:${PYTHONPATH} /usr/bin/cmake --install /home/imml/git/research_2025/apple-harvest-refactor/build/harvest_control
[27.144s] -- Install configuration: ""
[27.145s] -- Execute custom install script
[27.145s] -- Symlinking: /home/imml/git/research_2025/apple-harvest-refactor/install/harvest_control/share/harvest_control/environment/pythonpath.sh
[27.160s] -- Symlinking: /home/imml/git/research_2025/apple-harvest-refactor/install/harvest_control/share/harvest_control/environment/pythonpath.dsv
[27.174s] -- Symlinking: /home/imml/git/research_2025/apple-harvest-refactor/install/harvest_control/local/lib/python3.10/dist-packages/harvest_control-0.0.0-py3.10.egg-info/PKG-INFO
[27.186s] -- Symlinking: /home/imml/git/research_2025/apple-harvest-refactor/install/harvest_control/local/lib/python3.10/dist-packages/harvest_control-0.0.0-py3.10.egg-info/SOURCES.txt
[27.200s] -- Symlinking: /home/imml/git/research_2025/apple-harvest-refactor/install/harvest_control/local/lib/python3.10/dist-packages/harvest_control-0.0.0-py3.10.egg-info/dependency_links.txt
[27.213s] -- Symlinking: /home/imml/git/research_2025/apple-harvest-refactor/install/harvest_control/local/lib/python3.10/dist-packages/harvest_control-0.0.0-py3.10.egg-info/top_level.txt
[27.236s] -- Symlinking: /home/imml/git/research_2025/apple-harvest-refactor/install/harvest_control/local/lib/python3.10/dist-packages/harvest_control/__init__.py
[27.254s] -- Symlinking: /home/imml/git/research_2025/apple-harvest-refactor/install/harvest_control/lib/harvest_control/coordinate_to_trajectory.py
[27.270s] -- Symlinking: /home/imml/git/research_2025/apple-harvest-refactor/install/harvest_control/lib/harvest_control/event_detector.py
[27.287s] -- Symlinking: /home/imml/git/research_2025/apple-harvest-refactor/install/harvest_control/lib/harvest_control/force_filter.py
[27.302s] -- Symlinking: /home/imml/git/research_2025/apple-harvest-refactor/install/harvest_control/lib/harvest_control/get_manual_apple_locations.py
[27.320s] -- Symlinking: /home/imml/git/research_2025/apple-harvest-refactor/install/harvest_control/lib/harvest_control/heuristic_controller.py
[27.337s] -- Symlinking: /home/imml/git/research_2025/apple-harvest-refactor/install/harvest_control/lib/harvest_control/linear_controller.py
[27.353s] -- Symlinking: /home/imml/git/research_2025/apple-harvest-refactor/install/harvest_control/lib/harvest_control/pose_listener.py
[27.369s] -- Symlinking: /home/imml/git/research_2025/apple-harvest-refactor/install/harvest_control/lib/harvest_control/pressure_averager.py
[27.385s] -- Symlinking: /home/imml/git/research_2025/apple-harvest-refactor/install/harvest_control/lib/harvest_control/pull_twist_controller.py
[27.402s] -- Symlinking: /home/imml/git/research_2025/apple-harvest-refactor/install/harvest_control/lib/harvest_control/visual_servo.py
[27.418s] -- Symlinking: /home/imml/git/research_2025/apple-harvest-refactor/install/harvest_control/lib/harvest_control/move_arm
[27.434s] -- Symlinking: /home/imml/git/research_2025/apple-harvest-refactor/install/harvest_control/share/harvest_control/launch/arm_control.launch.py
[27.452s] -- Symlinking: /home/imml/git/research_2025/apple-harvest-refactor/install/harvest_control/share/harvest_control/launch/arm_control_templating.launch.py
[27.469s] -- Symlinking: /home/imml/git/research_2025/apple-harvest-refactor/install/harvest_control/share/harvest_control/resource/harvest_control
[27.489s] -- Symlinking: /home/imml/git/research_2025/apple-harvest-refactor/install/harvest_control/share/harvest_control/resource/reachable_paths.npy
[27.506s] -- Symlinking: /home/imml/git/research_2025/apple-harvest-refactor/install/harvest_control/share/harvest_control/resource/reachable_paths_fine.npy
[27.524s] -- Symlinking: /home/imml/git/research_2025/apple-harvest-refactor/install/harvest_control/share/harvest_control/resource/reachable_voxel_centers.csv
[27.540s] -- Symlinking: /home/imml/git/research_2025/apple-harvest-refactor/install/harvest_control/share/harvest_control/resource/reachable_voxel_centers_fine.csv
[27.554s] -- Symlinking: /home/imml/git/research_2025/apple-harvest-refactor/install/harvest_control/share/harvest_control/resource/tree_wire_mask.json
[27.566s] -- Symlinking: /home/imml/git/research_2025/apple-harvest-refactor/install/harvest_control/share/harvest_control/resource/urdf/v_trellis_template.urdf
[27.579s] -- Symlinking: /home/imml/git/research_2025/apple-harvest-refactor/install/harvest_control/share/harvest_control/resource/urdf/v_trellis_template.xacro
[27.591s] -- Symlinking: /home/imml/git/research_2025/apple-harvest-refactor/install/harvest_control/share/harvest_control/resource/voxel_ik_data.csv
[27.605s] -- Symlinking: /home/imml/git/research_2025/apple-harvest-refactor/install/harvest_control/share/harvest_control/resource/voxel_ik_data_fine.csv
[27.620s] -- Symlinking: /home/imml/git/research_2025/apple-harvest-refactor/install/harvest_control/share/ament_index/resource_index/package_run_dependencies/harvest_control
[27.634s] -- Symlinking: /home/imml/git/research_2025/apple-harvest-refactor/install/harvest_control/share/ament_index/resource_index/parent_prefix_path/harvest_control
[27.648s] -- Symlinking: /home/imml/git/research_2025/apple-harvest-refactor/install/harvest_control/share/harvest_control/environment/ament_prefix_path.sh
[27.663s] -- Symlinking: /home/imml/git/research_2025/apple-harvest-refactor/install/harvest_control/share/harvest_control/environment/ament_prefix_path.dsv
[27.675s] -- Symlinking: /home/imml/git/research_2025/apple-harvest-refactor/install/harvest_control/share/harvest_control/environment/path.sh
[27.689s] -- Symlinking: /home/imml/git/research_2025/apple-harvest-refactor/install/harvest_control/share/harvest_control/environment/path.dsv
[27.703s] -- Symlinking: /home/imml/git/research_2025/apple-harvest-refactor/install/harvest_control/share/harvest_control/local_setup.bash
[27.715s] -- Symlinking: /home/imml/git/research_2025/apple-harvest-refactor/install/harvest_control/share/harvest_control/local_setup.sh
[27.728s] -- Symlinking: /home/imml/git/research_2025/apple-harvest-refactor/install/harvest_control/share/harvest_control/local_setup.zsh
[27.743s] -- Symlinking: /home/imml/git/research_2025/apple-harvest-refactor/install/harvest_control/share/harvest_control/local_setup.dsv
[27.758s] -- Symlinking: /home/imml/git/research_2025/apple-harvest-refactor/install/harvest_control/share/harvest_control/package.dsv
[27.775s] -- Symlinking: /home/imml/git/research_2025/apple-harvest-refactor/install/harvest_control/share/ament_index/resource_index/packages/harvest_control
[27.788s] -- Symlinking: /home/imml/git/research_2025/apple-harvest-refactor/install/harvest_control/share/harvest_control/cmake/harvest_controlConfig.cmake
[27.800s] -- Symlinking: /home/imml/git/research_2025/apple-harvest-refactor/install/harvest_control/share/harvest_control/cmake/harvest_controlConfig-version.cmake
[27.814s] -- Symlinking: /home/imml/git/research_2025/apple-harvest-refactor/install/harvest_control/share/harvest_control/package.xml
[27.876s] Listing '/home/imml/git/research_2025/apple-harvest-refactor/install/harvest_control/local/lib/python3.10/dist-packages/harvest_control'...
[27.876s] Compiling '/home/imml/git/research_2025/apple-harvest-refactor/install/harvest_control/local/lib/python3.10/dist-packages/harvest_control/__init__.py'...
[27.893s] Invoked command in '/home/imml/git/research_2025/apple-harvest-refactor/build/harvest_control' returned '0': AMENT_PREFIX_PATH=/home/imml/git/research_2025/apple-harvest-refactor/install/harvest_interfaces:${AMENT_PREFIX_PATH} CMAKE_PREFIX_PATH=/home/imml/git/research_2025/apple-harvest-refactor/install/harvest_interfaces:/home/imml/git/research_2025/apple-harvest/install/ur_moveit_config:/home/imml/git/research_2025/apple-harvest/install/ur_description:/home/imml/git/research_2025/apple-harvest/install/ur_dashboard_msgs:/home/imml/git/research_2025/apple-harvest/install/realsense2_description:/home/imml/git/research_2025/apple-harvest/install/realsense2_camera_msgs:/home/imml/git/research_2025/apple-harvest/install/harvest_interfaces:/home/imml/git/research_2025/apple-harvest/install/ur5e_custom_hardware:/home/imml/git/research_2025/apple-harvest/install/harvest_vision:/opt/ros/humble LD_LIBRARY_PATH=/home/imml/git/research_2025/apple-harvest-refactor/install/harvest_interfaces/lib:${LD_LIBRARY_PATH} PYTHONPATH=/home/imml/git/research_2025/apple-harvest-refactor/install/harvest_interfaces/local/lib/python3.10/dist-packages:${PYTHONPATH} /usr/bin/cmake --install /home/imml/git/research_2025/apple-harvest-refactor/build/harvest_control
