[0.007s] Invoking command in '/home/imml/git/research_2025/apple-harvest-refactor/build/realsense2_camera': AMENT_PREFIX_PATH=/home/imml/git/research_2025/apple-harvest-refactor/install/realsense2_camera_msgs:${AMENT_PREFIX_PATH} CMAKE_PREFIX_PATH=/home/imml/git/research_2025/apple-harvest-refactor/install/realsense2_camera_msgs:/home/imml/git/research_2025/apple-harvest/install/ur_moveit_config:/home/imml/git/research_2025/apple-harvest/install/ur_description:/home/imml/git/research_2025/apple-harvest/install/ur_dashboard_msgs:/home/imml/git/research_2025/apple-harvest/install/realsense2_description:/home/imml/git/research_2025/apple-harvest/install/realsense2_camera_msgs:/home/imml/git/research_2025/apple-harvest/install/harvest_interfaces:/home/imml/git/research_2025/apple-harvest/install/ur5e_custom_hardware:/home/imml/git/research_2025/apple-harvest/install/harvest_vision:/opt/ros/humble LD_LIBRARY_PATH=/home/imml/git/research_2025/apple-harvest-refactor/install/realsense2_camera_msgs/lib:${LD_LIBRARY_PATH} PYTHONPATH=/home/imml/git/research_2025/apple-harvest-refactor/install/realsense2_camera_msgs/local/lib/python3.10/dist-packages:${PYTHONPATH} /usr/bin/cmake /home/imml/git/research_2025/apple-harvest-refactor/harvest_hardware/realsense-ros/realsense2_camera -DAMENT_CMAKE_SYMLINK_INSTALL=1 -DCMAKE_INSTALL_PREFIX=/home/imml/git/research_2025/apple-harvest-refactor/install/realsense2_camera
[0.056s] -- The C compiler identification is GNU 11.4.0
[0.108s] -- The CXX compiler identification is GNU 11.4.0
[0.114s] -- Detecting C compiler ABI info
[0.176s] -- Detecting C compiler ABI info - done
[0.182s] -- Check for working C compiler: /usr/bin/cc - skipped
[0.182s] -- Detecting C compile features
[0.182s] -- Detecting C compile features - done
[0.185s] -- Detecting CXX compiler ABI info
[0.257s] -- Detecting CXX compiler ABI info - done
[0.263s] -- Check for working CXX compiler: /usr/bin/c++ - skipped
[0.264s] -- Detecting CXX compile features
[0.264s] -- Detecting CXX compile features - done
[0.264s] -- Create Release Build.
[0.266s] -- Found ament_cmake: 1.3.11 (/opt/ros/humble/share/ament_cmake/cmake)
[0.397s] -- Found Python3: /usr/bin/python3 (found version "3.10.12") found components: Interpreter 
[0.449s] -- Override CMake install command with custom implementation using symlinks instead of copying resources
[0.477s] -- Found builtin_interfaces: 1.2.1 (/opt/ros/humble/share/builtin_interfaces/cmake)
[0.506s] -- Found rosidl_generator_c: 3.1.6 (/opt/ros/humble/share/rosidl_generator_c/cmake)
[0.511s] -- Found rosidl_adapter: 3.1.6 (/opt/ros/humble/share/rosidl_adapter/cmake)
[0.519s] -- Found rosidl_generator_cpp: 3.1.6 (/opt/ros/humble/share/rosidl_generator_cpp/cmake)
[0.529s] -- Using all available rosidl_typesupport_c: rosidl_typesupport_fastrtps_c;rosidl_typesupport_introspection_c
[0.543s] -- Using all available rosidl_typesupport_cpp: rosidl_typesupport_fastrtps_cpp;rosidl_typesupport_introspection_cpp
[0.556s] -- Found cv_bridge: 3.2.1 (/opt/ros/humble/share/cv_bridge/cmake)
[0.602s] -- Found image_transport: 3.1.10 (/opt/ros/humble/share/image_transport/cmake)
[0.640s] -- Found rmw_implementation_cmake: 6.1.2 (/opt/ros/humble/share/rmw_implementation_cmake/cmake)
[0.642s] -- Found rmw_fastrtps_cpp: 6.2.7 (/opt/ros/humble/share/rmw_fastrtps_cpp/cmake)
[0.726s] -- Found OpenSSL: /usr/lib/x86_64-linux-gnu/libcrypto.so (found version "3.0.2")  
[0.752s] -- Found FastRTPS: /opt/ros/humble/include  
[0.791s] -- Using RMW implementation 'rmw_fastrtps_cpp' as default
[0.800s] -- Looking for pthread.h
[0.865s] -- Looking for pthread.h - found
[0.865s] -- Performing Test CMAKE_HAVE_LIBC_PTHREAD
[0.932s] -- Performing Test CMAKE_HAVE_LIBC_PTHREAD - Success
[0.933s] -- Found Threads: TRUE  
[0.991s] -- Found rclcpp_components: 16.0.11 (/opt/ros/humble/share/rclcpp_components/cmake)
[1.004s] -- Found realsense2_camera_msgs: 4.55.1 (/home/imml/git/research_2025/apple-harvest-refactor/install/realsense2_camera_msgs/share/realsense2_camera_msgs/cmake)
[1.019s] -- Found nav_msgs: 4.2.4 (/opt/ros/humble/share/nav_msgs/cmake)
[1.033s] -- Found tf2_ros: 0.25.12 (/opt/ros/humble/share/tf2_ros/cmake)
[1.087s] -- Found diagnostic_updater: 4.0.2 (/opt/ros/humble/share/diagnostic_updater/cmake)
[1.103s] -- Found OpenCV: /usr (found version "4.5.4") found components: core 
[1.104s] -- Build for ROS2 Humble
[1.111s] -- Found ament_cmake_gtest: 1.3.11 (/opt/ros/humble/share/ament_cmake_gtest/cmake)
[1.113s] -- Found gtest sources under '/opt/ros/humble/src/gtest_vendor': C++ tests using 'Google Test' will be built
[1.118s] -- Found ament_cmake_pytest: 1.3.11 (/opt/ros/humble/share/ament_cmake_pytest/cmake)
[10.052s] -- rs_device_info:
[10.052s] -- No device detected. Is it plugged in?
[10.052s] 
[10.119s] -- Configuring done
[10.146s] -- Generating done
[10.152s] -- Build files have been written to: /home/imml/git/research_2025/apple-harvest-refactor/build/realsense2_camera
[10.168s] Invoked command in '/home/imml/git/research_2025/apple-harvest-refactor/build/realsense2_camera' returned '0': AMENT_PREFIX_PATH=/home/imml/git/research_2025/apple-harvest-refactor/install/realsense2_camera_msgs:${AMENT_PREFIX_PATH} CMAKE_PREFIX_PATH=/home/imml/git/research_2025/apple-harvest-refactor/install/realsense2_camera_msgs:/home/imml/git/research_2025/apple-harvest/install/ur_moveit_config:/home/imml/git/research_2025/apple-harvest/install/ur_description:/home/imml/git/research_2025/apple-harvest/install/ur_dashboard_msgs:/home/imml/git/research_2025/apple-harvest/install/realsense2_description:/home/imml/git/research_2025/apple-harvest/install/realsense2_camera_msgs:/home/imml/git/research_2025/apple-harvest/install/harvest_interfaces:/home/imml/git/research_2025/apple-harvest/install/ur5e_custom_hardware:/home/imml/git/research_2025/apple-harvest/install/harvest_vision:/opt/ros/humble LD_LIBRARY_PATH=/home/imml/git/research_2025/apple-harvest-refactor/install/realsense2_camera_msgs/lib:${LD_LIBRARY_PATH} PYTHONPATH=/home/imml/git/research_2025/apple-harvest-refactor/install/realsense2_camera_msgs/local/lib/python3.10/dist-packages:${PYTHONPATH} /usr/bin/cmake /home/imml/git/research_2025/apple-harvest-refactor/harvest_hardware/realsense-ros/realsense2_camera -DAMENT_CMAKE_SYMLINK_INSTALL=1 -DCMAKE_INSTALL_PREFIX=/home/imml/git/research_2025/apple-harvest-refactor/install/realsense2_camera
[10.170s] Invoking command in '/home/imml/git/research_2025/apple-harvest-refactor/build/realsense2_camera': AMENT_PREFIX_PATH=/home/imml/git/research_2025/apple-harvest-refactor/install/realsense2_camera_msgs:${AMENT_PREFIX_PATH} CMAKE_PREFIX_PATH=/home/imml/git/research_2025/apple-harvest-refactor/install/realsense2_camera_msgs:/home/imml/git/research_2025/apple-harvest/install/ur_moveit_config:/home/imml/git/research_2025/apple-harvest/install/ur_description:/home/imml/git/research_2025/apple-harvest/install/ur_dashboard_msgs:/home/imml/git/research_2025/apple-harvest/install/realsense2_description:/home/imml/git/research_2025/apple-harvest/install/realsense2_camera_msgs:/home/imml/git/research_2025/apple-harvest/install/harvest_interfaces:/home/imml/git/research_2025/apple-harvest/install/ur5e_custom_hardware:/home/imml/git/research_2025/apple-harvest/install/harvest_vision:/opt/ros/humble LD_LIBRARY_PATH=/home/imml/git/research_2025/apple-harvest-refactor/install/realsense2_camera_msgs/lib:${LD_LIBRARY_PATH} PYTHONPATH=/home/imml/git/research_2025/apple-harvest-refactor/install/realsense2_camera_msgs/local/lib/python3.10/dist-packages:${PYTHONPATH} /usr/bin/cmake --build /home/imml/git/research_2025/apple-harvest-refactor/build/realsense2_camera -- -j16 -l16
[10.225s] [ 13%] [32mBuilding CXX object CMakeFiles/realsense2_camera.dir/src/parameters.cpp.o[0m
[10.227s] [ 13%] [32mBuilding CXX object CMakeFiles/realsense2_camera.dir/src/sensor_params.cpp.o[0m
[10.227s] [ 18%] [32mBuilding CXX object CMakeFiles/realsense2_camera.dir/src/ros_utils.cpp.o[0m
[10.229s] [ 22%] [32mBuilding CXX object CMakeFiles/realsense2_camera_node.dir/rclcpp_components/node_main_realsense2_camera_node.cpp.o[0m
[10.229s] [ 22%] [32mBuilding CXX object CMakeFiles/realsense2_camera.dir/src/rs_node_setup.cpp.o[0m
[10.229s] [ 31%] [32mBuilding CXX object CMakeFiles/realsense2_camera.dir/src/named_filter.cpp.o[0m
[10.229s] [ 31%] [32mBuilding CXX object CMakeFiles/realsense2_camera.dir/src/dynamic_params.cpp.o[0m
[10.229s] [ 36%] [32mBuilding CXX object gtest/CMakeFiles/gtest.dir/src/gtest-all.cc.o[0m
[10.229s] [ 40%] [32mBuilding CXX object CMakeFiles/realsense2_camera.dir/src/profile_manager.cpp.o[0m
[10.229s] [ 45%] [32mBuilding CXX object CMakeFiles/realsense2_camera.dir/src/ros_sensor.cpp.o[0m
[10.229s] [ 54%] [32mBuilding CXX object CMakeFiles/realsense2_camera.dir/src/base_realsense_node.cpp.o[0m
[10.230s] [ 59%] [32mBuilding CXX object CMakeFiles/realsense2_camera.dir/src/realsense_node_factory.cpp.o[0m
[10.231s] [ 59%] [32mBuilding CXX object gtest/CMakeFiles/gtest_main.dir/src/gtest_main.cc.o[0m
[10.237s] [ 68%] [32mBuilding CXX object CMakeFiles/realsense2_camera.dir/src/tfs.cpp.o[0m
[10.238s] [ 68%] [32mBuilding CXX object CMakeFiles/realsense2_camera.dir/src/image_publisher.cpp.o[0m
[10.241s] [ 72%] [32mBuilding CXX object CMakeFiles/realsense2_camera.dir/src/ros_param_backend.cpp.o[0m
[11.708s] [ 77%] [32m[1mLinking CXX static library libgtest_main.a[0m
[11.869s] [ 77%] Built target gtest_main
[17.250s] [ 81%] [32m[1mLinking CXX executable realsense2_camera_node[0m
[17.672s] [ 81%] Built target realsense2_camera_node
[21.792s] [ 86%] [32m[1mLinking CXX static library libgtest.a[0m
[21.867s] [ 86%] Built target gtest
[21.904s] [ 90%] [32mBuilding CXX object CMakeFiles/gtest_template.dir/test/gtest_template.cpp.o[0m
[23.139s] [ 95%] [32m[1mLinking CXX executable gtest_template[0m
[23.356s] [ 95%] Built target gtest_template
[32.597s] [100%] [32m[1mLinking CXX shared library librealsense2_camera.so[0m
[33.232s] [100%] Built target realsense2_camera
[33.250s] Invoked command in '/home/imml/git/research_2025/apple-harvest-refactor/build/realsense2_camera' returned '0': AMENT_PREFIX_PATH=/home/imml/git/research_2025/apple-harvest-refactor/install/realsense2_camera_msgs:${AMENT_PREFIX_PATH} CMAKE_PREFIX_PATH=/home/imml/git/research_2025/apple-harvest-refactor/install/realsense2_camera_msgs:/home/imml/git/research_2025/apple-harvest/install/ur_moveit_config:/home/imml/git/research_2025/apple-harvest/install/ur_description:/home/imml/git/research_2025/apple-harvest/install/ur_dashboard_msgs:/home/imml/git/research_2025/apple-harvest/install/realsense2_description:/home/imml/git/research_2025/apple-harvest/install/realsense2_camera_msgs:/home/imml/git/research_2025/apple-harvest/install/harvest_interfaces:/home/imml/git/research_2025/apple-harvest/install/ur5e_custom_hardware:/home/imml/git/research_2025/apple-harvest/install/harvest_vision:/opt/ros/humble LD_LIBRARY_PATH=/home/imml/git/research_2025/apple-harvest-refactor/install/realsense2_camera_msgs/lib:${LD_LIBRARY_PATH} PYTHONPATH=/home/imml/git/research_2025/apple-harvest-refactor/install/realsense2_camera_msgs/local/lib/python3.10/dist-packages:${PYTHONPATH} /usr/bin/cmake --build /home/imml/git/research_2025/apple-harvest-refactor/build/realsense2_camera -- -j16 -l16
[33.252s] Invoking command in '/home/imml/git/research_2025/apple-harvest-refactor/build/realsense2_camera': AMENT_PREFIX_PATH=/home/imml/git/research_2025/apple-harvest-refactor/install/realsense2_camera_msgs:${AMENT_PREFIX_PATH} CMAKE_PREFIX_PATH=/home/imml/git/research_2025/apple-harvest-refactor/install/realsense2_camera_msgs:/home/imml/git/research_2025/apple-harvest/install/ur_moveit_config:/home/imml/git/research_2025/apple-harvest/install/ur_description:/home/imml/git/research_2025/apple-harvest/install/ur_dashboard_msgs:/home/imml/git/research_2025/apple-harvest/install/realsense2_description:/home/imml/git/research_2025/apple-harvest/install/realsense2_camera_msgs:/home/imml/git/research_2025/apple-harvest/install/harvest_interfaces:/home/imml/git/research_2025/apple-harvest/install/ur5e_custom_hardware:/home/imml/git/research_2025/apple-harvest/install/harvest_vision:/opt/ros/humble LD_LIBRARY_PATH=/home/imml/git/research_2025/apple-harvest-refactor/install/realsense2_camera_msgs/lib:${LD_LIBRARY_PATH} PYTHONPATH=/home/imml/git/research_2025/apple-harvest-refactor/install/realsense2_camera_msgs/local/lib/python3.10/dist-packages:${PYTHONPATH} /usr/bin/cmake --install /home/imml/git/research_2025/apple-harvest-refactor/build/realsense2_camera
[33.262s] -- Install configuration: "Release"
[33.262s] -- Execute custom install script
[33.263s] -- Symlinking: /home/imml/git/research_2025/apple-harvest-refactor/install/realsense2_camera/lib/realsense2_camera/realsense2_camera_node
[33.275s] -- Symlinking: /home/imml/git/research_2025/apple-harvest-refactor/install/realsense2_camera/lib/librealsense2_camera.so
[33.288s] -- Symlinking: /home/imml/git/research_2025/apple-harvest-refactor/install/realsense2_camera/include/base_realsense_node.h
[33.299s] -- Symlinking: /home/imml/git/research_2025/apple-harvest-refactor/install/realsense2_camera/include/constants.h
[33.312s] -- Symlinking: /home/imml/git/research_2025/apple-harvest-refactor/install/realsense2_camera/include/dynamic_params.h
[33.323s] -- Symlinking: /home/imml/git/research_2025/apple-harvest-refactor/install/realsense2_camera/include/gl_window.h
[33.333s] -- Symlinking: /home/imml/git/research_2025/apple-harvest-refactor/install/realsense2_camera/include/image_publisher.h
[33.345s] -- Symlinking: /home/imml/git/research_2025/apple-harvest-refactor/install/realsense2_camera/include/named_filter.h
[33.355s] -- Symlinking: /home/imml/git/research_2025/apple-harvest-refactor/install/realsense2_camera/include/profile_manager.h
[33.368s] -- Symlinking: /home/imml/git/research_2025/apple-harvest-refactor/install/realsense2_camera/include/realsense_node_factory.h
[33.379s] -- Symlinking: /home/imml/git/research_2025/apple-harvest-refactor/install/realsense2_camera/include/ros_param_backend.h
[33.388s] -- Symlinking: /home/imml/git/research_2025/apple-harvest-refactor/install/realsense2_camera/include/ros_sensor.h
[33.397s] -- Symlinking: /home/imml/git/research_2025/apple-harvest-refactor/install/realsense2_camera/include/ros_utils.h
[33.407s] -- Symlinking: /home/imml/git/research_2025/apple-harvest-refactor/install/realsense2_camera/include/sensor_params.h
[33.426s] -- Symlinking: /home/imml/git/research_2025/apple-harvest-refactor/install/realsense2_camera/share/realsense2_camera/launch/default.rviz
[33.437s] -- Symlinking: /home/imml/git/research_2025/apple-harvest-refactor/install/realsense2_camera/share/realsense2_camera/launch/rs_intra_process_demo_launch.py
[33.447s] -- Symlinking: /home/imml/git/research_2025/apple-harvest-refactor/install/realsense2_camera/share/realsense2_camera/launch/rs_launch.py
[33.459s] -- Symlinking: /home/imml/git/research_2025/apple-harvest-refactor/install/realsense2_camera/share/realsense2_camera/launch/rs_multi_camera_launch.py
[33.470s] -- Symlinking: /home/imml/git/research_2025/apple-harvest-refactor/install/realsense2_camera/share/realsense2_camera/examples/align_depth/README.md
[33.481s] -- Symlinking: /home/imml/git/research_2025/apple-harvest-refactor/install/realsense2_camera/share/realsense2_camera/examples/align_depth/rs_align_depth_launch.py
[33.493s] -- Symlinking: /home/imml/git/research_2025/apple-harvest-refactor/install/realsense2_camera/share/realsense2_camera/examples/dual_camera/README.md
[33.502s] -- Symlinking: /home/imml/git/research_2025/apple-harvest-refactor/install/realsense2_camera/share/realsense2_camera/examples/dual_camera/rs_dual_camera_launch.py
[33.513s] -- Symlinking: /home/imml/git/research_2025/apple-harvest-refactor/install/realsense2_camera/share/realsense2_camera/examples/dual_camera/rviz/dual_camera_pointcloud.rviz
[33.523s] -- Symlinking: /home/imml/git/research_2025/apple-harvest-refactor/install/realsense2_camera/share/realsense2_camera/examples/launch_from_rosbag/README.md
[33.532s] -- Symlinking: /home/imml/git/research_2025/apple-harvest-refactor/install/realsense2_camera/share/realsense2_camera/examples/launch_from_rosbag/rs_launch_from_rosbag.py
[33.544s] -- Symlinking: /home/imml/git/research_2025/apple-harvest-refactor/install/realsense2_camera/share/realsense2_camera/examples/launch_params_from_file/README.md
[33.555s] -- Symlinking: /home/imml/git/research_2025/apple-harvest-refactor/install/realsense2_camera/share/realsense2_camera/examples/launch_params_from_file/config/config.yaml
[33.565s] -- Symlinking: /home/imml/git/research_2025/apple-harvest-refactor/install/realsense2_camera/share/realsense2_camera/examples/launch_params_from_file/rs_launch_get_params_from_yaml.py
[33.576s] -- Symlinking: /home/imml/git/research_2025/apple-harvest-refactor/install/realsense2_camera/share/realsense2_camera/examples/pointcloud/README.md
[33.585s] -- Symlinking: /home/imml/git/research_2025/apple-harvest-refactor/install/realsense2_camera/share/realsense2_camera/examples/pointcloud/rs_d405_pointcloud_launch.py
[33.596s] -- Symlinking: /home/imml/git/research_2025/apple-harvest-refactor/install/realsense2_camera/share/realsense2_camera/examples/pointcloud/rs_d455_pointcloud_launch.py
[33.606s] -- Symlinking: /home/imml/git/research_2025/apple-harvest-refactor/install/realsense2_camera/share/realsense2_camera/examples/pointcloud/rs_pointcloud_launch.py
[33.616s] -- Symlinking: /home/imml/git/research_2025/apple-harvest-refactor/install/realsense2_camera/share/realsense2_camera/examples/pointcloud/rviz/pointcloud.rviz
[33.627s] -- Symlinking: /home/imml/git/research_2025/apple-harvest-refactor/install/realsense2_camera/share/realsense2_camera/examples/pointcloud/rviz/urdf_pointcloud.rviz
[33.636s] -- Symlinking: /home/imml/git/research_2025/apple-harvest-refactor/install/realsense2_camera/share/realsense2_camera/environment/library_path.sh
[33.647s] -- Symlinking: /home/imml/git/research_2025/apple-harvest-refactor/install/realsense2_camera/share/realsense2_camera/environment/library_path.dsv
[33.661s] -- Symlinking: /home/imml/git/research_2025/apple-harvest-refactor/install/realsense2_camera/share/ament_index/resource_index/package_run_dependencies/realsense2_camera
[33.673s] -- Symlinking: /home/imml/git/research_2025/apple-harvest-refactor/install/realsense2_camera/share/ament_index/resource_index/parent_prefix_path/realsense2_camera
[33.684s] -- Symlinking: /home/imml/git/research_2025/apple-harvest-refactor/install/realsense2_camera/share/realsense2_camera/environment/ament_prefix_path.sh
[33.695s] -- Symlinking: /home/imml/git/research_2025/apple-harvest-refactor/install/realsense2_camera/share/realsense2_camera/environment/ament_prefix_path.dsv
[33.705s] -- Symlinking: /home/imml/git/research_2025/apple-harvest-refactor/install/realsense2_camera/share/realsense2_camera/environment/path.sh
[33.715s] -- Symlinking: /home/imml/git/research_2025/apple-harvest-refactor/install/realsense2_camera/share/realsense2_camera/environment/path.dsv
[33.725s] -- Symlinking: /home/imml/git/research_2025/apple-harvest-refactor/install/realsense2_camera/share/realsense2_camera/local_setup.bash
[33.735s] -- Symlinking: /home/imml/git/research_2025/apple-harvest-refactor/install/realsense2_camera/share/realsense2_camera/local_setup.sh
[33.745s] -- Symlinking: /home/imml/git/research_2025/apple-harvest-refactor/install/realsense2_camera/share/realsense2_camera/local_setup.zsh
[33.756s] -- Symlinking: /home/imml/git/research_2025/apple-harvest-refactor/install/realsense2_camera/share/realsense2_camera/local_setup.dsv
[33.767s] -- Symlinking: /home/imml/git/research_2025/apple-harvest-refactor/install/realsense2_camera/share/realsense2_camera/package.dsv
[33.777s] -- Symlinking: /home/imml/git/research_2025/apple-harvest-refactor/install/realsense2_camera/share/ament_index/resource_index/packages/realsense2_camera
[33.788s] -- Symlinking: /home/imml/git/research_2025/apple-harvest-refactor/install/realsense2_camera/share/ament_index/resource_index/rclcpp_components/realsense2_camera
[33.798s] -- Symlinking: /home/imml/git/research_2025/apple-harvest-refactor/install/realsense2_camera/share/realsense2_camera/cmake/ament_cmake_export_include_directories-extras.cmake
[33.809s] -- Symlinking: /home/imml/git/research_2025/apple-harvest-refactor/install/realsense2_camera/share/realsense2_camera/cmake/ament_cmake_export_libraries-extras.cmake
[33.819s] -- Symlinking: /home/imml/git/research_2025/apple-harvest-refactor/install/realsense2_camera/share/realsense2_camera/cmake/ament_cmake_export_dependencies-extras.cmake
[33.829s] -- Symlinking: /home/imml/git/research_2025/apple-harvest-refactor/install/realsense2_camera/share/realsense2_camera/cmake/realsense2_cameraConfig.cmake
[33.841s] -- Symlinking: /home/imml/git/research_2025/apple-harvest-refactor/install/realsense2_camera/share/realsense2_camera/cmake/realsense2_cameraConfig-version.cmake
[33.851s] -- Symlinking: /home/imml/git/research_2025/apple-harvest-refactor/install/realsense2_camera/share/realsense2_camera/package.xml
[33.865s] Invoked command in '/home/imml/git/research_2025/apple-harvest-refactor/build/realsense2_camera' returned '0': AMENT_PREFIX_PATH=/home/imml/git/research_2025/apple-harvest-refactor/install/realsense2_camera_msgs:${AMENT_PREFIX_PATH} CMAKE_PREFIX_PATH=/home/imml/git/research_2025/apple-harvest-refactor/install/realsense2_camera_msgs:/home/imml/git/research_2025/apple-harvest/install/ur_moveit_config:/home/imml/git/research_2025/apple-harvest/install/ur_description:/home/imml/git/research_2025/apple-harvest/install/ur_dashboard_msgs:/home/imml/git/research_2025/apple-harvest/install/realsense2_description:/home/imml/git/research_2025/apple-harvest/install/realsense2_camera_msgs:/home/imml/git/research_2025/apple-harvest/install/harvest_interfaces:/home/imml/git/research_2025/apple-harvest/install/ur5e_custom_hardware:/home/imml/git/research_2025/apple-harvest/install/harvest_vision:/opt/ros/humble LD_LIBRARY_PATH=/home/imml/git/research_2025/apple-harvest-refactor/install/realsense2_camera_msgs/lib:${LD_LIBRARY_PATH} PYTHONPATH=/home/imml/git/research_2025/apple-harvest-refactor/install/realsense2_camera_msgs/local/lib/python3.10/dist-packages:${PYTHONPATH} /usr/bin/cmake --install /home/imml/git/research_2025/apple-harvest-refactor/build/realsense2_camera
