[0.021s] Invoking command in '/home/imml/git/research_2025/apple-harvest-refactor/build/ur_bringup': AMENT_PREFIX_PATH=/home/imml/git/research_2025/apple-harvest-refactor/install/ur_controllers:/home/imml/git/research_2025/apple-harvest-refactor/install/ur_description:/home/imml/git/research_2025/apple-harvest-refactor/install/ur_dashboard_msgs:${AMENT_PREFIX_PATH} CMAKE_PREFIX_PATH=/home/imml/git/research_2025/apple-harvest-refactor/install/ur_controllers:/home/imml/git/research_2025/apple-harvest-refactor/install/ur_description:/home/imml/git/research_2025/apple-harvest-refactor/install/ur_dashboard_msgs:/home/imml/git/research_2025/apple-harvest/install/ur_moveit_config:/home/imml/git/research_2025/apple-harvest/install/ur_description:/home/imml/git/research_2025/apple-harvest/install/ur_dashboard_msgs:/home/imml/git/research_2025/apple-harvest/install/realsense2_description:/home/imml/git/research_2025/apple-harvest/install/realsense2_camera_msgs:/home/imml/git/research_2025/apple-harvest/install/harvest_interfaces:/home/imml/git/research_2025/apple-harvest/install/ur5e_custom_hardware:/home/imml/git/research_2025/apple-harvest/install/harvest_vision:/opt/ros/humble LD_LIBRARY_PATH=/home/imml/git/research_2025/apple-harvest-refactor/install/ur_controllers/lib:/home/imml/git/research_2025/apple-harvest-refactor/install/ur_dashboard_msgs/lib:${LD_LIBRARY_PATH} PYTHONPATH=/home/imml/git/research_2025/apple-harvest-refactor/install/ur_dashboard_msgs/local/lib/python3.10/dist-packages:${PYTHONPATH} /usr/bin/cmake /home/imml/git/research_2025/apple-harvest-refactor/harvest_hardware/Universal_Robots_ROS2_Driver/ur_bringup -DAMENT_CMAKE_SYMLINK_INSTALL=1 -DCMAKE_INSTALL_PREFIX=/home/imml/git/research_2025/apple-harvest-refactor/install/ur_bringup
[0.102s] -- The C compiler identification is GNU 11.4.0
[0.192s] -- The CXX compiler identification is GNU 11.4.0
[0.202s] -- Detecting C compiler ABI info
[0.315s] -- Detecting C compiler ABI info - done
[0.325s] -- Check for working C compiler: /usr/bin/cc - skipped
[0.326s] -- Detecting C compile features
[0.327s] -- Detecting C compile features - done
[0.332s] -- Detecting CXX compiler ABI info
[0.478s] -- Detecting CXX compiler ABI info - done
[0.494s] -- Check for working CXX compiler: /usr/bin/c++ - skipped
[0.495s] -- Detecting CXX compile features
[0.495s] -- Detecting CXX compile features - done
[0.506s] -- Found ament_cmake: 1.3.11 (/opt/ros/humble/share/ament_cmake/cmake)
[0.790s] -- Found Python3: /usr/bin/python3 (found version "3.10.12") found components: Interpreter 
[0.918s] -- Override CMake install command with custom implementation using symlinks instead of copying resources
[1.114s] -- Configuring done
[1.118s] -- Generating done
[1.121s] -- Build files have been written to: /home/imml/git/research_2025/apple-harvest-refactor/build/ur_bringup
[1.129s] Invoked command in '/home/imml/git/research_2025/apple-harvest-refactor/build/ur_bringup' returned '0': AMENT_PREFIX_PATH=/home/imml/git/research_2025/apple-harvest-refactor/install/ur_controllers:/home/imml/git/research_2025/apple-harvest-refactor/install/ur_description:/home/imml/git/research_2025/apple-harvest-refactor/install/ur_dashboard_msgs:${AMENT_PREFIX_PATH} CMAKE_PREFIX_PATH=/home/imml/git/research_2025/apple-harvest-refactor/install/ur_controllers:/home/imml/git/research_2025/apple-harvest-refactor/install/ur_description:/home/imml/git/research_2025/apple-harvest-refactor/install/ur_dashboard_msgs:/home/imml/git/research_2025/apple-harvest/install/ur_moveit_config:/home/imml/git/research_2025/apple-harvest/install/ur_description:/home/imml/git/research_2025/apple-harvest/install/ur_dashboard_msgs:/home/imml/git/research_2025/apple-harvest/install/realsense2_description:/home/imml/git/research_2025/apple-harvest/install/realsense2_camera_msgs:/home/imml/git/research_2025/apple-harvest/install/harvest_interfaces:/home/imml/git/research_2025/apple-harvest/install/ur5e_custom_hardware:/home/imml/git/research_2025/apple-harvest/install/harvest_vision:/opt/ros/humble LD_LIBRARY_PATH=/home/imml/git/research_2025/apple-harvest-refactor/install/ur_controllers/lib:/home/imml/git/research_2025/apple-harvest-refactor/install/ur_dashboard_msgs/lib:${LD_LIBRARY_PATH} PYTHONPATH=/home/imml/git/research_2025/apple-harvest-refactor/install/ur_dashboard_msgs/local/lib/python3.10/dist-packages:${PYTHONPATH} /usr/bin/cmake /home/imml/git/research_2025/apple-harvest-refactor/harvest_hardware/Universal_Robots_ROS2_Driver/ur_bringup -DAMENT_CMAKE_SYMLINK_INSTALL=1 -DCMAKE_INSTALL_PREFIX=/home/imml/git/research_2025/apple-harvest-refactor/install/ur_bringup
[1.132s] Invoking command in '/home/imml/git/research_2025/apple-harvest-refactor/build/ur_bringup': AMENT_PREFIX_PATH=/home/imml/git/research_2025/apple-harvest-refactor/install/ur_controllers:/home/imml/git/research_2025/apple-harvest-refactor/install/ur_description:/home/imml/git/research_2025/apple-harvest-refactor/install/ur_dashboard_msgs:${AMENT_PREFIX_PATH} CMAKE_PREFIX_PATH=/home/imml/git/research_2025/apple-harvest-refactor/install/ur_controllers:/home/imml/git/research_2025/apple-harvest-refactor/install/ur_description:/home/imml/git/research_2025/apple-harvest-refactor/install/ur_dashboard_msgs:/home/imml/git/research_2025/apple-harvest/install/ur_moveit_config:/home/imml/git/research_2025/apple-harvest/install/ur_description:/home/imml/git/research_2025/apple-harvest/install/ur_dashboard_msgs:/home/imml/git/research_2025/apple-harvest/install/realsense2_description:/home/imml/git/research_2025/apple-harvest/install/realsense2_camera_msgs:/home/imml/git/research_2025/apple-harvest/install/harvest_interfaces:/home/imml/git/research_2025/apple-harvest/install/ur5e_custom_hardware:/home/imml/git/research_2025/apple-harvest/install/harvest_vision:/opt/ros/humble LD_LIBRARY_PATH=/home/imml/git/research_2025/apple-harvest-refactor/install/ur_controllers/lib:/home/imml/git/research_2025/apple-harvest-refactor/install/ur_dashboard_msgs/lib:${LD_LIBRARY_PATH} PYTHONPATH=/home/imml/git/research_2025/apple-harvest-refactor/install/ur_dashboard_msgs/local/lib/python3.10/dist-packages:${PYTHONPATH} /usr/bin/cmake --build /home/imml/git/research_2025/apple-harvest-refactor/build/ur_bringup -- -j16 -l16
[1.198s] Invoked command in '/home/imml/git/research_2025/apple-harvest-refactor/build/ur_bringup' returned '0': AMENT_PREFIX_PATH=/home/imml/git/research_2025/apple-harvest-refactor/install/ur_controllers:/home/imml/git/research_2025/apple-harvest-refactor/install/ur_description:/home/imml/git/research_2025/apple-harvest-refactor/install/ur_dashboard_msgs:${AMENT_PREFIX_PATH} CMAKE_PREFIX_PATH=/home/imml/git/research_2025/apple-harvest-refactor/install/ur_controllers:/home/imml/git/research_2025/apple-harvest-refactor/install/ur_description:/home/imml/git/research_2025/apple-harvest-refactor/install/ur_dashboard_msgs:/home/imml/git/research_2025/apple-harvest/install/ur_moveit_config:/home/imml/git/research_2025/apple-harvest/install/ur_description:/home/imml/git/research_2025/apple-harvest/install/ur_dashboard_msgs:/home/imml/git/research_2025/apple-harvest/install/realsense2_description:/home/imml/git/research_2025/apple-harvest/install/realsense2_camera_msgs:/home/imml/git/research_2025/apple-harvest/install/harvest_interfaces:/home/imml/git/research_2025/apple-harvest/install/ur5e_custom_hardware:/home/imml/git/research_2025/apple-harvest/install/harvest_vision:/opt/ros/humble LD_LIBRARY_PATH=/home/imml/git/research_2025/apple-harvest-refactor/install/ur_controllers/lib:/home/imml/git/research_2025/apple-harvest-refactor/install/ur_dashboard_msgs/lib:${LD_LIBRARY_PATH} PYTHONPATH=/home/imml/git/research_2025/apple-harvest-refactor/install/ur_dashboard_msgs/local/lib/python3.10/dist-packages:${PYTHONPATH} /usr/bin/cmake --build /home/imml/git/research_2025/apple-harvest-refactor/build/ur_bringup -- -j16 -l16
[1.201s] Invoking command in '/home/imml/git/research_2025/apple-harvest-refactor/build/ur_bringup': AMENT_PREFIX_PATH=/home/imml/git/research_2025/apple-harvest-refactor/install/ur_controllers:/home/imml/git/research_2025/apple-harvest-refactor/install/ur_description:/home/imml/git/research_2025/apple-harvest-refactor/install/ur_dashboard_msgs:${AMENT_PREFIX_PATH} CMAKE_PREFIX_PATH=/home/imml/git/research_2025/apple-harvest-refactor/install/ur_controllers:/home/imml/git/research_2025/apple-harvest-refactor/install/ur_description:/home/imml/git/research_2025/apple-harvest-refactor/install/ur_dashboard_msgs:/home/imml/git/research_2025/apple-harvest/install/ur_moveit_config:/home/imml/git/research_2025/apple-harvest/install/ur_description:/home/imml/git/research_2025/apple-harvest/install/ur_dashboard_msgs:/home/imml/git/research_2025/apple-harvest/install/realsense2_description:/home/imml/git/research_2025/apple-harvest/install/realsense2_camera_msgs:/home/imml/git/research_2025/apple-harvest/install/harvest_interfaces:/home/imml/git/research_2025/apple-harvest/install/ur5e_custom_hardware:/home/imml/git/research_2025/apple-harvest/install/harvest_vision:/opt/ros/humble LD_LIBRARY_PATH=/home/imml/git/research_2025/apple-harvest-refactor/install/ur_controllers/lib:/home/imml/git/research_2025/apple-harvest-refactor/install/ur_dashboard_msgs/lib:${LD_LIBRARY_PATH} PYTHONPATH=/home/imml/git/research_2025/apple-harvest-refactor/install/ur_dashboard_msgs/local/lib/python3.10/dist-packages:${PYTHONPATH} /usr/bin/cmake --install /home/imml/git/research_2025/apple-harvest-refactor/build/ur_bringup
[1.213s] -- Install configuration: ""
[1.214s] -- Execute custom install script
[1.215s] -- Symlinking: /home/imml/git/research_2025/apple-harvest-refactor/install/ur_bringup/share/ur_bringup/config/test_goal_publishers_config.yaml
[1.230s] -- Symlinking: /home/imml/git/research_2025/apple-harvest-refactor/install/ur_bringup/share/ur_bringup/config/test_velocity_goal_publishers_config.yaml
[1.244s] -- Symlinking: /home/imml/git/research_2025/apple-harvest-refactor/install/ur_bringup/share/ur_bringup/config/ur10_update_rate.yaml
[1.263s] -- Symlinking: /home/imml/git/research_2025/apple-harvest-refactor/install/ur_bringup/share/ur_bringup/config/ur10e_update_rate.yaml
[1.279s] -- Symlinking: /home/imml/git/research_2025/apple-harvest-refactor/install/ur_bringup/share/ur_bringup/config/ur16e_update_rate.yaml
[1.295s] -- Symlinking: /home/imml/git/research_2025/apple-harvest-refactor/install/ur_bringup/share/ur_bringup/config/ur3_update_rate.yaml
[1.310s] -- Symlinking: /home/imml/git/research_2025/apple-harvest-refactor/install/ur_bringup/share/ur_bringup/config/ur3e_update_rate.yaml
[1.329s] -- Symlinking: /home/imml/git/research_2025/apple-harvest-refactor/install/ur_bringup/share/ur_bringup/config/ur5_update_rate.yaml
[1.344s] -- Symlinking: /home/imml/git/research_2025/apple-harvest-refactor/install/ur_bringup/share/ur_bringup/config/ur5e_update_rate.yaml
[1.362s] -- Symlinking: /home/imml/git/research_2025/apple-harvest-refactor/install/ur_bringup/share/ur_bringup/config/ur_controllers.yaml
[1.379s] -- Symlinking: /home/imml/git/research_2025/apple-harvest-refactor/install/ur_bringup/share/ur_bringup/launch/test_forward_velocity_controller.launch.py
[1.394s] -- Symlinking: /home/imml/git/research_2025/apple-harvest-refactor/install/ur_bringup/share/ur_bringup/launch/test_joint_trajectory_controller.launch.py
[1.410s] -- Symlinking: /home/imml/git/research_2025/apple-harvest-refactor/install/ur_bringup/share/ur_bringup/launch/test_scaled_joint_trajectory_controller.launch.py
[1.428s] -- Symlinking: /home/imml/git/research_2025/apple-harvest-refactor/install/ur_bringup/share/ur_bringup/launch/ur10.launch.py
[1.445s] -- Symlinking: /home/imml/git/research_2025/apple-harvest-refactor/install/ur_bringup/share/ur_bringup/launch/ur10e.launch.py
[1.462s] -- Symlinking: /home/imml/git/research_2025/apple-harvest-refactor/install/ur_bringup/share/ur_bringup/launch/ur16e.launch.py
[1.477s] -- Symlinking: /home/imml/git/research_2025/apple-harvest-refactor/install/ur_bringup/share/ur_bringup/launch/ur3.launch.py
[1.492s] -- Symlinking: /home/imml/git/research_2025/apple-harvest-refactor/install/ur_bringup/share/ur_bringup/launch/ur3e.launch.py
[1.506s] -- Symlinking: /home/imml/git/research_2025/apple-harvest-refactor/install/ur_bringup/share/ur_bringup/launch/ur5.launch.py
[1.520s] -- Symlinking: /home/imml/git/research_2025/apple-harvest-refactor/install/ur_bringup/share/ur_bringup/launch/ur5e.launch.py
[1.534s] -- Symlinking: /home/imml/git/research_2025/apple-harvest-refactor/install/ur_bringup/share/ur_bringup/launch/ur_control.launch.py
[1.548s] -- Symlinking: /home/imml/git/research_2025/apple-harvest-refactor/install/ur_bringup/share/ur_bringup/launch/ur_dashboard_client.launch.py
[1.563s] -- Symlinking: /home/imml/git/research_2025/apple-harvest-refactor/install/ur_bringup/lib/ur_bringup/start_ursim.sh
[1.577s] -- Symlinking: /home/imml/git/research_2025/apple-harvest-refactor/install/ur_bringup/share/ament_index/resource_index/package_run_dependencies/ur_bringup
[1.594s] -- Symlinking: /home/imml/git/research_2025/apple-harvest-refactor/install/ur_bringup/share/ament_index/resource_index/parent_prefix_path/ur_bringup
[1.610s] -- Symlinking: /home/imml/git/research_2025/apple-harvest-refactor/install/ur_bringup/share/ur_bringup/environment/ament_prefix_path.sh
[1.623s] -- Symlinking: /home/imml/git/research_2025/apple-harvest-refactor/install/ur_bringup/share/ur_bringup/environment/ament_prefix_path.dsv
[1.637s] -- Symlinking: /home/imml/git/research_2025/apple-harvest-refactor/install/ur_bringup/share/ur_bringup/environment/path.sh
[1.650s] -- Symlinking: /home/imml/git/research_2025/apple-harvest-refactor/install/ur_bringup/share/ur_bringup/environment/path.dsv
[1.665s] -- Symlinking: /home/imml/git/research_2025/apple-harvest-refactor/install/ur_bringup/share/ur_bringup/local_setup.bash
[1.679s] -- Symlinking: /home/imml/git/research_2025/apple-harvest-refactor/install/ur_bringup/share/ur_bringup/local_setup.sh
[1.693s] -- Symlinking: /home/imml/git/research_2025/apple-harvest-refactor/install/ur_bringup/share/ur_bringup/local_setup.zsh
[1.708s] -- Symlinking: /home/imml/git/research_2025/apple-harvest-refactor/install/ur_bringup/share/ur_bringup/local_setup.dsv
[1.722s] -- Symlinking: /home/imml/git/research_2025/apple-harvest-refactor/install/ur_bringup/share/ur_bringup/package.dsv
[1.737s] -- Symlinking: /home/imml/git/research_2025/apple-harvest-refactor/install/ur_bringup/share/ament_index/resource_index/packages/ur_bringup
[1.752s] -- Symlinking: /home/imml/git/research_2025/apple-harvest-refactor/install/ur_bringup/share/ur_bringup/cmake/ur_bringupConfig.cmake
[1.767s] -- Symlinking: /home/imml/git/research_2025/apple-harvest-refactor/install/ur_bringup/share/ur_bringup/cmake/ur_bringupConfig-version.cmake
[1.783s] -- Symlinking: /home/imml/git/research_2025/apple-harvest-refactor/install/ur_bringup/share/ur_bringup/package.xml
[1.804s] Invoked command in '/home/imml/git/research_2025/apple-harvest-refactor/build/ur_bringup' returned '0': AMENT_PREFIX_PATH=/home/imml/git/research_2025/apple-harvest-refactor/install/ur_controllers:/home/imml/git/research_2025/apple-harvest-refactor/install/ur_description:/home/imml/git/research_2025/apple-harvest-refactor/install/ur_dashboard_msgs:${AMENT_PREFIX_PATH} CMAKE_PREFIX_PATH=/home/imml/git/research_2025/apple-harvest-refactor/install/ur_controllers:/home/imml/git/research_2025/apple-harvest-refactor/install/ur_description:/home/imml/git/research_2025/apple-harvest-refactor/install/ur_dashboard_msgs:/home/imml/git/research_2025/apple-harvest/install/ur_moveit_config:/home/imml/git/research_2025/apple-harvest/install/ur_description:/home/imml/git/research_2025/apple-harvest/install/ur_dashboard_msgs:/home/imml/git/research_2025/apple-harvest/install/realsense2_description:/home/imml/git/research_2025/apple-harvest/install/realsense2_camera_msgs:/home/imml/git/research_2025/apple-harvest/install/harvest_interfaces:/home/imml/git/research_2025/apple-harvest/install/ur5e_custom_hardware:/home/imml/git/research_2025/apple-harvest/install/harvest_vision:/opt/ros/humble LD_LIBRARY_PATH=/home/imml/git/research_2025/apple-harvest-refactor/install/ur_controllers/lib:/home/imml/git/research_2025/apple-harvest-refactor/install/ur_dashboard_msgs/lib:${LD_LIBRARY_PATH} PYTHONPATH=/home/imml/git/research_2025/apple-harvest-refactor/install/ur_dashboard_msgs/local/lib/python3.10/dist-packages:${PYTHONPATH} /usr/bin/cmake --install /home/imml/git/research_2025/apple-harvest-refactor/build/ur_bringup
